                                      1 ;--------------------------------------------------------
                                      2 ; File Created by SDCC : free open source ISO C Compiler 
                                      3 ; Version 4.4.0 #14620 (Linux)
                                      4 ;--------------------------------------------------------
                                      5 	.module stm8s_wwdg_WWDG_SetWindowValue
                                      6 	.optsdcc -mstm8
                                      7 	
                                      8 ;--------------------------------------------------------
                                      9 ; Public variables in this module
                                     10 ;--------------------------------------------------------
                                     11 	.globl _WWDG_SetWindowValue
                                     12 ;--------------------------------------------------------
                                     13 ; ram data
                                     14 ;--------------------------------------------------------
                                     15 	.area DATA
                                     16 ;--------------------------------------------------------
                                     17 ; ram data
                                     18 ;--------------------------------------------------------
                                     19 	.area INITIALIZED
                                     20 ;--------------------------------------------------------
                                     21 ; absolute external ram data
                                     22 ;--------------------------------------------------------
                                     23 	.area DABS (ABS)
                                     24 
                                     25 ; default segment ordering for linker
                                     26 	.area HOME
                                     27 	.area GSINIT
                                     28 	.area GSFINAL
                                     29 	.area CONST
                                     30 	.area INITIALIZER
                                     31 	.area CODE
                                     32 
                                     33 ;--------------------------------------------------------
                                     34 ; global & static initialisations
                                     35 ;--------------------------------------------------------
                                     36 	.area HOME
                                     37 	.area GSINIT
                                     38 	.area GSFINAL
                                     39 	.area GSINIT
                                     40 ;--------------------------------------------------------
                                     41 ; Home
                                     42 ;--------------------------------------------------------
                                     43 	.area HOME
                                     44 	.area HOME
                                     45 ;--------------------------------------------------------
                                     46 ; code
                                     47 ;--------------------------------------------------------
                                     48 	.area CODE
                                     49 ;	../SPLSPL/src/stm8s_wwdg_WWDG_SetWindowValue.c: 38: void WWDG_SetWindowValue(uint8_t WindowValue)
                                     50 ; genLabel
                                     51 ;	-----------------------------------------
                                     52 ;	 function WWDG_SetWindowValue
                                     53 ;	-----------------------------------------
                                     54 ;	Register assignment is optimal.
                                     55 ;	Stack space usage: 0 bytes.
      000000                         56 _WWDG_SetWindowValue:
                                     57 ; genReceive
                                     58 ;	../SPLSPL/src/stm8s_wwdg_WWDG_SetWindowValue.c: 43: WWDG->WR = (uint8_t)((uint8_t)(~WWDG_CR_WDGA) & (uint8_t)(WWDG_CR_T6 | WindowValue));
                                     59 ; genOr
      000000 AA 40            [ 1]   60 	or	a, #0x40
                                     61 ; genAnd
      000002 A4 7F            [ 1]   62 	and	a, #0x7f
                                     63 ; genPointerSet
      000004 C7 50 D2         [ 1]   64 	ld	0x50d2, a
                                     65 ; genLabel
      000007                         66 00101$:
                                     67 ;	../SPLSPL/src/stm8s_wwdg_WWDG_SetWindowValue.c: 44: }
                                     68 ; genEndFunction
      000007 81               [ 4]   69 	ret
                                     70 	.area CODE
                                     71 	.area CONST
                                     72 	.area INITIALIZER
                                     73 	.area CABS (ABS)
