                                      1 ;--------------------------------------------------------
                                      2 ; File Created by SDCC : free open source ISO C Compiler 
                                      3 ; Version 4.4.0 #14620 (Linux)
                                      4 ;--------------------------------------------------------
                                      5 	.module stm8s_can_CAN_WakeUp
                                      6 	.optsdcc -mstm8
                                      7 	
                                      8 ;--------------------------------------------------------
                                      9 ; Public variables in this module
                                     10 ;--------------------------------------------------------
                                     11 	.globl _CAN_WakeUp
                                     12 ;--------------------------------------------------------
                                     13 ; ram data
                                     14 ;--------------------------------------------------------
                                     15 	.area DATA
                                     16 ;--------------------------------------------------------
                                     17 ; ram data
                                     18 ;--------------------------------------------------------
                                     19 	.area INITIALIZED
                                     20 ;--------------------------------------------------------
                                     21 ; absolute external ram data
                                     22 ;--------------------------------------------------------
                                     23 	.area DABS (ABS)
                                     24 
                                     25 ; default segment ordering for linker
                                     26 	.area HOME
                                     27 	.area GSINIT
                                     28 	.area GSFINAL
                                     29 	.area CONST
                                     30 	.area INITIALIZER
                                     31 	.area CODE
                                     32 
                                     33 ;--------------------------------------------------------
                                     34 ; global & static initialisations
                                     35 ;--------------------------------------------------------
                                     36 	.area HOME
                                     37 	.area GSINIT
                                     38 	.area GSFINAL
                                     39 	.area GSINIT
                                     40 ;--------------------------------------------------------
                                     41 ; Home
                                     42 ;--------------------------------------------------------
                                     43 	.area HOME
                                     44 	.area HOME
                                     45 ;--------------------------------------------------------
                                     46 ; code
                                     47 ;--------------------------------------------------------
                                     48 	.area CODE
                                     49 ;	../SPLSPL/src/stm8s_can_CAN_WakeUp.c: 36: CAN_WakeUp_TypeDef CAN_WakeUp(void)
                                     50 ; genLabel
                                     51 ;	-----------------------------------------
                                     52 ;	 function CAN_WakeUp
                                     53 ;	-----------------------------------------
                                     54 ;	Register assignment is optimal.
                                     55 ;	Stack space usage: 0 bytes.
      000000                         56 _CAN_WakeUp:
                                     57 ;	../SPLSPL/src/stm8s_can_CAN_WakeUp.c: 38: CAN_WakeUp_TypeDef wakeupstatus = CAN_WakeUp_Failed;
                                     58 ; genAssign
      000000 5F               [ 1]   59 	clrw	x
                                     60 ;	../SPLSPL/src/stm8s_can_CAN_WakeUp.c: 41: CAN->MCR &= (uint8_t)(~CAN_MCR_SLEEP);
                                     61 ; genPointerGet
      000001 C6 54 20         [ 1]   62 	ld	a, 0x5420
                                     63 ; genAnd
      000004 A4 FD            [ 1]   64 	and	a, #0xfd
                                     65 ; genPointerSet
      000006 C7 54 20         [ 1]   66 	ld	0x5420, a
                                     67 ;	../SPLSPL/src/stm8s_can_CAN_WakeUp.c: 44: if ((CAN->MSR & CAN_MSR_SLAK) != CAN_MSR_SLAK)
                                     68 ; genPointerGet
      000009 C6 54 21         [ 1]   69 	ld	a, 0x5421
                                     70 ; genAnd
      00000C A4 02            [ 1]   71 	and	a, #0x02
                                     72 ; genCmpEQorNE
      00000E A1 02            [ 1]   73 	cp	a, #0x02
      000010 26 03            [ 1]   74 	jrne	00113$
      000012 CCr00r18         [ 2]   75 	jp	00102$
      000015                         76 00113$:
                                     77 ; skipping generated iCode
                                     78 ;	../SPLSPL/src/stm8s_can_CAN_WakeUp.c: 47: wakeupstatus = CAN_WakeUp_Ok;
                                     79 ; genAssign
      000015 A6 01            [ 1]   80 	ld	a, #0x01
      000017 97               [ 1]   81 	ld	xl, a
                                     82 ; genLabel
      000018                         83 00102$:
                                     84 ;	../SPLSPL/src/stm8s_can_CAN_WakeUp.c: 51: return (CAN_WakeUp_TypeDef)wakeupstatus;
                                     85 ; genReturn
      000018 9F               [ 1]   86 	ld	a, xl
                                     87 ; genLabel
      000019                         88 00103$:
                                     89 ;	../SPLSPL/src/stm8s_can_CAN_WakeUp.c: 52: }
                                     90 ; genEndFunction
      000019 81               [ 4]   91 	ret
                                     92 	.area CODE
                                     93 	.area CONST
                                     94 	.area INITIALIZER
                                     95 	.area CABS (ABS)
