                                      1 ;--------------------------------------------------------
                                      2 ; File Created by SDCC : free open source ISO C Compiler 
                                      3 ; Version 4.4.0 #14620 (Linux)
                                      4 ;--------------------------------------------------------
                                      5 	.module stm8s_i2c_I2C_GetLastEvent
                                      6 	.optsdcc -mstm8
                                      7 	
                                      8 ;--------------------------------------------------------
                                      9 ; Public variables in this module
                                     10 ;--------------------------------------------------------
                                     11 	.globl _I2C_GetLastEvent
                                     12 ;--------------------------------------------------------
                                     13 ; ram data
                                     14 ;--------------------------------------------------------
                                     15 	.area DATA
                                     16 ;--------------------------------------------------------
                                     17 ; ram data
                                     18 ;--------------------------------------------------------
                                     19 	.area INITIALIZED
                                     20 ;--------------------------------------------------------
                                     21 ; absolute external ram data
                                     22 ;--------------------------------------------------------
                                     23 	.area DABS (ABS)
                                     24 
                                     25 ; default segment ordering for linker
                                     26 	.area HOME
                                     27 	.area GSINIT
                                     28 	.area GSFINAL
                                     29 	.area CONST
                                     30 	.area INITIALIZER
                                     31 	.area CODE
                                     32 
                                     33 ;--------------------------------------------------------
                                     34 ; global & static initialisations
                                     35 ;--------------------------------------------------------
                                     36 	.area HOME
                                     37 	.area GSINIT
                                     38 	.area GSFINAL
                                     39 	.area GSINIT
                                     40 ;--------------------------------------------------------
                                     41 ; Home
                                     42 ;--------------------------------------------------------
                                     43 	.area HOME
                                     44 	.area HOME
                                     45 ;--------------------------------------------------------
                                     46 ; code
                                     47 ;--------------------------------------------------------
                                     48 	.area CODE
                                     49 ;	../SPLSPL/src/stm8s_i2c_I2C_GetLastEvent.c: 40: I2C_Event_TypeDef I2C_GetLastEvent(void)
                                     50 ; genLabel
                                     51 ;	-----------------------------------------
                                     52 ;	 function I2C_GetLastEvent
                                     53 ;	-----------------------------------------
                                     54 ;	Register assignment might be sub-optimal.
                                     55 ;	Stack space usage: 4 bytes.
      000000                         56 _I2C_GetLastEvent:
      000000 52 04            [ 2]   57 	sub	sp, #4
                                     58 ;	../SPLSPL/src/stm8s_i2c_I2C_GetLastEvent.c: 42: __IO uint16_t lastevent = 0;
                                     59 ; genAssign
      000002 5F               [ 1]   60 	clrw	x
      000003 1F 01            [ 2]   61 	ldw	(0x01, sp), x
                                     62 ;	../SPLSPL/src/stm8s_i2c_I2C_GetLastEvent.c: 46: if ((I2C->SR2 & I2C_SR2_AF) != 0x00)
                                     63 ; genPointerGet
      000005 C6 52 18         [ 1]   64 	ld	a, 0x5218
                                     65 ; genAnd
      000008 A5 04            [ 1]   66 	bcp	a, #0x04
      00000A 26 03            [ 1]   67 	jrne	00113$
      00000C CCr00r17         [ 2]   68 	jp	00102$
      00000F                         69 00113$:
                                     70 ; skipping generated iCode
                                     71 ;	../SPLSPL/src/stm8s_i2c_I2C_GetLastEvent.c: 48: lastevent = I2C_EVENT_SLAVE_ACK_FAILURE;
                                     72 ; genAssign
      00000F AE 00 04         [ 2]   73 	ldw	x, #0x0004
      000012 1F 01            [ 2]   74 	ldw	(0x01, sp), x
                                     75 ; genGoto
      000014 CCr00r26         [ 2]   76 	jp	00103$
                                     77 ; genLabel
      000017                         78 00102$:
                                     79 ;	../SPLSPL/src/stm8s_i2c_I2C_GetLastEvent.c: 53: flag1 = I2C->SR1;
                                     80 ; genPointerGet
      000017 C6 52 17         [ 1]   81 	ld	a, 0x5217
                                     82 ; genCast
                                     83 ; genAssign
      00001A 97               [ 1]   84 	ld	xl, a
      00001B 90 5F            [ 1]   85 	clrw	y
                                     86 ;	../SPLSPL/src/stm8s_i2c_I2C_GetLastEvent.c: 54: flag2 = I2C->SR3;
                                     87 ; genPointerGet
      00001D C6 52 19         [ 1]   88 	ld	a, 0x5219
                                     89 ; genCast
                                     90 ; genAssign
      000020 95               [ 1]   91 	ld	xh, a
      000021 4F               [ 1]   92 	clr	a
                                     93 ;	../SPLSPL/src/stm8s_i2c_I2C_GetLastEvent.c: 57: lastevent = ((uint16_t)((uint16_t)flag2 << 8) | (uint16_t)flag1);
                                     94 ; genLeftShiftLiteral
      000022 0F 04            [ 1]   95 	clr	(0x04, sp)
                                     96 ; genOr
                                     97 ; genAssign
      000024 1F 01            [ 2]   98 	ldw	(0x01, sp), x
                                     99 ; genLabel
      000026                        100 00103$:
                                    101 ;	../SPLSPL/src/stm8s_i2c_I2C_GetLastEvent.c: 60: return (I2C_Event_TypeDef)lastevent;
                                    102 ; genCast
                                    103 ; genAssign
      000026 1E 01            [ 2]  104 	ldw	x, (0x01, sp)
                                    105 ; genReturn
                                    106 ; genLabel
      000028                        107 00104$:
                                    108 ;	../SPLSPL/src/stm8s_i2c_I2C_GetLastEvent.c: 61: }
                                    109 ; genEndFunction
      000028 5B 04            [ 2]  110 	addw	sp, #4
      00002A 81               [ 4]  111 	ret
                                    112 	.area CODE
                                    113 	.area CONST
                                    114 	.area INITIALIZER
                                    115 	.area CABS (ABS)
