                                      1 ;--------------------------------------------------------
                                      2 ; File Created by SDCC : free open source ISO C Compiler 
                                      3 ; Version 4.4.0 #14620 (Linux)
                                      4 ;--------------------------------------------------------
                                      5 	.module stm8s_iwdg_IWDG_ReloadCounter
                                      6 	.optsdcc -mstm8
                                      7 	
                                      8 ;--------------------------------------------------------
                                      9 ; Public variables in this module
                                     10 ;--------------------------------------------------------
                                     11 	.globl _IWDG_ReloadCounter
                                     12 ;--------------------------------------------------------
                                     13 ; ram data
                                     14 ;--------------------------------------------------------
                                     15 	.area DATA
                                     16 ;--------------------------------------------------------
                                     17 ; ram data
                                     18 ;--------------------------------------------------------
                                     19 	.area INITIALIZED
                                     20 ;--------------------------------------------------------
                                     21 ; absolute external ram data
                                     22 ;--------------------------------------------------------
                                     23 	.area DABS (ABS)
                                     24 
                                     25 ; default segment ordering for linker
                                     26 	.area HOME
                                     27 	.area GSINIT
                                     28 	.area GSFINAL
                                     29 	.area CONST
                                     30 	.area INITIALIZER
                                     31 	.area CODE
                                     32 
                                     33 ;--------------------------------------------------------
                                     34 ; global & static initialisations
                                     35 ;--------------------------------------------------------
                                     36 	.area HOME
                                     37 	.area GSINIT
                                     38 	.area GSFINAL
                                     39 	.area GSINIT
                                     40 ;--------------------------------------------------------
                                     41 ; Home
                                     42 ;--------------------------------------------------------
                                     43 	.area HOME
                                     44 	.area HOME
                                     45 ;--------------------------------------------------------
                                     46 ; code
                                     47 ;--------------------------------------------------------
                                     48 	.area CODE
                                     49 ;	../SPLSPL/src/stm8s_iwdg_IWDG_ReloadCounter.c: 37: void IWDG_ReloadCounter(void)
                                     50 ; genLabel
                                     51 ;	-----------------------------------------
                                     52 ;	 function IWDG_ReloadCounter
                                     53 ;	-----------------------------------------
                                     54 ;	Register assignment is optimal.
                                     55 ;	Stack space usage: 0 bytes.
      000000                         56 _IWDG_ReloadCounter:
                                     57 ;	../SPLSPL/src/stm8s_iwdg_IWDG_ReloadCounter.c: 39: IWDG->KR = IWDG_KEY_REFRESH;
                                     58 ; genPointerSet
      000000 35 AA 50 E0      [ 1]   59 	mov	0x50e0+0, #0xaa
                                     60 ; genLabel
      000004                         61 00101$:
                                     62 ;	../SPLSPL/src/stm8s_iwdg_IWDG_ReloadCounter.c: 40: }
                                     63 ; genEndFunction
      000004 81               [ 4]   64 	ret
                                     65 	.area CODE
                                     66 	.area CONST
                                     67 	.area INITIALIZER
                                     68 	.area CABS (ABS)
