                                      1 ;--------------------------------------------------------
                                      2 ; File Created by SDCC : free open source ISO C Compiler 
                                      3 ; Version 4.4.0 #14620 (Linux)
                                      4 ;--------------------------------------------------------
                                      5 	.module stm8s_tim3_TIM3_SetIC1Prescaler
                                      6 	.optsdcc -mstm8
                                      7 	
                                      8 ;--------------------------------------------------------
                                      9 ; Public variables in this module
                                     10 ;--------------------------------------------------------
                                     11 	.globl _TIM3_SetIC1Prescaler
                                     12 ;--------------------------------------------------------
                                     13 ; ram data
                                     14 ;--------------------------------------------------------
                                     15 	.area DATA
                                     16 ;--------------------------------------------------------
                                     17 ; ram data
                                     18 ;--------------------------------------------------------
                                     19 	.area INITIALIZED
                                     20 ;--------------------------------------------------------
                                     21 ; absolute external ram data
                                     22 ;--------------------------------------------------------
                                     23 	.area DABS (ABS)
                                     24 
                                     25 ; default segment ordering for linker
                                     26 	.area HOME
                                     27 	.area GSINIT
                                     28 	.area GSFINAL
                                     29 	.area CONST
                                     30 	.area INITIALIZER
                                     31 	.area CODE
                                     32 
                                     33 ;--------------------------------------------------------
                                     34 ; global & static initialisations
                                     35 ;--------------------------------------------------------
                                     36 	.area HOME
                                     37 	.area GSINIT
                                     38 	.area GSFINAL
                                     39 	.area GSINIT
                                     40 ;--------------------------------------------------------
                                     41 ; Home
                                     42 ;--------------------------------------------------------
                                     43 	.area HOME
                                     44 	.area HOME
                                     45 ;--------------------------------------------------------
                                     46 ; code
                                     47 ;--------------------------------------------------------
                                     48 	.area CODE
                                     49 ;	../SPLSPL/src/stm8s_tim3_TIM3_SetIC1Prescaler.c: 41: void TIM3_SetIC1Prescaler(TIM3_ICPSC_TypeDef TIM3_IC1Prescaler)
                                     50 ; genLabel
                                     51 ;	-----------------------------------------
                                     52 ;	 function TIM3_SetIC1Prescaler
                                     53 ;	-----------------------------------------
                                     54 ;	Register assignment is optimal.
                                     55 ;	Stack space usage: 1 bytes.
      000000                         56 _TIM3_SetIC1Prescaler:
      000000 88               [ 1]   57 	push	a
                                     58 ; genReceive
      000001 6B 01            [ 1]   59 	ld	(0x01, sp), a
                                     60 ;	../SPLSPL/src/stm8s_tim3_TIM3_SetIC1Prescaler.c: 47: TIM3->CCMR1 = (uint8_t)((uint8_t)(TIM3->CCMR1 & (uint8_t)(~TIM3_CCMR_ICxPSC)) | (uint8_t)TIM3_IC1Prescaler);
                                     61 ; genPointerGet
      000003 C6 53 25         [ 1]   62 	ld	a, 0x5325
                                     63 ; genAnd
      000006 A4 F3            [ 1]   64 	and	a, #0xf3
                                     65 ; genOr
      000008 1A 01            [ 1]   66 	or	a, (0x01, sp)
                                     67 ; genPointerSet
      00000A C7 53 25         [ 1]   68 	ld	0x5325, a
                                     69 ; genLabel
      00000D                         70 00101$:
                                     71 ;	../SPLSPL/src/stm8s_tim3_TIM3_SetIC1Prescaler.c: 48: }
                                     72 ; genEndFunction
      00000D 84               [ 1]   73 	pop	a
      00000E 81               [ 4]   74 	ret
                                     75 	.area CODE
                                     76 	.area CONST
                                     77 	.area INITIALIZER
                                     78 	.area CABS (ABS)
