                                      1 ;--------------------------------------------------------
                                      2 ; File Created by SDCC : free open source ISO C Compiler 
                                      3 ; Version 4.4.0 #14620 (Linux)
                                      4 ;--------------------------------------------------------
                                      5 	.module stm8s_tim1_TIM1_PrescalerConfig
                                      6 	.optsdcc -mstm8
                                      7 	
                                      8 ;--------------------------------------------------------
                                      9 ; Public variables in this module
                                     10 ;--------------------------------------------------------
                                     11 	.globl _TIM1_PrescalerConfig
                                     12 ;--------------------------------------------------------
                                     13 ; ram data
                                     14 ;--------------------------------------------------------
                                     15 	.area DATA
                                     16 ;--------------------------------------------------------
                                     17 ; ram data
                                     18 ;--------------------------------------------------------
                                     19 	.area INITIALIZED
                                     20 ;--------------------------------------------------------
                                     21 ; absolute external ram data
                                     22 ;--------------------------------------------------------
                                     23 	.area DABS (ABS)
                                     24 
                                     25 ; default segment ordering for linker
                                     26 	.area HOME
                                     27 	.area GSINIT
                                     28 	.area GSFINAL
                                     29 	.area CONST
                                     30 	.area INITIALIZER
                                     31 	.area CODE
                                     32 
                                     33 ;--------------------------------------------------------
                                     34 ; global & static initialisations
                                     35 ;--------------------------------------------------------
                                     36 	.area HOME
                                     37 	.area GSINIT
                                     38 	.area GSFINAL
                                     39 	.area GSINIT
                                     40 ;--------------------------------------------------------
                                     41 ; Home
                                     42 ;--------------------------------------------------------
                                     43 	.area HOME
                                     44 	.area HOME
                                     45 ;--------------------------------------------------------
                                     46 ; code
                                     47 ;--------------------------------------------------------
                                     48 	.area CODE
                                     49 ;	../SPLSPL/src/stm8s_tim1_TIM1_PrescalerConfig.c: 41: void TIM1_PrescalerConfig(uint16_t Prescaler,
                                     50 ; genLabel
                                     51 ;	-----------------------------------------
                                     52 ;	 function TIM1_PrescalerConfig
                                     53 ;	-----------------------------------------
                                     54 ;	Register assignment might be sub-optimal.
                                     55 ;	Stack space usage: 1 bytes.
      000000                         56 _TIM1_PrescalerConfig:
      000000 88               [ 1]   57 	push	a
                                     58 ; genReceive
                                     59 ; genReceive
      000001 6B 01            [ 1]   60 	ld	(0x01, sp), a
                                     61 ;	../SPLSPL/src/stm8s_tim1_TIM1_PrescalerConfig.c: 48: TIM1->PSCRH = (uint8_t)(Prescaler >> 8);
                                     62 ; genGetByte
      000003 9E               [ 1]   63 	ld	a, xh
                                     64 ; genPointerSet
      000004 C7 52 60         [ 1]   65 	ld	0x5260, a
                                     66 ;	../SPLSPL/src/stm8s_tim1_TIM1_PrescalerConfig.c: 49: TIM1->PSCRL = (uint8_t)(Prescaler);
                                     67 ; genCast
                                     68 ; genAssign
      000007 9F               [ 1]   69 	ld	a, xl
                                     70 ; genPointerSet
      000008 C7 52 61         [ 1]   71 	ld	0x5261, a
                                     72 ;	../SPLSPL/src/stm8s_tim1_TIM1_PrescalerConfig.c: 52: TIM1->EGR = (uint8_t)TIM1_PSCReloadMode;
                                     73 ; genCast
                                     74 ; genAssign
      00000B 7B 01            [ 1]   75 	ld	a, (0x01, sp)
                                     76 ; genPointerSet
      00000D C7 52 57         [ 1]   77 	ld	0x5257, a
                                     78 ; genLabel
      000010                         79 00101$:
                                     80 ;	../SPLSPL/src/stm8s_tim1_TIM1_PrescalerConfig.c: 53: }
                                     81 ; genEndFunction
      000010 84               [ 1]   82 	pop	a
      000011 81               [ 4]   83 	ret
                                     84 	.area CODE
                                     85 	.area CONST
                                     86 	.area INITIALIZER
                                     87 	.area CABS (ABS)
