                                      1 ;--------------------------------------------------------
                                      2 ; File Created by SDCC : free open source ISO C Compiler 
                                      3 ; Version 4.4.0 #14620 (Linux)
                                      4 ;--------------------------------------------------------
                                      5 	.module stm8s_itc_ITC_DeInit
                                      6 	.optsdcc -mstm8
                                      7 	
                                      8 ;--------------------------------------------------------
                                      9 ; Public variables in this module
                                     10 ;--------------------------------------------------------
                                     11 	.globl _ITC_DeInit
                                     12 ;--------------------------------------------------------
                                     13 ; ram data
                                     14 ;--------------------------------------------------------
                                     15 	.area DATA
                                     16 ;--------------------------------------------------------
                                     17 ; ram data
                                     18 ;--------------------------------------------------------
                                     19 	.area INITIALIZED
                                     20 ;--------------------------------------------------------
                                     21 ; absolute external ram data
                                     22 ;--------------------------------------------------------
                                     23 	.area DABS (ABS)
                                     24 
                                     25 ; default segment ordering for linker
                                     26 	.area HOME
                                     27 	.area GSINIT
                                     28 	.area GSFINAL
                                     29 	.area CONST
                                     30 	.area INITIALIZER
                                     31 	.area CODE
                                     32 
                                     33 ;--------------------------------------------------------
                                     34 ; global & static initialisations
                                     35 ;--------------------------------------------------------
                                     36 	.area HOME
                                     37 	.area GSINIT
                                     38 	.area GSFINAL
                                     39 	.area GSINIT
                                     40 ;--------------------------------------------------------
                                     41 ; Home
                                     42 ;--------------------------------------------------------
                                     43 	.area HOME
                                     44 	.area HOME
                                     45 ;--------------------------------------------------------
                                     46 ; code
                                     47 ;--------------------------------------------------------
                                     48 	.area CODE
                                     49 ;	../SPLSPL/src/stm8s_itc_ITC_DeInit.c: 36: void ITC_DeInit(void)
                                     50 ; genLabel
                                     51 ;	-----------------------------------------
                                     52 ;	 function ITC_DeInit
                                     53 ;	-----------------------------------------
                                     54 ;	Register assignment is optimal.
                                     55 ;	Stack space usage: 0 bytes.
      000000                         56 _ITC_DeInit:
                                     57 ;	../SPLSPL/src/stm8s_itc_ITC_DeInit.c: 38: ITC->ISPR1 = ITC_SPRX_RESET_VALUE;
                                     58 ; genPointerSet
      000000 35 FF 7F 70      [ 1]   59 	mov	0x7f70+0, #0xff
                                     60 ;	../SPLSPL/src/stm8s_itc_ITC_DeInit.c: 39: ITC->ISPR2 = ITC_SPRX_RESET_VALUE;
                                     61 ; genPointerSet
      000004 35 FF 7F 71      [ 1]   62 	mov	0x7f71+0, #0xff
                                     63 ;	../SPLSPL/src/stm8s_itc_ITC_DeInit.c: 40: ITC->ISPR3 = ITC_SPRX_RESET_VALUE;
                                     64 ; genPointerSet
      000008 35 FF 7F 72      [ 1]   65 	mov	0x7f72+0, #0xff
                                     66 ;	../SPLSPL/src/stm8s_itc_ITC_DeInit.c: 41: ITC->ISPR4 = ITC_SPRX_RESET_VALUE;
                                     67 ; genPointerSet
      00000C 35 FF 7F 73      [ 1]   68 	mov	0x7f73+0, #0xff
                                     69 ;	../SPLSPL/src/stm8s_itc_ITC_DeInit.c: 42: ITC->ISPR5 = ITC_SPRX_RESET_VALUE;
                                     70 ; genPointerSet
      000010 35 FF 7F 74      [ 1]   71 	mov	0x7f74+0, #0xff
                                     72 ;	../SPLSPL/src/stm8s_itc_ITC_DeInit.c: 43: ITC->ISPR6 = ITC_SPRX_RESET_VALUE;
                                     73 ; genPointerSet
      000014 35 FF 7F 75      [ 1]   74 	mov	0x7f75+0, #0xff
                                     75 ;	../SPLSPL/src/stm8s_itc_ITC_DeInit.c: 44: ITC->ISPR7 = ITC_SPRX_RESET_VALUE;
                                     76 ; genPointerSet
      000018 35 FF 7F 76      [ 1]   77 	mov	0x7f76+0, #0xff
                                     78 ;	../SPLSPL/src/stm8s_itc_ITC_DeInit.c: 45: ITC->ISPR8 = ITC_SPRX_RESET_VALUE;
                                     79 ; genPointerSet
      00001C 35 FF 7F 77      [ 1]   80 	mov	0x7f77+0, #0xff
                                     81 ; genLabel
      000020                         82 00101$:
                                     83 ;	../SPLSPL/src/stm8s_itc_ITC_DeInit.c: 46: }
                                     84 ; genEndFunction
      000020 81               [ 4]   85 	ret
                                     86 	.area CODE
                                     87 	.area CONST
                                     88 	.area INITIALIZER
                                     89 	.area CABS (ABS)
