                                      1 ;--------------------------------------------------------
                                      2 ; File Created by SDCC : free open source ISO C Compiler 
                                      3 ; Version 4.4.0 #14620 (Linux)
                                      4 ;--------------------------------------------------------
                                      5 	.module stm8s_uart1_UART1_GetITStatus
                                      6 	.optsdcc -mstm8
                                      7 	
                                      8 ;--------------------------------------------------------
                                      9 ; Public variables in this module
                                     10 ;--------------------------------------------------------
                                     11 	.globl _UART1_GetITStatus
                                     12 ;--------------------------------------------------------
                                     13 ; ram data
                                     14 ;--------------------------------------------------------
                                     15 	.area DATA
                                     16 ;--------------------------------------------------------
                                     17 ; ram data
                                     18 ;--------------------------------------------------------
                                     19 	.area INITIALIZED
                                     20 ;--------------------------------------------------------
                                     21 ; absolute external ram data
                                     22 ;--------------------------------------------------------
                                     23 	.area DABS (ABS)
                                     24 
                                     25 ; default segment ordering for linker
                                     26 	.area HOME
                                     27 	.area GSINIT
                                     28 	.area GSFINAL
                                     29 	.area CONST
                                     30 	.area INITIALIZER
                                     31 	.area CODE
                                     32 
                                     33 ;--------------------------------------------------------
                                     34 ; global & static initialisations
                                     35 ;--------------------------------------------------------
                                     36 	.area HOME
                                     37 	.area GSINIT
                                     38 	.area GSFINAL
                                     39 	.area GSINIT
                                     40 ;--------------------------------------------------------
                                     41 ; Home
                                     42 ;--------------------------------------------------------
                                     43 	.area HOME
                                     44 	.area HOME
                                     45 ;--------------------------------------------------------
                                     46 ; code
                                     47 ;--------------------------------------------------------
                                     48 	.area CODE
                                     49 ;	../SPLSPL/src/stm8s_uart1_UART1_GetITStatus.c: 44: ITStatus UART1_GetITStatus(UART1_IT_TypeDef UART1_IT)
                                     50 ; genLabel
                                     51 ;	-----------------------------------------
                                     52 ;	 function UART1_GetITStatus
                                     53 ;	-----------------------------------------
                                     54 ;	Register assignment might be sub-optimal.
                                     55 ;	Stack space usage: 4 bytes.
      000000                         56 _UART1_GetITStatus:
      000000 52 04            [ 2]   57 	sub	sp, #4
                                     58 ; genReceive
      000002 51               [ 1]   59 	exgw	x, y
                                     60 ;	../SPLSPL/src/stm8s_uart1_UART1_GetITStatus.c: 56: itpos = (uint8_t)((uint8_t)1 << (uint8_t)((uint8_t)UART1_IT & (uint8_t)0x0F));
                                     61 ; genCast
                                     62 ; genAssign
      000003 93               [ 1]   63 	ldw	x, y
                                     64 ; genAnd
      000004 9F               [ 1]   65 	ld	a, xl
      000005 A4 0F            [ 1]   66 	and	a, #0x0f
                                     67 ; genLeftShift
      000007 88               [ 1]   68 	push	a
      000008 A6 01            [ 1]   69 	ld	a, #0x01
      00000A 6B 02            [ 1]   70 	ld	(0x02, sp), a
      00000C 84               [ 1]   71 	pop	a
      00000D 4D               [ 1]   72 	tnz	a
      00000E 27 05            [ 1]   73 	jreq	00178$
      000010                         74 00177$:
      000010 08 01            [ 1]   75 	sll	(0x01, sp)
      000012 4A               [ 1]   76 	dec	a
      000013 26 FB            [ 1]   77 	jrne	00177$
      000015                         78 00178$:
                                     79 ;	../SPLSPL/src/stm8s_uart1_UART1_GetITStatus.c: 58: itmask1 = (uint8_t)((uint8_t)UART1_IT >> (uint8_t)4);
                                     80 ; genRightShiftLiteral
      000015 9F               [ 1]   81 	ld	a, xl
      000016 4E               [ 1]   82 	swap	a
      000017 A4 0F            [ 1]   83 	and	a, #0x0f
                                     84 ;	../SPLSPL/src/stm8s_uart1_UART1_GetITStatus.c: 60: itmask2 = (uint8_t)((uint8_t)1 << itmask1);
                                     85 ; genLeftShift
      000019 88               [ 1]   86 	push	a
      00001A A6 01            [ 1]   87 	ld	a, #0x01
      00001C 6B 03            [ 1]   88 	ld	(0x03, sp), a
      00001E 84               [ 1]   89 	pop	a
      00001F 4D               [ 1]   90 	tnz	a
      000020 27 05            [ 1]   91 	jreq	00180$
      000022                         92 00179$:
      000022 08 02            [ 1]   93 	sll	(0x02, sp)
      000024 4A               [ 1]   94 	dec	a
      000025 26 FB            [ 1]   95 	jrne	00179$
      000027                         96 00180$:
                                     97 ;	../SPLSPL/src/stm8s_uart1_UART1_GetITStatus.c: 64: if (UART1_IT == UART1_IT_PE)
                                     98 ; genCast
                                     99 ; genAssign
      000027 17 03            [ 2]  100 	ldw	(0x03, sp), y
                                    101 ; genCmpEQorNE
      000029 1E 03            [ 2]  102 	ldw	x, (0x03, sp)
      00002B A3 01 00         [ 2]  103 	cpw	x, #0x0100
      00002E 26 03            [ 1]  104 	jrne	00182$
      000030 CCr00r36         [ 2]  105 	jp	00183$
      000033                        106 00182$:
      000033 CCr00r57         [ 2]  107 	jp	00117$
      000036                        108 00183$:
                                    109 ; skipping generated iCode
                                    110 ;	../SPLSPL/src/stm8s_uart1_UART1_GetITStatus.c: 67: enablestatus = (uint8_t)((uint8_t)UART1->CR1 & itmask2);
                                    111 ; genPointerGet
      000036 C6 52 34         [ 1]  112 	ld	a, 0x5234
                                    113 ; genAnd
      000039 14 02            [ 1]  114 	and	a, (0x02, sp)
      00003B 97               [ 1]  115 	ld	xl, a
                                    116 ;	../SPLSPL/src/stm8s_uart1_UART1_GetITStatus.c: 70: if (((UART1->SR & itpos) != (uint8_t)0x00) && enablestatus)
                                    117 ; genPointerGet
      00003C C6 52 30         [ 1]  118 	ld	a, 0x5230
                                    119 ; genAnd
      00003F 14 01            [ 1]  120 	and	a, (0x01, sp)
                                    121 ; genIfx
      000041 4D               [ 1]  122 	tnz	a
      000042 26 03            [ 1]  123 	jrne	00184$
      000044 CCr00r53         [ 2]  124 	jp	00102$
      000047                        125 00184$:
                                    126 ; genIfx
      000047 9F               [ 1]  127 	ld	a, xl
      000048 4D               [ 1]  128 	tnz	a
      000049 26 03            [ 1]  129 	jrne	00185$
      00004B CCr00r53         [ 2]  130 	jp	00102$
      00004E                        131 00185$:
                                    132 ;	../SPLSPL/src/stm8s_uart1_UART1_GetITStatus.c: 73: pendingbitstatus = SET;
                                    133 ; genAssign
      00004E A6 01            [ 1]  134 	ld	a, #0x01
                                    135 ; genGoto
      000050 CCr00rA3         [ 2]  136 	jp	00118$
                                    137 ; genLabel
      000053                        138 00102$:
                                    139 ;	../SPLSPL/src/stm8s_uart1_UART1_GetITStatus.c: 78: pendingbitstatus = RESET;
                                    140 ; genAssign
      000053 4F               [ 1]  141 	clr	a
                                    142 ; genGoto
      000054 CCr00rA3         [ 2]  143 	jp	00118$
                                    144 ; genLabel
      000057                        145 00117$:
                                    146 ;	../SPLSPL/src/stm8s_uart1_UART1_GetITStatus.c: 82: else if (UART1_IT == UART1_IT_LBDF)
                                    147 ; genCmpEQorNE
      000057 1E 03            [ 2]  148 	ldw	x, (0x03, sp)
      000059 A3 03 46         [ 2]  149 	cpw	x, #0x0346
      00005C 26 03            [ 1]  150 	jrne	00187$
      00005E CCr00r64         [ 2]  151 	jp	00188$
      000061                        152 00187$:
      000061 CCr00r85         [ 2]  153 	jp	00114$
      000064                        154 00188$:
                                    155 ; skipping generated iCode
                                    156 ;	../SPLSPL/src/stm8s_uart1_UART1_GetITStatus.c: 85: enablestatus = (uint8_t)((uint8_t)UART1->CR4 & itmask2);
                                    157 ; genPointerGet
      000064 C6 52 37         [ 1]  158 	ld	a, 0x5237
                                    159 ; genAnd
      000067 14 02            [ 1]  160 	and	a, (0x02, sp)
      000069 97               [ 1]  161 	ld	xl, a
                                    162 ;	../SPLSPL/src/stm8s_uart1_UART1_GetITStatus.c: 87: if (((UART1->CR4 & itpos) != (uint8_t)0x00) && enablestatus)
                                    163 ; genPointerGet
      00006A C6 52 37         [ 1]  164 	ld	a, 0x5237
                                    165 ; genAnd
      00006D 14 01            [ 1]  166 	and	a, (0x01, sp)
                                    167 ; genIfx
      00006F 4D               [ 1]  168 	tnz	a
      000070 26 03            [ 1]  169 	jrne	00189$
      000072 CCr00r81         [ 2]  170 	jp	00106$
      000075                        171 00189$:
                                    172 ; genIfx
      000075 9F               [ 1]  173 	ld	a, xl
      000076 4D               [ 1]  174 	tnz	a
      000077 26 03            [ 1]  175 	jrne	00190$
      000079 CCr00r81         [ 2]  176 	jp	00106$
      00007C                        177 00190$:
                                    178 ;	../SPLSPL/src/stm8s_uart1_UART1_GetITStatus.c: 90: pendingbitstatus = SET;
                                    179 ; genAssign
      00007C A6 01            [ 1]  180 	ld	a, #0x01
                                    181 ; genGoto
      00007E CCr00rA3         [ 2]  182 	jp	00118$
                                    183 ; genLabel
      000081                        184 00106$:
                                    185 ;	../SPLSPL/src/stm8s_uart1_UART1_GetITStatus.c: 95: pendingbitstatus = RESET;
                                    186 ; genAssign
      000081 4F               [ 1]  187 	clr	a
                                    188 ; genGoto
      000082 CCr00rA3         [ 2]  189 	jp	00118$
                                    190 ; genLabel
      000085                        191 00114$:
                                    192 ;	../SPLSPL/src/stm8s_uart1_UART1_GetITStatus.c: 101: enablestatus = (uint8_t)((uint8_t)UART1->CR2 & itmask2);
                                    193 ; genPointerGet
      000085 C6 52 35         [ 1]  194 	ld	a, 0x5235
                                    195 ; genAnd
      000088 14 02            [ 1]  196 	and	a, (0x02, sp)
      00008A 97               [ 1]  197 	ld	xl, a
                                    198 ;	../SPLSPL/src/stm8s_uart1_UART1_GetITStatus.c: 103: if (((UART1->SR & itpos) != (uint8_t)0x00) && enablestatus)
                                    199 ; genPointerGet
      00008B C6 52 30         [ 1]  200 	ld	a, 0x5230
                                    201 ; genAnd
      00008E 14 01            [ 1]  202 	and	a, (0x01, sp)
                                    203 ; genIfx
      000090 4D               [ 1]  204 	tnz	a
      000091 26 03            [ 1]  205 	jrne	00191$
      000093 CCr00rA2         [ 2]  206 	jp	00110$
      000096                        207 00191$:
                                    208 ; genIfx
      000096 9F               [ 1]  209 	ld	a, xl
      000097 4D               [ 1]  210 	tnz	a
      000098 26 03            [ 1]  211 	jrne	00192$
      00009A CCr00rA2         [ 2]  212 	jp	00110$
      00009D                        213 00192$:
                                    214 ;	../SPLSPL/src/stm8s_uart1_UART1_GetITStatus.c: 106: pendingbitstatus = SET;
                                    215 ; genAssign
      00009D A6 01            [ 1]  216 	ld	a, #0x01
                                    217 ; genGoto
      00009F CCr00rA3         [ 2]  218 	jp	00118$
                                    219 ; genLabel
      0000A2                        220 00110$:
                                    221 ;	../SPLSPL/src/stm8s_uart1_UART1_GetITStatus.c: 111: pendingbitstatus = RESET;
                                    222 ; genAssign
      0000A2 4F               [ 1]  223 	clr	a
                                    224 ; genLabel
      0000A3                        225 00118$:
                                    226 ;	../SPLSPL/src/stm8s_uart1_UART1_GetITStatus.c: 116: return  pendingbitstatus;
                                    227 ; genReturn
                                    228 ; genLabel
      0000A3                        229 00119$:
                                    230 ;	../SPLSPL/src/stm8s_uart1_UART1_GetITStatus.c: 117: }
                                    231 ; genEndFunction
      0000A3 5B 04            [ 2]  232 	addw	sp, #4
      0000A5 81               [ 4]  233 	ret
                                    234 	.area CODE
                                    235 	.area CONST
                                    236 	.area INITIALIZER
                                    237 	.area CABS (ABS)
