                                      1 ;--------------------------------------------------------
                                      2 ; File Created by SDCC : free open source ISO C Compiler 
                                      3 ; Version 4.4.0 #14620 (Linux)
                                      4 ;--------------------------------------------------------
                                      5 	.module stm8s_gpio_GPIO_ExternalPullUpConfig
                                      6 	.optsdcc -mstm8
                                      7 	
                                      8 ;--------------------------------------------------------
                                      9 ; Public variables in this module
                                     10 ;--------------------------------------------------------
                                     11 	.globl _GPIO_ExternalPullUpConfig
                                     12 ;--------------------------------------------------------
                                     13 ; ram data
                                     14 ;--------------------------------------------------------
                                     15 	.area DATA
                                     16 ;--------------------------------------------------------
                                     17 ; ram data
                                     18 ;--------------------------------------------------------
                                     19 	.area INITIALIZED
                                     20 ;--------------------------------------------------------
                                     21 ; absolute external ram data
                                     22 ;--------------------------------------------------------
                                     23 	.area DABS (ABS)
                                     24 
                                     25 ; default segment ordering for linker
                                     26 	.area HOME
                                     27 	.area GSINIT
                                     28 	.area GSFINAL
                                     29 	.area CONST
                                     30 	.area INITIALIZER
                                     31 	.area CODE
                                     32 
                                     33 ;--------------------------------------------------------
                                     34 ; global & static initialisations
                                     35 ;--------------------------------------------------------
                                     36 	.area HOME
                                     37 	.area GSINIT
                                     38 	.area GSFINAL
                                     39 	.area GSINIT
                                     40 ;--------------------------------------------------------
                                     41 ; Home
                                     42 ;--------------------------------------------------------
                                     43 	.area HOME
                                     44 	.area HOME
                                     45 ;--------------------------------------------------------
                                     46 ; code
                                     47 ;--------------------------------------------------------
                                     48 	.area CODE
                                     49 ;	../SPLSPL/src/stm8s_gpio_GPIO_ExternalPullUpConfig.c: 38: void GPIO_ExternalPullUpConfig(GPIO_TypeDef* GPIOx, GPIO_Pin_TypeDef GPIO_Pin, FunctionalState NewState)
                                     50 ; genLabel
                                     51 ;	-----------------------------------------
                                     52 ;	 function GPIO_ExternalPullUpConfig
                                     53 ;	-----------------------------------------
                                     54 ;	Register assignment might be sub-optimal.
                                     55 ;	Stack space usage: 1 bytes.
      000000                         56 _GPIO_ExternalPullUpConfig:
      000000 88               [ 1]   57 	push	a
                                     58 ; genReceive
                                     59 ; genReceive
                                     60 ;	../SPLSPL/src/stm8s_gpio_GPIO_ExternalPullUpConfig.c: 46: GPIOx->CR1 |= (uint8_t)GPIO_Pin;
                                     61 ; genPlus
      000001 1C 00 03         [ 2]   62 	addw	x, #0x0003
                                     63 ; genPointerGet
      000004 88               [ 1]   64 	push	a
      000005 F6               [ 1]   65 	ld	a, (x)
      000006 6B 02            [ 1]   66 	ld	(0x02, sp), a
      000008 84               [ 1]   67 	pop	a
                                     68 ;	../SPLSPL/src/stm8s_gpio_GPIO_ExternalPullUpConfig.c: 44: if (NewState != DISABLE) /* External Pull-Up Set*/
                                     69 ; genIfx
      000009 0D 04            [ 1]   70 	tnz	(0x04, sp)
      00000B 26 03            [ 1]   71 	jrne	00113$
      00000D CCr00r16         [ 2]   72 	jp	00102$
      000010                         73 00113$:
                                     74 ;	../SPLSPL/src/stm8s_gpio_GPIO_ExternalPullUpConfig.c: 46: GPIOx->CR1 |= (uint8_t)GPIO_Pin;
                                     75 ; genOr
      000010 1A 01            [ 1]   76 	or	a, (0x01, sp)
                                     77 ; genPointerSet
      000012 F7               [ 1]   78 	ld	(x), a
                                     79 ; genGoto
      000013 CCr00r1A         [ 2]   80 	jp	00104$
                                     81 ; genLabel
      000016                         82 00102$:
                                     83 ;	../SPLSPL/src/stm8s_gpio_GPIO_ExternalPullUpConfig.c: 49: GPIOx->CR1 &= (uint8_t)(~(GPIO_Pin));
                                     84 ; genCpl
      000016 43               [ 1]   85 	cpl	a
                                     86 ; genAnd
      000017 14 01            [ 1]   87 	and	a, (0x01, sp)
                                     88 ; genPointerSet
      000019 F7               [ 1]   89 	ld	(x), a
                                     90 ; genLabel
      00001A                         91 00104$:
                                     92 ;	../SPLSPL/src/stm8s_gpio_GPIO_ExternalPullUpConfig.c: 51: }
                                     93 ; genEndFunction
      00001A 84               [ 1]   94 	pop	a
      00001B 85               [ 2]   95 	popw	x
      00001C 84               [ 1]   96 	pop	a
      00001D FC               [ 2]   97 	jp	(x)
                                     98 	.area CODE
                                     99 	.area CONST
                                    100 	.area INITIALIZER
                                    101 	.area CABS (ABS)
