                                      1 ;--------------------------------------------------------
                                      2 ; File Created by SDCC : free open source ISO C Compiler 
                                      3 ; Version 4.4.0 #14620 (Linux)
                                      4 ;--------------------------------------------------------
                                      5 	.module stm8s_gpio_GPIO_ReadInputPin
                                      6 	.optsdcc -mstm8
                                      7 	
                                      8 ;--------------------------------------------------------
                                      9 ; Public variables in this module
                                     10 ;--------------------------------------------------------
                                     11 	.globl _GPIO_ReadInputPin
                                     12 ;--------------------------------------------------------
                                     13 ; ram data
                                     14 ;--------------------------------------------------------
                                     15 	.area DATA
                                     16 ;--------------------------------------------------------
                                     17 ; ram data
                                     18 ;--------------------------------------------------------
                                     19 	.area INITIALIZED
                                     20 ;--------------------------------------------------------
                                     21 ; absolute external ram data
                                     22 ;--------------------------------------------------------
                                     23 	.area DABS (ABS)
                                     24 
                                     25 ; default segment ordering for linker
                                     26 	.area HOME
                                     27 	.area GSINIT
                                     28 	.area GSFINAL
                                     29 	.area CONST
                                     30 	.area INITIALIZER
                                     31 	.area CODE
                                     32 
                                     33 ;--------------------------------------------------------
                                     34 ; global & static initialisations
                                     35 ;--------------------------------------------------------
                                     36 	.area HOME
                                     37 	.area GSINIT
                                     38 	.area GSFINAL
                                     39 	.area GSINIT
                                     40 ;--------------------------------------------------------
                                     41 ; Home
                                     42 ;--------------------------------------------------------
                                     43 	.area HOME
                                     44 	.area HOME
                                     45 ;--------------------------------------------------------
                                     46 ; code
                                     47 ;--------------------------------------------------------
                                     48 	.area CODE
                                     49 ;	../SPLSPL/src/stm8s_gpio_GPIO_ReadInputPin.c: 37: BitStatus GPIO_ReadInputPin(GPIO_TypeDef* GPIOx, GPIO_Pin_TypeDef GPIO_Pin)
                                     50 ; genLabel
                                     51 ;	-----------------------------------------
                                     52 ;	 function GPIO_ReadInputPin
                                     53 ;	-----------------------------------------
                                     54 ;	Register assignment might be sub-optimal.
                                     55 ;	Stack space usage: 1 bytes.
      000000                         56 _GPIO_ReadInputPin:
      000000 88               [ 1]   57 	push	a
                                     58 ; genReceive
                                     59 ; genReceive
      000001 6B 01            [ 1]   60 	ld	(0x01, sp), a
                                     61 ;	../SPLSPL/src/stm8s_gpio_GPIO_ReadInputPin.c: 39: return ((BitStatus)(GPIOx->IDR & (uint8_t)GPIO_Pin));
                                     62 ; genAssign
                                     63 ; genPointerGet
      000003 E6 01            [ 1]   64 	ld	a, (0x1, x)
                                     65 ; genAnd
      000005 14 01            [ 1]   66 	and	a, (0x01, sp)
                                     67 ; genCast
      000007 40               [ 1]   68 	neg	a
      000008 4F               [ 1]   69 	clr	a
      000009 49               [ 1]   70 	rlc	a
                                     71 ; genReturn
                                     72 ; genLabel
      00000A                         73 00101$:
                                     74 ;	../SPLSPL/src/stm8s_gpio_GPIO_ReadInputPin.c: 40: }
                                     75 ; genEndFunction
      00000A 5B 01            [ 2]   76 	addw	sp, #1
      00000C 81               [ 4]   77 	ret
                                     78 	.area CODE
                                     79 	.area CONST
                                     80 	.area INITIALIZER
                                     81 	.area CABS (ABS)
