                                      1 ;--------------------------------------------------------
                                      2 ; File Created by SDCC : free open source ISO C Compiler 
                                      3 ; Version 4.4.0 #14620 (Linux)
                                      4 ;--------------------------------------------------------
                                      5 	.module stm8s_tim1_TIM1_BDTRConfig
                                      6 	.optsdcc -mstm8
                                      7 	
                                      8 ;--------------------------------------------------------
                                      9 ; Public variables in this module
                                     10 ;--------------------------------------------------------
                                     11 	.globl _TIM1_BDTRConfig
                                     12 ;--------------------------------------------------------
                                     13 ; ram data
                                     14 ;--------------------------------------------------------
                                     15 	.area DATA
                                     16 ;--------------------------------------------------------
                                     17 ; ram data
                                     18 ;--------------------------------------------------------
                                     19 	.area INITIALIZED
                                     20 ;--------------------------------------------------------
                                     21 ; absolute external ram data
                                     22 ;--------------------------------------------------------
                                     23 	.area DABS (ABS)
                                     24 
                                     25 ; default segment ordering for linker
                                     26 	.area HOME
                                     27 	.area GSINIT
                                     28 	.area GSFINAL
                                     29 	.area CONST
                                     30 	.area INITIALIZER
                                     31 	.area CODE
                                     32 
                                     33 ;--------------------------------------------------------
                                     34 ; global & static initialisations
                                     35 ;--------------------------------------------------------
                                     36 	.area HOME
                                     37 	.area GSINIT
                                     38 	.area GSFINAL
                                     39 	.area GSINIT
                                     40 ;--------------------------------------------------------
                                     41 ; Home
                                     42 ;--------------------------------------------------------
                                     43 	.area HOME
                                     44 	.area HOME
                                     45 ;--------------------------------------------------------
                                     46 ; code
                                     47 ;--------------------------------------------------------
                                     48 	.area CODE
                                     49 ;	../SPLSPL/src/stm8s_tim1_TIM1_BDTRConfig.c: 44: void TIM1_BDTRConfig(TIM1_OSSIState_TypeDef TIM1_OSSIState,
                                     50 ; genLabel
                                     51 ;	-----------------------------------------
                                     52 ;	 function TIM1_BDTRConfig
                                     53 ;	-----------------------------------------
                                     54 ;	Register assignment is optimal.
                                     55 ;	Stack space usage: 1 bytes.
      000000                         56 _TIM1_BDTRConfig:
      000000 88               [ 1]   57 	push	a
                                     58 ; genReceive
                                     59 ;	../SPLSPL/src/stm8s_tim1_TIM1_BDTRConfig.c: 58: TIM1->DTR = (uint8_t)(TIM1_DeadTime);
                                     60 ; genPointerSet
      000001 AE 52 6E         [ 2]   61 	ldw	x, #0x526e
      000004 88               [ 1]   62 	push	a
      000005 7B 06            [ 1]   63 	ld	a, (0x06, sp)
      000007 F7               [ 1]   64 	ld	(x), a
      000008 84               [ 1]   65 	pop	a
                                     66 ;	../SPLSPL/src/stm8s_tim1_TIM1_BDTRConfig.c: 62: TIM1->BKR  =  (uint8_t)((uint8_t)(TIM1_OSSIState | (uint8_t)TIM1_LockLevel)  | 
                                     67 ; genOr
      000009 1A 04            [ 1]   68 	or	a, (0x04, sp)
      00000B 6B 01            [ 1]   69 	ld	(0x01, sp), a
                                     70 ;	../SPLSPL/src/stm8s_tim1_TIM1_BDTRConfig.c: 63: (uint8_t)((uint8_t)(TIM1_Break | (uint8_t)TIM1_BreakPolarity)  | 
                                     71 ; genOr
      00000D 7B 06            [ 1]   72 	ld	a, (0x06, sp)
      00000F 1A 07            [ 1]   73 	or	a, (0x07, sp)
                                     74 ;	../SPLSPL/src/stm8s_tim1_TIM1_BDTRConfig.c: 64: (uint8_t)TIM1_AutomaticOutput));
                                     75 ; genOr
      000011 1A 08            [ 1]   76 	or	a, (0x08, sp)
                                     77 ; genOr
      000013 1A 01            [ 1]   78 	or	a, (0x01, sp)
                                     79 ; genPointerSet
      000015 C7 52 6D         [ 1]   80 	ld	0x526d, a
                                     81 ; genLabel
      000018                         82 00101$:
                                     83 ;	../SPLSPL/src/stm8s_tim1_TIM1_BDTRConfig.c: 65: }
                                     84 ; genEndFunction
      000018 1E 02            [ 2]   85 	ldw	x, (2, sp)
      00001A 5B 08            [ 2]   86 	addw	sp, #8
      00001C FC               [ 2]   87 	jp	(x)
                                     88 	.area CODE
                                     89 	.area CONST
                                     90 	.area INITIALIZER
                                     91 	.area CABS (ABS)
