                                      1 ;--------------------------------------------------------
                                      2 ; File Created by SDCC : free open source ISO C Compiler 
                                      3 ; Version 4.4.0 #14620 (Linux)
                                      4 ;--------------------------------------------------------
                                      5 	.module stm8s_spi_SPI_ResetCRC
                                      6 	.optsdcc -mstm8
                                      7 	
                                      8 ;--------------------------------------------------------
                                      9 ; Public variables in this module
                                     10 ;--------------------------------------------------------
                                     11 	.globl _SPI_CalculateCRCCmd
                                     12 	.globl _SPI_Cmd
                                     13 	.globl _SPI_ResetCRC
                                     14 ;--------------------------------------------------------
                                     15 ; ram data
                                     16 ;--------------------------------------------------------
                                     17 	.area DATA
                                     18 ;--------------------------------------------------------
                                     19 ; ram data
                                     20 ;--------------------------------------------------------
                                     21 	.area INITIALIZED
                                     22 ;--------------------------------------------------------
                                     23 ; absolute external ram data
                                     24 ;--------------------------------------------------------
                                     25 	.area DABS (ABS)
                                     26 
                                     27 ; default segment ordering for linker
                                     28 	.area HOME
                                     29 	.area GSINIT
                                     30 	.area GSFINAL
                                     31 	.area CONST
                                     32 	.area INITIALIZER
                                     33 	.area CODE
                                     34 
                                     35 ;--------------------------------------------------------
                                     36 ; global & static initialisations
                                     37 ;--------------------------------------------------------
                                     38 	.area HOME
                                     39 	.area GSINIT
                                     40 	.area GSFINAL
                                     41 	.area GSINIT
                                     42 ;--------------------------------------------------------
                                     43 ; Home
                                     44 ;--------------------------------------------------------
                                     45 	.area HOME
                                     46 	.area HOME
                                     47 ;--------------------------------------------------------
                                     48 ; code
                                     49 ;--------------------------------------------------------
                                     50 	.area CODE
                                     51 ;	../SPLSPL/src/stm8s_spi_SPI_ResetCRC.c: 36: void SPI_ResetCRC(void)
                                     52 ; genLabel
                                     53 ;	-----------------------------------------
                                     54 ;	 function SPI_ResetCRC
                                     55 ;	-----------------------------------------
                                     56 ;	Register assignment is optimal.
                                     57 ;	Stack space usage: 0 bytes.
      000000                         58 _SPI_ResetCRC:
                                     59 ;	../SPLSPL/src/stm8s_spi_SPI_ResetCRC.c: 40: SPI_CalculateCRCCmd(ENABLE);
                                     60 ; genSend
      000000 A6 01            [ 1]   61 	ld	a, #0x01
                                     62 ; genCall
      000002 CDr00r00         [ 4]   63 	call	_SPI_CalculateCRCCmd
                                     64 ;	../SPLSPL/src/stm8s_spi_SPI_ResetCRC.c: 43: SPI_Cmd(ENABLE);
                                     65 ; genSend
      000005 A6 01            [ 1]   66 	ld	a, #0x01
                                     67 ; genCall
      000007 CCr00r00         [ 2]   68 	jp	_SPI_Cmd
                                     69 ; genLabel
      00000A                         70 00101$:
                                     71 ;	../SPLSPL/src/stm8s_spi_SPI_ResetCRC.c: 44: }
                                     72 ; genEndFunction
      00000A 81               [ 4]   73 	ret
                                     74 	.area CODE
                                     75 	.area CONST
                                     76 	.area INITIALIZER
                                     77 	.area CABS (ABS)
