                                      1 ;--------------------------------------------------------
                                      2 ; File Created by SDCC : free open source ISO C Compiler 
                                      3 ; Version 4.4.0 #14620 (Linux)
                                      4 ;--------------------------------------------------------
                                      5 	.module stm8s_tim1_TIM1_SelectOCxM
                                      6 	.optsdcc -mstm8
                                      7 	
                                      8 ;--------------------------------------------------------
                                      9 ; Public variables in this module
                                     10 ;--------------------------------------------------------
                                     11 	.globl _TIM1_SelectOCxM
                                     12 ;--------------------------------------------------------
                                     13 ; ram data
                                     14 ;--------------------------------------------------------
                                     15 	.area DATA
                                     16 ;--------------------------------------------------------
                                     17 ; ram data
                                     18 ;--------------------------------------------------------
                                     19 	.area INITIALIZED
                                     20 ;--------------------------------------------------------
                                     21 ; absolute external ram data
                                     22 ;--------------------------------------------------------
                                     23 	.area DABS (ABS)
                                     24 
                                     25 ; default segment ordering for linker
                                     26 	.area HOME
                                     27 	.area GSINIT
                                     28 	.area GSFINAL
                                     29 	.area CONST
                                     30 	.area INITIALIZER
                                     31 	.area CODE
                                     32 
                                     33 ;--------------------------------------------------------
                                     34 ; global & static initialisations
                                     35 ;--------------------------------------------------------
                                     36 	.area HOME
                                     37 	.area GSINIT
                                     38 	.area GSFINAL
                                     39 	.area GSINIT
                                     40 ;--------------------------------------------------------
                                     41 ; Home
                                     42 ;--------------------------------------------------------
                                     43 	.area HOME
                                     44 	.area HOME
                                     45 ;--------------------------------------------------------
                                     46 ; code
                                     47 ;--------------------------------------------------------
                                     48 	.area CODE
                                     49 ;	../SPLSPL/src/stm8s_tim1_TIM1_SelectOCxM.c: 52: void TIM1_SelectOCxM(TIM1_Channel_TypeDef TIM1_Channel, TIM1_OCMode_TypeDef TIM1_OCMode)
                                     50 ; genLabel
                                     51 ;	-----------------------------------------
                                     52 ;	 function TIM1_SelectOCxM
                                     53 ;	-----------------------------------------
                                     54 ;	Register assignment might be sub-optimal.
                                     55 ;	Stack space usage: 0 bytes.
      000000                         56 _TIM1_SelectOCxM:
                                     57 ; genReceive
      000000 97               [ 1]   58 	ld	xl, a
                                     59 ;	../SPLSPL/src/stm8s_tim1_TIM1_SelectOCxM.c: 58: if (TIM1_Channel == TIM1_CHANNEL_1)
                                     60 ; genIfx
      000001 9F               [ 1]   61 	ld	a, xl
      000002 4D               [ 1]   62 	tnz	a
      000003 27 03            [ 1]   63 	jreq	00133$
      000005 CCr00r1D         [ 2]   64 	jp	00108$
      000008                         65 00133$:
                                     66 ;	../SPLSPL/src/stm8s_tim1_TIM1_SelectOCxM.c: 61: TIM1->CCER1 &= (uint8_t)(~TIM1_CCER1_CC1E);
                                     67 ; genPointerGet
      000008 C6 52 5C         [ 1]   68 	ld	a, 0x525c
                                     69 ; genAnd
      00000B A4 FE            [ 1]   70 	and	a, #0xfe
                                     71 ; genPointerSet
      00000D C7 52 5C         [ 1]   72 	ld	0x525c, a
                                     73 ;	../SPLSPL/src/stm8s_tim1_TIM1_SelectOCxM.c: 64: TIM1->CCMR1 = (uint8_t)((uint8_t)(TIM1->CCMR1 & (uint8_t)(~TIM1_CCMR_OCM)) 
                                     74 ; genPointerGet
      000010 C6 52 58         [ 1]   75 	ld	a, 0x5258
                                     76 ; genAnd
      000013 A4 8F            [ 1]   77 	and	a, #0x8f
                                     78 ;	../SPLSPL/src/stm8s_tim1_TIM1_SelectOCxM.c: 65: | (uint8_t)TIM1_OCMode);
                                     79 ; genOr
      000015 1A 03            [ 1]   80 	or	a, (0x03, sp)
                                     81 ; genPointerSet
      000017 C7 52 58         [ 1]   82 	ld	0x5258, a
                                     83 ; genGoto
      00001A CCr00r6D         [ 2]   84 	jp	00110$
                                     85 ; genLabel
      00001D                         86 00108$:
                                     87 ;	../SPLSPL/src/stm8s_tim1_TIM1_SelectOCxM.c: 67: else if (TIM1_Channel == TIM1_CHANNEL_2)
                                     88 ; genCmpEQorNE
      00001D 9F               [ 1]   89 	ld	a, xl
      00001E 4A               [ 1]   90 	dec	a
      00001F 26 03            [ 1]   91 	jrne	00135$
      000021 CCr00r27         [ 2]   92 	jp	00136$
      000024                         93 00135$:
      000024 CCr00r3C         [ 2]   94 	jp	00105$
      000027                         95 00136$:
                                     96 ; skipping generated iCode
                                     97 ;	../SPLSPL/src/stm8s_tim1_TIM1_SelectOCxM.c: 70: TIM1->CCER1 &= (uint8_t)(~TIM1_CCER1_CC2E);
                                     98 ; genPointerGet
      000027 C6 52 5C         [ 1]   99 	ld	a, 0x525c
                                    100 ; genAnd
      00002A A4 EF            [ 1]  101 	and	a, #0xef
                                    102 ; genPointerSet
      00002C C7 52 5C         [ 1]  103 	ld	0x525c, a
                                    104 ;	../SPLSPL/src/stm8s_tim1_TIM1_SelectOCxM.c: 73: TIM1->CCMR2 = (uint8_t)((uint8_t)(TIM1->CCMR2 & (uint8_t)(~TIM1_CCMR_OCM))
                                    105 ; genPointerGet
      00002F C6 52 59         [ 1]  106 	ld	a, 0x5259
                                    107 ; genAnd
      000032 A4 8F            [ 1]  108 	and	a, #0x8f
                                    109 ;	../SPLSPL/src/stm8s_tim1_TIM1_SelectOCxM.c: 74: | (uint8_t)TIM1_OCMode);
                                    110 ; genOr
      000034 1A 03            [ 1]  111 	or	a, (0x03, sp)
                                    112 ; genPointerSet
      000036 C7 52 59         [ 1]  113 	ld	0x5259, a
                                    114 ; genGoto
      000039 CCr00r6D         [ 2]  115 	jp	00110$
                                    116 ; genLabel
      00003C                        117 00105$:
                                    118 ;	../SPLSPL/src/stm8s_tim1_TIM1_SelectOCxM.c: 79: TIM1->CCER2 &= (uint8_t)(~TIM1_CCER2_CC3E);
                                    119 ; genPointerGet
      00003C C6 52 5D         [ 1]  120 	ld	a, 0x525d
                                    121 ;	../SPLSPL/src/stm8s_tim1_TIM1_SelectOCxM.c: 76: else if (TIM1_Channel == TIM1_CHANNEL_3)
                                    122 ; genCmpEQorNE
      00003F 88               [ 1]  123 	push	a
      000040 9F               [ 1]  124 	ld	a, xl
      000041 A1 02            [ 1]  125 	cp	a, #0x02
      000043 84               [ 1]  126 	pop	a
      000044 26 03            [ 1]  127 	jrne	00138$
      000046 CCr00r4C         [ 2]  128 	jp	00139$
      000049                        129 00138$:
      000049 CCr00r5E         [ 2]  130 	jp	00102$
      00004C                        131 00139$:
                                    132 ; skipping generated iCode
                                    133 ;	../SPLSPL/src/stm8s_tim1_TIM1_SelectOCxM.c: 79: TIM1->CCER2 &= (uint8_t)(~TIM1_CCER2_CC3E);
                                    134 ; genAnd
      00004C A4 FE            [ 1]  135 	and	a, #0xfe
                                    136 ; genPointerSet
      00004E C7 52 5D         [ 1]  137 	ld	0x525d, a
                                    138 ;	../SPLSPL/src/stm8s_tim1_TIM1_SelectOCxM.c: 82: TIM1->CCMR3 = (uint8_t)((uint8_t)(TIM1->CCMR3 & (uint8_t)(~TIM1_CCMR_OCM)) 
                                    139 ; genPointerGet
      000051 C6 52 5A         [ 1]  140 	ld	a, 0x525a
                                    141 ; genAnd
      000054 A4 8F            [ 1]  142 	and	a, #0x8f
                                    143 ;	../SPLSPL/src/stm8s_tim1_TIM1_SelectOCxM.c: 83: | (uint8_t)TIM1_OCMode);
                                    144 ; genOr
      000056 1A 03            [ 1]  145 	or	a, (0x03, sp)
                                    146 ; genPointerSet
      000058 C7 52 5A         [ 1]  147 	ld	0x525a, a
                                    148 ; genGoto
      00005B CCr00r6D         [ 2]  149 	jp	00110$
                                    150 ; genLabel
      00005E                        151 00102$:
                                    152 ;	../SPLSPL/src/stm8s_tim1_TIM1_SelectOCxM.c: 88: TIM1->CCER2 &= (uint8_t)(~TIM1_CCER2_CC4E);
                                    153 ; genAnd
      00005E A4 EF            [ 1]  154 	and	a, #0xef
                                    155 ; genPointerSet
      000060 C7 52 5D         [ 1]  156 	ld	0x525d, a
                                    157 ;	../SPLSPL/src/stm8s_tim1_TIM1_SelectOCxM.c: 91: TIM1->CCMR4 = (uint8_t)((uint8_t)(TIM1->CCMR4 & (uint8_t)(~TIM1_CCMR_OCM)) 
                                    158 ; genPointerGet
      000063 C6 52 5B         [ 1]  159 	ld	a, 0x525b
                                    160 ; genAnd
      000066 A4 8F            [ 1]  161 	and	a, #0x8f
                                    162 ;	../SPLSPL/src/stm8s_tim1_TIM1_SelectOCxM.c: 92: | (uint8_t)TIM1_OCMode);
                                    163 ; genOr
      000068 1A 03            [ 1]  164 	or	a, (0x03, sp)
                                    165 ; genPointerSet
      00006A C7 52 5B         [ 1]  166 	ld	0x525b, a
                                    167 ; genLabel
      00006D                        168 00110$:
                                    169 ;	../SPLSPL/src/stm8s_tim1_TIM1_SelectOCxM.c: 94: }
                                    170 ; genEndFunction
      00006D 85               [ 2]  171 	popw	x
      00006E 84               [ 1]  172 	pop	a
      00006F FC               [ 2]  173 	jp	(x)
                                    174 	.area CODE
                                    175 	.area CONST
                                    176 	.area INITIALIZER
                                    177 	.area CABS (ABS)
