                                      1 ;--------------------------------------------------------
                                      2 ; File Created by SDCC : free open source ISO C Compiler 
                                      3 ; Version 4.4.0 #14620 (Linux)
                                      4 ;--------------------------------------------------------
                                      5 	.module stm8s_tim3_TIM3_ClearFlag
                                      6 	.optsdcc -mstm8
                                      7 	
                                      8 ;--------------------------------------------------------
                                      9 ; Public variables in this module
                                     10 ;--------------------------------------------------------
                                     11 	.globl _TIM3_ClearFlag
                                     12 ;--------------------------------------------------------
                                     13 ; ram data
                                     14 ;--------------------------------------------------------
                                     15 	.area DATA
                                     16 ;--------------------------------------------------------
                                     17 ; ram data
                                     18 ;--------------------------------------------------------
                                     19 	.area INITIALIZED
                                     20 ;--------------------------------------------------------
                                     21 ; absolute external ram data
                                     22 ;--------------------------------------------------------
                                     23 	.area DABS (ABS)
                                     24 
                                     25 ; default segment ordering for linker
                                     26 	.area HOME
                                     27 	.area GSINIT
                                     28 	.area GSFINAL
                                     29 	.area CONST
                                     30 	.area INITIALIZER
                                     31 	.area CODE
                                     32 
                                     33 ;--------------------------------------------------------
                                     34 ; global & static initialisations
                                     35 ;--------------------------------------------------------
                                     36 	.area HOME
                                     37 	.area GSINIT
                                     38 	.area GSFINAL
                                     39 	.area GSINIT
                                     40 ;--------------------------------------------------------
                                     41 ; Home
                                     42 ;--------------------------------------------------------
                                     43 	.area HOME
                                     44 	.area HOME
                                     45 ;--------------------------------------------------------
                                     46 ; code
                                     47 ;--------------------------------------------------------
                                     48 	.area CODE
                                     49 ;	../SPLSPL/src/stm8s_tim3_TIM3_ClearFlag.c: 42: void TIM3_ClearFlag(TIM3_FLAG_TypeDef TIM3_FLAG)
                                     50 ; genLabel
                                     51 ;	-----------------------------------------
                                     52 ;	 function TIM3_ClearFlag
                                     53 ;	-----------------------------------------
                                     54 ;	Register assignment might be sub-optimal.
                                     55 ;	Stack space usage: 0 bytes.
      000000                         56 _TIM3_ClearFlag:
                                     57 ; genReceive
                                     58 ;	../SPLSPL/src/stm8s_tim3_TIM3_ClearFlag.c: 48: TIM3->SR1 = (uint8_t)(~((uint8_t)(TIM3_FLAG)));
                                     59 ; genCast
                                     60 ; genAssign
      000000 9F               [ 1]   61 	ld	a, xl
                                     62 ; genCpl
      000001 43               [ 1]   63 	cpl	a
                                     64 ; genPointerSet
      000002 C7 53 22         [ 1]   65 	ld	0x5322, a
                                     66 ;	../SPLSPL/src/stm8s_tim3_TIM3_ClearFlag.c: 49: TIM3->SR2 = (uint8_t)(~((uint8_t)((uint16_t)TIM3_FLAG >> 8)));
                                     67 ; genCast
                                     68 ; genAssign
      000005 9E               [ 1]   69 	ld	a, xh
                                     70 ; genGetByte
                                     71 ; genCpl
      000006 43               [ 1]   72 	cpl	a
                                     73 ; genPointerSet
      000007 C7 53 23         [ 1]   74 	ld	0x5323, a
                                     75 ; genLabel
      00000A                         76 00101$:
                                     77 ;	../SPLSPL/src/stm8s_tim3_TIM3_ClearFlag.c: 50: }
                                     78 ; genEndFunction
      00000A 81               [ 4]   79 	ret
                                     80 	.area CODE
                                     81 	.area CONST
                                     82 	.area INITIALIZER
                                     83 	.area CABS (ABS)
