                                      1 ;--------------------------------------------------------
                                      2 ; File Created by SDCC : free open source ISO C Compiler 
                                      3 ; Version 4.4.0 #14620 (Linux)
                                      4 ;--------------------------------------------------------
                                      5 	.module stm8s_tim1_TIM1_ETRClockMode2Config
                                      6 	.optsdcc -mstm8
                                      7 	
                                      8 ;--------------------------------------------------------
                                      9 ; Public variables in this module
                                     10 ;--------------------------------------------------------
                                     11 	.globl _TIM1_ETRConfig
                                     12 	.globl _TIM1_ETRClockMode2Config
                                     13 ;--------------------------------------------------------
                                     14 ; ram data
                                     15 ;--------------------------------------------------------
                                     16 	.area DATA
                                     17 ;--------------------------------------------------------
                                     18 ; ram data
                                     19 ;--------------------------------------------------------
                                     20 	.area INITIALIZED
                                     21 ;--------------------------------------------------------
                                     22 ; absolute external ram data
                                     23 ;--------------------------------------------------------
                                     24 	.area DABS (ABS)
                                     25 
                                     26 ; default segment ordering for linker
                                     27 	.area HOME
                                     28 	.area GSINIT
                                     29 	.area GSFINAL
                                     30 	.area CONST
                                     31 	.area INITIALIZER
                                     32 	.area CODE
                                     33 
                                     34 ;--------------------------------------------------------
                                     35 ; global & static initialisations
                                     36 ;--------------------------------------------------------
                                     37 	.area HOME
                                     38 	.area GSINIT
                                     39 	.area GSFINAL
                                     40 	.area GSINIT
                                     41 ;--------------------------------------------------------
                                     42 ; Home
                                     43 ;--------------------------------------------------------
                                     44 	.area HOME
                                     45 	.area HOME
                                     46 ;--------------------------------------------------------
                                     47 ; code
                                     48 ;--------------------------------------------------------
                                     49 	.area CODE
                                     50 ;	../SPLSPL/src/stm8s_tim1_TIM1_ETRClockMode2Config.c: 47: void TIM1_ETRClockMode2Config(TIM1_ExtTRGPSC_TypeDef TIM1_ExtTRGPrescaler,
                                     51 ; genLabel
                                     52 ;	-----------------------------------------
                                     53 ;	 function TIM1_ETRClockMode2Config
                                     54 ;	-----------------------------------------
                                     55 ;	Register assignment is optimal.
                                     56 ;	Stack space usage: 0 bytes.
      000000                         57 _TIM1_ETRClockMode2Config:
                                     58 ; genReceive
      000000 97               [ 1]   59 	ld	xl, a
                                     60 ;	../SPLSPL/src/stm8s_tim1_TIM1_ETRClockMode2Config.c: 56: TIM1_ETRConfig(TIM1_ExtTRGPrescaler, TIM1_ExtTRGPolarity, ExtTRGFilter);
                                     61 ; genIPush
      000001 7B 04            [ 1]   62 	ld	a, (0x04, sp)
      000003 88               [ 1]   63 	push	a
                                     64 ; genIPush
      000004 7B 04            [ 1]   65 	ld	a, (0x04, sp)
      000006 88               [ 1]   66 	push	a
                                     67 ; genSend
      000007 9F               [ 1]   68 	ld	a, xl
                                     69 ; genCall
      000008 CDr00r00         [ 4]   70 	call	_TIM1_ETRConfig
                                     71 ;	../SPLSPL/src/stm8s_tim1_TIM1_ETRClockMode2Config.c: 59: TIM1->ETR |= TIM1_ETR_ECE;
                                     72 ; genPointerGet
      00000B C6 52 53         [ 1]   73 	ld	a, 0x5253
                                     74 ; genOr
      00000E AA 40            [ 1]   75 	or	a, #0x40
                                     76 ; genPointerSet
      000010 C7 52 53         [ 1]   77 	ld	0x5253, a
                                     78 ; genLabel
      000013                         79 00101$:
                                     80 ;	../SPLSPL/src/stm8s_tim1_TIM1_ETRClockMode2Config.c: 60: }
                                     81 ; genEndFunction
      000013 1E 01            [ 2]   82 	ldw	x, (1, sp)
      000015 5B 04            [ 2]   83 	addw	sp, #4
      000017 FC               [ 2]   84 	jp	(x)
                                     85 	.area CODE
                                     86 	.area CONST
                                     87 	.area INITIALIZER
                                     88 	.area CABS (ABS)
