                                      1 ;--------------------------------------------------------
                                      2 ; File Created by SDCC : free open source ISO C Compiler 
                                      3 ; Version 4.4.0 #14620 (Linux)
                                      4 ;--------------------------------------------------------
                                      5 	.module stm8s_tim2_TIM2_ClearFlag
                                      6 	.optsdcc -mstm8
                                      7 	
                                      8 ;--------------------------------------------------------
                                      9 ; Public variables in this module
                                     10 ;--------------------------------------------------------
                                     11 	.globl _TIM2_ClearFlag
                                     12 ;--------------------------------------------------------
                                     13 ; ram data
                                     14 ;--------------------------------------------------------
                                     15 	.area DATA
                                     16 ;--------------------------------------------------------
                                     17 ; ram data
                                     18 ;--------------------------------------------------------
                                     19 	.area INITIALIZED
                                     20 ;--------------------------------------------------------
                                     21 ; absolute external ram data
                                     22 ;--------------------------------------------------------
                                     23 	.area DABS (ABS)
                                     24 
                                     25 ; default segment ordering for linker
                                     26 	.area HOME
                                     27 	.area GSINIT
                                     28 	.area GSFINAL
                                     29 	.area CONST
                                     30 	.area INITIALIZER
                                     31 	.area CODE
                                     32 
                                     33 ;--------------------------------------------------------
                                     34 ; global & static initialisations
                                     35 ;--------------------------------------------------------
                                     36 	.area HOME
                                     37 	.area GSINIT
                                     38 	.area GSFINAL
                                     39 	.area GSINIT
                                     40 ;--------------------------------------------------------
                                     41 ; Home
                                     42 ;--------------------------------------------------------
                                     43 	.area HOME
                                     44 	.area HOME
                                     45 ;--------------------------------------------------------
                                     46 ; code
                                     47 ;--------------------------------------------------------
                                     48 	.area CODE
                                     49 ;	../SPLSPL/src/stm8s_tim2_TIM2_ClearFlag.c: 44: void TIM2_ClearFlag(TIM2_FLAG_TypeDef TIM2_FLAG)
                                     50 ; genLabel
                                     51 ;	-----------------------------------------
                                     52 ;	 function TIM2_ClearFlag
                                     53 ;	-----------------------------------------
                                     54 ;	Register assignment is optimal.
                                     55 ;	Stack space usage: 0 bytes.
      000000                         56 _TIM2_ClearFlag:
                                     57 ; genReceive
      000000 9F               [ 1]   58 	ld	a, xl
                                     59 ;	../SPLSPL/src/stm8s_tim2_TIM2_ClearFlag.c: 50: TIM2->SR1 = (uint8_t)(~((uint8_t)(TIM2_FLAG)));
                                     60 ; genCast
                                     61 ; genAssign
                                     62 ; genCpl
      000001 43               [ 1]   63 	cpl	a
                                     64 ; genPointerSet
      000002 C7 53 02         [ 1]   65 	ld	0x5302, a
                                     66 ;	../SPLSPL/src/stm8s_tim2_TIM2_ClearFlag.c: 51: TIM2->SR2 = (uint8_t)(~((uint8_t)((uint8_t)TIM2_FLAG >> 8)));
                                     67 ; genPointerSet
      000005 35 FF 53 03      [ 1]   68 	mov	0x5303+0, #0xff
                                     69 ; genLabel
      000009                         70 00101$:
                                     71 ;	../SPLSPL/src/stm8s_tim2_TIM2_ClearFlag.c: 52: }
                                     72 ; genEndFunction
      000009 81               [ 4]   73 	ret
                                     74 	.area CODE
                                     75 	.area CONST
                                     76 	.area INITIALIZER
                                     77 	.area CABS (ABS)
