                                      1 ;--------------------------------------------------------
                                      2 ; File Created by SDCC : free open source ISO C Compiler 
                                      3 ; Version 4.4.0 #14620 (Linux)
                                      4 ;--------------------------------------------------------
                                      5 	.module stm8s_tim1_TIM1_ETRConfig
                                      6 	.optsdcc -mstm8
                                      7 	
                                      8 ;--------------------------------------------------------
                                      9 ; Public variables in this module
                                     10 ;--------------------------------------------------------
                                     11 	.globl _TIM1_ETRConfig
                                     12 ;--------------------------------------------------------
                                     13 ; ram data
                                     14 ;--------------------------------------------------------
                                     15 	.area DATA
                                     16 ;--------------------------------------------------------
                                     17 ; ram data
                                     18 ;--------------------------------------------------------
                                     19 	.area INITIALIZED
                                     20 ;--------------------------------------------------------
                                     21 ; absolute external ram data
                                     22 ;--------------------------------------------------------
                                     23 	.area DABS (ABS)
                                     24 
                                     25 ; default segment ordering for linker
                                     26 	.area HOME
                                     27 	.area GSINIT
                                     28 	.area GSFINAL
                                     29 	.area CONST
                                     30 	.area INITIALIZER
                                     31 	.area CODE
                                     32 
                                     33 ;--------------------------------------------------------
                                     34 ; global & static initialisations
                                     35 ;--------------------------------------------------------
                                     36 	.area HOME
                                     37 	.area GSINIT
                                     38 	.area GSFINAL
                                     39 	.area GSINIT
                                     40 ;--------------------------------------------------------
                                     41 ; Home
                                     42 ;--------------------------------------------------------
                                     43 	.area HOME
                                     44 	.area HOME
                                     45 ;--------------------------------------------------------
                                     46 ; code
                                     47 ;--------------------------------------------------------
                                     48 	.area CODE
                                     49 ;	../SPLSPL/src/stm8s_tim1_TIM1_ETRConfig.c: 47: void TIM1_ETRConfig(TIM1_ExtTRGPSC_TypeDef TIM1_ExtTRGPrescaler,
                                     50 ; genLabel
                                     51 ;	-----------------------------------------
                                     52 ;	 function TIM1_ETRConfig
                                     53 ;	-----------------------------------------
                                     54 ;	Register assignment is optimal.
                                     55 ;	Stack space usage: 1 bytes.
      000000                         56 _TIM1_ETRConfig:
      000000 88               [ 1]   57 	push	a
                                     58 ; genReceive
      000001 97               [ 1]   59 	ld	xl, a
                                     60 ;	../SPLSPL/src/stm8s_tim1_TIM1_ETRConfig.c: 54: TIM1->ETR |= (uint8_t)((uint8_t)(TIM1_ExtTRGPrescaler | (uint8_t)TIM1_ExtTRGPolarity )|
                                     61 ; genPointerGet
      000002 C6 52 53         [ 1]   62 	ld	a, 0x5253
      000005 6B 01            [ 1]   63 	ld	(0x01, sp), a
                                     64 ; genOr
      000007 9F               [ 1]   65 	ld	a, xl
      000008 1A 04            [ 1]   66 	or	a, (0x04, sp)
                                     67 ;	../SPLSPL/src/stm8s_tim1_TIM1_ETRConfig.c: 55: (uint8_t)ExtTRGFilter );
                                     68 ; genOr
      00000A 1A 05            [ 1]   69 	or	a, (0x05, sp)
                                     70 ; genOr
      00000C 1A 01            [ 1]   71 	or	a, (0x01, sp)
                                     72 ; genPointerSet
      00000E C7 52 53         [ 1]   73 	ld	0x5253, a
                                     74 ; genLabel
      000011                         75 00101$:
                                     76 ;	../SPLSPL/src/stm8s_tim1_TIM1_ETRConfig.c: 56: }
                                     77 ; genEndFunction
      000011 1E 02            [ 2]   78 	ldw	x, (2, sp)
      000013 5B 05            [ 2]   79 	addw	sp, #5
      000015 FC               [ 2]   80 	jp	(x)
                                     81 	.area CODE
                                     82 	.area CONST
                                     83 	.area INITIALIZER
                                     84 	.area CABS (ABS)
