                                      1 ;--------------------------------------------------------
                                      2 ; File Created by SDCC : free open source ISO C Compiler 
                                      3 ; Version 4.4.0 #14620 (Linux)
                                      4 ;--------------------------------------------------------
                                      5 	.module stm8s_tim3_TIM3_DeInit
                                      6 	.optsdcc -mstm8
                                      7 	
                                      8 ;--------------------------------------------------------
                                      9 ; Public variables in this module
                                     10 ;--------------------------------------------------------
                                     11 	.globl _TIM3_DeInit
                                     12 ;--------------------------------------------------------
                                     13 ; ram data
                                     14 ;--------------------------------------------------------
                                     15 	.area DATA
                                     16 ;--------------------------------------------------------
                                     17 ; ram data
                                     18 ;--------------------------------------------------------
                                     19 	.area INITIALIZED
                                     20 ;--------------------------------------------------------
                                     21 ; absolute external ram data
                                     22 ;--------------------------------------------------------
                                     23 	.area DABS (ABS)
                                     24 
                                     25 ; default segment ordering for linker
                                     26 	.area HOME
                                     27 	.area GSINIT
                                     28 	.area GSFINAL
                                     29 	.area CONST
                                     30 	.area INITIALIZER
                                     31 	.area CODE
                                     32 
                                     33 ;--------------------------------------------------------
                                     34 ; global & static initialisations
                                     35 ;--------------------------------------------------------
                                     36 	.area HOME
                                     37 	.area GSINIT
                                     38 	.area GSFINAL
                                     39 	.area GSINIT
                                     40 ;--------------------------------------------------------
                                     41 ; Home
                                     42 ;--------------------------------------------------------
                                     43 	.area HOME
                                     44 	.area HOME
                                     45 ;--------------------------------------------------------
                                     46 ; code
                                     47 ;--------------------------------------------------------
                                     48 	.area CODE
                                     49 ;	../SPLSPL/src/stm8s_tim3_TIM3_DeInit.c: 36: void TIM3_DeInit(void)
                                     50 ; genLabel
                                     51 ;	-----------------------------------------
                                     52 ;	 function TIM3_DeInit
                                     53 ;	-----------------------------------------
                                     54 ;	Register assignment is optimal.
                                     55 ;	Stack space usage: 0 bytes.
      000000                         56 _TIM3_DeInit:
                                     57 ;	../SPLSPL/src/stm8s_tim3_TIM3_DeInit.c: 38: TIM3->CR1 = (uint8_t)TIM3_CR1_RESET_VALUE;
                                     58 ; genPointerSet
      000000 35 00 53 20      [ 1]   59 	mov	0x5320+0, #0x00
                                     60 ;	../SPLSPL/src/stm8s_tim3_TIM3_DeInit.c: 39: TIM3->IER = (uint8_t)TIM3_IER_RESET_VALUE;
                                     61 ; genPointerSet
      000004 35 00 53 21      [ 1]   62 	mov	0x5321+0, #0x00
                                     63 ;	../SPLSPL/src/stm8s_tim3_TIM3_DeInit.c: 40: TIM3->SR2 = (uint8_t)TIM3_SR2_RESET_VALUE;
                                     64 ; genPointerSet
      000008 35 00 53 23      [ 1]   65 	mov	0x5323+0, #0x00
                                     66 ;	../SPLSPL/src/stm8s_tim3_TIM3_DeInit.c: 43: TIM3->CCER1 = (uint8_t)TIM3_CCER1_RESET_VALUE;
                                     67 ; genPointerSet
      00000C 35 00 53 27      [ 1]   68 	mov	0x5327+0, #0x00
                                     69 ;	../SPLSPL/src/stm8s_tim3_TIM3_DeInit.c: 46: TIM3->CCER1 = (uint8_t)TIM3_CCER1_RESET_VALUE;
                                     70 ; genPointerSet
      000010 35 00 53 27      [ 1]   71 	mov	0x5327+0, #0x00
                                     72 ;	../SPLSPL/src/stm8s_tim3_TIM3_DeInit.c: 47: TIM3->CCMR1 = (uint8_t)TIM3_CCMR1_RESET_VALUE;
                                     73 ; genPointerSet
      000014 35 00 53 25      [ 1]   74 	mov	0x5325+0, #0x00
                                     75 ;	../SPLSPL/src/stm8s_tim3_TIM3_DeInit.c: 48: TIM3->CCMR2 = (uint8_t)TIM3_CCMR2_RESET_VALUE;
                                     76 ; genPointerSet
      000018 35 00 53 26      [ 1]   77 	mov	0x5326+0, #0x00
                                     78 ;	../SPLSPL/src/stm8s_tim3_TIM3_DeInit.c: 49: TIM3->CNTRH = (uint8_t)TIM3_CNTRH_RESET_VALUE;
                                     79 ; genPointerSet
      00001C 35 00 53 28      [ 1]   80 	mov	0x5328+0, #0x00
                                     81 ;	../SPLSPL/src/stm8s_tim3_TIM3_DeInit.c: 50: TIM3->CNTRL = (uint8_t)TIM3_CNTRL_RESET_VALUE;
                                     82 ; genPointerSet
      000020 35 00 53 29      [ 1]   83 	mov	0x5329+0, #0x00
                                     84 ;	../SPLSPL/src/stm8s_tim3_TIM3_DeInit.c: 51: TIM3->PSCR = (uint8_t)TIM3_PSCR_RESET_VALUE;
                                     85 ; genPointerSet
      000024 35 00 53 2A      [ 1]   86 	mov	0x532a+0, #0x00
                                     87 ;	../SPLSPL/src/stm8s_tim3_TIM3_DeInit.c: 52: TIM3->ARRH  = (uint8_t)TIM3_ARRH_RESET_VALUE;
                                     88 ; genPointerSet
      000028 35 FF 53 2B      [ 1]   89 	mov	0x532b+0, #0xff
                                     90 ;	../SPLSPL/src/stm8s_tim3_TIM3_DeInit.c: 53: TIM3->ARRL  = (uint8_t)TIM3_ARRL_RESET_VALUE;
                                     91 ; genPointerSet
      00002C 35 FF 53 2C      [ 1]   92 	mov	0x532c+0, #0xff
                                     93 ;	../SPLSPL/src/stm8s_tim3_TIM3_DeInit.c: 54: TIM3->CCR1H = (uint8_t)TIM3_CCR1H_RESET_VALUE;
                                     94 ; genPointerSet
      000030 35 00 53 2D      [ 1]   95 	mov	0x532d+0, #0x00
                                     96 ;	../SPLSPL/src/stm8s_tim3_TIM3_DeInit.c: 55: TIM3->CCR1L = (uint8_t)TIM3_CCR1L_RESET_VALUE;
                                     97 ; genPointerSet
      000034 35 00 53 2E      [ 1]   98 	mov	0x532e+0, #0x00
                                     99 ;	../SPLSPL/src/stm8s_tim3_TIM3_DeInit.c: 56: TIM3->CCR2H = (uint8_t)TIM3_CCR2H_RESET_VALUE;
                                    100 ; genPointerSet
      000038 35 00 53 2F      [ 1]  101 	mov	0x532f+0, #0x00
                                    102 ;	../SPLSPL/src/stm8s_tim3_TIM3_DeInit.c: 57: TIM3->CCR2L = (uint8_t)TIM3_CCR2L_RESET_VALUE;
                                    103 ; genPointerSet
      00003C 35 00 53 30      [ 1]  104 	mov	0x5330+0, #0x00
                                    105 ;	../SPLSPL/src/stm8s_tim3_TIM3_DeInit.c: 58: TIM3->SR1 = (uint8_t)TIM3_SR1_RESET_VALUE;
                                    106 ; genPointerSet
      000040 35 00 53 22      [ 1]  107 	mov	0x5322+0, #0x00
                                    108 ; genLabel
      000044                        109 00101$:
                                    110 ;	../SPLSPL/src/stm8s_tim3_TIM3_DeInit.c: 59: }
                                    111 ; genEndFunction
      000044 81               [ 4]  112 	ret
                                    113 	.area CODE
                                    114 	.area CONST
                                    115 	.area INITIALIZER
                                    116 	.area CABS (ABS)
