                                      1 ;--------------------------------------------------------
                                      2 ; File Created by SDCC : free open source ISO C Compiler 
                                      3 ; Version 4.4.0 #14620 (Linux)
                                      4 ;--------------------------------------------------------
                                      5 	.module stm8s_spi_SPI_ITConfig
                                      6 	.optsdcc -mstm8
                                      7 	
                                      8 ;--------------------------------------------------------
                                      9 ; Public variables in this module
                                     10 ;--------------------------------------------------------
                                     11 	.globl _SPI_ITConfig
                                     12 ;--------------------------------------------------------
                                     13 ; ram data
                                     14 ;--------------------------------------------------------
                                     15 	.area DATA
                                     16 ;--------------------------------------------------------
                                     17 ; ram data
                                     18 ;--------------------------------------------------------
                                     19 	.area INITIALIZED
                                     20 ;--------------------------------------------------------
                                     21 ; absolute external ram data
                                     22 ;--------------------------------------------------------
                                     23 	.area DABS (ABS)
                                     24 
                                     25 ; default segment ordering for linker
                                     26 	.area HOME
                                     27 	.area GSINIT
                                     28 	.area GSFINAL
                                     29 	.area CONST
                                     30 	.area INITIALIZER
                                     31 	.area CODE
                                     32 
                                     33 ;--------------------------------------------------------
                                     34 ; global & static initialisations
                                     35 ;--------------------------------------------------------
                                     36 	.area HOME
                                     37 	.area GSINIT
                                     38 	.area GSFINAL
                                     39 	.area GSINIT
                                     40 ;--------------------------------------------------------
                                     41 ; Home
                                     42 ;--------------------------------------------------------
                                     43 	.area HOME
                                     44 	.area HOME
                                     45 ;--------------------------------------------------------
                                     46 ; code
                                     47 ;--------------------------------------------------------
                                     48 	.area CODE
                                     49 ;	../SPLSPL/src/stm8s_spi_SPI_ITConfig.c: 38: void SPI_ITConfig(SPI_IT_TypeDef SPI_IT, FunctionalState NewState)
                                     50 ; genLabel
                                     51 ;	-----------------------------------------
                                     52 ;	 function SPI_ITConfig
                                     53 ;	-----------------------------------------
                                     54 ;	Register assignment is optimal.
                                     55 ;	Stack space usage: 1 bytes.
      000000                         56 _SPI_ITConfig:
      000000 88               [ 1]   57 	push	a
                                     58 ; genReceive
                                     59 ;	../SPLSPL/src/stm8s_spi_SPI_ITConfig.c: 46: itpos = (uint8_t)((uint8_t)1 << (uint8_t)((uint8_t)SPI_IT & (uint8_t)0x0F));
                                     60 ; genAnd
      000001 A4 0F            [ 1]   61 	and	a, #0x0f
      000003 97               [ 1]   62 	ld	xl, a
                                     63 ; genLeftShift
      000004 A6 01            [ 1]   64 	ld	a, #0x01
      000006 88               [ 1]   65 	push	a
      000007 9F               [ 1]   66 	ld	a, xl
      000008 4D               [ 1]   67 	tnz	a
      000009 27 05            [ 1]   68 	jreq	00114$
      00000B                         69 00113$:
      00000B 08 01            [ 1]   70 	sll	(1, sp)
      00000D 4A               [ 1]   71 	dec	a
      00000E 26 FB            [ 1]   72 	jrne	00113$
      000010                         73 00114$:
      000010 84               [ 1]   74 	pop	a
                                     75 ;	../SPLSPL/src/stm8s_spi_SPI_ITConfig.c: 50: SPI->ICR |= itpos; /* Enable interrupt*/
                                     76 ; genPointerGet
      000011 AE 52 02         [ 2]   77 	ldw	x, #0x5202
      000014 88               [ 1]   78 	push	a
      000015 F6               [ 1]   79 	ld	a, (x)
      000016 6B 02            [ 1]   80 	ld	(0x02, sp), a
      000018 84               [ 1]   81 	pop	a
                                     82 ;	../SPLSPL/src/stm8s_spi_SPI_ITConfig.c: 48: if (NewState != DISABLE)
                                     83 ; genIfx
      000019 0D 04            [ 1]   84 	tnz	(0x04, sp)
      00001B 26 03            [ 1]   85 	jrne	00115$
      00001D CCr00r28         [ 2]   86 	jp	00102$
      000020                         87 00115$:
                                     88 ;	../SPLSPL/src/stm8s_spi_SPI_ITConfig.c: 50: SPI->ICR |= itpos; /* Enable interrupt*/
                                     89 ; genOr
      000020 1A 01            [ 1]   90 	or	a, (0x01, sp)
                                     91 ; genPointerSet
      000022 C7 52 02         [ 1]   92 	ld	0x5202, a
                                     93 ; genGoto
      000025 CCr00r2E         [ 2]   94 	jp	00104$
                                     95 ; genLabel
      000028                         96 00102$:
                                     97 ;	../SPLSPL/src/stm8s_spi_SPI_ITConfig.c: 54: SPI->ICR &= (uint8_t)(~itpos); /* Disable interrupt*/
                                     98 ; genCpl
      000028 43               [ 1]   99 	cpl	a
                                    100 ; genAnd
      000029 14 01            [ 1]  101 	and	a, (0x01, sp)
                                    102 ; genPointerSet
      00002B C7 52 02         [ 1]  103 	ld	0x5202, a
                                    104 ; genLabel
      00002E                        105 00104$:
                                    106 ;	../SPLSPL/src/stm8s_spi_SPI_ITConfig.c: 56: }
                                    107 ; genEndFunction
      00002E 84               [ 1]  108 	pop	a
      00002F 85               [ 2]  109 	popw	x
      000030 84               [ 1]  110 	pop	a
      000031 FC               [ 2]  111 	jp	(x)
                                    112 	.area CODE
                                    113 	.area CONST
                                    114 	.area INITIALIZER
                                    115 	.area CABS (ABS)
