                                      1 ;--------------------------------------------------------
                                      2 ; File Created by SDCC : free open source ISO C Compiler 
                                      3 ; Version 4.4.0 #14620 (Linux)
                                      4 ;--------------------------------------------------------
                                      5 	.module stm8s_spi_SPI_Init
                                      6 	.optsdcc -mstm8
                                      7 	
                                      8 ;--------------------------------------------------------
                                      9 ; Public variables in this module
                                     10 ;--------------------------------------------------------
                                     11 	.globl _SPI_Init
                                     12 ;--------------------------------------------------------
                                     13 ; ram data
                                     14 ;--------------------------------------------------------
                                     15 	.area DATA
                                     16 ;--------------------------------------------------------
                                     17 ; ram data
                                     18 ;--------------------------------------------------------
                                     19 	.area INITIALIZED
                                     20 ;--------------------------------------------------------
                                     21 ; absolute external ram data
                                     22 ;--------------------------------------------------------
                                     23 	.area DABS (ABS)
                                     24 
                                     25 ; default segment ordering for linker
                                     26 	.area HOME
                                     27 	.area GSINIT
                                     28 	.area GSFINAL
                                     29 	.area CONST
                                     30 	.area INITIALIZER
                                     31 	.area CODE
                                     32 
                                     33 ;--------------------------------------------------------
                                     34 ; global & static initialisations
                                     35 ;--------------------------------------------------------
                                     36 	.area HOME
                                     37 	.area GSINIT
                                     38 	.area GSFINAL
                                     39 	.area GSINIT
                                     40 ;--------------------------------------------------------
                                     41 ; Home
                                     42 ;--------------------------------------------------------
                                     43 	.area HOME
                                     44 	.area HOME
                                     45 ;--------------------------------------------------------
                                     46 ; code
                                     47 ;--------------------------------------------------------
                                     48 	.area CODE
                                     49 ;	../SPLSPL/src/stm8s_spi_SPI_Init.c: 50: void SPI_Init(SPI_FirstBit_TypeDef FirstBit, SPI_BaudRatePrescaler_TypeDef BaudRatePrescaler, SPI_Mode_TypeDef Mode, SPI_ClockPolarity_TypeDef ClockPolarity, SPI_ClockPhase_TypeDef ClockPhase, SPI_DataDirection_TypeDef Data_Direction, SPI_NSS_TypeDef Slave_Management, uint8_t CRCPolynomial)
                                     50 ; genLabel
                                     51 ;	-----------------------------------------
                                     52 ;	 function SPI_Init
                                     53 ;	-----------------------------------------
                                     54 ;	Register assignment is optimal.
                                     55 ;	Stack space usage: 1 bytes.
      000000                         56 _SPI_Init:
      000000 88               [ 1]   57 	push	a
                                     58 ; genReceive
                                     59 ;	../SPLSPL/src/stm8s_spi_SPI_Init.c: 63: SPI->CR1 = (uint8_t)((uint8_t)((uint8_t)FirstBit | BaudRatePrescaler) |
                                     60 ; genOr
      000001 1A 04            [ 1]   61 	or	a, (0x04, sp)
      000003 6B 01            [ 1]   62 	ld	(0x01, sp), a
                                     63 ;	../SPLSPL/src/stm8s_spi_SPI_Init.c: 64: (uint8_t)((uint8_t)ClockPolarity | ClockPhase));
                                     64 ; genCast
                                     65 ; genAssign
      000005 7B 07            [ 1]   66 	ld	a, (0x07, sp)
                                     67 ; genOr
      000007 1A 06            [ 1]   68 	or	a, (0x06, sp)
                                     69 ; genCast
                                     70 ; genAssign
                                     71 ; genOr
      000009 1A 01            [ 1]   72 	or	a, (0x01, sp)
                                     73 ; genPointerSet
      00000B C7 52 00         [ 1]   74 	ld	0x5200, a
                                     75 ;	../SPLSPL/src/stm8s_spi_SPI_Init.c: 67: SPI->CR2 = (uint8_t)((uint8_t)(Data_Direction) | (uint8_t)(Slave_Management));
                                     76 ; genOr
      00000E 7B 08            [ 1]   77 	ld	a, (0x08, sp)
      000010 1A 09            [ 1]   78 	or	a, (0x09, sp)
                                     79 ; genPointerSet
      000012 C7 52 01         [ 1]   80 	ld	0x5201, a
                                     81 ;	../SPLSPL/src/stm8s_spi_SPI_Init.c: 71: SPI->CR2 |= (uint8_t)SPI_CR2_SSI;
                                     82 ; genPointerGet
      000015 C6 52 01         [ 1]   83 	ld	a, 0x5201
                                     84 ;	../SPLSPL/src/stm8s_spi_SPI_Init.c: 69: if (Mode == SPI_MODE_MASTER)
                                     85 ; genCmpEQorNE
      000018 88               [ 1]   86 	push	a
      000019 7B 06            [ 1]   87 	ld	a, (0x06, sp)
      00001B A1 04            [ 1]   88 	cp	a, #0x04
      00001D 84               [ 1]   89 	pop	a
      00001E 26 03            [ 1]   90 	jrne	00114$
      000020 CCr00r26         [ 2]   91 	jp	00115$
      000023                         92 00114$:
      000023 CCr00r2E         [ 2]   93 	jp	00102$
      000026                         94 00115$:
                                     95 ; skipping generated iCode
                                     96 ;	../SPLSPL/src/stm8s_spi_SPI_Init.c: 71: SPI->CR2 |= (uint8_t)SPI_CR2_SSI;
                                     97 ; genOr
      000026 AA 01            [ 1]   98 	or	a, #0x01
                                     99 ; genPointerSet
      000028 C7 52 01         [ 1]  100 	ld	0x5201, a
                                    101 ; genGoto
      00002B CCr00r33         [ 2]  102 	jp	00103$
                                    103 ; genLabel
      00002E                        104 00102$:
                                    105 ;	../SPLSPL/src/stm8s_spi_SPI_Init.c: 75: SPI->CR2 &= (uint8_t)~(SPI_CR2_SSI);
                                    106 ; genAnd
      00002E A4 FE            [ 1]  107 	and	a, #0xfe
                                    108 ; genPointerSet
      000030 C7 52 01         [ 1]  109 	ld	0x5201, a
                                    110 ; genLabel
      000033                        111 00103$:
                                    112 ;	../SPLSPL/src/stm8s_spi_SPI_Init.c: 79: SPI->CR1 |= (uint8_t)(Mode);
                                    113 ; genPointerGet
      000033 C6 52 00         [ 1]  114 	ld	a, 0x5200
                                    115 ; genOr
      000036 1A 05            [ 1]  116 	or	a, (0x05, sp)
                                    117 ; genPointerSet
      000038 C7 52 00         [ 1]  118 	ld	0x5200, a
                                    119 ;	../SPLSPL/src/stm8s_spi_SPI_Init.c: 82: SPI->CRCPR = (uint8_t)CRCPolynomial;
                                    120 ; genPointerSet
      00003B AE 52 05         [ 2]  121 	ldw	x, #0x5205
      00003E 7B 0A            [ 1]  122 	ld	a, (0x0a, sp)
      000040 F7               [ 1]  123 	ld	(x), a
                                    124 ; genLabel
      000041                        125 00104$:
                                    126 ;	../SPLSPL/src/stm8s_spi_SPI_Init.c: 83: }
                                    127 ; genEndFunction
      000041 1E 02            [ 2]  128 	ldw	x, (2, sp)
      000043 5B 0A            [ 2]  129 	addw	sp, #10
      000045 FC               [ 2]  130 	jp	(x)
                                    131 	.area CODE
                                    132 	.area CONST
                                    133 	.area INITIALIZER
                                    134 	.area CABS (ABS)
