                                      1 ;--------------------------------------------------------
                                      2 ; File Created by SDCC : free open source ISO C Compiler 
                                      3 ; Version 4.4.0 #14620 (Linux)
                                      4 ;--------------------------------------------------------
                                      5 	.module stm8s_itc_ITC_GetSoftwarePriority
                                      6 	.optsdcc -mstm8
                                      7 	
                                      8 ;--------------------------------------------------------
                                      9 ; Public variables in this module
                                     10 ;--------------------------------------------------------
                                     11 	.globl _ITC_GetSoftwarePriority
                                     12 ;--------------------------------------------------------
                                     13 ; ram data
                                     14 ;--------------------------------------------------------
                                     15 	.area DATA
                                     16 ;--------------------------------------------------------
                                     17 ; ram data
                                     18 ;--------------------------------------------------------
                                     19 	.area INITIALIZED
                                     20 ;--------------------------------------------------------
                                     21 ; absolute external ram data
                                     22 ;--------------------------------------------------------
                                     23 	.area DABS (ABS)
                                     24 
                                     25 ; default segment ordering for linker
                                     26 	.area HOME
                                     27 	.area GSINIT
                                     28 	.area GSFINAL
                                     29 	.area CONST
                                     30 	.area INITIALIZER
                                     31 	.area CODE
                                     32 
                                     33 ;--------------------------------------------------------
                                     34 ; global & static initialisations
                                     35 ;--------------------------------------------------------
                                     36 	.area HOME
                                     37 	.area GSINIT
                                     38 	.area GSFINAL
                                     39 	.area GSINIT
                                     40 ;--------------------------------------------------------
                                     41 ; Home
                                     42 ;--------------------------------------------------------
                                     43 	.area HOME
                                     44 	.area HOME
                                     45 ;--------------------------------------------------------
                                     46 ; code
                                     47 ;--------------------------------------------------------
                                     48 	.area CODE
                                     49 ;	../SPLSPL/src/stm8s_itc_ITC_GetSoftwarePriority.c: 36: ITC_PriorityLevel_TypeDef ITC_GetSoftwarePriority(ITC_Irq_TypeDef IrqNum)
                                     50 ; genLabel
                                     51 ;	-----------------------------------------
                                     52 ;	 function ITC_GetSoftwarePriority
                                     53 ;	-----------------------------------------
                                     54 ;	Register assignment might be sub-optimal.
                                     55 ;	Stack space usage: 2 bytes.
      000000                         56 _ITC_GetSoftwarePriority:
      000000 89               [ 2]   57 	pushw	x
                                     58 ; genReceive
      000001 97               [ 1]   59 	ld	xl, a
                                     60 ;	../SPLSPL/src/stm8s_itc_ITC_GetSoftwarePriority.c: 38: uint8_t Value = 0;
                                     61 ; genAssign
      000002 4F               [ 1]   62 	clr	a
      000003 95               [ 1]   63 	ld	xh, a
                                     64 ;	../SPLSPL/src/stm8s_itc_ITC_GetSoftwarePriority.c: 45: Mask = (uint8_t)(0x03U << (((uint8_t)IrqNum % 4U) * 2U));
                                     65 ; genCast
                                     66 ; genAssign
      000004 9F               [ 1]   67 	ld	a, xl
                                     68 ; genAnd
      000005 A4 03            [ 1]   69 	and	a, #0x03
                                     70 ; genCast
                                     71 ; genAssign
                                     72 ; genLeftShiftLiteral
      000007 48               [ 1]   73 	sll	a
      000008 6B 01            [ 1]   74 	ld	(0x01, sp), a
                                     75 ; genLeftShift
      00000A A6 03            [ 1]   76 	ld	a, #0x03
      00000C 6B 02            [ 1]   77 	ld	(0x02, sp), a
      00000E 7B 01            [ 1]   78 	ld	a, (0x01, sp)
      000010 27 05            [ 1]   79 	jreq	00138$
      000012                         80 00137$:
      000012 08 02            [ 1]   81 	sll	(0x02, sp)
      000014 4A               [ 1]   82 	dec	a
      000015 26 FB            [ 1]   83 	jrne	00137$
      000017                         84 00138$:
                                     85 ;	../SPLSPL/src/stm8s_itc_ITC_GetSoftwarePriority.c: 47: switch (IrqNum)
                                     86 ; genCmp
                                     87 ; genCmpTnz
      000017 9F               [ 1]   88 	ld	a, xl
      000018 A1 18            [ 1]   89 	cp	a, #0x18
      00001A 23 03            [ 2]   90 	jrule	00139$
      00001C CCr00r94         [ 2]   91 	jp	00127$
      00001F                         92 00139$:
                                     93 ; skipping generated iCode
                                     94 ; genJumpTab
      00001F 4F               [ 1]   95 	clr	a
      000020 95               [ 1]   96 	ld	xh, a
      000021 58               [ 2]   97 	sllw	x
      000022 DEu00u26         [ 2]   98 	ldw	x, (#00140$, x)
      000025 FC               [ 2]   99 	jp	(x)
      000026                        100 00140$:
      000026r00r58                  101 	.dw	#00104$
      000028r00r58                  102 	.dw	#00104$
      00002Ar00r58                  103 	.dw	#00104$
      00002Cr00r58                  104 	.dw	#00104$
      00002Er00r61                  105 	.dw	#00108$
      000030r00r61                  106 	.dw	#00108$
      000032r00r61                  107 	.dw	#00108$
      000034r00r61                  108 	.dw	#00108$
      000036r00r6A                  109 	.dw	#00112$
      000038r00r6A                  110 	.dw	#00112$
      00003Ar00r6A                  111 	.dw	#00112$
      00003Cr00r6A                  112 	.dw	#00112$
      00003Er00r73                  113 	.dw	#00116$
      000040r00r73                  114 	.dw	#00116$
      000042r00r73                  115 	.dw	#00116$
      000044r00r73                  116 	.dw	#00116$
      000046r00r7C                  117 	.dw	#00120$
      000048r00r7C                  118 	.dw	#00120$
      00004Ar00r7C                  119 	.dw	#00120$
      00004Cr00r7C                  120 	.dw	#00120$
      00004Er00r85                  121 	.dw	#00124$
      000050r00r85                  122 	.dw	#00124$
      000052r00r85                  123 	.dw	#00124$
      000054r00r85                  124 	.dw	#00124$
      000056r00r8E                  125 	.dw	#00125$
                                    126 ;	../SPLSPL/src/stm8s_itc_ITC_GetSoftwarePriority.c: 52: case ITC_IRQ_PORTA:
                                    127 ; genLabel
      000058                        128 00104$:
                                    129 ;	../SPLSPL/src/stm8s_itc_ITC_GetSoftwarePriority.c: 53: Value = (uint8_t)(ITC->ISPR1 & Mask); /* Read software priority */
                                    130 ; genPointerGet
      000058 C6 7F 70         [ 1]  131 	ld	a, 0x7f70
                                    132 ; genAnd
      00005B 14 02            [ 1]  133 	and	a, (0x02, sp)
      00005D 95               [ 1]  134 	ld	xh, a
                                    135 ;	../SPLSPL/src/stm8s_itc_ITC_GetSoftwarePriority.c: 54: break;
                                    136 ; genGoto
      00005E CCr00r94         [ 2]  137 	jp	00127$
                                    138 ;	../SPLSPL/src/stm8s_itc_ITC_GetSoftwarePriority.c: 59: case ITC_IRQ_PORTE:
                                    139 ; genLabel
      000061                        140 00108$:
                                    141 ;	../SPLSPL/src/stm8s_itc_ITC_GetSoftwarePriority.c: 60: Value = (uint8_t)(ITC->ISPR2 & Mask); /* Read software priority */
                                    142 ; genPointerGet
      000061 C6 7F 71         [ 1]  143 	ld	a, 0x7f71
                                    144 ; genAnd
      000064 14 02            [ 1]  145 	and	a, (0x02, sp)
      000066 95               [ 1]  146 	ld	xh, a
                                    147 ;	../SPLSPL/src/stm8s_itc_ITC_GetSoftwarePriority.c: 61: break;
                                    148 ; genGoto
      000067 CCr00r94         [ 2]  149 	jp	00127$
                                    150 ;	../SPLSPL/src/stm8s_itc_ITC_GetSoftwarePriority.c: 71: case ITC_IRQ_TIM1_OVF:
                                    151 ; genLabel
      00006A                        152 00112$:
                                    153 ;	../SPLSPL/src/stm8s_itc_ITC_GetSoftwarePriority.c: 72: Value = (uint8_t)(ITC->ISPR3 & Mask); /* Read software priority */
                                    154 ; genPointerGet
      00006A C6 7F 72         [ 1]  155 	ld	a, 0x7f72
                                    156 ; genAnd
      00006D 14 02            [ 1]  157 	and	a, (0x02, sp)
      00006F 95               [ 1]  158 	ld	xh, a
                                    159 ;	../SPLSPL/src/stm8s_itc_ITC_GetSoftwarePriority.c: 73: break;
                                    160 ; genGoto
      000070 CCr00r94         [ 2]  161 	jp	00127$
                                    162 ;	../SPLSPL/src/stm8s_itc_ITC_GetSoftwarePriority.c: 83: case ITC_IRQ_TIM3_OVF:
                                    163 ; genLabel
      000073                        164 00116$:
                                    165 ;	../SPLSPL/src/stm8s_itc_ITC_GetSoftwarePriority.c: 84: Value = (uint8_t)(ITC->ISPR4 & Mask); /* Read software priority */
                                    166 ; genPointerGet
      000073 C6 7F 73         [ 1]  167 	ld	a, 0x7f73
                                    168 ; genAnd
      000076 14 02            [ 1]  169 	and	a, (0x02, sp)
      000078 95               [ 1]  170 	ld	xh, a
                                    171 ;	../SPLSPL/src/stm8s_itc_ITC_GetSoftwarePriority.c: 85: break;
                                    172 ; genGoto
      000079 CCr00r94         [ 2]  173 	jp	00127$
                                    174 ;	../SPLSPL/src/stm8s_itc_ITC_GetSoftwarePriority.c: 97: case ITC_IRQ_I2C:
                                    175 ; genLabel
      00007C                        176 00120$:
                                    177 ;	../SPLSPL/src/stm8s_itc_ITC_GetSoftwarePriority.c: 98: Value = (uint8_t)(ITC->ISPR5 & Mask); /* Read software priority */
                                    178 ; genPointerGet
      00007C C6 7F 74         [ 1]  179 	ld	a, 0x7f74
                                    180 ; genAnd
      00007F 14 02            [ 1]  181 	and	a, (0x02, sp)
      000081 95               [ 1]  182 	ld	xh, a
                                    183 ;	../SPLSPL/src/stm8s_itc_ITC_GetSoftwarePriority.c: 99: break;
                                    184 ; genGoto
      000082 CCr00r94         [ 2]  185 	jp	00127$
                                    186 ;	../SPLSPL/src/stm8s_itc_ITC_GetSoftwarePriority.c: 118: case ITC_IRQ_TIM4_OVF:
                                    187 ; genLabel
      000085                        188 00124$:
                                    189 ;	../SPLSPL/src/stm8s_itc_ITC_GetSoftwarePriority.c: 120: Value = (uint8_t)(ITC->ISPR6 & Mask); /* Read software priority */
                                    190 ; genPointerGet
      000085 C6 7F 75         [ 1]  191 	ld	a, 0x7f75
                                    192 ; genAnd
      000088 14 02            [ 1]  193 	and	a, (0x02, sp)
      00008A 95               [ 1]  194 	ld	xh, a
                                    195 ;	../SPLSPL/src/stm8s_itc_ITC_GetSoftwarePriority.c: 121: break;
                                    196 ; genGoto
      00008B CCr00r94         [ 2]  197 	jp	00127$
                                    198 ;	../SPLSPL/src/stm8s_itc_ITC_GetSoftwarePriority.c: 123: case ITC_IRQ_EEPROM_EEC:
                                    199 ; genLabel
      00008E                        200 00125$:
                                    201 ;	../SPLSPL/src/stm8s_itc_ITC_GetSoftwarePriority.c: 124: Value = (uint8_t)(ITC->ISPR7 & Mask); /* Read software priority */
                                    202 ; genPointerGet
      00008E C6 7F 76         [ 1]  203 	ld	a, 0x7f76
                                    204 ; genAnd
      000091 14 02            [ 1]  205 	and	a, (0x02, sp)
      000093 95               [ 1]  206 	ld	xh, a
                                    207 ;	../SPLSPL/src/stm8s_itc_ITC_GetSoftwarePriority.c: 129: }
                                    208 ; genLabel
      000094                        209 00127$:
                                    210 ;	../SPLSPL/src/stm8s_itc_ITC_GetSoftwarePriority.c: 131: Value >>= (uint8_t)(((uint8_t)IrqNum % 4u) * 2u);
                                    211 ; genRightShift
      000094 7B 01            [ 1]  212 	ld	a, (0x01, sp)
      000096 27 06            [ 1]  213 	jreq	00142$
      000098                        214 00141$:
      000098 02               [ 1]  215 	rlwa	x
      000099 44               [ 1]  216 	srl	a
      00009A 01               [ 1]  217 	rrwa	x
      00009B 4A               [ 1]  218 	dec	a
      00009C 26 FA            [ 1]  219 	jrne	00141$
      00009E                        220 00142$:
                                    221 ;	../SPLSPL/src/stm8s_itc_ITC_GetSoftwarePriority.c: 133: return((ITC_PriorityLevel_TypeDef)Value);
                                    222 ; genReturn
      00009E 9E               [ 1]  223 	ld	a, xh
                                    224 ; genLabel
      00009F                        225 00128$:
                                    226 ;	../SPLSPL/src/stm8s_itc_ITC_GetSoftwarePriority.c: 134: }
                                    227 ; genEndFunction
      00009F 85               [ 2]  228 	popw	x
      0000A0 81               [ 4]  229 	ret
                                    230 	.area CODE
                                    231 	.area CONST
                                    232 	.area INITIALIZER
                                    233 	.area CABS (ABS)
