                                      1 ;--------------------------------------------------------
                                      2 ; File Created by SDCC : free open source ISO C Compiler 
                                      3 ; Version 4.4.0 #14620 (Linux)
                                      4 ;--------------------------------------------------------
                                      5 	.module stm8s_gpio_GPIO_Init
                                      6 	.optsdcc -mstm8
                                      7 	
                                      8 ;--------------------------------------------------------
                                      9 ; Public variables in this module
                                     10 ;--------------------------------------------------------
                                     11 	.globl _GPIO_Init
                                     12 ;--------------------------------------------------------
                                     13 ; ram data
                                     14 ;--------------------------------------------------------
                                     15 	.area DATA
                                     16 ;--------------------------------------------------------
                                     17 ; ram data
                                     18 ;--------------------------------------------------------
                                     19 	.area INITIALIZED
                                     20 ;--------------------------------------------------------
                                     21 ; absolute external ram data
                                     22 ;--------------------------------------------------------
                                     23 	.area DABS (ABS)
                                     24 
                                     25 ; default segment ordering for linker
                                     26 	.area HOME
                                     27 	.area GSINIT
                                     28 	.area GSFINAL
                                     29 	.area CONST
                                     30 	.area INITIALIZER
                                     31 	.area CODE
                                     32 
                                     33 ;--------------------------------------------------------
                                     34 ; global & static initialisations
                                     35 ;--------------------------------------------------------
                                     36 	.area HOME
                                     37 	.area GSINIT
                                     38 	.area GSFINAL
                                     39 	.area GSINIT
                                     40 ;--------------------------------------------------------
                                     41 ; Home
                                     42 ;--------------------------------------------------------
                                     43 	.area HOME
                                     44 	.area HOME
                                     45 ;--------------------------------------------------------
                                     46 ; code
                                     47 ;--------------------------------------------------------
                                     48 	.area CODE
                                     49 ;	../SPLSPL/src/stm8s_gpio_GPIO_Init.c: 41: void GPIO_Init(GPIO_TypeDef* GPIOx, GPIO_Pin_TypeDef GPIO_Pin, GPIO_Mode_TypeDef GPIO_Mode)
                                     50 ; genLabel
                                     51 ;	-----------------------------------------
                                     52 ;	 function GPIO_Init
                                     53 ;	-----------------------------------------
                                     54 ;	Register assignment might be sub-optimal.
                                     55 ;	Stack space usage: 6 bytes.
      000000                         56 _GPIO_Init:
      000000 52 06            [ 2]   57 	sub	sp, #6
                                     58 ; genReceive
      000002 51               [ 1]   59 	exgw	x, y
                                     60 ; genReceive
      000003 6B 06            [ 1]   61 	ld	(0x06, sp), a
                                     62 ;	../SPLSPL/src/stm8s_gpio_GPIO_Init.c: 51: GPIOx->CR2 &= (uint8_t)(~(GPIO_Pin));
                                     63 ; genPlus
      000005 93               [ 1]   64 	ldw	x, y
      000006 1C 00 04         [ 2]   65 	addw	x, #0x0004
      000009 1F 01            [ 2]   66 	ldw	(0x01, sp), x
                                     67 ; genPointerGet
      00000B 1E 01            [ 2]   68 	ldw	x, (0x01, sp)
      00000D F6               [ 1]   69 	ld	a, (x)
                                     70 ; genCpl
      00000E 88               [ 1]   71 	push	a
      00000F 7B 07            [ 1]   72 	ld	a, (0x07, sp)
      000011 43               [ 1]   73 	cpl	a
      000012 6B 04            [ 1]   74 	ld	(0x04, sp), a
      000014 84               [ 1]   75 	pop	a
                                     76 ; genAnd
      000015 14 03            [ 1]   77 	and	a, (0x03, sp)
                                     78 ; genPointerSet
      000017 1E 01            [ 2]   79 	ldw	x, (0x01, sp)
      000019 F7               [ 1]   80 	ld	(x), a
                                     81 ;	../SPLSPL/src/stm8s_gpio_GPIO_Init.c: 68: GPIOx->DDR |= (uint8_t)GPIO_Pin;
                                     82 ; genPlus
      00001A 93               [ 1]   83 	ldw	x, y
      00001B 5C               [ 1]   84 	incw	x
      00001C 5C               [ 1]   85 	incw	x
      00001D 1F 04            [ 2]   86 	ldw	(0x04, sp), x
                                     87 ;	../SPLSPL/src/stm8s_gpio_GPIO_Init.c: 57: if ((((uint8_t)(GPIO_Mode)) & (uint8_t)0x80) != (uint8_t)0x00) /* Output mode */
                                     88 ; genAnd
      00001F 0D 09            [ 1]   89 	tnz	(0x09, sp)
      000021 2B 03            [ 1]   90 	jrmi	00143$
      000023 CCr00r49         [ 2]   91 	jp	00105$
      000026                         92 00143$:
                                     93 ; skipping generated iCode
                                     94 ;	../SPLSPL/src/stm8s_gpio_GPIO_Init.c: 61: GPIOx->ODR |= (uint8_t)GPIO_Pin;
                                     95 ; genPointerGet
      000026 90 F6            [ 1]   96 	ld	a, (y)
                                     97 ;	../SPLSPL/src/stm8s_gpio_GPIO_Init.c: 59: if ((((uint8_t)(GPIO_Mode)) & (uint8_t)0x10) != (uint8_t)0x00) /* High level */
                                     98 ; genAnd
      000028 88               [ 1]   99 	push	a
      000029 7B 0A            [ 1]  100 	ld	a, (0x0a, sp)
      00002B A5 10            [ 1]  101 	bcp	a, #0x10
      00002D 84               [ 1]  102 	pop	a
      00002E 26 03            [ 1]  103 	jrne	00144$
      000030 CCr00r3A         [ 2]  104 	jp	00102$
      000033                        105 00144$:
                                    106 ; skipping generated iCode
                                    107 ;	../SPLSPL/src/stm8s_gpio_GPIO_Init.c: 61: GPIOx->ODR |= (uint8_t)GPIO_Pin;
                                    108 ; genOr
      000033 1A 06            [ 1]  109 	or	a, (0x06, sp)
                                    110 ; genPointerSet
      000035 90 F7            [ 1]  111 	ld	(y), a
                                    112 ; genGoto
      000037 CCr00r3E         [ 2]  113 	jp	00103$
                                    114 ; genLabel
      00003A                        115 00102$:
                                    116 ;	../SPLSPL/src/stm8s_gpio_GPIO_Init.c: 65: GPIOx->ODR &= (uint8_t)(~(GPIO_Pin));
                                    117 ; genAnd
      00003A 14 03            [ 1]  118 	and	a, (0x03, sp)
                                    119 ; genPointerSet
      00003C 90 F7            [ 1]  120 	ld	(y), a
                                    121 ; genLabel
      00003E                        122 00103$:
                                    123 ;	../SPLSPL/src/stm8s_gpio_GPIO_Init.c: 68: GPIOx->DDR |= (uint8_t)GPIO_Pin;
                                    124 ; genPointerGet
      00003E 1E 04            [ 2]  125 	ldw	x, (0x04, sp)
      000040 F6               [ 1]  126 	ld	a, (x)
                                    127 ; genOr
      000041 1A 06            [ 1]  128 	or	a, (0x06, sp)
                                    129 ; genPointerSet
      000043 1E 04            [ 2]  130 	ldw	x, (0x04, sp)
      000045 F7               [ 1]  131 	ld	(x), a
                                    132 ; genGoto
      000046 CCr00r51         [ 2]  133 	jp	00106$
                                    134 ; genLabel
      000049                        135 00105$:
                                    136 ;	../SPLSPL/src/stm8s_gpio_GPIO_Init.c: 73: GPIOx->DDR &= (uint8_t)(~(GPIO_Pin));
                                    137 ; genPointerGet
      000049 1E 04            [ 2]  138 	ldw	x, (0x04, sp)
      00004B F6               [ 1]  139 	ld	a, (x)
                                    140 ; genAnd
      00004C 14 03            [ 1]  141 	and	a, (0x03, sp)
                                    142 ; genPointerSet
      00004E 1E 04            [ 2]  143 	ldw	x, (0x04, sp)
      000050 F7               [ 1]  144 	ld	(x), a
                                    145 ; genLabel
      000051                        146 00106$:
                                    147 ;	../SPLSPL/src/stm8s_gpio_GPIO_Init.c: 82: GPIOx->CR1 |= (uint8_t)GPIO_Pin;
                                    148 ; genPlus
      000051 93               [ 1]  149 	ldw	x, y
      000052 1C 00 03         [ 2]  150 	addw	x, #0x0003
                                    151 ; genPointerGet
      000055 F6               [ 1]  152 	ld	a, (x)
                                    153 ;	../SPLSPL/src/stm8s_gpio_GPIO_Init.c: 80: if ((((uint8_t)(GPIO_Mode)) & (uint8_t)0x40) != (uint8_t)0x00) /* Pull-Up or Push-Pull */
                                    154 ; genAnd
      000056 88               [ 1]  155 	push	a
      000057 7B 0A            [ 1]  156 	ld	a, (0x0a, sp)
      000059 A5 40            [ 1]  157 	bcp	a, #0x40
      00005B 84               [ 1]  158 	pop	a
      00005C 26 03            [ 1]  159 	jrne	00145$
      00005E CCr00r67         [ 2]  160 	jp	00108$
      000061                        161 00145$:
                                    162 ; skipping generated iCode
                                    163 ;	../SPLSPL/src/stm8s_gpio_GPIO_Init.c: 82: GPIOx->CR1 |= (uint8_t)GPIO_Pin;
                                    164 ; genOr
      000061 1A 06            [ 1]  165 	or	a, (0x06, sp)
                                    166 ; genPointerSet
      000063 F7               [ 1]  167 	ld	(x), a
                                    168 ; genGoto
      000064 CCr00r6A         [ 2]  169 	jp	00109$
                                    170 ; genLabel
      000067                        171 00108$:
                                    172 ;	../SPLSPL/src/stm8s_gpio_GPIO_Init.c: 86: GPIOx->CR1 &= (uint8_t)(~(GPIO_Pin));
                                    173 ; genAnd
      000067 14 03            [ 1]  174 	and	a, (0x03, sp)
                                    175 ; genPointerSet
      000069 F7               [ 1]  176 	ld	(x), a
                                    177 ; genLabel
      00006A                        178 00109$:
                                    179 ;	../SPLSPL/src/stm8s_gpio_GPIO_Init.c: 51: GPIOx->CR2 &= (uint8_t)(~(GPIO_Pin));
                                    180 ; genPointerGet
      00006A 1E 01            [ 2]  181 	ldw	x, (0x01, sp)
      00006C F6               [ 1]  182 	ld	a, (x)
                                    183 ;	../SPLSPL/src/stm8s_gpio_GPIO_Init.c: 93: if ((((uint8_t)(GPIO_Mode)) & (uint8_t)0x20) != (uint8_t)0x00) /* Interrupt or Slow slope */
                                    184 ; genAnd
      00006D 88               [ 1]  185 	push	a
      00006E 7B 0A            [ 1]  186 	ld	a, (0x0a, sp)
      000070 A5 20            [ 1]  187 	bcp	a, #0x20
      000072 84               [ 1]  188 	pop	a
      000073 26 03            [ 1]  189 	jrne	00146$
      000075 CCr00r80         [ 2]  190 	jp	00111$
      000078                        191 00146$:
                                    192 ; skipping generated iCode
                                    193 ;	../SPLSPL/src/stm8s_gpio_GPIO_Init.c: 95: GPIOx->CR2 |= (uint8_t)GPIO_Pin;
                                    194 ; genOr
      000078 1A 06            [ 1]  195 	or	a, (0x06, sp)
                                    196 ; genPointerSet
      00007A 1E 01            [ 2]  197 	ldw	x, (0x01, sp)
      00007C F7               [ 1]  198 	ld	(x), a
                                    199 ; genGoto
      00007D CCr00r85         [ 2]  200 	jp	00113$
                                    201 ; genLabel
      000080                        202 00111$:
                                    203 ;	../SPLSPL/src/stm8s_gpio_GPIO_Init.c: 99: GPIOx->CR2 &= (uint8_t)(~(GPIO_Pin));
                                    204 ; genAnd
      000080 14 03            [ 1]  205 	and	a, (0x03, sp)
                                    206 ; genPointerSet
      000082 1E 01            [ 2]  207 	ldw	x, (0x01, sp)
      000084 F7               [ 1]  208 	ld	(x), a
                                    209 ; genLabel
      000085                        210 00113$:
                                    211 ;	../SPLSPL/src/stm8s_gpio_GPIO_Init.c: 101: }
                                    212 ; genEndFunction
      000085 5B 06            [ 2]  213 	addw	sp, #6
      000087 85               [ 2]  214 	popw	x
      000088 84               [ 1]  215 	pop	a
      000089 FC               [ 2]  216 	jp	(x)
                                    217 	.area CODE
                                    218 	.area CONST
                                    219 	.area INITIALIZER
                                    220 	.area CABS (ABS)
