                                      1 ;--------------------------------------------------------
                                      2 ; File Created by SDCC : free open source ISO C Compiler 
                                      3 ; Version 4.4.0 #14620 (Linux)
                                      4 ;--------------------------------------------------------
                                      5 	.module stm8s_can_CAN_MessagePending
                                      6 	.optsdcc -mstm8
                                      7 	
                                      8 ;--------------------------------------------------------
                                      9 ; Public variables in this module
                                     10 ;--------------------------------------------------------
                                     11 	.globl _CAN_MessagePending
                                     12 ;--------------------------------------------------------
                                     13 ; ram data
                                     14 ;--------------------------------------------------------
                                     15 	.area DATA
                                     16 ;--------------------------------------------------------
                                     17 ; ram data
                                     18 ;--------------------------------------------------------
                                     19 	.area INITIALIZED
                                     20 ;--------------------------------------------------------
                                     21 ; absolute external ram data
                                     22 ;--------------------------------------------------------
                                     23 	.area DABS (ABS)
                                     24 
                                     25 ; default segment ordering for linker
                                     26 	.area HOME
                                     27 	.area GSINIT
                                     28 	.area GSFINAL
                                     29 	.area CONST
                                     30 	.area INITIALIZER
                                     31 	.area CODE
                                     32 
                                     33 ;--------------------------------------------------------
                                     34 ; global & static initialisations
                                     35 ;--------------------------------------------------------
                                     36 	.area HOME
                                     37 	.area GSINIT
                                     38 	.area GSFINAL
                                     39 	.area GSINIT
                                     40 ;--------------------------------------------------------
                                     41 ; Home
                                     42 ;--------------------------------------------------------
                                     43 	.area HOME
                                     44 	.area HOME
                                     45 ;--------------------------------------------------------
                                     46 ; code
                                     47 ;--------------------------------------------------------
                                     48 	.area CODE
                                     49 ;	../SPLSPL/src/stm8s_can_CAN_MessagePending.c: 35: CAN_NbrPendingMessage_TypeDef CAN_MessagePending(void)
                                     50 ; genLabel
                                     51 ;	-----------------------------------------
                                     52 ;	 function CAN_MessagePending
                                     53 ;	-----------------------------------------
                                     54 ;	Register assignment is optimal.
                                     55 ;	Stack space usage: 0 bytes.
      000000                         56 _CAN_MessagePending:
                                     57 ;	../SPLSPL/src/stm8s_can_CAN_MessagePending.c: 38: msgpending = (CAN_NbrPendingMessage_TypeDef)(CAN->RFR & CAN_RFR_FMP01);
                                     58 ; genPointerGet
      000000 C6 54 24         [ 1]   59 	ld	a, 0x5424
                                     60 ; genAnd
      000003 A4 03            [ 1]   61 	and	a, #0x03
                                     62 ;	../SPLSPL/src/stm8s_can_CAN_MessagePending.c: 39: return (CAN_NbrPendingMessage_TypeDef)msgpending;
                                     63 ; genReturn
                                     64 ; genLabel
      000005                         65 00101$:
                                     66 ;	../SPLSPL/src/stm8s_can_CAN_MessagePending.c: 40: }
                                     67 ; genEndFunction
      000005 81               [ 4]   68 	ret
                                     69 	.area CODE
                                     70 	.area CONST
                                     71 	.area INITIALIZER
                                     72 	.area CABS (ABS)
