                                      1 ;--------------------------------------------------------
                                      2 ; File Created by SDCC : free open source ISO C Compiler 
                                      3 ; Version 4.4.0 #14620 (Linux)
                                      4 ;--------------------------------------------------------
                                      5 	.module stm8s_tim3_TIM3_ICInit
                                      6 	.optsdcc -mstm8
                                      7 	
                                      8 ;--------------------------------------------------------
                                      9 ; Public variables in this module
                                     10 ;--------------------------------------------------------
                                     11 	.globl _TIM3_TI2_Config
                                     12 	.globl _TIM3_TI1_Config
                                     13 	.globl _TIM3_SetIC2Prescaler
                                     14 	.globl _TIM3_SetIC1Prescaler
                                     15 	.globl _TIM3_ICInit
                                     16 ;--------------------------------------------------------
                                     17 ; ram data
                                     18 ;--------------------------------------------------------
                                     19 	.area DATA
                                     20 ;--------------------------------------------------------
                                     21 ; ram data
                                     22 ;--------------------------------------------------------
                                     23 	.area INITIALIZED
                                     24 ;--------------------------------------------------------
                                     25 ; absolute external ram data
                                     26 ;--------------------------------------------------------
                                     27 	.area DABS (ABS)
                                     28 
                                     29 ; default segment ordering for linker
                                     30 	.area HOME
                                     31 	.area GSINIT
                                     32 	.area GSFINAL
                                     33 	.area CONST
                                     34 	.area INITIALIZER
                                     35 	.area CODE
                                     36 
                                     37 ;--------------------------------------------------------
                                     38 ; global & static initialisations
                                     39 ;--------------------------------------------------------
                                     40 	.area HOME
                                     41 	.area GSINIT
                                     42 	.area GSFINAL
                                     43 	.area GSINIT
                                     44 ;--------------------------------------------------------
                                     45 ; Home
                                     46 ;--------------------------------------------------------
                                     47 	.area HOME
                                     48 	.area HOME
                                     49 ;--------------------------------------------------------
                                     50 ; code
                                     51 ;--------------------------------------------------------
                                     52 	.area CODE
                                     53 ;	../SPLSPL/src/stm8s_tim3_TIM3_ICInit.c: 41: void TIM3_ICInit(TIM3_Channel_TypeDef TIM3_Channel,
                                     54 ; genLabel
                                     55 ;	-----------------------------------------
                                     56 ;	 function TIM3_ICInit
                                     57 ;	-----------------------------------------
                                     58 ;	Register assignment is optimal.
                                     59 ;	Stack space usage: 0 bytes.
      000000                         60 _TIM3_ICInit:
                                     61 ; genReceive
                                     62 ;	../SPLSPL/src/stm8s_tim3_TIM3_ICInit.c: 54: if (TIM3_Channel != TIM3_CHANNEL_2)
                                     63 ; genIfx
      000000 4D               [ 1]   64 	tnz	a
      000001 27 03            [ 1]   65 	jreq	00113$
      000003 CCr00r19         [ 2]   66 	jp	00102$
      000006                         67 00113$:
                                     68 ;	../SPLSPL/src/stm8s_tim3_TIM3_ICInit.c: 57: TIM3_TI1_Config((uint8_t)TIM3_ICPolarity,
                                     69 ; genIPush
      000006 7B 06            [ 1]   70 	ld	a, (0x06, sp)
      000008 88               [ 1]   71 	push	a
                                     72 ; genIPush
      000009 7B 05            [ 1]   73 	ld	a, (0x05, sp)
      00000B 88               [ 1]   74 	push	a
                                     75 ; genSend
      00000C 7B 05            [ 1]   76 	ld	a, (0x05, sp)
                                     77 ; genCall
      00000E CDr00r00         [ 4]   78 	call	_TIM3_TI1_Config
                                     79 ;	../SPLSPL/src/stm8s_tim3_TIM3_ICInit.c: 62: TIM3_SetIC1Prescaler(TIM3_ICPrescaler);
                                     80 ; genSend
      000011 7B 05            [ 1]   81 	ld	a, (0x05, sp)
                                     82 ; genCall
      000013 CDr00r00         [ 4]   83 	call	_TIM3_SetIC1Prescaler
                                     84 ; genGoto
      000016 CCr00r29         [ 2]   85 	jp	00104$
                                     86 ; genLabel
      000019                         87 00102$:
                                     88 ;	../SPLSPL/src/stm8s_tim3_TIM3_ICInit.c: 67: TIM3_TI2_Config((uint8_t)TIM3_ICPolarity,
                                     89 ; genIPush
      000019 7B 06            [ 1]   90 	ld	a, (0x06, sp)
      00001B 88               [ 1]   91 	push	a
                                     92 ; genIPush
      00001C 7B 05            [ 1]   93 	ld	a, (0x05, sp)
      00001E 88               [ 1]   94 	push	a
                                     95 ; genSend
      00001F 7B 05            [ 1]   96 	ld	a, (0x05, sp)
                                     97 ; genCall
      000021 CDr00r00         [ 4]   98 	call	_TIM3_TI2_Config
                                     99 ;	../SPLSPL/src/stm8s_tim3_TIM3_ICInit.c: 72: TIM3_SetIC2Prescaler(TIM3_ICPrescaler);
                                    100 ; genSend
      000024 7B 05            [ 1]  101 	ld	a, (0x05, sp)
                                    102 ; genCall
      000026 CDr00r00         [ 4]  103 	call	_TIM3_SetIC2Prescaler
                                    104 ; genLabel
      000029                        105 00104$:
                                    106 ;	../SPLSPL/src/stm8s_tim3_TIM3_ICInit.c: 74: }
                                    107 ; genEndFunction
      000029 1E 01            [ 2]  108 	ldw	x, (1, sp)
      00002B 5B 06            [ 2]  109 	addw	sp, #6
      00002D FC               [ 2]  110 	jp	(x)
                                    111 	.area CODE
                                    112 	.area CONST
                                    113 	.area INITIALIZER
                                    114 	.area CABS (ABS)
