                                      1 ;--------------------------------------------------------
                                      2 ; File Created by SDCC : free open source ISO C Compiler 
                                      3 ; Version 4.4.0 #14620 (Linux)
                                      4 ;--------------------------------------------------------
                                      5 	.module stm8s_flash_FLASH_SetProgrammingTime
                                      6 	.optsdcc -mstm8
                                      7 	
                                      8 ;--------------------------------------------------------
                                      9 ; Public variables in this module
                                     10 ;--------------------------------------------------------
                                     11 	.globl _FLASH_SetProgrammingTime
                                     12 ;--------------------------------------------------------
                                     13 ; ram data
                                     14 ;--------------------------------------------------------
                                     15 	.area DATA
                                     16 ;--------------------------------------------------------
                                     17 ; ram data
                                     18 ;--------------------------------------------------------
                                     19 	.area INITIALIZED
                                     20 ;--------------------------------------------------------
                                     21 ; absolute external ram data
                                     22 ;--------------------------------------------------------
                                     23 	.area DABS (ABS)
                                     24 
                                     25 ; default segment ordering for linker
                                     26 	.area HOME
                                     27 	.area GSINIT
                                     28 	.area GSFINAL
                                     29 	.area CONST
                                     30 	.area INITIALIZER
                                     31 	.area CODE
                                     32 
                                     33 ;--------------------------------------------------------
                                     34 ; global & static initialisations
                                     35 ;--------------------------------------------------------
                                     36 	.area HOME
                                     37 	.area GSINIT
                                     38 	.area GSFINAL
                                     39 	.area GSINIT
                                     40 ;--------------------------------------------------------
                                     41 ; Home
                                     42 ;--------------------------------------------------------
                                     43 	.area HOME
                                     44 	.area HOME
                                     45 ;--------------------------------------------------------
                                     46 ; code
                                     47 ;--------------------------------------------------------
                                     48 	.area CODE
                                     49 ;	../SPLSPL/src/stm8s_flash_FLASH_SetProgrammingTime.c: 37: void FLASH_SetProgrammingTime(FLASH_ProgramTime_TypeDef FLASH_ProgTime)
                                     50 ; genLabel
                                     51 ;	-----------------------------------------
                                     52 ;	 function FLASH_SetProgrammingTime
                                     53 ;	-----------------------------------------
                                     54 ;	Register assignment is optimal.
                                     55 ;	Stack space usage: 0 bytes.
      000000                         56 _FLASH_SetProgrammingTime:
                                     57 ; genReceive
      000000 97               [ 1]   58 	ld	xl, a
                                     59 ;	../SPLSPL/src/stm8s_flash_FLASH_SetProgrammingTime.c: 42: FLASH->CR1 &= (uint8_t)(~FLASH_CR1_FIX);
                                     60 ; genPointerGet
      000001 C6 50 5A         [ 1]   61 	ld	a, 0x505a
                                     62 ; genAnd
      000004 A4 FE            [ 1]   63 	and	a, #0xfe
                                     64 ; genPointerSet
      000006 C7 50 5A         [ 1]   65 	ld	0x505a, a
                                     66 ;	../SPLSPL/src/stm8s_flash_FLASH_SetProgrammingTime.c: 43: FLASH->CR1 |= (uint8_t)FLASH_ProgTime;
                                     67 ; genPointerGet
      000009 C6 50 5A         [ 1]   68 	ld	a, 0x505a
                                     69 ; genCast
                                     70 ; genAssign
                                     71 ; genOr
      00000C 89               [ 2]   72 	pushw	x
      00000D 1A 02            [ 1]   73 	or	a, (2, sp)
      00000F 85               [ 2]   74 	popw	x
                                     75 ; genPointerSet
      000010 C7 50 5A         [ 1]   76 	ld	0x505a, a
                                     77 ; genLabel
      000013                         78 00101$:
                                     79 ;	../SPLSPL/src/stm8s_flash_FLASH_SetProgrammingTime.c: 44: }
                                     80 ; genEndFunction
      000013 81               [ 4]   81 	ret
                                     82 	.area CODE
                                     83 	.area CONST
                                     84 	.area INITIALIZER
                                     85 	.area CABS (ABS)
