                                      1 ;--------------------------------------------------------
                                      2 ; File Created by SDCC : free open source ISO C Compiler 
                                      3 ; Version 4.4.0 #14620 (Linux)
                                      4 ;--------------------------------------------------------
                                      5 	.module stm8s_tim1_TIM1_TimeBaseInit
                                      6 	.optsdcc -mstm8
                                      7 	
                                      8 ;--------------------------------------------------------
                                      9 ; Public variables in this module
                                     10 ;--------------------------------------------------------
                                     11 	.globl _TIM1_TimeBaseInit
                                     12 ;--------------------------------------------------------
                                     13 ; ram data
                                     14 ;--------------------------------------------------------
                                     15 	.area DATA
                                     16 ;--------------------------------------------------------
                                     17 ; ram data
                                     18 ;--------------------------------------------------------
                                     19 	.area INITIALIZED
                                     20 ;--------------------------------------------------------
                                     21 ; absolute external ram data
                                     22 ;--------------------------------------------------------
                                     23 	.area DABS (ABS)
                                     24 
                                     25 ; default segment ordering for linker
                                     26 	.area HOME
                                     27 	.area GSINIT
                                     28 	.area GSFINAL
                                     29 	.area CONST
                                     30 	.area INITIALIZER
                                     31 	.area CODE
                                     32 
                                     33 ;--------------------------------------------------------
                                     34 ; global & static initialisations
                                     35 ;--------------------------------------------------------
                                     36 	.area HOME
                                     37 	.area GSINIT
                                     38 	.area GSFINAL
                                     39 	.area GSINIT
                                     40 ;--------------------------------------------------------
                                     41 ; Home
                                     42 ;--------------------------------------------------------
                                     43 	.area HOME
                                     44 	.area HOME
                                     45 ;--------------------------------------------------------
                                     46 ; code
                                     47 ;--------------------------------------------------------
                                     48 	.area CODE
                                     49 ;	../SPLSPL/src/stm8s_tim1_TIM1_TimeBaseInit.c: 39: void TIM1_TimeBaseInit(uint16_t TIM1_Prescaler,
                                     50 ; genLabel
                                     51 ;	-----------------------------------------
                                     52 ;	 function TIM1_TimeBaseInit
                                     53 ;	-----------------------------------------
                                     54 ;	Register assignment might be sub-optimal.
                                     55 ;	Stack space usage: 1 bytes.
      000000                         56 _TIM1_TimeBaseInit:
      000000 88               [ 1]   57 	push	a
                                     58 ; genReceive
                                     59 ; genReceive
      000001 6B 01            [ 1]   60 	ld	(0x01, sp), a
                                     61 ;	../SPLSPL/src/stm8s_tim1_TIM1_TimeBaseInit.c: 48: TIM1->ARRH = (uint8_t)(TIM1_Period >> 8);
                                     62 ; genGetByte
      000003 7B 04            [ 1]   63 	ld	a, (0x04, sp)
                                     64 ; genPointerSet
      000005 C7 52 62         [ 1]   65 	ld	0x5262, a
                                     66 ;	../SPLSPL/src/stm8s_tim1_TIM1_TimeBaseInit.c: 49: TIM1->ARRL = (uint8_t)(TIM1_Period);
                                     67 ; genCast
                                     68 ; genAssign
      000008 7B 05            [ 1]   69 	ld	a, (0x05, sp)
                                     70 ; genPointerSet
      00000A C7 52 63         [ 1]   71 	ld	0x5263, a
                                     72 ;	../SPLSPL/src/stm8s_tim1_TIM1_TimeBaseInit.c: 52: TIM1->PSCRH = (uint8_t)(TIM1_Prescaler >> 8);
                                     73 ; genGetByte
      00000D 9E               [ 1]   74 	ld	a, xh
                                     75 ; genPointerSet
      00000E C7 52 60         [ 1]   76 	ld	0x5260, a
                                     77 ;	../SPLSPL/src/stm8s_tim1_TIM1_TimeBaseInit.c: 53: TIM1->PSCRL = (uint8_t)(TIM1_Prescaler);
                                     78 ; genCast
                                     79 ; genAssign
      000011 9F               [ 1]   80 	ld	a, xl
                                     81 ; genPointerSet
      000012 C7 52 61         [ 1]   82 	ld	0x5261, a
                                     83 ;	../SPLSPL/src/stm8s_tim1_TIM1_TimeBaseInit.c: 56: TIM1->CR1 = (uint8_t)((uint8_t)(TIM1->CR1 & (uint8_t)(~(TIM1_CR1_CMS | TIM1_CR1_DIR)))
                                     84 ; genPointerGet
      000015 C6 52 50         [ 1]   85 	ld	a, 0x5250
                                     86 ; genAnd
      000018 A4 8F            [ 1]   87 	and	a, #0x8f
                                     88 ;	../SPLSPL/src/stm8s_tim1_TIM1_TimeBaseInit.c: 57: | (uint8_t)(TIM1_CounterMode));
                                     89 ; genOr
      00001A 1A 01            [ 1]   90 	or	a, (0x01, sp)
                                     91 ; genPointerSet
      00001C C7 52 50         [ 1]   92 	ld	0x5250, a
                                     93 ;	../SPLSPL/src/stm8s_tim1_TIM1_TimeBaseInit.c: 60: TIM1->RCR = TIM1_RepetitionCounter;
                                     94 ; genPointerSet
      00001F AE 52 64         [ 2]   95 	ldw	x, #0x5264
      000022 7B 06            [ 1]   96 	ld	a, (0x06, sp)
      000024 F7               [ 1]   97 	ld	(x), a
                                     98 ; genLabel
      000025                         99 00101$:
                                    100 ;	../SPLSPL/src/stm8s_tim1_TIM1_TimeBaseInit.c: 61: }
                                    101 ; genEndFunction
      000025 1E 02            [ 2]  102 	ldw	x, (2, sp)
      000027 5B 06            [ 2]  103 	addw	sp, #6
      000029 FC               [ 2]  104 	jp	(x)
                                    105 	.area CODE
                                    106 	.area CONST
                                    107 	.area INITIALIZER
                                    108 	.area CABS (ABS)
