                                      1 ;--------------------------------------------------------
                                      2 ; File Created by SDCC : free open source ISO C Compiler 
                                      3 ; Version 4.4.0 #14620 (Linux)
                                      4 ;--------------------------------------------------------
                                      5 	.module stm8s_beep_BEEP_LSICalibrationConfig
                                      6 	.optsdcc -mstm8
                                      7 	
                                      8 ;--------------------------------------------------------
                                      9 ; Public variables in this module
                                     10 ;--------------------------------------------------------
                                     11 	.globl _BEEP_LSICalibrationConfig
                                     12 ;--------------------------------------------------------
                                     13 ; ram data
                                     14 ;--------------------------------------------------------
                                     15 	.area DATA
                                     16 ;--------------------------------------------------------
                                     17 ; ram data
                                     18 ;--------------------------------------------------------
                                     19 	.area INITIALIZED
                                     20 ;--------------------------------------------------------
                                     21 ; absolute external ram data
                                     22 ;--------------------------------------------------------
                                     23 	.area DABS (ABS)
                                     24 
                                     25 ; default segment ordering for linker
                                     26 	.area HOME
                                     27 	.area GSINIT
                                     28 	.area GSFINAL
                                     29 	.area CONST
                                     30 	.area INITIALIZER
                                     31 	.area CODE
                                     32 
                                     33 ;--------------------------------------------------------
                                     34 ; global & static initialisations
                                     35 ;--------------------------------------------------------
                                     36 	.area HOME
                                     37 	.area GSINIT
                                     38 	.area GSFINAL
                                     39 	.area GSINIT
                                     40 ;--------------------------------------------------------
                                     41 ; Home
                                     42 ;--------------------------------------------------------
                                     43 	.area HOME
                                     44 	.area HOME
                                     45 ;--------------------------------------------------------
                                     46 ; code
                                     47 ;--------------------------------------------------------
                                     48 	.area CODE
                                     49 ;	../SPLSPL/src/stm8s_beep_BEEP_LSICalibrationConfig.c: 44: void BEEP_LSICalibrationConfig(uint32_t LSIFreqHz)
                                     50 ; genLabel
                                     51 ;	-----------------------------------------
                                     52 ;	 function BEEP_LSICalibrationConfig
                                     53 ;	-----------------------------------------
                                     54 ;	Register assignment might be sub-optimal.
                                     55 ;	Stack space usage: 9 bytes.
      000000                         56 _BEEP_LSICalibrationConfig:
      000000 52 09            [ 2]   57 	sub	sp, #9
                                     58 ;	../SPLSPL/src/stm8s_beep_BEEP_LSICalibrationConfig.c: 52: lsifreqkhz = (uint16_t)(LSIFreqHz / 1000); /* Converts value in kHz */
                                     59 ; genIPush
      000002 4B E8            [ 1]   60 	push	#0xe8
      000004 4B 03            [ 1]   61 	push	#0x03
      000006 5F               [ 1]   62 	clrw	x
      000007 89               [ 2]   63 	pushw	x
                                     64 ; genIPush
      000008 1E 12            [ 2]   65 	ldw	x, (0x12, sp)
      00000A 89               [ 2]   66 	pushw	x
      00000B 1E 12            [ 2]   67 	ldw	x, (0x12, sp)
      00000D 89               [ 2]   68 	pushw	x
                                     69 ; genCall
      00000E CDr00r00         [ 4]   70 	call	__divulong
      000011 5B 08            [ 2]   71 	addw	sp, #8
                                     72 ; genCast
                                     73 ; genAssign
      000013 1F 01            [ 2]   74 	ldw	(0x01, sp), x
                                     75 ;	../SPLSPL/src/stm8s_beep_BEEP_LSICalibrationConfig.c: 56: BEEP->CSR &= (uint8_t)(~BEEP_CSR_BEEPDIV); /* Clear bits */
                                     76 ; genPointerGet
      000015 C6 50 F3         [ 1]   77 	ld	a, 0x50f3
                                     78 ; genAnd
      000018 A4 E0            [ 1]   79 	and	a, #0xe0
                                     80 ; genPointerSet
      00001A C7 50 F3         [ 1]   81 	ld	0x50f3, a
                                     82 ;	../SPLSPL/src/stm8s_beep_BEEP_LSICalibrationConfig.c: 58: A = (uint16_t)(lsifreqkhz >> 3U); /* Division by 8, keep integer part only */
                                     83 ; genRightShiftLiteral
      00001D 1E 01            [ 2]   84 	ldw	x, (0x01, sp)
      00001F 54               [ 2]   85 	srlw	x
      000020 54               [ 2]   86 	srlw	x
      000021 54               [ 2]   87 	srlw	x
      000022 1F 03            [ 2]   88 	ldw	(0x03, sp), x
                                     89 ;	../SPLSPL/src/stm8s_beep_BEEP_LSICalibrationConfig.c: 60: if ((8U * A) >= ((lsifreqkhz - (8U * A)) * (1U + (2U * A))))
                                     90 ; genCast
                                     91 ; genAssign
      000024 16 03            [ 2]   92 	ldw	y, (0x03, sp)
      000026 17 08            [ 2]   93 	ldw	(0x08, sp), y
                                     94 ; genLeftShiftLiteral
      000028 1E 08            [ 2]   95 	ldw	x, (0x08, sp)
      00002A 58               [ 2]   96 	sllw	x
      00002B 58               [ 2]   97 	sllw	x
      00002C 58               [ 2]   98 	sllw	x
      00002D 1F 05            [ 2]   99 	ldw	(0x05, sp), x
                                    100 ; genCast
                                    101 ; genAssign
      00002F 16 01            [ 2]  102 	ldw	y, (0x01, sp)
                                    103 ; genMinus
      000031 72 F2 05         [ 2]  104 	subw	y, (0x05, sp)
                                    105 ; genLeftShiftLiteral
      000034 1E 08            [ 2]  106 	ldw	x, (0x08, sp)
      000036 58               [ 2]  107 	sllw	x
                                    108 ; genPlus
      000037 5C               [ 1]  109 	incw	x
                                    110 ; genIPush
      000038 89               [ 2]  111 	pushw	x
                                    112 ; genSend
      000039 93               [ 1]  113 	ldw	x, y
                                    114 ;	../SPLSPL/src/stm8s_beep_BEEP_LSICalibrationConfig.c: 56: BEEP->CSR &= (uint8_t)(~BEEP_CSR_BEEPDIV); /* Clear bits */
                                    115 ; genCall
      00003A CDr00r00         [ 4]  116 	call	__mulint
      00003D 1F 07            [ 2]  117 	ldw	(0x07, sp), x
                                    118 ; genPointerGet
      00003F C6 50 F3         [ 1]  119 	ld	a, 0x50f3
      000042 6B 09            [ 1]  120 	ld	(0x09, sp), a
                                    121 ;	../SPLSPL/src/stm8s_beep_BEEP_LSICalibrationConfig.c: 62: BEEP->CSR |= (uint8_t)(A - 2U);
                                    122 ; genCast
                                    123 ; genAssign
      000044 7B 04            [ 1]  124 	ld	a, (0x04, sp)
                                    125 ;	../SPLSPL/src/stm8s_beep_BEEP_LSICalibrationConfig.c: 60: if ((8U * A) >= ((lsifreqkhz - (8U * A)) * (1U + (2U * A))))
                                    126 ; genCmp
                                    127 ; genCmpTnz
      000046 1E 05            [ 2]  128 	ldw	x, (0x05, sp)
      000048 13 07            [ 2]  129 	cpw	x, (0x07, sp)
      00004A 24 03            [ 1]  130 	jrnc	00113$
      00004C CCr00r59         [ 2]  131 	jp	00102$
      00004F                        132 00113$:
                                    133 ; skipping generated iCode
                                    134 ;	../SPLSPL/src/stm8s_beep_BEEP_LSICalibrationConfig.c: 62: BEEP->CSR |= (uint8_t)(A - 2U);
                                    135 ; genMinus
      00004F A0 02            [ 1]  136 	sub	a, #0x02
                                    137 ; genOr
      000051 1A 09            [ 1]  138 	or	a, (0x09, sp)
                                    139 ; genPointerSet
      000053 C7 50 F3         [ 1]  140 	ld	0x50f3, a
                                    141 ; genGoto
      000056 CCr00r5F         [ 2]  142 	jp	00104$
                                    143 ; genLabel
      000059                        144 00102$:
                                    145 ;	../SPLSPL/src/stm8s_beep_BEEP_LSICalibrationConfig.c: 66: BEEP->CSR |= (uint8_t)(A - 1U);
                                    146 ; genMinus
      000059 4A               [ 1]  147 	dec	a
                                    148 ; genOr
      00005A 1A 09            [ 1]  149 	or	a, (0x09, sp)
                                    150 ; genPointerSet
      00005C C7 50 F3         [ 1]  151 	ld	0x50f3, a
                                    152 ; genLabel
      00005F                        153 00104$:
                                    154 ;	../SPLSPL/src/stm8s_beep_BEEP_LSICalibrationConfig.c: 68: }
                                    155 ; genEndFunction
      00005F 1E 0A            [ 2]  156 	ldw	x, (10, sp)
      000061 5B 0F            [ 2]  157 	addw	sp, #15
      000063 FC               [ 2]  158 	jp	(x)
                                    159 	.area CODE
                                    160 	.area CONST
                                    161 	.area INITIALIZER
                                    162 	.area CABS (ABS)
