                                      1 ;--------------------------------------------------------
                                      2 ; File Created by SDCC : free open source ISO C Compiler 
                                      3 ; Version 4.4.0 #14620 (Linux)
                                      4 ;--------------------------------------------------------
                                      5 	.module stm8s_tim4_TIM4_GetITStatus
                                      6 	.optsdcc -mstm8
                                      7 	
                                      8 ;--------------------------------------------------------
                                      9 ; Public variables in this module
                                     10 ;--------------------------------------------------------
                                     11 	.globl _TIM4_GetITStatus
                                     12 ;--------------------------------------------------------
                                     13 ; ram data
                                     14 ;--------------------------------------------------------
                                     15 	.area DATA
                                     16 ;--------------------------------------------------------
                                     17 ; ram data
                                     18 ;--------------------------------------------------------
                                     19 	.area INITIALIZED
                                     20 ;--------------------------------------------------------
                                     21 ; absolute external ram data
                                     22 ;--------------------------------------------------------
                                     23 	.area DABS (ABS)
                                     24 
                                     25 ; default segment ordering for linker
                                     26 	.area HOME
                                     27 	.area GSINIT
                                     28 	.area GSFINAL
                                     29 	.area CONST
                                     30 	.area INITIALIZER
                                     31 	.area CODE
                                     32 
                                     33 ;--------------------------------------------------------
                                     34 ; global & static initialisations
                                     35 ;--------------------------------------------------------
                                     36 	.area HOME
                                     37 	.area GSINIT
                                     38 	.area GSFINAL
                                     39 	.area GSINIT
                                     40 ;--------------------------------------------------------
                                     41 ; Home
                                     42 ;--------------------------------------------------------
                                     43 	.area HOME
                                     44 	.area HOME
                                     45 ;--------------------------------------------------------
                                     46 ; code
                                     47 ;--------------------------------------------------------
                                     48 	.area CODE
                                     49 ;	../SPLSPL/src/stm8s_tim4_TIM4_GetITStatus.c: 38: ITStatus TIM4_GetITStatus(TIM4_IT_TypeDef TIM4_IT)
                                     50 ; genLabel
                                     51 ;	-----------------------------------------
                                     52 ;	 function TIM4_GetITStatus
                                     53 ;	-----------------------------------------
                                     54 ;	Register assignment is optimal.
                                     55 ;	Stack space usage: 2 bytes.
      000000                         56 _TIM4_GetITStatus:
      000000 89               [ 2]   57 	pushw	x
                                     58 ; genReceive
      000001 97               [ 1]   59 	ld	xl, a
                                     60 ;	../SPLSPL/src/stm8s_tim4_TIM4_GetITStatus.c: 47: itstatus = (uint8_t)(TIM4->SR1 & (uint8_t)TIM4_IT);
                                     61 ; genPointerGet
      000002 C6 53 42         [ 1]   62 	ld	a, 0x5342
                                     63 ; genCast
                                     64 ; genAssign
      000005 41               [ 1]   65 	exg	a, xl
      000006 6B 01            [ 1]   66 	ld	(0x01, sp), a
      000008 41               [ 1]   67 	exg	a, xl
                                     68 ; genAnd
      000009 14 01            [ 1]   69 	and	a, (0x01, sp)
      00000B 6B 02            [ 1]   70 	ld	(0x02, sp), a
                                     71 ;	../SPLSPL/src/stm8s_tim4_TIM4_GetITStatus.c: 49: itenable = (uint8_t)(TIM4->IER & (uint8_t)TIM4_IT);
                                     72 ; genPointerGet
      00000D C6 53 41         [ 1]   73 	ld	a, 0x5341
                                     74 ; genAnd
      000010 14 01            [ 1]   75 	and	a, (0x01, sp)
                                     76 ;	../SPLSPL/src/stm8s_tim4_TIM4_GetITStatus.c: 51: if ((itstatus != (uint8_t)RESET ) && (itenable != (uint8_t)RESET ))
                                     77 ; genIfx
      000012 0D 02            [ 1]   78 	tnz	(0x02, sp)
      000014 26 03            [ 1]   79 	jrne	00121$
      000016 CCr00r24         [ 2]   80 	jp	00102$
      000019                         81 00121$:
                                     82 ; genIfx
      000019 4D               [ 1]   83 	tnz	a
      00001A 26 03            [ 1]   84 	jrne	00122$
      00001C CCr00r24         [ 2]   85 	jp	00102$
      00001F                         86 00122$:
                                     87 ;	../SPLSPL/src/stm8s_tim4_TIM4_GetITStatus.c: 53: bitstatus = (ITStatus)SET;
                                     88 ; genAssign
      00001F A6 01            [ 1]   89 	ld	a, #0x01
                                     90 ; genGoto
      000021 CCr00r25         [ 2]   91 	jp	00103$
                                     92 ; genLabel
      000024                         93 00102$:
                                     94 ;	../SPLSPL/src/stm8s_tim4_TIM4_GetITStatus.c: 57: bitstatus = (ITStatus)RESET;
                                     95 ; genAssign
      000024 4F               [ 1]   96 	clr	a
                                     97 ; genLabel
      000025                         98 00103$:
                                     99 ;	../SPLSPL/src/stm8s_tim4_TIM4_GetITStatus.c: 59: return ((ITStatus)bitstatus);
                                    100 ; genReturn
                                    101 ; genLabel
      000025                        102 00105$:
                                    103 ;	../SPLSPL/src/stm8s_tim4_TIM4_GetITStatus.c: 60: }
                                    104 ; genEndFunction
      000025 85               [ 2]  105 	popw	x
      000026 81               [ 4]  106 	ret
                                    107 	.area CODE
                                    108 	.area CONST
                                    109 	.area INITIALIZER
                                    110 	.area CABS (ABS)
