                                      1 ;--------------------------------------------------------
                                      2 ; File Created by SDCC : free open source ISO C Compiler 
                                      3 ; Version 4.4.0 #14620 (Linux)
                                      4 ;--------------------------------------------------------
                                      5 	.module stm8s_awu_AWU_GetFlagStatus
                                      6 	.optsdcc -mstm8
                                      7 	
                                      8 ;--------------------------------------------------------
                                      9 ; Public variables in this module
                                     10 ;--------------------------------------------------------
                                     11 	.globl _AWU_GetFlagStatus
                                     12 ;--------------------------------------------------------
                                     13 ; ram data
                                     14 ;--------------------------------------------------------
                                     15 	.area DATA
                                     16 ;--------------------------------------------------------
                                     17 ; ram data
                                     18 ;--------------------------------------------------------
                                     19 	.area INITIALIZED
                                     20 ;--------------------------------------------------------
                                     21 ; absolute external ram data
                                     22 ;--------------------------------------------------------
                                     23 	.area DABS (ABS)
                                     24 
                                     25 ; default segment ordering for linker
                                     26 	.area HOME
                                     27 	.area GSINIT
                                     28 	.area GSFINAL
                                     29 	.area CONST
                                     30 	.area INITIALIZER
                                     31 	.area CODE
                                     32 
                                     33 ;--------------------------------------------------------
                                     34 ; global & static initialisations
                                     35 ;--------------------------------------------------------
                                     36 	.area HOME
                                     37 	.area GSINIT
                                     38 	.area GSFINAL
                                     39 	.area GSINIT
                                     40 ;--------------------------------------------------------
                                     41 ; Home
                                     42 ;--------------------------------------------------------
                                     43 	.area HOME
                                     44 	.area HOME
                                     45 ;--------------------------------------------------------
                                     46 ; code
                                     47 ;--------------------------------------------------------
                                     48 	.area CODE
                                     49 ;	../SPLSPL/src/stm8s_awu_AWU_GetFlagStatus.c: 37: FlagStatus AWU_GetFlagStatus(void)
                                     50 ; genLabel
                                     51 ;	-----------------------------------------
                                     52 ;	 function AWU_GetFlagStatus
                                     53 ;	-----------------------------------------
                                     54 ;	Register assignment is optimal.
                                     55 ;	Stack space usage: 0 bytes.
      000000                         56 _AWU_GetFlagStatus:
                                     57 ;	../SPLSPL/src/stm8s_awu_AWU_GetFlagStatus.c: 39: return((FlagStatus)(((uint8_t)(AWU->CSR & AWU_CSR_AWUF) == (uint8_t)0x00) ? RESET : SET));
                                     58 ; genPointerGet
      000000 C6 50 F0         [ 1]   59 	ld	a, 0x50f0
                                     60 ; genAnd
      000003 A4 20            [ 1]   61 	and	a, #0x20
                                     62 ; genNot
      000005 A0 01            [ 1]   63 	sub	a, #0x01
      000007 4F               [ 1]   64 	clr	a
      000008 49               [ 1]   65 	rlc	a
                                     66 ; genNot
      000009 A8 01            [ 1]   67 	xor	a, #0x01
                                     68 ; genReturn
                                     69 ; genLabel
      00000B                         70 00101$:
                                     71 ;	../SPLSPL/src/stm8s_awu_AWU_GetFlagStatus.c: 40: }
                                     72 ; genEndFunction
      00000B 81               [ 4]   73 	ret
                                     74 	.area CODE
                                     75 	.area CONST
                                     76 	.area INITIALIZER
                                     77 	.area CABS (ABS)
