                                      1 ;--------------------------------------------------------
                                      2 ; File Created by SDCC : free open source ISO C Compiler 
                                      3 ; Version 4.4.0 #14620 (Linux)
                                      4 ;--------------------------------------------------------
                                      5 	.module stm8s_gpio_GPIO_ReadOutputData
                                      6 	.optsdcc -mstm8
                                      7 	
                                      8 ;--------------------------------------------------------
                                      9 ; Public variables in this module
                                     10 ;--------------------------------------------------------
                                     11 	.globl _GPIO_ReadOutputData
                                     12 ;--------------------------------------------------------
                                     13 ; ram data
                                     14 ;--------------------------------------------------------
                                     15 	.area DATA
                                     16 ;--------------------------------------------------------
                                     17 ; ram data
                                     18 ;--------------------------------------------------------
                                     19 	.area INITIALIZED
                                     20 ;--------------------------------------------------------
                                     21 ; absolute external ram data
                                     22 ;--------------------------------------------------------
                                     23 	.area DABS (ABS)
                                     24 
                                     25 ; default segment ordering for linker
                                     26 	.area HOME
                                     27 	.area GSINIT
                                     28 	.area GSFINAL
                                     29 	.area CONST
                                     30 	.area INITIALIZER
                                     31 	.area CODE
                                     32 
                                     33 ;--------------------------------------------------------
                                     34 ; global & static initialisations
                                     35 ;--------------------------------------------------------
                                     36 	.area HOME
                                     37 	.area GSINIT
                                     38 	.area GSFINAL
                                     39 	.area GSINIT
                                     40 ;--------------------------------------------------------
                                     41 ; Home
                                     42 ;--------------------------------------------------------
                                     43 	.area HOME
                                     44 	.area HOME
                                     45 ;--------------------------------------------------------
                                     46 ; code
                                     47 ;--------------------------------------------------------
                                     48 	.area CODE
                                     49 ;	../SPLSPL/src/stm8s_gpio_GPIO_ReadOutputData.c: 37: uint8_t GPIO_ReadOutputData(GPIO_TypeDef* GPIOx)
                                     50 ; genLabel
                                     51 ;	-----------------------------------------
                                     52 ;	 function GPIO_ReadOutputData
                                     53 ;	-----------------------------------------
                                     54 ;	Register assignment is optimal.
                                     55 ;	Stack space usage: 0 bytes.
      000000                         56 _GPIO_ReadOutputData:
                                     57 ; genReceive
                                     58 ;	../SPLSPL/src/stm8s_gpio_GPIO_ReadOutputData.c: 39: return ((uint8_t)GPIOx->ODR);
                                     59 ; genPointerGet
      000000 F6               [ 1]   60 	ld	a, (x)
                                     61 ; genReturn
                                     62 ; genLabel
      000001                         63 00101$:
                                     64 ;	../SPLSPL/src/stm8s_gpio_GPIO_ReadOutputData.c: 40: }
                                     65 ; genEndFunction
      000001 81               [ 4]   66 	ret
                                     67 	.area CODE
                                     68 	.area CONST
                                     69 	.area INITIALIZER
                                     70 	.area CABS (ABS)
