                                      1 ;--------------------------------------------------------
                                      2 ; File Created by SDCC : free open source ISO C Compiler 
                                      3 ; Version 4.4.0 #14620 (Linux)
                                      4 ;--------------------------------------------------------
                                      5 	.module stm8s_tim2_TIM2_GetCapture3
                                      6 	.optsdcc -mstm8
                                      7 	
                                      8 ;--------------------------------------------------------
                                      9 ; Public variables in this module
                                     10 ;--------------------------------------------------------
                                     11 	.globl _TIM2_GetCapture3
                                     12 ;--------------------------------------------------------
                                     13 ; ram data
                                     14 ;--------------------------------------------------------
                                     15 	.area DATA
                                     16 ;--------------------------------------------------------
                                     17 ; ram data
                                     18 ;--------------------------------------------------------
                                     19 	.area INITIALIZED
                                     20 ;--------------------------------------------------------
                                     21 ; absolute external ram data
                                     22 ;--------------------------------------------------------
                                     23 	.area DABS (ABS)
                                     24 
                                     25 ; default segment ordering for linker
                                     26 	.area HOME
                                     27 	.area GSINIT
                                     28 	.area GSFINAL
                                     29 	.area CONST
                                     30 	.area INITIALIZER
                                     31 	.area CODE
                                     32 
                                     33 ;--------------------------------------------------------
                                     34 ; global & static initialisations
                                     35 ;--------------------------------------------------------
                                     36 	.area HOME
                                     37 	.area GSINIT
                                     38 	.area GSFINAL
                                     39 	.area GSINIT
                                     40 ;--------------------------------------------------------
                                     41 ; Home
                                     42 ;--------------------------------------------------------
                                     43 	.area HOME
                                     44 	.area HOME
                                     45 ;--------------------------------------------------------
                                     46 ; code
                                     47 ;--------------------------------------------------------
                                     48 	.area CODE
                                     49 ;	../SPLSPL/src/stm8s_tim2_TIM2_GetCapture3.c: 36: uint16_t TIM2_GetCapture3(void)
                                     50 ; genLabel
                                     51 ;	-----------------------------------------
                                     52 ;	 function TIM2_GetCapture3
                                     53 ;	-----------------------------------------
                                     54 ;	Register assignment might be sub-optimal.
                                     55 ;	Stack space usage: 2 bytes.
      000000                         56 _TIM2_GetCapture3:
      000000 89               [ 2]   57 	pushw	x
                                     58 ;	../SPLSPL/src/stm8s_tim2_TIM2_GetCapture3.c: 42: tmpccr3h = TIM2->CCR3H;
                                     59 ; genPointerGet
      000001 C6 53 13         [ 1]   60 	ld	a, 0x5313
      000004 95               [ 1]   61 	ld	xh, a
                                     62 ;	../SPLSPL/src/stm8s_tim2_TIM2_GetCapture3.c: 43: tmpccr3l = TIM2->CCR3L;
                                     63 ; genPointerGet
      000005 C6 53 14         [ 1]   64 	ld	a, 0x5314
                                     65 ;	../SPLSPL/src/stm8s_tim2_TIM2_GetCapture3.c: 45: tmpccr3 = (uint16_t)(tmpccr3l);
                                     66 ; genCast
                                     67 ; genAssign
      000008 97               [ 1]   68 	ld	xl, a
      000009 90 5F            [ 1]   69 	clrw	y
                                     70 ;	../SPLSPL/src/stm8s_tim2_TIM2_GetCapture3.c: 46: tmpccr3 |= (uint16_t)((uint16_t)tmpccr3h << 8);
                                     71 ; genCast
                                     72 ; genAssign
      00000B 4F               [ 1]   73 	clr	a
                                     74 ; genLeftShiftLiteral
      00000C 0F 02            [ 1]   75 	clr	(0x02, sp)
                                     76 ; genOr
                                     77 ;	../SPLSPL/src/stm8s_tim2_TIM2_GetCapture3.c: 48: return (uint16_t)tmpccr3;
                                     78 ; genReturn
                                     79 ; genLabel
      00000E                         80 00101$:
                                     81 ;	../SPLSPL/src/stm8s_tim2_TIM2_GetCapture3.c: 49: }
                                     82 ; genEndFunction
      00000E 5B 02            [ 2]   83 	addw	sp, #2
      000010 81               [ 4]   84 	ret
                                     85 	.area CODE
                                     86 	.area CONST
                                     87 	.area INITIALIZER
                                     88 	.area CABS (ABS)
