                                      1 ;--------------------------------------------------------
                                      2 ; File Created by SDCC : free open source ISO C Compiler 
                                      3 ; Version 4.4.0 #14620 (Linux)
                                      4 ;--------------------------------------------------------
                                      5 	.module stm8s_tim4_TIM4_ClearITPendingBit
                                      6 	.optsdcc -mstm8
                                      7 	
                                      8 ;--------------------------------------------------------
                                      9 ; Public variables in this module
                                     10 ;--------------------------------------------------------
                                     11 	.globl _TIM4_ClearITPendingBit
                                     12 ;--------------------------------------------------------
                                     13 ; ram data
                                     14 ;--------------------------------------------------------
                                     15 	.area DATA
                                     16 ;--------------------------------------------------------
                                     17 ; ram data
                                     18 ;--------------------------------------------------------
                                     19 	.area INITIALIZED
                                     20 ;--------------------------------------------------------
                                     21 ; absolute external ram data
                                     22 ;--------------------------------------------------------
                                     23 	.area DABS (ABS)
                                     24 
                                     25 ; default segment ordering for linker
                                     26 	.area HOME
                                     27 	.area GSINIT
                                     28 	.area GSFINAL
                                     29 	.area CONST
                                     30 	.area INITIALIZER
                                     31 	.area CODE
                                     32 
                                     33 ;--------------------------------------------------------
                                     34 ; global & static initialisations
                                     35 ;--------------------------------------------------------
                                     36 	.area HOME
                                     37 	.area GSINIT
                                     38 	.area GSFINAL
                                     39 	.area GSINIT
                                     40 ;--------------------------------------------------------
                                     41 ; Home
                                     42 ;--------------------------------------------------------
                                     43 	.area HOME
                                     44 	.area HOME
                                     45 ;--------------------------------------------------------
                                     46 ; code
                                     47 ;--------------------------------------------------------
                                     48 	.area CODE
                                     49 ;	../SPLSPL/src/stm8s_tim4_TIM4_ClearITPendingBit.c: 38: void TIM4_ClearITPendingBit(TIM4_IT_TypeDef TIM4_IT)
                                     50 ; genLabel
                                     51 ;	-----------------------------------------
                                     52 ;	 function TIM4_ClearITPendingBit
                                     53 ;	-----------------------------------------
                                     54 ;	Register assignment is optimal.
                                     55 ;	Stack space usage: 0 bytes.
      000000                         56 _TIM4_ClearITPendingBit:
                                     57 ; genReceive
                                     58 ;	../SPLSPL/src/stm8s_tim4_TIM4_ClearITPendingBit.c: 44: TIM4->SR1 = (uint8_t)(~TIM4_IT);
                                     59 ; genCast
                                     60 ; genAssign
                                     61 ; genCpl
      000000 43               [ 1]   62 	cpl	a
                                     63 ; genCast
                                     64 ; genAssign
                                     65 ; genPointerSet
      000001 C7 53 42         [ 1]   66 	ld	0x5342, a
                                     67 ; genLabel
      000004                         68 00101$:
                                     69 ;	../SPLSPL/src/stm8s_tim4_TIM4_ClearITPendingBit.c: 45: }
                                     70 ; genEndFunction
      000004 81               [ 4]   71 	ret
                                     72 	.area CODE
                                     73 	.area CONST
                                     74 	.area INITIALIZER
                                     75 	.area CABS (ABS)
