                                      1 ;--------------------------------------------------------
                                      2 ; File Created by SDCC : free open source ISO C Compiler 
                                      3 ; Version 4.4.0 #14620 (Linux)
                                      4 ;--------------------------------------------------------
                                      5 	.module stm8s_can_CAN_CancelTransmit
                                      6 	.optsdcc -mstm8
                                      7 	
                                      8 ;--------------------------------------------------------
                                      9 ; Public variables in this module
                                     10 ;--------------------------------------------------------
                                     11 	.globl _CAN_SelectPage
                                     12 	.globl _CAN_GetSelectedPage
                                     13 	.globl _CAN_CancelTransmit
                                     14 ;--------------------------------------------------------
                                     15 ; ram data
                                     16 ;--------------------------------------------------------
                                     17 	.area DATA
                                     18 ;--------------------------------------------------------
                                     19 ; ram data
                                     20 ;--------------------------------------------------------
                                     21 	.area INITIALIZED
                                     22 ;--------------------------------------------------------
                                     23 ; absolute external ram data
                                     24 ;--------------------------------------------------------
                                     25 	.area DABS (ABS)
                                     26 
                                     27 ; default segment ordering for linker
                                     28 	.area HOME
                                     29 	.area GSINIT
                                     30 	.area GSFINAL
                                     31 	.area CONST
                                     32 	.area INITIALIZER
                                     33 	.area CODE
                                     34 
                                     35 ;--------------------------------------------------------
                                     36 ; global & static initialisations
                                     37 ;--------------------------------------------------------
                                     38 	.area HOME
                                     39 	.area GSINIT
                                     40 	.area GSFINAL
                                     41 	.area GSINIT
                                     42 ;--------------------------------------------------------
                                     43 ; Home
                                     44 ;--------------------------------------------------------
                                     45 	.area HOME
                                     46 	.area HOME
                                     47 ;--------------------------------------------------------
                                     48 ; code
                                     49 ;--------------------------------------------------------
                                     50 	.area CODE
                                     51 ;	../SPLSPL/src/stm8s_can_CAN_CancelTransmit.c: 36: void CAN_CancelTransmit(CAN_TransmitMailBox_TypeDef CAN_TransmitMailbox)
                                     52 ; genLabel
                                     53 ;	-----------------------------------------
                                     54 ;	 function CAN_CancelTransmit
                                     55 ;	-----------------------------------------
                                     56 ;	Register assignment is optimal.
                                     57 ;	Stack space usage: 0 bytes.
      000000                         58 _CAN_CancelTransmit:
                                     59 ; genReceive
                                     60 ;	../SPLSPL/src/stm8s_can_CAN_CancelTransmit.c: 38: CAN_Page_TypeDef can_page = CAN_GetSelectedPage();
                                     61 ; genCall
      000000 88               [ 1]   62 	push	a
      000001 CDr00r00         [ 4]   63 	call	_CAN_GetSelectedPage
      000004 97               [ 1]   64 	ld	xl, a
      000005 84               [ 1]   65 	pop	a
                                     66 ;	../SPLSPL/src/stm8s_can_CAN_CancelTransmit.c: 42: CAN->PSR = (uint8_t)CAN_TransmitMailbox;
                                     67 ; genPointerSet
      000006 C7 54 27         [ 1]   68 	ld	0x5427, a
                                     69 ;	../SPLSPL/src/stm8s_can_CAN_CancelTransmit.c: 44: CAN->Page.TxMailbox.MCSR |= CAN_MCSR_ABRQ;
                                     70 ; genPointerGet
      000009 C6 54 28         [ 1]   71 	ld	a, 0x5428
                                     72 ; genOr
      00000C AA 02            [ 1]   73 	or	a, #0x02
                                     74 ; genPointerSet
      00000E C7 54 28         [ 1]   75 	ld	0x5428, a
                                     76 ;	../SPLSPL/src/stm8s_can_CAN_CancelTransmit.c: 46: CAN_SelectPage(can_page);
                                     77 ; genSend
      000011 9F               [ 1]   78 	ld	a, xl
                                     79 ; genCall
      000012 CCr00r00         [ 2]   80 	jp	_CAN_SelectPage
                                     81 ; genLabel
      000015                         82 00101$:
                                     83 ;	../SPLSPL/src/stm8s_can_CAN_CancelTransmit.c: 47: }
                                     84 ; genEndFunction
      000015 81               [ 4]   85 	ret
                                     86 	.area CODE
                                     87 	.area CONST
                                     88 	.area INITIALIZER
                                     89 	.area CABS (ABS)
