                                      1 ;--------------------------------------------------------
                                      2 ; File Created by SDCC : free open source ISO C Compiler 
                                      3 ; Version 4.4.0 #14620 (Linux)
                                      4 ;--------------------------------------------------------
                                      5 	.module stm8s_gpio_GPIO_WriteLow
                                      6 	.optsdcc -mstm8
                                      7 	
                                      8 ;--------------------------------------------------------
                                      9 ; Public variables in this module
                                     10 ;--------------------------------------------------------
                                     11 	.globl _GPIO_WriteLow
                                     12 ;--------------------------------------------------------
                                     13 ; ram data
                                     14 ;--------------------------------------------------------
                                     15 	.area DATA
                                     16 ;--------------------------------------------------------
                                     17 ; ram data
                                     18 ;--------------------------------------------------------
                                     19 	.area INITIALIZED
                                     20 ;--------------------------------------------------------
                                     21 ; absolute external ram data
                                     22 ;--------------------------------------------------------
                                     23 	.area DABS (ABS)
                                     24 
                                     25 ; default segment ordering for linker
                                     26 	.area HOME
                                     27 	.area GSINIT
                                     28 	.area GSFINAL
                                     29 	.area CONST
                                     30 	.area INITIALIZER
                                     31 	.area CODE
                                     32 
                                     33 ;--------------------------------------------------------
                                     34 ; global & static initialisations
                                     35 ;--------------------------------------------------------
                                     36 	.area HOME
                                     37 	.area GSINIT
                                     38 	.area GSFINAL
                                     39 	.area GSINIT
                                     40 ;--------------------------------------------------------
                                     41 ; Home
                                     42 ;--------------------------------------------------------
                                     43 	.area HOME
                                     44 	.area HOME
                                     45 ;--------------------------------------------------------
                                     46 ; code
                                     47 ;--------------------------------------------------------
                                     48 	.area CODE
                                     49 ;	../SPLSPL/src/stm8s_gpio_GPIO_WriteLow.c: 39: void GPIO_WriteLow(GPIO_TypeDef* GPIOx, GPIO_Pin_TypeDef PortPins)
                                     50 ; genLabel
                                     51 ;	-----------------------------------------
                                     52 ;	 function GPIO_WriteLow
                                     53 ;	-----------------------------------------
                                     54 ;	Register assignment might be sub-optimal.
                                     55 ;	Stack space usage: 1 bytes.
      000000                         56 _GPIO_WriteLow:
      000000 88               [ 1]   57 	push	a
                                     58 ; genReceive
                                     59 ; genReceive
                                     60 ;	../SPLSPL/src/stm8s_gpio_GPIO_WriteLow.c: 41: GPIOx->ODR &= (uint8_t)(~PortPins);
                                     61 ; genPointerGet
      000001 88               [ 1]   62 	push	a
      000002 F6               [ 1]   63 	ld	a, (x)
      000003 6B 02            [ 1]   64 	ld	(0x02, sp), a
      000005 84               [ 1]   65 	pop	a
                                     66 ; genCpl
      000006 43               [ 1]   67 	cpl	a
                                     68 ; genAnd
      000007 14 01            [ 1]   69 	and	a, (0x01, sp)
                                     70 ; genPointerSet
      000009 F7               [ 1]   71 	ld	(x), a
                                     72 ; genLabel
      00000A                         73 00101$:
                                     74 ;	../SPLSPL/src/stm8s_gpio_GPIO_WriteLow.c: 42: }
                                     75 ; genEndFunction
      00000A 84               [ 1]   76 	pop	a
      00000B 81               [ 4]   77 	ret
                                     78 	.area CODE
                                     79 	.area CONST
                                     80 	.area INITIALIZER
                                     81 	.area CABS (ABS)
