                                      1 ;--------------------------------------------------------
                                      2 ; File Created by SDCC : free open source ISO C Compiler 
                                      3 ; Version 4.4.0 #14620 (Linux)
                                      4 ;--------------------------------------------------------
                                      5 	.module stm8s_uart3_UART3_SetAddress
                                      6 	.optsdcc -mstm8
                                      7 	
                                      8 ;--------------------------------------------------------
                                      9 ; Public variables in this module
                                     10 ;--------------------------------------------------------
                                     11 	.globl _UART3_SetAddress
                                     12 ;--------------------------------------------------------
                                     13 ; ram data
                                     14 ;--------------------------------------------------------
                                     15 	.area DATA
                                     16 ;--------------------------------------------------------
                                     17 ; ram data
                                     18 ;--------------------------------------------------------
                                     19 	.area INITIALIZED
                                     20 ;--------------------------------------------------------
                                     21 ; absolute external ram data
                                     22 ;--------------------------------------------------------
                                     23 	.area DABS (ABS)
                                     24 
                                     25 ; default segment ordering for linker
                                     26 	.area HOME
                                     27 	.area GSINIT
                                     28 	.area GSFINAL
                                     29 	.area CONST
                                     30 	.area INITIALIZER
                                     31 	.area CODE
                                     32 
                                     33 ;--------------------------------------------------------
                                     34 ; global & static initialisations
                                     35 ;--------------------------------------------------------
                                     36 	.area HOME
                                     37 	.area GSINIT
                                     38 	.area GSFINAL
                                     39 	.area GSINIT
                                     40 ;--------------------------------------------------------
                                     41 ; Home
                                     42 ;--------------------------------------------------------
                                     43 	.area HOME
                                     44 	.area HOME
                                     45 ;--------------------------------------------------------
                                     46 ; code
                                     47 ;--------------------------------------------------------
                                     48 	.area CODE
                                     49 ;	../SPLSPL/src/stm8s_uart3_UART3_SetAddress.c: 36: void UART3_SetAddress(uint8_t UART3_Address)
                                     50 ; genLabel
                                     51 ;	-----------------------------------------
                                     52 ;	 function UART3_SetAddress
                                     53 ;	-----------------------------------------
                                     54 ;	Register assignment is optimal.
                                     55 ;	Stack space usage: 1 bytes.
      000000                         56 _UART3_SetAddress:
      000000 88               [ 1]   57 	push	a
                                     58 ; genReceive
      000001 6B 01            [ 1]   59 	ld	(0x01, sp), a
                                     60 ;	../SPLSPL/src/stm8s_uart3_UART3_SetAddress.c: 42: UART3->CR4 &= ((uint8_t)~UART3_CR4_ADD);
                                     61 ; genPointerGet
      000003 C6 52 47         [ 1]   62 	ld	a, 0x5247
                                     63 ; genAnd
      000006 A4 F0            [ 1]   64 	and	a, #0xf0
                                     65 ; genPointerSet
      000008 C7 52 47         [ 1]   66 	ld	0x5247, a
                                     67 ;	../SPLSPL/src/stm8s_uart3_UART3_SetAddress.c: 44: UART3->CR4 |= UART3_Address;
                                     68 ; genPointerGet
      00000B C6 52 47         [ 1]   69 	ld	a, 0x5247
                                     70 ; genOr
      00000E 1A 01            [ 1]   71 	or	a, (0x01, sp)
                                     72 ; genPointerSet
      000010 C7 52 47         [ 1]   73 	ld	0x5247, a
                                     74 ; genLabel
      000013                         75 00101$:
                                     76 ;	../SPLSPL/src/stm8s_uart3_UART3_SetAddress.c: 45: }
                                     77 ; genEndFunction
      000013 84               [ 1]   78 	pop	a
      000014 81               [ 4]   79 	ret
                                     80 	.area CODE
                                     81 	.area CONST
                                     82 	.area INITIALIZER
                                     83 	.area CABS (ABS)
