                                      1 ;--------------------------------------------------------
                                      2 ; File Created by SDCC : free open source ISO C Compiler 
                                      3 ; Version 4.4.0 #14620 (Linux)
                                      4 ;--------------------------------------------------------
                                      5 	.module stm8s_uart3_UART3_DeInit
                                      6 	.optsdcc -mstm8
                                      7 	
                                      8 ;--------------------------------------------------------
                                      9 ; Public variables in this module
                                     10 ;--------------------------------------------------------
                                     11 	.globl _UART3_DeInit
                                     12 ;--------------------------------------------------------
                                     13 ; ram data
                                     14 ;--------------------------------------------------------
                                     15 	.area DATA
                                     16 ;--------------------------------------------------------
                                     17 ; ram data
                                     18 ;--------------------------------------------------------
                                     19 	.area INITIALIZED
                                     20 ;--------------------------------------------------------
                                     21 ; absolute external ram data
                                     22 ;--------------------------------------------------------
                                     23 	.area DABS (ABS)
                                     24 
                                     25 ; default segment ordering for linker
                                     26 	.area HOME
                                     27 	.area GSINIT
                                     28 	.area GSFINAL
                                     29 	.area CONST
                                     30 	.area INITIALIZER
                                     31 	.area CODE
                                     32 
                                     33 ;--------------------------------------------------------
                                     34 ; global & static initialisations
                                     35 ;--------------------------------------------------------
                                     36 	.area HOME
                                     37 	.area GSINIT
                                     38 	.area GSFINAL
                                     39 	.area GSINIT
                                     40 ;--------------------------------------------------------
                                     41 ; Home
                                     42 ;--------------------------------------------------------
                                     43 	.area HOME
                                     44 	.area HOME
                                     45 ;--------------------------------------------------------
                                     46 ; code
                                     47 ;--------------------------------------------------------
                                     48 	.area CODE
                                     49 ;	../SPLSPL/src/stm8s_uart3_UART3_DeInit.c: 37: void UART3_DeInit(void)
                                     50 ; genLabel
                                     51 ;	-----------------------------------------
                                     52 ;	 function UART3_DeInit
                                     53 ;	-----------------------------------------
                                     54 ;	Register assignment is optimal.
                                     55 ;	Stack space usage: 0 bytes.
      000000                         56 _UART3_DeInit:
                                     57 ;	../SPLSPL/src/stm8s_uart3_UART3_DeInit.c: 41: (void) UART3->SR;
                                     58 ; genPointerGet
                                     59 ; Dummy read
      000000 C6 52 40         [ 1]   60 	ld	a, 0x5240
                                     61 ;	../SPLSPL/src/stm8s_uart3_UART3_DeInit.c: 42: (void) UART3->DR;
                                     62 ; genPointerGet
                                     63 ; Dummy read
      000003 C6 52 41         [ 1]   64 	ld	a, 0x5241
                                     65 ;	../SPLSPL/src/stm8s_uart3_UART3_DeInit.c: 44: UART3->BRR2 = UART3_BRR2_RESET_VALUE; /*Set UART3_BRR2 to reset value 0x00 */
                                     66 ; genPointerSet
      000006 35 00 52 43      [ 1]   67 	mov	0x5243+0, #0x00
                                     68 ;	../SPLSPL/src/stm8s_uart3_UART3_DeInit.c: 45: UART3->BRR1 = UART3_BRR1_RESET_VALUE; /*Set UART3_BRR1 to reset value 0x00 */
                                     69 ; genPointerSet
      00000A 35 00 52 42      [ 1]   70 	mov	0x5242+0, #0x00
                                     71 ;	../SPLSPL/src/stm8s_uart3_UART3_DeInit.c: 47: UART3->CR1 = UART3_CR1_RESET_VALUE;  /*Set UART3_CR1 to reset value 0x00  */
                                     72 ; genPointerSet
      00000E 35 00 52 44      [ 1]   73 	mov	0x5244+0, #0x00
                                     74 ;	../SPLSPL/src/stm8s_uart3_UART3_DeInit.c: 48: UART3->CR2 = UART3_CR2_RESET_VALUE;  /*Set UART3_CR2 to reset value 0x00  */
                                     75 ; genPointerSet
      000012 35 00 52 45      [ 1]   76 	mov	0x5245+0, #0x00
                                     77 ;	../SPLSPL/src/stm8s_uart3_UART3_DeInit.c: 49: UART3->CR3 = UART3_CR3_RESET_VALUE;  /*Set UART3_CR3 to reset value 0x00  */
                                     78 ; genPointerSet
      000016 35 00 52 46      [ 1]   79 	mov	0x5246+0, #0x00
                                     80 ;	../SPLSPL/src/stm8s_uart3_UART3_DeInit.c: 50: UART3->CR4 = UART3_CR4_RESET_VALUE;  /*Set UART3_CR4 to reset value 0x00  */
                                     81 ; genPointerSet
      00001A 35 00 52 47      [ 1]   82 	mov	0x5247+0, #0x00
                                     83 ;	../SPLSPL/src/stm8s_uart3_UART3_DeInit.c: 51: UART3->CR6 = UART3_CR6_RESET_VALUE;  /*Set UART3_CR6 to reset value 0x00  */
                                     84 ; genPointerSet
      00001E 35 00 52 49      [ 1]   85 	mov	0x5249+0, #0x00
                                     86 ; genLabel
      000022                         87 00101$:
                                     88 ;	../SPLSPL/src/stm8s_uart3_UART3_DeInit.c: 52: }
                                     89 ; genEndFunction
      000022 81               [ 4]   90 	ret
                                     91 	.area CODE
                                     92 	.area CONST
                                     93 	.area INITIALIZER
                                     94 	.area CABS (ABS)
