                                      1 ;--------------------------------------------------------
                                      2 ; File Created by SDCC : free open source ISO C Compiler 
                                      3 ; Version 4.4.0 #14620 (Linux)
                                      4 ;--------------------------------------------------------
                                      5 	.module stm8s_can_CAN_GetReceivedData
                                      6 	.optsdcc -mstm8
                                      7 	
                                      8 ;--------------------------------------------------------
                                      9 ; Public variables in this module
                                     10 ;--------------------------------------------------------
                                     11 	.globl _CAN_GetReceivedData
                                     12 ;--------------------------------------------------------
                                     13 ; ram data
                                     14 ;--------------------------------------------------------
                                     15 	.area DATA
                                     16 ;--------------------------------------------------------
                                     17 ; ram data
                                     18 ;--------------------------------------------------------
                                     19 	.area INITIALIZED
                                     20 ;--------------------------------------------------------
                                     21 ; absolute external ram data
                                     22 ;--------------------------------------------------------
                                     23 	.area DABS (ABS)
                                     24 
                                     25 ; default segment ordering for linker
                                     26 	.area HOME
                                     27 	.area GSINIT
                                     28 	.area GSFINAL
                                     29 	.area CONST
                                     30 	.area INITIALIZER
                                     31 	.area CODE
                                     32 
                                     33 ;--------------------------------------------------------
                                     34 ; global & static initialisations
                                     35 ;--------------------------------------------------------
                                     36 	.area HOME
                                     37 	.area GSINIT
                                     38 	.area GSFINAL
                                     39 	.area GSINIT
                                     40 ;--------------------------------------------------------
                                     41 ; Home
                                     42 ;--------------------------------------------------------
                                     43 	.area HOME
                                     44 	.area HOME
                                     45 ;--------------------------------------------------------
                                     46 ; code
                                     47 ;--------------------------------------------------------
                                     48 	.area CODE
                                     49 ;	../SPLSPL/src/stm8s_can_CAN_GetReceivedData.c: 41: uint8_t CAN_GetReceivedData(uint8_t CAN_DataIndex)
                                     50 ; genLabel
                                     51 ;	-----------------------------------------
                                     52 ;	 function CAN_GetReceivedData
                                     53 ;	-----------------------------------------
                                     54 ;	Register assignment might be sub-optimal.
                                     55 ;	Stack space usage: 0 bytes.
      000000                         56 _CAN_GetReceivedData:
                                     57 ; genReceive
                                     58 ;	../SPLSPL/src/stm8s_can_CAN_GetReceivedData.c: 44: return (_Data[CAN_DataIndex]);
                                     59 ; skipping iCode since result will be rematerialized
                                     60 ; genPlus
      000000 5F               [ 1]   61 	clrw	x
      000001 97               [ 1]   62 	ld	xl, a
      000002 1Cr00r00         [ 2]   63 	addw	x, #(__Data+0)
                                     64 ; genPointerGet
      000005 F6               [ 1]   65 	ld	a, (x)
                                     66 ; genReturn
                                     67 ; genLabel
      000006                         68 00101$:
                                     69 ;	../SPLSPL/src/stm8s_can_CAN_GetReceivedData.c: 45: }
                                     70 ; genEndFunction
      000006 81               [ 4]   71 	ret
                                     72 	.area CODE
                                     73 	.area CONST
                                     74 	.area INITIALIZER
                                     75 	.area CABS (ABS)
