                                      1 ;--------------------------------------------------------
                                      2 ; File Created by SDCC : free open source ISO C Compiler 
                                      3 ; Version 4.4.0 #14620 (Linux)
                                      4 ;--------------------------------------------------------
                                      5 	.module stm8s_can_CAN_Sleep
                                      6 	.optsdcc -mstm8
                                      7 	
                                      8 ;--------------------------------------------------------
                                      9 ; Public variables in this module
                                     10 ;--------------------------------------------------------
                                     11 	.globl _CAN_Sleep
                                     12 ;--------------------------------------------------------
                                     13 ; ram data
                                     14 ;--------------------------------------------------------
                                     15 	.area DATA
                                     16 ;--------------------------------------------------------
                                     17 ; ram data
                                     18 ;--------------------------------------------------------
                                     19 	.area INITIALIZED
                                     20 ;--------------------------------------------------------
                                     21 ; absolute external ram data
                                     22 ;--------------------------------------------------------
                                     23 	.area DABS (ABS)
                                     24 
                                     25 ; default segment ordering for linker
                                     26 	.area HOME
                                     27 	.area GSINIT
                                     28 	.area GSFINAL
                                     29 	.area CONST
                                     30 	.area INITIALIZER
                                     31 	.area CODE
                                     32 
                                     33 ;--------------------------------------------------------
                                     34 ; global & static initialisations
                                     35 ;--------------------------------------------------------
                                     36 	.area HOME
                                     37 	.area GSINIT
                                     38 	.area GSFINAL
                                     39 	.area GSINIT
                                     40 ;--------------------------------------------------------
                                     41 ; Home
                                     42 ;--------------------------------------------------------
                                     43 	.area HOME
                                     44 	.area HOME
                                     45 ;--------------------------------------------------------
                                     46 ; code
                                     47 ;--------------------------------------------------------
                                     48 	.area CODE
                                     49 ;	../SPLSPL/src/stm8s_can_CAN_Sleep.c: 36: CAN_Sleep_TypeDef CAN_Sleep(void)
                                     50 ; genLabel
                                     51 ;	-----------------------------------------
                                     52 ;	 function CAN_Sleep
                                     53 ;	-----------------------------------------
                                     54 ;	Register assignment is optimal.
                                     55 ;	Stack space usage: 0 bytes.
      000000                         56 _CAN_Sleep:
                                     57 ;	../SPLSPL/src/stm8s_can_CAN_Sleep.c: 38: CAN_Sleep_TypeDef sleepstatus = CAN_Sleep_Failed;
                                     58 ; genAssign
      000000 5F               [ 1]   59 	clrw	x
                                     60 ;	../SPLSPL/src/stm8s_can_CAN_Sleep.c: 41: CAN->MCR = (uint8_t)((uint8_t)(CAN->MCR & (uint8_t)(~CAN_MCR_INRQ)) | CAN_MCR_SLEEP);
                                     61 ; genPointerGet
      000001 C6 54 20         [ 1]   62 	ld	a, 0x5420
                                     63 ; genAnd
      000004 A4 FE            [ 1]   64 	and	a, #0xfe
                                     65 ; genOr
      000006 AA 02            [ 1]   66 	or	a, #0x02
                                     67 ; genPointerSet
      000008 C7 54 20         [ 1]   68 	ld	0x5420, a
                                     69 ;	../SPLSPL/src/stm8s_can_CAN_Sleep.c: 44: if ((CAN->MSR & (CAN_MSR_SLAK|CAN_MSR_INAK)) == CAN_MSR_SLAK)
                                     70 ; genPointerGet
      00000B C6 54 21         [ 1]   71 	ld	a, 0x5421
                                     72 ; genAnd
      00000E A4 03            [ 1]   73 	and	a, #0x03
                                     74 ; genCmpEQorNE
      000010 A1 02            [ 1]   75 	cp	a, #0x02
      000012 26 03            [ 1]   76 	jrne	00113$
      000014 CCr00r1A         [ 2]   77 	jp	00114$
      000017                         78 00113$:
      000017 CCr00r1D         [ 2]   79 	jp	00102$
      00001A                         80 00114$:
                                     81 ; skipping generated iCode
                                     82 ;	../SPLSPL/src/stm8s_can_CAN_Sleep.c: 47: sleepstatus =  CAN_Sleep_Ok;
                                     83 ; genAssign
      00001A A6 01            [ 1]   84 	ld	a, #0x01
      00001C 97               [ 1]   85 	ld	xl, a
                                     86 ; genLabel
      00001D                         87 00102$:
                                     88 ;	../SPLSPL/src/stm8s_can_CAN_Sleep.c: 51: return (CAN_Sleep_TypeDef) sleepstatus;
                                     89 ; genReturn
      00001D 9F               [ 1]   90 	ld	a, xl
                                     91 ; genLabel
      00001E                         92 00103$:
                                     93 ;	../SPLSPL/src/stm8s_can_CAN_Sleep.c: 52: }
                                     94 ; genEndFunction
      00001E 81               [ 4]   95 	ret
                                     96 	.area CODE
                                     97 	.area CONST
                                     98 	.area INITIALIZER
                                     99 	.area CABS (ABS)
