                                      1 ;--------------------------------------------------------
                                      2 ; File Created by SDCC : free open source ISO C Compiler 
                                      3 ; Version 4.4.0 #14620 (Linux)
                                      4 ;--------------------------------------------------------
                                      5 	.module stm8s_flash_FLASH_GetFlagStatus
                                      6 	.optsdcc -mstm8
                                      7 	
                                      8 ;--------------------------------------------------------
                                      9 ; Public variables in this module
                                     10 ;--------------------------------------------------------
                                     11 	.globl _FLASH_GetFlagStatus
                                     12 ;--------------------------------------------------------
                                     13 ; ram data
                                     14 ;--------------------------------------------------------
                                     15 	.area DATA
                                     16 ;--------------------------------------------------------
                                     17 ; ram data
                                     18 ;--------------------------------------------------------
                                     19 	.area INITIALIZED
                                     20 ;--------------------------------------------------------
                                     21 ; absolute external ram data
                                     22 ;--------------------------------------------------------
                                     23 	.area DABS (ABS)
                                     24 
                                     25 ; default segment ordering for linker
                                     26 	.area HOME
                                     27 	.area GSINIT
                                     28 	.area GSFINAL
                                     29 	.area CONST
                                     30 	.area INITIALIZER
                                     31 	.area CODE
                                     32 
                                     33 ;--------------------------------------------------------
                                     34 ; global & static initialisations
                                     35 ;--------------------------------------------------------
                                     36 	.area HOME
                                     37 	.area GSINIT
                                     38 	.area GSFINAL
                                     39 	.area GSINIT
                                     40 ;--------------------------------------------------------
                                     41 ; Home
                                     42 ;--------------------------------------------------------
                                     43 	.area HOME
                                     44 	.area HOME
                                     45 ;--------------------------------------------------------
                                     46 ; code
                                     47 ;--------------------------------------------------------
                                     48 	.area CODE
                                     49 ;	../SPLSPL/src/stm8s_flash_FLASH_GetFlagStatus.c: 39: FlagStatus FLASH_GetFlagStatus(FLASH_Flag_TypeDef FLASH_FLAG)
                                     50 ; genLabel
                                     51 ;	-----------------------------------------
                                     52 ;	 function FLASH_GetFlagStatus
                                     53 ;	-----------------------------------------
                                     54 ;	Register assignment is optimal.
                                     55 ;	Stack space usage: 1 bytes.
      000000                         56 _FLASH_GetFlagStatus:
      000000 88               [ 1]   57 	push	a
                                     58 ; genReceive
      000001 6B 01            [ 1]   59 	ld	(0x01, sp), a
                                     60 ;	../SPLSPL/src/stm8s_flash_FLASH_GetFlagStatus.c: 46: if((FLASH->IAPSR & (uint8_t)FLASH_FLAG) != (uint8_t)RESET)
                                     61 ; genPointerGet
      000003 C6 50 5F         [ 1]   62 	ld	a, 0x505f
                                     63 ; genAnd
      000006 14 01            [ 1]   64 	and	a, (0x01, sp)
                                     65 ; genIfx
      000008 4D               [ 1]   66 	tnz	a
      000009 26 03            [ 1]   67 	jrne	00113$
      00000B CCr00r13         [ 2]   68 	jp	00102$
      00000E                         69 00113$:
                                     70 ;	../SPLSPL/src/stm8s_flash_FLASH_GetFlagStatus.c: 48: status = SET; /* FLASH_FLAG is set */
                                     71 ; genAssign
      00000E A6 01            [ 1]   72 	ld	a, #0x01
                                     73 ; genGoto
      000010 CCr00r14         [ 2]   74 	jp	00103$
                                     75 ; genLabel
      000013                         76 00102$:
                                     77 ;	../SPLSPL/src/stm8s_flash_FLASH_GetFlagStatus.c: 52: status = RESET; /* FLASH_FLAG is reset*/
                                     78 ; genAssign
      000013 4F               [ 1]   79 	clr	a
                                     80 ; genLabel
      000014                         81 00103$:
                                     82 ;	../SPLSPL/src/stm8s_flash_FLASH_GetFlagStatus.c: 56: return status;
                                     83 ; genReturn
                                     84 ; genLabel
      000014                         85 00104$:
                                     86 ;	../SPLSPL/src/stm8s_flash_FLASH_GetFlagStatus.c: 57: }
                                     87 ; genEndFunction
      000014 5B 01            [ 2]   88 	addw	sp, #1
      000016 81               [ 4]   89 	ret
                                     90 	.area CODE
                                     91 	.area CONST
                                     92 	.area INITIALIZER
                                     93 	.area CABS (ABS)
