                                      1 ;--------------------------------------------------------
                                      2 ; File Created by SDCC : free open source ISO C Compiler 
                                      3 ; Version 4.4.0 #14620 (Linux)
                                      4 ;--------------------------------------------------------
                                      5 	.module stm8s_exti_EXTI_SetExtIntSensitivity
                                      6 	.optsdcc -mstm8
                                      7 	
                                      8 ;--------------------------------------------------------
                                      9 ; Public variables in this module
                                     10 ;--------------------------------------------------------
                                     11 	.globl _EXTI_SetExtIntSensitivity
                                     12 ;--------------------------------------------------------
                                     13 ; ram data
                                     14 ;--------------------------------------------------------
                                     15 	.area DATA
                                     16 ;--------------------------------------------------------
                                     17 ; ram data
                                     18 ;--------------------------------------------------------
                                     19 	.area INITIALIZED
                                     20 ;--------------------------------------------------------
                                     21 ; absolute external ram data
                                     22 ;--------------------------------------------------------
                                     23 	.area DABS (ABS)
                                     24 
                                     25 ; default segment ordering for linker
                                     26 	.area HOME
                                     27 	.area GSINIT
                                     28 	.area GSFINAL
                                     29 	.area CONST
                                     30 	.area INITIALIZER
                                     31 	.area CODE
                                     32 
                                     33 ;--------------------------------------------------------
                                     34 ; global & static initialisations
                                     35 ;--------------------------------------------------------
                                     36 	.area HOME
                                     37 	.area GSINIT
                                     38 	.area GSFINAL
                                     39 	.area GSINIT
                                     40 ;--------------------------------------------------------
                                     41 ; Home
                                     42 ;--------------------------------------------------------
                                     43 	.area HOME
                                     44 	.area HOME
                                     45 ;--------------------------------------------------------
                                     46 ; code
                                     47 ;--------------------------------------------------------
                                     48 	.area CODE
                                     49 ;	../SPLSPL/src/stm8s_exti_EXTI_SetExtIntSensitivity.c: 42: void EXTI_SetExtIntSensitivity(EXTI_Port_TypeDef Port, EXTI_Sensitivity_TypeDef SensitivityValue)
                                     50 ; genLabel
                                     51 ;	-----------------------------------------
                                     52 ;	 function EXTI_SetExtIntSensitivity
                                     53 ;	-----------------------------------------
                                     54 ;	Register assignment might be sub-optimal.
                                     55 ;	Stack space usage: 1 bytes.
      000000                         56 _EXTI_SetExtIntSensitivity:
      000000 88               [ 1]   57 	push	a
                                     58 ; genReceive
                                     59 ;	../SPLSPL/src/stm8s_exti_EXTI_SetExtIntSensitivity.c: 49: switch (Port)
                                     60 ; genCmp
                                     61 ; genCmpTnz
      000001 A1 04            [ 1]   62 	cp	a, #0x04
      000003 23 03            [ 2]   63 	jrule	00117$
      000005 CCr00r8E         [ 2]   64 	jp	00108$
      000008                         65 00117$:
                                     66 ; skipping generated iCode
                                     67 ;	../SPLSPL/src/stm8s_exti_EXTI_SetExtIntSensitivity.c: 57: EXTI->CR1 |= (uint8_t)((uint8_t)(SensitivityValue) << 2);
                                     68 ; genCast
                                     69 ; genAssign
      000008 61               [ 1]   70 	exg	a, yl
      000009 7B 04            [ 1]   71 	ld	a, (0x04, sp)
      00000B 61               [ 1]   72 	exg	a, yl
                                     73 ;	../SPLSPL/src/stm8s_exti_EXTI_SetExtIntSensitivity.c: 49: switch (Port)
                                     74 ; genJumpTab
      00000C 5F               [ 1]   75 	clrw	x
      00000D 97               [ 1]   76 	ld	xl, a
      00000E 58               [ 2]   77 	sllw	x
      00000F DEu00u13         [ 2]   78 	ldw	x, (#00118$, x)
      000012 FC               [ 2]   79 	jp	(x)
      000013                         80 00118$:
      000013r00r1D                   81 	.dw	#00101$
      000015r00r30                   82 	.dw	#00102$
      000017r00r48                   83 	.dw	#00103$
      000019r00r62                   84 	.dw	#00104$
      00001Br00r7E                   85 	.dw	#00105$
                                     86 ;	../SPLSPL/src/stm8s_exti_EXTI_SetExtIntSensitivity.c: 51: case EXTI_PORT_GPIOA:
                                     87 ; genLabel
      00001D                         88 00101$:
                                     89 ;	../SPLSPL/src/stm8s_exti_EXTI_SetExtIntSensitivity.c: 52: EXTI->CR1 &= (uint8_t)(~EXTI_CR1_PAIS);
                                     90 ; genPointerGet
      00001D C6 50 A0         [ 1]   91 	ld	a, 0x50a0
                                     92 ; genAnd
      000020 A4 FC            [ 1]   93 	and	a, #0xfc
                                     94 ; genPointerSet
      000022 C7 50 A0         [ 1]   95 	ld	0x50a0, a
                                     96 ;	../SPLSPL/src/stm8s_exti_EXTI_SetExtIntSensitivity.c: 53: EXTI->CR1 |= (uint8_t)(SensitivityValue);
                                     97 ; genPointerGet
      000025 C6 50 A0         [ 1]   98 	ld	a, 0x50a0
                                     99 ; genOr
      000028 1A 04            [ 1]  100 	or	a, (0x04, sp)
                                    101 ; genPointerSet
      00002A C7 50 A0         [ 1]  102 	ld	0x50a0, a
                                    103 ;	../SPLSPL/src/stm8s_exti_EXTI_SetExtIntSensitivity.c: 54: break;
                                    104 ; genGoto
      00002D CCr00r8E         [ 2]  105 	jp	00108$
                                    106 ;	../SPLSPL/src/stm8s_exti_EXTI_SetExtIntSensitivity.c: 55: case EXTI_PORT_GPIOB:
                                    107 ; genLabel
      000030                        108 00102$:
                                    109 ;	../SPLSPL/src/stm8s_exti_EXTI_SetExtIntSensitivity.c: 56: EXTI->CR1 &= (uint8_t)(~EXTI_CR1_PBIS);
                                    110 ; genPointerGet
      000030 C6 50 A0         [ 1]  111 	ld	a, 0x50a0
                                    112 ; genAnd
      000033 A4 F3            [ 1]  113 	and	a, #0xf3
                                    114 ; genPointerSet
      000035 C7 50 A0         [ 1]  115 	ld	0x50a0, a
                                    116 ;	../SPLSPL/src/stm8s_exti_EXTI_SetExtIntSensitivity.c: 57: EXTI->CR1 |= (uint8_t)((uint8_t)(SensitivityValue) << 2);
                                    117 ; genPointerGet
      000038 C6 50 A0         [ 1]  118 	ld	a, 0x50a0
                                    119 ; genLeftShiftLiteral
      00003B 93               [ 1]  120 	ldw	x, y
      00003C 58               [ 2]  121 	sllw	x
      00003D 58               [ 2]  122 	sllw	x
                                    123 ; genOr
      00003E 89               [ 2]  124 	pushw	x
      00003F 1A 02            [ 1]  125 	or	a, (2, sp)
      000041 85               [ 2]  126 	popw	x
                                    127 ; genPointerSet
      000042 C7 50 A0         [ 1]  128 	ld	0x50a0, a
                                    129 ;	../SPLSPL/src/stm8s_exti_EXTI_SetExtIntSensitivity.c: 58: break;
                                    130 ; genGoto
      000045 CCr00r8E         [ 2]  131 	jp	00108$
                                    132 ;	../SPLSPL/src/stm8s_exti_EXTI_SetExtIntSensitivity.c: 59: case EXTI_PORT_GPIOC:
                                    133 ; genLabel
      000048                        134 00103$:
                                    135 ;	../SPLSPL/src/stm8s_exti_EXTI_SetExtIntSensitivity.c: 60: EXTI->CR1 &= (uint8_t)(~EXTI_CR1_PCIS);
                                    136 ; genPointerGet
      000048 C6 50 A0         [ 1]  137 	ld	a, 0x50a0
                                    138 ; genAnd
      00004B A4 CF            [ 1]  139 	and	a, #0xcf
                                    140 ; genPointerSet
      00004D C7 50 A0         [ 1]  141 	ld	0x50a0, a
                                    142 ;	../SPLSPL/src/stm8s_exti_EXTI_SetExtIntSensitivity.c: 61: EXTI->CR1 |= (uint8_t)((uint8_t)(SensitivityValue) << 4);
                                    143 ; genPointerGet
      000050 C6 50 A0         [ 1]  144 	ld	a, 0x50a0
      000053 6B 01            [ 1]  145 	ld	(0x01, sp), a
                                    146 ; genLeftShiftLiteral
      000055 90 9F            [ 1]  147 	ld	a, yl
      000057 4E               [ 1]  148 	swap	a
      000058 A4 F0            [ 1]  149 	and	a, #0xf0
                                    150 ; genOr
      00005A 1A 01            [ 1]  151 	or	a, (0x01, sp)
                                    152 ; genPointerSet
      00005C C7 50 A0         [ 1]  153 	ld	0x50a0, a
                                    154 ;	../SPLSPL/src/stm8s_exti_EXTI_SetExtIntSensitivity.c: 62: break;
                                    155 ; genGoto
      00005F CCr00r8E         [ 2]  156 	jp	00108$
                                    157 ;	../SPLSPL/src/stm8s_exti_EXTI_SetExtIntSensitivity.c: 63: case EXTI_PORT_GPIOD:
                                    158 ; genLabel
      000062                        159 00104$:
                                    160 ;	../SPLSPL/src/stm8s_exti_EXTI_SetExtIntSensitivity.c: 64: EXTI->CR1 &= (uint8_t)(~EXTI_CR1_PDIS);
                                    161 ; genPointerGet
      000062 C6 50 A0         [ 1]  162 	ld	a, 0x50a0
                                    163 ; genAnd
      000065 A4 3F            [ 1]  164 	and	a, #0x3f
                                    165 ; genPointerSet
      000067 C7 50 A0         [ 1]  166 	ld	0x50a0, a
                                    167 ;	../SPLSPL/src/stm8s_exti_EXTI_SetExtIntSensitivity.c: 65: EXTI->CR1 |= (uint8_t)((uint8_t)(SensitivityValue) << 6);
                                    168 ; genPointerGet
      00006A C6 50 A0         [ 1]  169 	ld	a, 0x50a0
      00006D 6B 01            [ 1]  170 	ld	(0x01, sp), a
                                    171 ; genLeftShiftLiteral
      00006F 90 9F            [ 1]  172 	ld	a, yl
      000071 4E               [ 1]  173 	swap	a
      000072 A4 F0            [ 1]  174 	and	a, #0xf0
      000074 48               [ 1]  175 	sll	a
      000075 48               [ 1]  176 	sll	a
                                    177 ; genOr
      000076 1A 01            [ 1]  178 	or	a, (0x01, sp)
                                    179 ; genPointerSet
      000078 C7 50 A0         [ 1]  180 	ld	0x50a0, a
                                    181 ;	../SPLSPL/src/stm8s_exti_EXTI_SetExtIntSensitivity.c: 66: break;
                                    182 ; genGoto
      00007B CCr00r8E         [ 2]  183 	jp	00108$
                                    184 ;	../SPLSPL/src/stm8s_exti_EXTI_SetExtIntSensitivity.c: 67: case EXTI_PORT_GPIOE:
                                    185 ; genLabel
      00007E                        186 00105$:
                                    187 ;	../SPLSPL/src/stm8s_exti_EXTI_SetExtIntSensitivity.c: 68: EXTI->CR2 &= (uint8_t)(~EXTI_CR2_PEIS);
                                    188 ; genPointerGet
      00007E C6 50 A1         [ 1]  189 	ld	a, 0x50a1
                                    190 ; genAnd
      000081 A4 FC            [ 1]  191 	and	a, #0xfc
                                    192 ; genPointerSet
      000083 C7 50 A1         [ 1]  193 	ld	0x50a1, a
                                    194 ;	../SPLSPL/src/stm8s_exti_EXTI_SetExtIntSensitivity.c: 69: EXTI->CR2 |= (uint8_t)(SensitivityValue);
                                    195 ; genPointerGet
      000086 C6 50 A1         [ 1]  196 	ld	a, 0x50a1
                                    197 ; genOr
      000089 1A 04            [ 1]  198 	or	a, (0x04, sp)
                                    199 ; genPointerSet
      00008B C7 50 A1         [ 1]  200 	ld	0x50a1, a
                                    201 ;	../SPLSPL/src/stm8s_exti_EXTI_SetExtIntSensitivity.c: 73: }
                                    202 ; genLabel
      00008E                        203 00108$:
                                    204 ;	../SPLSPL/src/stm8s_exti_EXTI_SetExtIntSensitivity.c: 74: }
                                    205 ; genEndFunction
      00008E 84               [ 1]  206 	pop	a
      00008F 85               [ 2]  207 	popw	x
      000090 84               [ 1]  208 	pop	a
      000091 FC               [ 2]  209 	jp	(x)
                                    210 	.area CODE
                                    211 	.area CONST
                                    212 	.area INITIALIZER
                                    213 	.area CABS (ABS)
