                                      1 ;--------------------------------------------------------
                                      2 ; File Created by SDCC : free open source ISO C Compiler 
                                      3 ; Version 4.4.0 #14620 (Linux)
                                      4 ;--------------------------------------------------------
                                      5 	.module stm8s_i2c_I2C_FastModeDutyCycleConfig
                                      6 	.optsdcc -mstm8
                                      7 	
                                      8 ;--------------------------------------------------------
                                      9 ; Public variables in this module
                                     10 ;--------------------------------------------------------
                                     11 	.globl _I2C_FastModeDutyCycleConfig
                                     12 ;--------------------------------------------------------
                                     13 ; ram data
                                     14 ;--------------------------------------------------------
                                     15 	.area DATA
                                     16 ;--------------------------------------------------------
                                     17 ; ram data
                                     18 ;--------------------------------------------------------
                                     19 	.area INITIALIZED
                                     20 ;--------------------------------------------------------
                                     21 ; absolute external ram data
                                     22 ;--------------------------------------------------------
                                     23 	.area DABS (ABS)
                                     24 
                                     25 ; default segment ordering for linker
                                     26 	.area HOME
                                     27 	.area GSINIT
                                     28 	.area GSFINAL
                                     29 	.area CONST
                                     30 	.area INITIALIZER
                                     31 	.area CODE
                                     32 
                                     33 ;--------------------------------------------------------
                                     34 ; global & static initialisations
                                     35 ;--------------------------------------------------------
                                     36 	.area HOME
                                     37 	.area GSINIT
                                     38 	.area GSFINAL
                                     39 	.area GSINIT
                                     40 ;--------------------------------------------------------
                                     41 ; Home
                                     42 ;--------------------------------------------------------
                                     43 	.area HOME
                                     44 	.area HOME
                                     45 ;--------------------------------------------------------
                                     46 ; code
                                     47 ;--------------------------------------------------------
                                     48 	.area CODE
                                     49 ;	../SPLSPL/src/stm8s_i2c_I2C_FastModeDutyCycleConfig.c: 37: void I2C_FastModeDutyCycleConfig(I2C_DutyCycle_TypeDef I2C_DutyCycle)
                                     50 ; genLabel
                                     51 ;	-----------------------------------------
                                     52 ;	 function I2C_FastModeDutyCycleConfig
                                     53 ;	-----------------------------------------
                                     54 ;	Register assignment is optimal.
                                     55 ;	Stack space usage: 0 bytes.
      000000                         56 _I2C_FastModeDutyCycleConfig:
                                     57 ; genReceive
      000000 97               [ 1]   58 	ld	xl, a
                                     59 ;	../SPLSPL/src/stm8s_i2c_I2C_FastModeDutyCycleConfig.c: 45: I2C->CCRH |= I2C_CCRH_DUTY;
                                     60 ; genPointerGet
      000001 C6 52 1C         [ 1]   61 	ld	a, 0x521c
                                     62 ;	../SPLSPL/src/stm8s_i2c_I2C_FastModeDutyCycleConfig.c: 42: if (I2C_DutyCycle == I2C_DUTYCYCLE_16_9)
                                     63 ; genCmpEQorNE
      000004 88               [ 1]   64 	push	a
      000005 9F               [ 1]   65 	ld	a, xl
      000006 A1 40            [ 1]   66 	cp	a, #0x40
      000008 84               [ 1]   67 	pop	a
      000009 26 03            [ 1]   68 	jrne	00114$
      00000B CCr00r11         [ 2]   69 	jp	00115$
      00000E                         70 00114$:
      00000E CCr00r19         [ 2]   71 	jp	00102$
      000011                         72 00115$:
                                     73 ; skipping generated iCode
                                     74 ;	../SPLSPL/src/stm8s_i2c_I2C_FastModeDutyCycleConfig.c: 45: I2C->CCRH |= I2C_CCRH_DUTY;
                                     75 ; genOr
      000011 AA 40            [ 1]   76 	or	a, #0x40
                                     77 ; genPointerSet
      000013 C7 52 1C         [ 1]   78 	ld	0x521c, a
                                     79 ; genGoto
      000016 CCr00r1E         [ 2]   80 	jp	00104$
                                     81 ; genLabel
      000019                         82 00102$:
                                     83 ;	../SPLSPL/src/stm8s_i2c_I2C_FastModeDutyCycleConfig.c: 50: I2C->CCRH &= (uint8_t)(~I2C_CCRH_DUTY);
                                     84 ; genAnd
      000019 A4 BF            [ 1]   85 	and	a, #0xbf
                                     86 ; genPointerSet
      00001B C7 52 1C         [ 1]   87 	ld	0x521c, a
                                     88 ; genLabel
      00001E                         89 00104$:
                                     90 ;	../SPLSPL/src/stm8s_i2c_I2C_FastModeDutyCycleConfig.c: 52: }
                                     91 ; genEndFunction
      00001E 81               [ 4]   92 	ret
                                     93 	.area CODE
                                     94 	.area CONST
                                     95 	.area INITIALIZER
                                     96 	.area CABS (ABS)
