                                      1 ;--------------------------------------------------------
                                      2 ; File Created by SDCC : free open source ISO C Compiler 
                                      3 ; Version 4.4.0 #14620 (Linux)
                                      4 ;--------------------------------------------------------
                                      5 	.module stm8s_uart1_UART1_ClearFlag
                                      6 	.optsdcc -mstm8
                                      7 	
                                      8 ;--------------------------------------------------------
                                      9 ; Public variables in this module
                                     10 ;--------------------------------------------------------
                                     11 	.globl _UART1_ClearFlag
                                     12 ;--------------------------------------------------------
                                     13 ; ram data
                                     14 ;--------------------------------------------------------
                                     15 	.area DATA
                                     16 ;--------------------------------------------------------
                                     17 ; ram data
                                     18 ;--------------------------------------------------------
                                     19 	.area INITIALIZED
                                     20 ;--------------------------------------------------------
                                     21 ; absolute external ram data
                                     22 ;--------------------------------------------------------
                                     23 	.area DABS (ABS)
                                     24 
                                     25 ; default segment ordering for linker
                                     26 	.area HOME
                                     27 	.area GSINIT
                                     28 	.area GSFINAL
                                     29 	.area CONST
                                     30 	.area INITIALIZER
                                     31 	.area CODE
                                     32 
                                     33 ;--------------------------------------------------------
                                     34 ; global & static initialisations
                                     35 ;--------------------------------------------------------
                                     36 	.area HOME
                                     37 	.area GSINIT
                                     38 	.area GSFINAL
                                     39 	.area GSINIT
                                     40 ;--------------------------------------------------------
                                     41 ; Home
                                     42 ;--------------------------------------------------------
                                     43 	.area HOME
                                     44 	.area HOME
                                     45 ;--------------------------------------------------------
                                     46 ; code
                                     47 ;--------------------------------------------------------
                                     48 	.area CODE
                                     49 ;	../SPLSPL/src/stm8s_uart1_UART1_ClearFlag.c: 57: void UART1_ClearFlag(UART1_Flag_TypeDef UART1_FLAG)
                                     50 ; genLabel
                                     51 ;	-----------------------------------------
                                     52 ;	 function UART1_ClearFlag
                                     53 ;	-----------------------------------------
                                     54 ;	Register assignment is optimal.
                                     55 ;	Stack space usage: 0 bytes.
      000000                         56 _UART1_ClearFlag:
                                     57 ; genReceive
                                     58 ;	../SPLSPL/src/stm8s_uart1_UART1_ClearFlag.c: 62: if (UART1_FLAG == UART1_FLAG_RXNE)
                                     59 ; genCast
                                     60 ; genAssign
                                     61 ; genCmpEQorNE
      000000 A3 00 20         [ 2]   62 	cpw	x, #0x0020
      000003 26 03            [ 1]   63 	jrne	00114$
      000005 CCr00r0B         [ 2]   64 	jp	00115$
      000008                         65 00114$:
      000008 CCr00r12         [ 2]   66 	jp	00102$
      00000B                         67 00115$:
                                     68 ; skipping generated iCode
                                     69 ;	../SPLSPL/src/stm8s_uart1_UART1_ClearFlag.c: 64: UART1->SR = (uint8_t)~(UART1_SR_RXNE);
                                     70 ; genPointerSet
      00000B 35 DF 52 30      [ 1]   71 	mov	0x5230+0, #0xdf
                                     72 ; genGoto
      00000F CCr00r1A         [ 2]   73 	jp	00104$
                                     74 ; genLabel
      000012                         75 00102$:
                                     76 ;	../SPLSPL/src/stm8s_uart1_UART1_ClearFlag.c: 69: UART1->CR4 &= (uint8_t)~(UART1_CR4_LBDF);
                                     77 ; genPointerGet
      000012 C6 52 37         [ 1]   78 	ld	a, 0x5237
                                     79 ; genAnd
      000015 A4 EF            [ 1]   80 	and	a, #0xef
                                     81 ; genPointerSet
      000017 C7 52 37         [ 1]   82 	ld	0x5237, a
                                     83 ; genLabel
      00001A                         84 00104$:
                                     85 ;	../SPLSPL/src/stm8s_uart1_UART1_ClearFlag.c: 71: }
                                     86 ; genEndFunction
      00001A 81               [ 4]   87 	ret
                                     88 	.area CODE
                                     89 	.area CONST
                                     90 	.area INITIALIZER
                                     91 	.area CABS (ABS)
