                                      1 ;--------------------------------------------------------
                                      2 ; File Created by SDCC : free open source ISO C Compiler 
                                      3 ; Version 4.4.0 #14620 (Linux)
                                      4 ;--------------------------------------------------------
                                      5 	.module stm8s_spi_SPI_TransmitCRC
                                      6 	.optsdcc -mstm8
                                      7 	
                                      8 ;--------------------------------------------------------
                                      9 ; Public variables in this module
                                     10 ;--------------------------------------------------------
                                     11 	.globl _SPI_TransmitCRC
                                     12 ;--------------------------------------------------------
                                     13 ; ram data
                                     14 ;--------------------------------------------------------
                                     15 	.area DATA
                                     16 ;--------------------------------------------------------
                                     17 ; ram data
                                     18 ;--------------------------------------------------------
                                     19 	.area INITIALIZED
                                     20 ;--------------------------------------------------------
                                     21 ; absolute external ram data
                                     22 ;--------------------------------------------------------
                                     23 	.area DABS (ABS)
                                     24 
                                     25 ; default segment ordering for linker
                                     26 	.area HOME
                                     27 	.area GSINIT
                                     28 	.area GSFINAL
                                     29 	.area CONST
                                     30 	.area INITIALIZER
                                     31 	.area CODE
                                     32 
                                     33 ;--------------------------------------------------------
                                     34 ; global & static initialisations
                                     35 ;--------------------------------------------------------
                                     36 	.area HOME
                                     37 	.area GSINIT
                                     38 	.area GSFINAL
                                     39 	.area GSINIT
                                     40 ;--------------------------------------------------------
                                     41 ; Home
                                     42 ;--------------------------------------------------------
                                     43 	.area HOME
                                     44 	.area HOME
                                     45 ;--------------------------------------------------------
                                     46 ; code
                                     47 ;--------------------------------------------------------
                                     48 	.area CODE
                                     49 ;	../SPLSPL/src/stm8s_spi_SPI_TransmitCRC.c: 36: void SPI_TransmitCRC(void)
                                     50 ; genLabel
                                     51 ;	-----------------------------------------
                                     52 ;	 function SPI_TransmitCRC
                                     53 ;	-----------------------------------------
                                     54 ;	Register assignment is optimal.
                                     55 ;	Stack space usage: 0 bytes.
      000000                         56 _SPI_TransmitCRC:
                                     57 ;	../SPLSPL/src/stm8s_spi_SPI_TransmitCRC.c: 38: SPI->CR2 |= SPI_CR2_CRCNEXT; /* Enable the CRC transmission*/
                                     58 ; genPointerGet
      000000 C6 52 01         [ 1]   59 	ld	a, 0x5201
                                     60 ; genOr
      000003 AA 10            [ 1]   61 	or	a, #0x10
                                     62 ; genPointerSet
      000005 C7 52 01         [ 1]   63 	ld	0x5201, a
                                     64 ; genLabel
      000008                         65 00101$:
                                     66 ;	../SPLSPL/src/stm8s_spi_SPI_TransmitCRC.c: 39: }
                                     67 ; genEndFunction
      000008 81               [ 4]   68 	ret
                                     69 	.area CODE
                                     70 	.area CONST
                                     71 	.area INITIALIZER
                                     72 	.area CABS (ABS)
