                                      1 ;--------------------------------------------------------
                                      2 ; File Created by SDCC : free open source ISO C Compiler 
                                      3 ; Version 4.4.0 #14620 (Linux)
                                      4 ;--------------------------------------------------------
                                      5 	.module stm8s_clk_CLK_GetITStatus
                                      6 	.optsdcc -mstm8
                                      7 	
                                      8 ;--------------------------------------------------------
                                      9 ; Public variables in this module
                                     10 ;--------------------------------------------------------
                                     11 	.globl _CLK_GetITStatus
                                     12 ;--------------------------------------------------------
                                     13 ; ram data
                                     14 ;--------------------------------------------------------
                                     15 	.area DATA
                                     16 ;--------------------------------------------------------
                                     17 ; ram data
                                     18 ;--------------------------------------------------------
                                     19 	.area INITIALIZED
                                     20 ;--------------------------------------------------------
                                     21 ; absolute external ram data
                                     22 ;--------------------------------------------------------
                                     23 	.area DABS (ABS)
                                     24 
                                     25 ; default segment ordering for linker
                                     26 	.area HOME
                                     27 	.area GSINIT
                                     28 	.area GSFINAL
                                     29 	.area CONST
                                     30 	.area INITIALIZER
                                     31 	.area CODE
                                     32 
                                     33 ;--------------------------------------------------------
                                     34 ; global & static initialisations
                                     35 ;--------------------------------------------------------
                                     36 	.area HOME
                                     37 	.area GSINIT
                                     38 	.area GSFINAL
                                     39 	.area GSINIT
                                     40 ;--------------------------------------------------------
                                     41 ; Home
                                     42 ;--------------------------------------------------------
                                     43 	.area HOME
                                     44 	.area HOME
                                     45 ;--------------------------------------------------------
                                     46 ; code
                                     47 ;--------------------------------------------------------
                                     48 	.area CODE
                                     49 ;	../SPLSPL/src/stm8s_clk_CLK_GetITStatus.c: 37: ITStatus CLK_GetITStatus(CLK_IT_TypeDef CLK_IT)
                                     50 ; genLabel
                                     51 ;	-----------------------------------------
                                     52 ;	 function CLK_GetITStatus
                                     53 ;	-----------------------------------------
                                     54 ;	Register assignment is optimal.
                                     55 ;	Stack space usage: 1 bytes.
      000000                         56 _CLK_GetITStatus:
      000000 88               [ 1]   57 	push	a
                                     58 ; genReceive
      000001 6B 01            [ 1]   59 	ld	(0x01, sp), a
                                     60 ;	../SPLSPL/src/stm8s_clk_CLK_GetITStatus.c: 44: if (CLK_IT == CLK_IT_SWIF)
                                     61 ; genCmpEQorNE
      000003 7B 01            [ 1]   62 	ld	a, (0x01, sp)
      000005 A1 1C            [ 1]   63 	cp	a, #0x1c
      000007 26 03            [ 1]   64 	jrne	00134$
      000009 CCr00r0F         [ 2]   65 	jp	00135$
      00000C                         66 00134$:
      00000C CCr00r27         [ 2]   67 	jp	00108$
      00000F                         68 00135$:
                                     69 ; skipping generated iCode
                                     70 ;	../SPLSPL/src/stm8s_clk_CLK_GetITStatus.c: 47: if ((CLK->SWCR & (uint8_t)CLK_IT) == (uint8_t)0x0C)
                                     71 ; genPointerGet
      00000F C6 50 C5         [ 1]   72 	ld	a, 0x50c5
                                     73 ; genAnd
      000012 14 01            [ 1]   74 	and	a, (0x01, sp)
                                     75 ; genCmpEQorNE
      000014 A1 0C            [ 1]   76 	cp	a, #0x0c
      000016 26 03            [ 1]   77 	jrne	00137$
      000018 CCr00r1E         [ 2]   78 	jp	00138$
      00001B                         79 00137$:
      00001B CCr00r23         [ 2]   80 	jp	00102$
      00001E                         81 00138$:
                                     82 ; skipping generated iCode
                                     83 ;	../SPLSPL/src/stm8s_clk_CLK_GetITStatus.c: 49: bitstatus = SET;
                                     84 ; genAssign
      00001E A6 01            [ 1]   85 	ld	a, #0x01
                                     86 ; genGoto
      000020 CCr00r3C         [ 2]   87 	jp	00109$
                                     88 ; genLabel
      000023                         89 00102$:
                                     90 ;	../SPLSPL/src/stm8s_clk_CLK_GetITStatus.c: 53: bitstatus = RESET;
                                     91 ; genAssign
      000023 4F               [ 1]   92 	clr	a
                                     93 ; genGoto
      000024 CCr00r3C         [ 2]   94 	jp	00109$
                                     95 ; genLabel
      000027                         96 00108$:
                                     97 ;	../SPLSPL/src/stm8s_clk_CLK_GetITStatus.c: 59: if ((CLK->CSSR & (uint8_t)CLK_IT) == (uint8_t)0x0C)
                                     98 ; genPointerGet
      000027 C6 50 C8         [ 1]   99 	ld	a, 0x50c8
                                    100 ; genAnd
      00002A 14 01            [ 1]  101 	and	a, (0x01, sp)
                                    102 ; genCmpEQorNE
      00002C A1 0C            [ 1]  103 	cp	a, #0x0c
      00002E 26 03            [ 1]  104 	jrne	00140$
      000030 CCr00r36         [ 2]  105 	jp	00141$
      000033                        106 00140$:
      000033 CCr00r3B         [ 2]  107 	jp	00105$
      000036                        108 00141$:
                                    109 ; skipping generated iCode
                                    110 ;	../SPLSPL/src/stm8s_clk_CLK_GetITStatus.c: 61: bitstatus = SET;
                                    111 ; genAssign
      000036 A6 01            [ 1]  112 	ld	a, #0x01
                                    113 ; genGoto
      000038 CCr00r3C         [ 2]  114 	jp	00109$
                                    115 ; genLabel
      00003B                        116 00105$:
                                    117 ;	../SPLSPL/src/stm8s_clk_CLK_GetITStatus.c: 65: bitstatus = RESET;
                                    118 ; genAssign
      00003B 4F               [ 1]  119 	clr	a
                                    120 ; genLabel
      00003C                        121 00109$:
                                    122 ;	../SPLSPL/src/stm8s_clk_CLK_GetITStatus.c: 70: return bitstatus;
                                    123 ; genReturn
                                    124 ; genLabel
      00003C                        125 00110$:
                                    126 ;	../SPLSPL/src/stm8s_clk_CLK_GetITStatus.c: 71: }
                                    127 ; genEndFunction
      00003C 5B 01            [ 2]  128 	addw	sp, #1
      00003E 81               [ 4]  129 	ret
                                    130 	.area CODE
                                    131 	.area CONST
                                    132 	.area INITIALIZER
                                    133 	.area CABS (ABS)
