                                      1 ;--------------------------------------------------------
                                      2 ; File Created by SDCC : free open source ISO C Compiler 
                                      3 ; Version 4.4.0 #14620 (Linux)
                                      4 ;--------------------------------------------------------
                                      5 	.module stm8s_uart1_UART1_ReceiveData9
                                      6 	.optsdcc -mstm8
                                      7 	
                                      8 ;--------------------------------------------------------
                                      9 ; Public variables in this module
                                     10 ;--------------------------------------------------------
                                     11 	.globl _UART1_ReceiveData9
                                     12 ;--------------------------------------------------------
                                     13 ; ram data
                                     14 ;--------------------------------------------------------
                                     15 	.area DATA
                                     16 ;--------------------------------------------------------
                                     17 ; ram data
                                     18 ;--------------------------------------------------------
                                     19 	.area INITIALIZED
                                     20 ;--------------------------------------------------------
                                     21 ; absolute external ram data
                                     22 ;--------------------------------------------------------
                                     23 	.area DABS (ABS)
                                     24 
                                     25 ; default segment ordering for linker
                                     26 	.area HOME
                                     27 	.area GSINIT
                                     28 	.area GSFINAL
                                     29 	.area CONST
                                     30 	.area INITIALIZER
                                     31 	.area CODE
                                     32 
                                     33 ;--------------------------------------------------------
                                     34 ; global & static initialisations
                                     35 ;--------------------------------------------------------
                                     36 	.area HOME
                                     37 	.area GSINIT
                                     38 	.area GSFINAL
                                     39 	.area GSINIT
                                     40 ;--------------------------------------------------------
                                     41 ; Home
                                     42 ;--------------------------------------------------------
                                     43 	.area HOME
                                     44 	.area HOME
                                     45 ;--------------------------------------------------------
                                     46 ; code
                                     47 ;--------------------------------------------------------
                                     48 	.area CODE
                                     49 ;	../SPLSPL/src/stm8s_uart1_UART1_ReceiveData9.c: 36: uint16_t UART1_ReceiveData9(void)
                                     50 ; genLabel
                                     51 ;	-----------------------------------------
                                     52 ;	 function UART1_ReceiveData9
                                     53 ;	-----------------------------------------
                                     54 ;	Register assignment might be sub-optimal.
                                     55 ;	Stack space usage: 0 bytes.
      000000                         56 _UART1_ReceiveData9:
                                     57 ;	../SPLSPL/src/stm8s_uart1_UART1_ReceiveData9.c: 40: temp = (uint16_t)(((uint16_t)( (uint16_t)UART1->CR1 & (uint16_t)UART1_CR1_R8)) << 1);
                                     58 ; genPointerGet
      000000 C6 52 34         [ 1]   59 	ld	a, 0x5234
                                     60 ; genCast
                                     61 ; genAssign
      000003 5F               [ 1]   62 	clrw	x
                                     63 ; genAnd
      000004 A4 80            [ 1]   64 	and	a, #0x80
      000006 97               [ 1]   65 	ld	xl, a
      000007 4F               [ 1]   66 	clr	a
      000008 95               [ 1]   67 	ld	xh, a
                                     68 ; genLeftShiftLiteral
      000009 58               [ 2]   69 	sllw	x
      00000A 51               [ 1]   70 	exgw	x, y
                                     71 ;	../SPLSPL/src/stm8s_uart1_UART1_ReceiveData9.c: 41: return (uint16_t)( (((uint16_t) UART1->DR) | temp ) & ((uint16_t)0x01FF));
                                     72 ; genPointerGet
      00000B C6 52 31         [ 1]   73 	ld	a, 0x5231
                                     74 ; genCast
                                     75 ; genAssign
      00000E 5F               [ 1]   76 	clrw	x
      00000F 97               [ 1]   77 	ld	xl, a
                                     78 ; genOr
                                     79 ; genAnd
      000010 90 9E            [ 1]   80 	ld	a, yh
      000012 A4 01            [ 1]   81 	and	a, #0x01
                                     82 ; genReturn
      000014 95               [ 1]   83 	ld	xh, a
                                     84 ; genLabel
      000015                         85 00101$:
                                     86 ;	../SPLSPL/src/stm8s_uart1_UART1_ReceiveData9.c: 42: }
                                     87 ; genEndFunction
      000015 81               [ 4]   88 	ret
                                     89 	.area CODE
                                     90 	.area CONST
                                     91 	.area INITIALIZER
                                     92 	.area CABS (ABS)
