                                      1 ;--------------------------------------------------------
                                      2 ; File Created by SDCC : free open source ISO C Compiler 
                                      3 ; Version 4.4.0 #14620 (Linux)
                                      4 ;--------------------------------------------------------
                                      5 	.module stm8s_adc2_ADC2_ExternalTriggerConfig
                                      6 	.optsdcc -mstm8
                                      7 	
                                      8 ;--------------------------------------------------------
                                      9 ; Public variables in this module
                                     10 ;--------------------------------------------------------
                                     11 	.globl _ADC2_ExternalTriggerConfig
                                     12 ;--------------------------------------------------------
                                     13 ; ram data
                                     14 ;--------------------------------------------------------
                                     15 	.area DATA
                                     16 ;--------------------------------------------------------
                                     17 ; ram data
                                     18 ;--------------------------------------------------------
                                     19 	.area INITIALIZED
                                     20 ;--------------------------------------------------------
                                     21 ; absolute external ram data
                                     22 ;--------------------------------------------------------
                                     23 	.area DABS (ABS)
                                     24 
                                     25 ; default segment ordering for linker
                                     26 	.area HOME
                                     27 	.area GSINIT
                                     28 	.area GSFINAL
                                     29 	.area CONST
                                     30 	.area INITIALIZER
                                     31 	.area CODE
                                     32 
                                     33 ;--------------------------------------------------------
                                     34 ; global & static initialisations
                                     35 ;--------------------------------------------------------
                                     36 	.area HOME
                                     37 	.area GSINIT
                                     38 	.area GSFINAL
                                     39 	.area GSINIT
                                     40 ;--------------------------------------------------------
                                     41 ; Home
                                     42 ;--------------------------------------------------------
                                     43 	.area HOME
                                     44 	.area HOME
                                     45 ;--------------------------------------------------------
                                     46 ; code
                                     47 ;--------------------------------------------------------
                                     48 	.area CODE
                                     49 ;	../SPLSPL/src/stm8s_adc2_ADC2_ExternalTriggerConfig.c: 41: void ADC2_ExternalTriggerConfig(ADC2_ExtTrig_TypeDef ADC2_ExtTrigger, FunctionalState NewState)
                                     50 ; genLabel
                                     51 ;	-----------------------------------------
                                     52 ;	 function ADC2_ExternalTriggerConfig
                                     53 ;	-----------------------------------------
                                     54 ;	Register assignment is optimal.
                                     55 ;	Stack space usage: 0 bytes.
      000000                         56 _ADC2_ExternalTriggerConfig:
                                     57 ; genReceive
      000000 97               [ 1]   58 	ld	xl, a
                                     59 ;	../SPLSPL/src/stm8s_adc2_ADC2_ExternalTriggerConfig.c: 48: ADC2->CR2 &= (uint8_t)(~ADC2_CR2_EXTSEL);
                                     60 ; genPointerGet
      000001 C6 54 02         [ 1]   61 	ld	a, 0x5402
                                     62 ; genAnd
      000004 A4 CF            [ 1]   63 	and	a, #0xcf
                                     64 ; genPointerSet
      000006 C7 54 02         [ 1]   65 	ld	0x5402, a
                                     66 ; genPointerGet
      000009 C6 54 02         [ 1]   67 	ld	a, 0x5402
                                     68 ;	../SPLSPL/src/stm8s_adc2_ADC2_ExternalTriggerConfig.c: 50: if (NewState != DISABLE)
                                     69 ; genIfx
      00000C 0D 03            [ 1]   70 	tnz	(0x03, sp)
      00000E 26 03            [ 1]   71 	jrne	00113$
      000010 CCr00r1B         [ 2]   72 	jp	00102$
      000013                         73 00113$:
                                     74 ;	../SPLSPL/src/stm8s_adc2_ADC2_ExternalTriggerConfig.c: 53: ADC2->CR2 |= (uint8_t)(ADC2_CR2_EXTTRIG);
                                     75 ; genOr
      000013 AA 40            [ 1]   76 	or	a, #0x40
                                     77 ; genPointerSet
      000015 C7 54 02         [ 1]   78 	ld	0x5402, a
                                     79 ; genGoto
      000018 CCr00r20         [ 2]   80 	jp	00103$
                                     81 ; genLabel
      00001B                         82 00102$:
                                     83 ;	../SPLSPL/src/stm8s_adc2_ADC2_ExternalTriggerConfig.c: 58: ADC2->CR2 &= (uint8_t)(~ADC2_CR2_EXTTRIG);
                                     84 ; genAnd
      00001B A4 BF            [ 1]   85 	and	a, #0xbf
                                     86 ; genPointerSet
      00001D C7 54 02         [ 1]   87 	ld	0x5402, a
                                     88 ; genLabel
      000020                         89 00103$:
                                     90 ;	../SPLSPL/src/stm8s_adc2_ADC2_ExternalTriggerConfig.c: 62: ADC2->CR2 |= (uint8_t)(ADC2_ExtTrigger);
                                     91 ; genPointerGet
      000020 C6 54 02         [ 1]   92 	ld	a, 0x5402
                                     93 ; genCast
                                     94 ; genAssign
                                     95 ; genOr
      000023 89               [ 2]   96 	pushw	x
      000024 1A 02            [ 1]   97 	or	a, (2, sp)
      000026 85               [ 2]   98 	popw	x
                                     99 ; genPointerSet
      000027 C7 54 02         [ 1]  100 	ld	0x5402, a
                                    101 ; genLabel
      00002A                        102 00104$:
                                    103 ;	../SPLSPL/src/stm8s_adc2_ADC2_ExternalTriggerConfig.c: 63: }
                                    104 ; genEndFunction
      00002A 85               [ 2]  105 	popw	x
      00002B 84               [ 1]  106 	pop	a
      00002C FC               [ 2]  107 	jp	(x)
                                    108 	.area CODE
                                    109 	.area CONST
                                    110 	.area INITIALIZER
                                    111 	.area CABS (ABS)
