                                      1 ;--------------------------------------------------------
                                      2 ; File Created by SDCC : free open source ISO C Compiler 
                                      3 ; Version 4.4.0 #14620 (Linux)
                                      4 ;--------------------------------------------------------
                                      5 	.module stm8s_flash_FLASH_ReadOptionByte
                                      6 	.optsdcc -mstm8
                                      7 	
                                      8 ;--------------------------------------------------------
                                      9 ; Public variables in this module
                                     10 ;--------------------------------------------------------
                                     11 	.globl _FLASH_ReadOptionByte
                                     12 ;--------------------------------------------------------
                                     13 ; ram data
                                     14 ;--------------------------------------------------------
                                     15 	.area DATA
                                     16 ;--------------------------------------------------------
                                     17 ; ram data
                                     18 ;--------------------------------------------------------
                                     19 	.area INITIALIZED
                                     20 ;--------------------------------------------------------
                                     21 ; absolute external ram data
                                     22 ;--------------------------------------------------------
                                     23 	.area DABS (ABS)
                                     24 
                                     25 ; default segment ordering for linker
                                     26 	.area HOME
                                     27 	.area GSINIT
                                     28 	.area GSFINAL
                                     29 	.area CONST
                                     30 	.area INITIALIZER
                                     31 	.area CODE
                                     32 
                                     33 ;--------------------------------------------------------
                                     34 ; global & static initialisations
                                     35 ;--------------------------------------------------------
                                     36 	.area HOME
                                     37 	.area GSINIT
                                     38 	.area GSFINAL
                                     39 	.area GSINIT
                                     40 ;--------------------------------------------------------
                                     41 ; Home
                                     42 ;--------------------------------------------------------
                                     43 	.area HOME
                                     44 	.area HOME
                                     45 ;--------------------------------------------------------
                                     46 ; code
                                     47 ;--------------------------------------------------------
                                     48 	.area CODE
                                     49 ;	../SPLSPL/src/stm8s_flash_FLASH_ReadOptionByte.c: 36: uint16_t FLASH_ReadOptionByte(uint16_t Address)
                                     50 ; genLabel
                                     51 ;	-----------------------------------------
                                     52 ;	 function FLASH_ReadOptionByte
                                     53 ;	-----------------------------------------
                                     54 ;	Register assignment might be sub-optimal.
                                     55 ;	Stack space usage: 2 bytes.
      000000                         56 _FLASH_ReadOptionByte:
      000000 89               [ 2]   57 	pushw	x
                                     58 ; genReceive
      000001 51               [ 1]   59 	exgw	x, y
                                     60 ;	../SPLSPL/src/stm8s_flash_FLASH_ReadOptionByte.c: 44: value_optbyte = *((NEAR uint8_t*)Address); /* Read option byte */
                                     61 ; genCast
                                     62 ; genAssign
      000002 93               [ 1]   63 	ldw	x, y
                                     64 ; genPointerGet
      000003 F6               [ 1]   65 	ld	a, (x)
      000004 6B 01            [ 1]   66 	ld	(0x01, sp), a
                                     67 ;	../SPLSPL/src/stm8s_flash_FLASH_ReadOptionByte.c: 45: value_optbyte_complement = *(((NEAR uint8_t*)Address) + 1); /* Read option byte complement */
                                     68 ; genAssign
                                     69 ; genPointerGet
      000006 E6 01            [ 1]   70 	ld	a, (0x1, x)
      000008 6B 02            [ 1]   71 	ld	(0x02, sp), a
                                     72 ;	../SPLSPL/src/stm8s_flash_FLASH_ReadOptionByte.c: 48: if(Address == 0x4800)	 
                                     73 ; genCast
                                     74 ; genAssign
                                     75 ;	../SPLSPL/src/stm8s_flash_FLASH_ReadOptionByte.c: 50: res_value =	 value_optbyte;
                                     76 ; genCast
                                     77 ; genAssign
      00000A 5F               [ 1]   78 	clrw	x
      00000B 7B 01            [ 1]   79 	ld	a, (0x01, sp)
      00000D 97               [ 1]   80 	ld	xl, a
                                     81 ;	../SPLSPL/src/stm8s_flash_FLASH_ReadOptionByte.c: 48: if(Address == 0x4800)	 
                                     82 ; genCmpEQorNE
      00000E 90 A3 48 00      [ 2]   83 	cpw	y, #0x4800
      000012 26 03            [ 1]   84 	jrne	00124$
      000014 CCr00r1A         [ 2]   85 	jp	00125$
      000017                         86 00124$:
      000017 CCr00r1D         [ 2]   87 	jp	00105$
      00001A                         88 00125$:
                                     89 ; skipping generated iCode
                                     90 ;	../SPLSPL/src/stm8s_flash_FLASH_ReadOptionByte.c: 50: res_value =	 value_optbyte;
                                     91 ; genAssign
                                     92 ; genGoto
      00001A CCr00r39         [ 2]   93 	jp	00106$
                                     94 ; genLabel
      00001D                         95 00105$:
                                     96 ;	../SPLSPL/src/stm8s_flash_FLASH_ReadOptionByte.c: 54: if(value_optbyte == (uint8_t)(~value_optbyte_complement))
                                     97 ; genCpl
      00001D 7B 02            [ 1]   98 	ld	a, (0x02, sp)
      00001F 43               [ 1]   99 	cpl	a
                                    100 ; genCmpEQorNE
      000020 11 01            [ 1]  101 	cp	a, (0x01, sp)
      000022 26 03            [ 1]  102 	jrne	00127$
      000024 CCr00r2A         [ 2]  103 	jp	00128$
      000027                        104 00127$:
      000027 CCr00r36         [ 2]  105 	jp	00102$
      00002A                        106 00128$:
                                    107 ; skipping generated iCode
                                    108 ;	../SPLSPL/src/stm8s_flash_FLASH_ReadOptionByte.c: 56: res_value = (uint16_t)((uint16_t)value_optbyte << 8);
                                    109 ; genLeftShiftLiteral
      00002A 4F               [ 1]  110 	clr	a
      00002B 02               [ 1]  111 	rlwa	x
                                    112 ;	../SPLSPL/src/stm8s_flash_FLASH_ReadOptionByte.c: 57: res_value = res_value | (uint16_t)value_optbyte_complement;
                                    113 ; genCast
                                    114 ; genAssign
      00002C 7B 02            [ 1]  115 	ld	a, (0x02, sp)
      00002E 0F 01            [ 1]  116 	clr	(0x01, sp)
                                    117 ; genOr
      000030 89               [ 2]  118 	pushw	x
      000031 85               [ 2]  119 	popw	x
      000032 97               [ 1]  120 	ld	xl, a
                                    121 ; genGoto
      000033 CCr00r39         [ 2]  122 	jp	00106$
                                    123 ; genLabel
      000036                        124 00102$:
                                    125 ;	../SPLSPL/src/stm8s_flash_FLASH_ReadOptionByte.c: 61: res_value = FLASH_OPTIONBYTE_ERROR;
                                    126 ; genAssign
      000036 AE 55 55         [ 2]  127 	ldw	x, #0x5555
                                    128 ; genLabel
      000039                        129 00106$:
                                    130 ;	../SPLSPL/src/stm8s_flash_FLASH_ReadOptionByte.c: 64: return(res_value);
                                    131 ; genReturn
                                    132 ; genLabel
      000039                        133 00107$:
                                    134 ;	../SPLSPL/src/stm8s_flash_FLASH_ReadOptionByte.c: 65: }
                                    135 ; genEndFunction
      000039 5B 02            [ 2]  136 	addw	sp, #2
      00003B 81               [ 4]  137 	ret
                                    138 	.area CODE
                                    139 	.area CONST
                                    140 	.area INITIALIZER
                                    141 	.area CABS (ABS)
