                                      1 ;--------------------------------------------------------
                                      2 ; File Created by SDCC : free open source ISO C Compiler 
                                      3 ; Version 4.4.0 #14620 (Linux)
                                      4 ;--------------------------------------------------------
                                      5 	.module stm8s_adc2_ADC2_ConversionConfig
                                      6 	.optsdcc -mstm8
                                      7 	
                                      8 ;--------------------------------------------------------
                                      9 ; Public variables in this module
                                     10 ;--------------------------------------------------------
                                     11 	.globl _ADC2_ConversionConfig
                                     12 ;--------------------------------------------------------
                                     13 ; ram data
                                     14 ;--------------------------------------------------------
                                     15 	.area DATA
                                     16 ;--------------------------------------------------------
                                     17 ; ram data
                                     18 ;--------------------------------------------------------
                                     19 	.area INITIALIZED
                                     20 ;--------------------------------------------------------
                                     21 ; absolute external ram data
                                     22 ;--------------------------------------------------------
                                     23 	.area DABS (ABS)
                                     24 
                                     25 ; default segment ordering for linker
                                     26 	.area HOME
                                     27 	.area GSINIT
                                     28 	.area GSFINAL
                                     29 	.area CONST
                                     30 	.area INITIALIZER
                                     31 	.area CODE
                                     32 
                                     33 ;--------------------------------------------------------
                                     34 ; global & static initialisations
                                     35 ;--------------------------------------------------------
                                     36 	.area HOME
                                     37 	.area GSINIT
                                     38 	.area GSFINAL
                                     39 	.area GSINIT
                                     40 ;--------------------------------------------------------
                                     41 ; Home
                                     42 ;--------------------------------------------------------
                                     43 	.area HOME
                                     44 	.area HOME
                                     45 ;--------------------------------------------------------
                                     46 ; code
                                     47 ;--------------------------------------------------------
                                     48 	.area CODE
                                     49 ;	../SPLSPL/src/stm8s_adc2_ADC2_ConversionConfig.c: 41: void ADC2_ConversionConfig(ADC2_ConvMode_TypeDef ADC2_ConversionMode, ADC2_Channel_TypeDef ADC2_Channel, ADC2_Align_TypeDef ADC2_Align)
                                     50 ; genLabel
                                     51 ;	-----------------------------------------
                                     52 ;	 function ADC2_ConversionConfig
                                     53 ;	-----------------------------------------
                                     54 ;	Register assignment is optimal.
                                     55 ;	Stack space usage: 1 bytes.
      000000                         56 _ADC2_ConversionConfig:
      000000 88               [ 1]   57 	push	a
                                     58 ; genReceive
      000001 6B 01            [ 1]   59 	ld	(0x01, sp), a
                                     60 ;	../SPLSPL/src/stm8s_adc2_ADC2_ConversionConfig.c: 49: ADC2->CR2 &= (uint8_t)(~ADC2_CR2_ALIGN);
                                     61 ; genPointerGet
      000003 C6 54 02         [ 1]   62 	ld	a, 0x5402
                                     63 ; genAnd
      000006 A4 F7            [ 1]   64 	and	a, #0xf7
                                     65 ; genPointerSet
      000008 C7 54 02         [ 1]   66 	ld	0x5402, a
                                     67 ;	../SPLSPL/src/stm8s_adc2_ADC2_ConversionConfig.c: 51: ADC2->CR2 |= (uint8_t)(ADC2_Align);
                                     68 ; genPointerGet
      00000B C6 54 02         [ 1]   69 	ld	a, 0x5402
                                     70 ; genOr
      00000E 1A 05            [ 1]   71 	or	a, (0x05, sp)
                                     72 ; genPointerSet
      000010 C7 54 02         [ 1]   73 	ld	0x5402, a
                                     74 ;	../SPLSPL/src/stm8s_adc2_ADC2_ConversionConfig.c: 56: ADC2->CR1 |= ADC2_CR1_CONT;
                                     75 ; genPointerGet
      000013 C6 54 01         [ 1]   76 	ld	a, 0x5401
                                     77 ;	../SPLSPL/src/stm8s_adc2_ADC2_ConversionConfig.c: 53: if (ADC2_ConversionMode == ADC2_CONVERSIONMODE_CONTINUOUS)
                                     78 ; genIfx
      000016 0D 01            [ 1]   79 	tnz	(0x01, sp)
      000018 26 03            [ 1]   80 	jrne	00113$
      00001A CCr00r25         [ 2]   81 	jp	00102$
      00001D                         82 00113$:
                                     83 ;	../SPLSPL/src/stm8s_adc2_ADC2_ConversionConfig.c: 56: ADC2->CR1 |= ADC2_CR1_CONT;
                                     84 ; genOr
      00001D AA 02            [ 1]   85 	or	a, #0x02
                                     86 ; genPointerSet
      00001F C7 54 01         [ 1]   87 	ld	0x5401, a
                                     88 ; genGoto
      000022 CCr00r2A         [ 2]   89 	jp	00103$
                                     90 ; genLabel
      000025                         91 00102$:
                                     92 ;	../SPLSPL/src/stm8s_adc2_ADC2_ConversionConfig.c: 61: ADC2->CR1 &= (uint8_t)(~ADC2_CR1_CONT);
                                     93 ; genAnd
      000025 A4 FD            [ 1]   94 	and	a, #0xfd
                                     95 ; genPointerSet
      000027 C7 54 01         [ 1]   96 	ld	0x5401, a
                                     97 ; genLabel
      00002A                         98 00103$:
                                     99 ;	../SPLSPL/src/stm8s_adc2_ADC2_ConversionConfig.c: 65: ADC2->CSR &= (uint8_t)(~ADC2_CSR_CH);
                                    100 ; genPointerGet
      00002A C6 54 00         [ 1]  101 	ld	a, 0x5400
                                    102 ; genAnd
      00002D A4 F0            [ 1]  103 	and	a, #0xf0
                                    104 ; genPointerSet
      00002F C7 54 00         [ 1]  105 	ld	0x5400, a
                                    106 ;	../SPLSPL/src/stm8s_adc2_ADC2_ConversionConfig.c: 67: ADC2->CSR |= (uint8_t)(ADC2_Channel);
                                    107 ; genPointerGet
      000032 C6 54 00         [ 1]  108 	ld	a, 0x5400
                                    109 ; genOr
      000035 1A 04            [ 1]  110 	or	a, (0x04, sp)
                                    111 ; genPointerSet
      000037 C7 54 00         [ 1]  112 	ld	0x5400, a
                                    113 ; genLabel
      00003A                        114 00104$:
                                    115 ;	../SPLSPL/src/stm8s_adc2_ADC2_ConversionConfig.c: 68: }
                                    116 ; genEndFunction
      00003A 1E 02            [ 2]  117 	ldw	x, (2, sp)
      00003C 5B 05            [ 2]  118 	addw	sp, #5
      00003E FC               [ 2]  119 	jp	(x)
                                    120 	.area CODE
                                    121 	.area CONST
                                    122 	.area INITIALIZER
                                    123 	.area CABS (ABS)
