                                      1 ;--------------------------------------------------------
                                      2 ; File Created by SDCC : free open source ISO C Compiler 
                                      3 ; Version 4.4.0 #14620 (Linux)
                                      4 ;--------------------------------------------------------
                                      5 	.module stm8s_tim3_TIM3_TimeBaseInit
                                      6 	.optsdcc -mstm8
                                      7 	
                                      8 ;--------------------------------------------------------
                                      9 ; Public variables in this module
                                     10 ;--------------------------------------------------------
                                     11 	.globl _TIM3_TimeBaseInit
                                     12 ;--------------------------------------------------------
                                     13 ; ram data
                                     14 ;--------------------------------------------------------
                                     15 	.area DATA
                                     16 ;--------------------------------------------------------
                                     17 ; ram data
                                     18 ;--------------------------------------------------------
                                     19 	.area INITIALIZED
                                     20 ;--------------------------------------------------------
                                     21 ; absolute external ram data
                                     22 ;--------------------------------------------------------
                                     23 	.area DABS (ABS)
                                     24 
                                     25 ; default segment ordering for linker
                                     26 	.area HOME
                                     27 	.area GSINIT
                                     28 	.area GSFINAL
                                     29 	.area CONST
                                     30 	.area INITIALIZER
                                     31 	.area CODE
                                     32 
                                     33 ;--------------------------------------------------------
                                     34 ; global & static initialisations
                                     35 ;--------------------------------------------------------
                                     36 	.area HOME
                                     37 	.area GSINIT
                                     38 	.area GSFINAL
                                     39 	.area GSINIT
                                     40 ;--------------------------------------------------------
                                     41 ; Home
                                     42 ;--------------------------------------------------------
                                     43 	.area HOME
                                     44 	.area HOME
                                     45 ;--------------------------------------------------------
                                     46 ; code
                                     47 ;--------------------------------------------------------
                                     48 	.area CODE
                                     49 ;	../SPLSPL/src/stm8s_tim3_TIM3_TimeBaseInit.c: 37: void TIM3_TimeBaseInit( TIM3_Prescaler_TypeDef TIM3_Prescaler,
                                     50 ; genLabel
                                     51 ;	-----------------------------------------
                                     52 ;	 function TIM3_TimeBaseInit
                                     53 ;	-----------------------------------------
                                     54 ;	Register assignment is optimal.
                                     55 ;	Stack space usage: 0 bytes.
      000000                         56 _TIM3_TimeBaseInit:
                                     57 ; genReceive
                                     58 ; genReceive
                                     59 ;	../SPLSPL/src/stm8s_tim3_TIM3_TimeBaseInit.c: 41: TIM3->PSCR = (uint8_t)(TIM3_Prescaler);
                                     60 ; genPointerSet
      000000 C7 53 2A         [ 1]   61 	ld	0x532a, a
                                     62 ;	../SPLSPL/src/stm8s_tim3_TIM3_TimeBaseInit.c: 43: TIM3->ARRH = (uint8_t)(TIM3_Period >> 8);
                                     63 ; genGetByte
      000003 9E               [ 1]   64 	ld	a, xh
                                     65 ; genPointerSet
      000004 C7 53 2B         [ 1]   66 	ld	0x532b, a
                                     67 ;	../SPLSPL/src/stm8s_tim3_TIM3_TimeBaseInit.c: 44: TIM3->ARRL = (uint8_t)(TIM3_Period);
                                     68 ; genCast
                                     69 ; genAssign
      000007 9F               [ 1]   70 	ld	a, xl
                                     71 ; genPointerSet
      000008 C7 53 2C         [ 1]   72 	ld	0x532c, a
                                     73 ; genLabel
      00000B                         74 00101$:
                                     75 ;	../SPLSPL/src/stm8s_tim3_TIM3_TimeBaseInit.c: 45: }
                                     76 ; genEndFunction
      00000B 81               [ 4]   77 	ret
                                     78 	.area CODE
                                     79 	.area CONST
                                     80 	.area INITIALIZER
                                     81 	.area CABS (ABS)
