                                      1 ;--------------------------------------------------------
                                      2 ; File Created by SDCC : free open source ISO C Compiler 
                                      3 ; Version 4.4.0 #14620 (Linux)
                                      4 ;--------------------------------------------------------
                                      5 	.module stm8s_tim3_TIM3_OC1Init
                                      6 	.optsdcc -mstm8
                                      7 	
                                      8 ;--------------------------------------------------------
                                      9 ; Public variables in this module
                                     10 ;--------------------------------------------------------
                                     11 	.globl _TIM3_OC1Init
                                     12 ;--------------------------------------------------------
                                     13 ; ram data
                                     14 ;--------------------------------------------------------
                                     15 	.area DATA
                                     16 ;--------------------------------------------------------
                                     17 ; ram data
                                     18 ;--------------------------------------------------------
                                     19 	.area INITIALIZED
                                     20 ;--------------------------------------------------------
                                     21 ; absolute external ram data
                                     22 ;--------------------------------------------------------
                                     23 	.area DABS (ABS)
                                     24 
                                     25 ; default segment ordering for linker
                                     26 	.area HOME
                                     27 	.area GSINIT
                                     28 	.area GSFINAL
                                     29 	.area CONST
                                     30 	.area INITIALIZER
                                     31 	.area CODE
                                     32 
                                     33 ;--------------------------------------------------------
                                     34 ; global & static initialisations
                                     35 ;--------------------------------------------------------
                                     36 	.area HOME
                                     37 	.area GSINIT
                                     38 	.area GSFINAL
                                     39 	.area GSINIT
                                     40 ;--------------------------------------------------------
                                     41 ; Home
                                     42 ;--------------------------------------------------------
                                     43 	.area HOME
                                     44 	.area HOME
                                     45 ;--------------------------------------------------------
                                     46 ; code
                                     47 ;--------------------------------------------------------
                                     48 	.area CODE
                                     49 ;	../SPLSPL/src/stm8s_tim3_TIM3_OC1Init.c: 39: void TIM3_OC1Init(TIM3_OCMode_TypeDef TIM3_OCMode,
                                     50 ; genLabel
                                     51 ;	-----------------------------------------
                                     52 ;	 function TIM3_OC1Init
                                     53 ;	-----------------------------------------
                                     54 ;	Register assignment might be sub-optimal.
                                     55 ;	Stack space usage: 3 bytes.
      000000                         56 _TIM3_OC1Init:
      000000 52 03            [ 2]   57 	sub	sp, #3
                                     58 ; genReceive
      000002 6B 03            [ 1]   59 	ld	(0x03, sp), a
                                     60 ;	../SPLSPL/src/stm8s_tim3_TIM3_OC1Init.c: 50: TIM3->CCER1 &= (uint8_t)(~( TIM3_CCER1_CC1E | TIM3_CCER1_CC1P));
                                     61 ; genPointerGet
      000004 C6 53 27         [ 1]   62 	ld	a, 0x5327
                                     63 ; genAnd
      000007 A4 FC            [ 1]   64 	and	a, #0xfc
                                     65 ; genPointerSet
      000009 C7 53 27         [ 1]   66 	ld	0x5327, a
                                     67 ;	../SPLSPL/src/stm8s_tim3_TIM3_OC1Init.c: 52: TIM3->CCER1 |= (uint8_t)((uint8_t)(TIM3_OutputState  & TIM3_CCER1_CC1E   ) | (uint8_t)(TIM3_OCPolarity   & TIM3_CCER1_CC1P   ));
                                     68 ; genPointerGet
      00000C C6 53 27         [ 1]   69 	ld	a, 0x5327
      00000F 6B 01            [ 1]   70 	ld	(0x01, sp), a
                                     71 ; genAnd
      000011 7B 06            [ 1]   72 	ld	a, (0x06, sp)
      000013 A4 01            [ 1]   73 	and	a, #0x01
      000015 6B 02            [ 1]   74 	ld	(0x02, sp), a
                                     75 ; genAnd
      000017 7B 09            [ 1]   76 	ld	a, (0x09, sp)
      000019 A4 02            [ 1]   77 	and	a, #0x02
                                     78 ; genOr
      00001B 1A 02            [ 1]   79 	or	a, (0x02, sp)
                                     80 ; genOr
      00001D 1A 01            [ 1]   81 	or	a, (0x01, sp)
                                     82 ; genPointerSet
      00001F C7 53 27         [ 1]   83 	ld	0x5327, a
                                     84 ;	../SPLSPL/src/stm8s_tim3_TIM3_OC1Init.c: 55: TIM3->CCMR1 = (uint8_t)((uint8_t)(TIM3->CCMR1 & (uint8_t)(~TIM3_CCMR_OCM)) | (uint8_t)TIM3_OCMode);
                                     85 ; genPointerGet
      000022 C6 53 25         [ 1]   86 	ld	a, 0x5325
                                     87 ; genAnd
      000025 A4 8F            [ 1]   88 	and	a, #0x8f
                                     89 ; genOr
      000027 1A 03            [ 1]   90 	or	a, (0x03, sp)
                                     91 ; genPointerSet
      000029 C7 53 25         [ 1]   92 	ld	0x5325, a
                                     93 ;	../SPLSPL/src/stm8s_tim3_TIM3_OC1Init.c: 58: TIM3->CCR1H = (uint8_t)(TIM3_Pulse >> 8);
                                     94 ; genGetByte
      00002C 7B 07            [ 1]   95 	ld	a, (0x07, sp)
                                     96 ; genPointerSet
      00002E C7 53 2D         [ 1]   97 	ld	0x532d, a
                                     98 ;	../SPLSPL/src/stm8s_tim3_TIM3_OC1Init.c: 59: TIM3->CCR1L = (uint8_t)(TIM3_Pulse);
                                     99 ; genCast
                                    100 ; genAssign
      000031 7B 08            [ 1]  101 	ld	a, (0x08, sp)
                                    102 ; genPointerSet
      000033 C7 53 2E         [ 1]  103 	ld	0x532e, a
                                    104 ; genLabel
      000036                        105 00101$:
                                    106 ;	../SPLSPL/src/stm8s_tim3_TIM3_OC1Init.c: 60: }
                                    107 ; genEndFunction
      000036 1E 04            [ 2]  108 	ldw	x, (4, sp)
      000038 5B 09            [ 2]  109 	addw	sp, #9
      00003A FC               [ 2]  110 	jp	(x)
                                    111 	.area CODE
                                    112 	.area CONST
                                    113 	.area INITIALIZER
                                    114 	.area CABS (ABS)
