                                      1 ;--------------------------------------------------------
                                      2 ; File Created by SDCC : free open source ISO C Compiler 
                                      3 ; Version 4.4.0 #14620 (Linux)
                                      4 ;--------------------------------------------------------
                                      5 	.module stm8s_tim1_TIM1_GetITStatus
                                      6 	.optsdcc -mstm8
                                      7 	
                                      8 ;--------------------------------------------------------
                                      9 ; Public variables in this module
                                     10 ;--------------------------------------------------------
                                     11 	.globl _TIM1_GetITStatus
                                     12 ;--------------------------------------------------------
                                     13 ; ram data
                                     14 ;--------------------------------------------------------
                                     15 	.area DATA
                                     16 ;--------------------------------------------------------
                                     17 ; ram data
                                     18 ;--------------------------------------------------------
                                     19 	.area INITIALIZED
                                     20 ;--------------------------------------------------------
                                     21 ; absolute external ram data
                                     22 ;--------------------------------------------------------
                                     23 	.area DABS (ABS)
                                     24 
                                     25 ; default segment ordering for linker
                                     26 	.area HOME
                                     27 	.area GSINIT
                                     28 	.area GSFINAL
                                     29 	.area CONST
                                     30 	.area INITIALIZER
                                     31 	.area CODE
                                     32 
                                     33 ;--------------------------------------------------------
                                     34 ; global & static initialisations
                                     35 ;--------------------------------------------------------
                                     36 	.area HOME
                                     37 	.area GSINIT
                                     38 	.area GSFINAL
                                     39 	.area GSINIT
                                     40 ;--------------------------------------------------------
                                     41 ; Home
                                     42 ;--------------------------------------------------------
                                     43 	.area HOME
                                     44 	.area HOME
                                     45 ;--------------------------------------------------------
                                     46 ; code
                                     47 ;--------------------------------------------------------
                                     48 	.area CODE
                                     49 ;	../SPLSPL/src/stm8s_tim1_TIM1_GetITStatus.c: 45: ITStatus TIM1_GetITStatus(TIM1_IT_TypeDef TIM1_IT)
                                     50 ; genLabel
                                     51 ;	-----------------------------------------
                                     52 ;	 function TIM1_GetITStatus
                                     53 ;	-----------------------------------------
                                     54 ;	Register assignment is optimal.
                                     55 ;	Stack space usage: 2 bytes.
      000000                         56 _TIM1_GetITStatus:
      000000 89               [ 2]   57 	pushw	x
                                     58 ; genReceive
      000001 6B 02            [ 1]   59 	ld	(0x02, sp), a
                                     60 ;	../SPLSPL/src/stm8s_tim1_TIM1_GetITStatus.c: 53: TIM1_itStatus = (uint8_t)(TIM1->SR1 & (uint8_t)TIM1_IT);
                                     61 ; genPointerGet
      000003 C6 52 55         [ 1]   62 	ld	a, 0x5255
                                     63 ; genAnd
      000006 14 02            [ 1]   64 	and	a, (0x02, sp)
      000008 6B 01            [ 1]   65 	ld	(0x01, sp), a
                                     66 ;	../SPLSPL/src/stm8s_tim1_TIM1_GetITStatus.c: 55: TIM1_itEnable = (uint8_t)(TIM1->IER & (uint8_t)TIM1_IT);
                                     67 ; genPointerGet
      00000A C6 52 54         [ 1]   68 	ld	a, 0x5254
                                     69 ; genAnd
      00000D 14 02            [ 1]   70 	and	a, (0x02, sp)
                                     71 ;	../SPLSPL/src/stm8s_tim1_TIM1_GetITStatus.c: 57: if ((TIM1_itStatus != (uint8_t)RESET ) && (TIM1_itEnable != (uint8_t)RESET ))
                                     72 ; genIfx
      00000F 0D 01            [ 1]   73 	tnz	(0x01, sp)
      000011 26 03            [ 1]   74 	jrne	00121$
      000013 CCr00r21         [ 2]   75 	jp	00102$
      000016                         76 00121$:
                                     77 ; genIfx
      000016 4D               [ 1]   78 	tnz	a
      000017 26 03            [ 1]   79 	jrne	00122$
      000019 CCr00r21         [ 2]   80 	jp	00102$
      00001C                         81 00122$:
                                     82 ;	../SPLSPL/src/stm8s_tim1_TIM1_GetITStatus.c: 59: bitstatus = SET;
                                     83 ; genAssign
      00001C A6 01            [ 1]   84 	ld	a, #0x01
                                     85 ; genGoto
      00001E CCr00r22         [ 2]   86 	jp	00103$
                                     87 ; genLabel
      000021                         88 00102$:
                                     89 ;	../SPLSPL/src/stm8s_tim1_TIM1_GetITStatus.c: 63: bitstatus = RESET;
                                     90 ; genAssign
      000021 4F               [ 1]   91 	clr	a
                                     92 ; genLabel
      000022                         93 00103$:
                                     94 ;	../SPLSPL/src/stm8s_tim1_TIM1_GetITStatus.c: 65: return (ITStatus)(bitstatus);
                                     95 ; genReturn
                                     96 ; genLabel
      000022                         97 00105$:
                                     98 ;	../SPLSPL/src/stm8s_tim1_TIM1_GetITStatus.c: 66: }
                                     99 ; genEndFunction
      000022 85               [ 2]  100 	popw	x
      000023 81               [ 4]  101 	ret
                                    102 	.area CODE
                                    103 	.area CONST
                                    104 	.area INITIALIZER
                                    105 	.area CABS (ABS)
