                                      1 ;--------------------------------------------------------
                                      2 ; File Created by SDCC : free open source ISO C Compiler 
                                      3 ; Version 4.4.0 #14620 (Linux)
                                      4 ;--------------------------------------------------------
                                      5 	.module stm8s_awu_AWU_DeInit
                                      6 	.optsdcc -mstm8
                                      7 	
                                      8 ;--------------------------------------------------------
                                      9 ; Public variables in this module
                                     10 ;--------------------------------------------------------
                                     11 	.globl _AWU_DeInit
                                     12 ;--------------------------------------------------------
                                     13 ; ram data
                                     14 ;--------------------------------------------------------
                                     15 	.area DATA
                                     16 ;--------------------------------------------------------
                                     17 ; ram data
                                     18 ;--------------------------------------------------------
                                     19 	.area INITIALIZED
                                     20 ;--------------------------------------------------------
                                     21 ; absolute external ram data
                                     22 ;--------------------------------------------------------
                                     23 	.area DABS (ABS)
                                     24 
                                     25 ; default segment ordering for linker
                                     26 	.area HOME
                                     27 	.area GSINIT
                                     28 	.area GSFINAL
                                     29 	.area CONST
                                     30 	.area INITIALIZER
                                     31 	.area CODE
                                     32 
                                     33 ;--------------------------------------------------------
                                     34 ; global & static initialisations
                                     35 ;--------------------------------------------------------
                                     36 	.area HOME
                                     37 	.area GSINIT
                                     38 	.area GSFINAL
                                     39 	.area GSINIT
                                     40 ;--------------------------------------------------------
                                     41 ; Home
                                     42 ;--------------------------------------------------------
                                     43 	.area HOME
                                     44 	.area HOME
                                     45 ;--------------------------------------------------------
                                     46 ; code
                                     47 ;--------------------------------------------------------
                                     48 	.area CODE
                                     49 ;	../SPLSPL/src/stm8s_awu_AWU_DeInit.c: 37: void AWU_DeInit(void)
                                     50 ; genLabel
                                     51 ;	-----------------------------------------
                                     52 ;	 function AWU_DeInit
                                     53 ;	-----------------------------------------
                                     54 ;	Register assignment is optimal.
                                     55 ;	Stack space usage: 0 bytes.
      000000                         56 _AWU_DeInit:
                                     57 ;	../SPLSPL/src/stm8s_awu_AWU_DeInit.c: 39: AWU->CSR = AWU_CSR_RESET_VALUE;
                                     58 ; genPointerSet
      000000 35 00 50 F0      [ 1]   59 	mov	0x50f0+0, #0x00
                                     60 ;	../SPLSPL/src/stm8s_awu_AWU_DeInit.c: 40: AWU->APR = AWU_APR_RESET_VALUE;
                                     61 ; genPointerSet
      000004 35 3F 50 F1      [ 1]   62 	mov	0x50f1+0, #0x3f
                                     63 ;	../SPLSPL/src/stm8s_awu_AWU_DeInit.c: 41: AWU->TBR = AWU_TBR_RESET_VALUE;
                                     64 ; genPointerSet
      000008 35 00 50 F2      [ 1]   65 	mov	0x50f2+0, #0x00
                                     66 ; genLabel
      00000C                         67 00101$:
                                     68 ;	../SPLSPL/src/stm8s_awu_AWU_DeInit.c: 42: }
                                     69 ; genEndFunction
      00000C 81               [ 4]   70 	ret
                                     71 	.area CODE
                                     72 	.area CONST
                                     73 	.area INITIALIZER
                                     74 	.area CABS (ABS)
