                                      1 ;--------------------------------------------------------
                                      2 ; File Created by SDCC : free open source ISO C Compiler 
                                      3 ; Version 4.4.0 #14620 (Linux)
                                      4 ;--------------------------------------------------------
                                      5 	.module stm8s_i2c_I2C_AcknowledgeConfig
                                      6 	.optsdcc -mstm8
                                      7 	
                                      8 ;--------------------------------------------------------
                                      9 ; Public variables in this module
                                     10 ;--------------------------------------------------------
                                     11 	.globl _I2C_AcknowledgeConfig
                                     12 ;--------------------------------------------------------
                                     13 ; ram data
                                     14 ;--------------------------------------------------------
                                     15 	.area DATA
                                     16 ;--------------------------------------------------------
                                     17 ; ram data
                                     18 ;--------------------------------------------------------
                                     19 	.area INITIALIZED
                                     20 ;--------------------------------------------------------
                                     21 ; absolute external ram data
                                     22 ;--------------------------------------------------------
                                     23 	.area DABS (ABS)
                                     24 
                                     25 ; default segment ordering for linker
                                     26 	.area HOME
                                     27 	.area GSINIT
                                     28 	.area GSFINAL
                                     29 	.area CONST
                                     30 	.area INITIALIZER
                                     31 	.area CODE
                                     32 
                                     33 ;--------------------------------------------------------
                                     34 ; global & static initialisations
                                     35 ;--------------------------------------------------------
                                     36 	.area HOME
                                     37 	.area GSINIT
                                     38 	.area GSFINAL
                                     39 	.area GSINIT
                                     40 ;--------------------------------------------------------
                                     41 ; Home
                                     42 ;--------------------------------------------------------
                                     43 	.area HOME
                                     44 	.area HOME
                                     45 ;--------------------------------------------------------
                                     46 ; code
                                     47 ;--------------------------------------------------------
                                     48 	.area CODE
                                     49 ;	../SPLSPL/src/stm8s_i2c_I2C_AcknowledgeConfig.c: 38: void I2C_AcknowledgeConfig(I2C_Ack_TypeDef Ack)
                                     50 ; genLabel
                                     51 ;	-----------------------------------------
                                     52 ;	 function I2C_AcknowledgeConfig
                                     53 ;	-----------------------------------------
                                     54 ;	Register assignment is optimal.
                                     55 ;	Stack space usage: 0 bytes.
      000000                         56 _I2C_AcknowledgeConfig:
                                     57 ; genReceive
      000000 97               [ 1]   58 	ld	xl, a
                                     59 ;	../SPLSPL/src/stm8s_i2c_I2C_AcknowledgeConfig.c: 46: I2C->CR2 &= (uint8_t)(~I2C_CR2_ACK);
                                     60 ; genPointerGet
      000001 C6 52 11         [ 1]   61 	ld	a, 0x5211
                                     62 ;	../SPLSPL/src/stm8s_i2c_I2C_AcknowledgeConfig.c: 43: if (Ack == I2C_ACK_NONE)
                                     63 ; genIfx
      000004 41               [ 1]   64 	exg	a, xl
      000005 4D               [ 1]   65 	tnz	a
      000006 41               [ 1]   66 	exg	a, xl
      000007 27 03            [ 1]   67 	jreq	00123$
      000009 CCr00r14         [ 2]   68 	jp	00105$
      00000C                         69 00123$:
                                     70 ;	../SPLSPL/src/stm8s_i2c_I2C_AcknowledgeConfig.c: 46: I2C->CR2 &= (uint8_t)(~I2C_CR2_ACK);
                                     71 ; genAnd
      00000C A4 FB            [ 1]   72 	and	a, #0xfb
                                     73 ; genPointerSet
      00000E C7 52 11         [ 1]   74 	ld	0x5211, a
                                     75 ; genGoto
      000011 CCr00r35         [ 2]   76 	jp	00107$
                                     77 ; genLabel
      000014                         78 00105$:
                                     79 ;	../SPLSPL/src/stm8s_i2c_I2C_AcknowledgeConfig.c: 51: I2C->CR2 |= I2C_CR2_ACK;
                                     80 ; genOr
      000014 AA 04            [ 1]   81 	or	a, #0x04
                                     82 ; genPointerSet
      000016 C7 52 11         [ 1]   83 	ld	0x5211, a
                                     84 ;	../SPLSPL/src/stm8s_i2c_I2C_AcknowledgeConfig.c: 46: I2C->CR2 &= (uint8_t)(~I2C_CR2_ACK);
                                     85 ; genPointerGet
      000019 C6 52 11         [ 1]   86 	ld	a, 0x5211
                                     87 ;	../SPLSPL/src/stm8s_i2c_I2C_AcknowledgeConfig.c: 53: if (Ack == I2C_ACK_CURR)
                                     88 ; genCmpEQorNE
      00001C 88               [ 1]   89 	push	a
      00001D 9F               [ 1]   90 	ld	a, xl
      00001E 4A               [ 1]   91 	dec	a
      00001F 84               [ 1]   92 	pop	a
      000020 26 03            [ 1]   93 	jrne	00125$
      000022 CCr00r28         [ 2]   94 	jp	00126$
      000025                         95 00125$:
      000025 CCr00r30         [ 2]   96 	jp	00102$
      000028                         97 00126$:
                                     98 ; skipping generated iCode
                                     99 ;	../SPLSPL/src/stm8s_i2c_I2C_AcknowledgeConfig.c: 56: I2C->CR2 &= (uint8_t)(~I2C_CR2_POS);
                                    100 ; genAnd
      000028 A4 F7            [ 1]  101 	and	a, #0xf7
                                    102 ; genPointerSet
      00002A C7 52 11         [ 1]  103 	ld	0x5211, a
                                    104 ; genGoto
      00002D CCr00r35         [ 2]  105 	jp	00107$
                                    106 ; genLabel
      000030                        107 00102$:
                                    108 ;	../SPLSPL/src/stm8s_i2c_I2C_AcknowledgeConfig.c: 61: I2C->CR2 |= I2C_CR2_POS;
                                    109 ; genOr
      000030 AA 08            [ 1]  110 	or	a, #0x08
                                    111 ; genPointerSet
      000032 C7 52 11         [ 1]  112 	ld	0x5211, a
                                    113 ; genLabel
      000035                        114 00107$:
                                    115 ;	../SPLSPL/src/stm8s_i2c_I2C_AcknowledgeConfig.c: 64: }
                                    116 ; genEndFunction
      000035 81               [ 4]  117 	ret
                                    118 	.area CODE
                                    119 	.area CONST
                                    120 	.area INITIALIZER
                                    121 	.area CABS (ABS)
