                                      1 ;--------------------------------------------------------
                                      2 ; File Created by SDCC : free open source ISO C Compiler 
                                      3 ; Version 4.4.0 #14620 (Linux)
                                      4 ;--------------------------------------------------------
                                      5 	.module stm8s_tim2
                                      6 	.optsdcc -mstm8
                                      7 	
                                      8 ;--------------------------------------------------------
                                      9 ; Public variables in this module
                                     10 ;--------------------------------------------------------
                                     11 	.globl _TIM2_TI1_Config
                                     12 	.globl _TIM2_TI2_Config
                                     13 	.globl _TIM2_TI3_Config
                                     14 ;--------------------------------------------------------
                                     15 ; ram data
                                     16 ;--------------------------------------------------------
                                     17 	.area DATA
                                     18 ;--------------------------------------------------------
                                     19 ; ram data
                                     20 ;--------------------------------------------------------
                                     21 	.area INITIALIZED
                                     22 ;--------------------------------------------------------
                                     23 ; absolute external ram data
                                     24 ;--------------------------------------------------------
                                     25 	.area DABS (ABS)
                                     26 
                                     27 ; default segment ordering for linker
                                     28 	.area HOME
                                     29 	.area GSINIT
                                     30 	.area GSFINAL
                                     31 	.area CONST
                                     32 	.area INITIALIZER
                                     33 	.area CODE
                                     34 
                                     35 ;--------------------------------------------------------
                                     36 ; global & static initialisations
                                     37 ;--------------------------------------------------------
                                     38 	.area HOME
                                     39 	.area GSINIT
                                     40 	.area GSFINAL
                                     41 	.area GSINIT
                                     42 ;--------------------------------------------------------
                                     43 ; Home
                                     44 ;--------------------------------------------------------
                                     45 	.area HOME
                                     46 	.area HOME
                                     47 ;--------------------------------------------------------
                                     48 ; code
                                     49 ;--------------------------------------------------------
                                     50 	.area CODE
                                     51 ;	../SPLSPL/src/stm8s_tim2.c: 56: void TIM2_TI1_Config(uint8_t TIM2_ICPolarity,
                                     52 ; genLabel
                                     53 ;	-----------------------------------------
                                     54 ;	 function TIM2_TI1_Config
                                     55 ;	-----------------------------------------
                                     56 ;	Register assignment might be sub-optimal.
                                     57 ;	Stack space usage: 2 bytes.
      000000                         58 _TIM2_TI1_Config:
      000000 89               [ 2]   59 	pushw	x
                                     60 ; genReceive
      000001 6B 02            [ 1]   61 	ld	(0x02, sp), a
                                     62 ;	../SPLSPL/src/stm8s_tim2.c: 61: TIM2->CCER1 &= (uint8_t)(~TIM2_CCER1_CC1E);
                                     63 ; genPointerGet
      000003 C6 53 08         [ 1]   64 	ld	a, 0x5308
                                     65 ; genAnd
      000006 A4 FE            [ 1]   66 	and	a, #0xfe
                                     67 ; genPointerSet
      000008 C7 53 08         [ 1]   68 	ld	0x5308, a
                                     69 ;	../SPLSPL/src/stm8s_tim2.c: 64: TIM2->CCMR1  = (uint8_t)((uint8_t)(TIM2->CCMR1 & (uint8_t)(~(uint8_t)( TIM2_CCMR_CCxS | TIM2_CCMR_ICxF )))
                                     70 ; genPointerGet
      00000B C6 53 05         [ 1]   71 	ld	a, 0x5305
                                     72 ; genAnd
      00000E A4 0C            [ 1]   73 	and	a, #0x0c
      000010 6B 01            [ 1]   74 	ld	(0x01, sp), a
                                     75 ;	../SPLSPL/src/stm8s_tim2.c: 65: | (uint8_t)(((TIM2_ICSelection)) | ((uint8_t)( TIM2_ICFilter << 4))));
                                     76 ; genCast
                                     77 ; genAssign
      000012 7B 06            [ 1]   78 	ld	a, (0x06, sp)
                                     79 ; genLeftShiftLiteral
      000014 4E               [ 1]   80 	swap	a
      000015 A4 F0            [ 1]   81 	and	a, #0xf0
                                     82 ; genCast
                                     83 ; genAssign
                                     84 ; genOr
      000017 1A 05            [ 1]   85 	or	a, (0x05, sp)
                                     86 ; genOr
      000019 1A 01            [ 1]   87 	or	a, (0x01, sp)
                                     88 ; genPointerSet
      00001B C7 53 05         [ 1]   89 	ld	0x5305, a
                                     90 ;	../SPLSPL/src/stm8s_tim2.c: 61: TIM2->CCER1 &= (uint8_t)(~TIM2_CCER1_CC1E);
                                     91 ; genPointerGet
      00001E C6 53 08         [ 1]   92 	ld	a, 0x5308
                                     93 ;	../SPLSPL/src/stm8s_tim2.c: 68: if (TIM2_ICPolarity != TIM2_ICPOLARITY_RISING)
                                     94 ; genIfx
      000021 0D 02            [ 1]   95 	tnz	(0x02, sp)
      000023 26 03            [ 1]   96 	jrne	00113$
      000025 CCr00r30         [ 2]   97 	jp	00102$
      000028                         98 00113$:
                                     99 ;	../SPLSPL/src/stm8s_tim2.c: 70: TIM2->CCER1 |= TIM2_CCER1_CC1P;
                                    100 ; genOr
      000028 AA 02            [ 1]  101 	or	a, #0x02
                                    102 ; genPointerSet
      00002A C7 53 08         [ 1]  103 	ld	0x5308, a
                                    104 ; genGoto
      00002D CCr00r35         [ 2]  105 	jp	00103$
                                    106 ; genLabel
      000030                        107 00102$:
                                    108 ;	../SPLSPL/src/stm8s_tim2.c: 74: TIM2->CCER1 &= (uint8_t)(~TIM2_CCER1_CC1P);
                                    109 ; genAnd
      000030 A4 FD            [ 1]  110 	and	a, #0xfd
                                    111 ; genPointerSet
      000032 C7 53 08         [ 1]  112 	ld	0x5308, a
                                    113 ; genLabel
      000035                        114 00103$:
                                    115 ;	../SPLSPL/src/stm8s_tim2.c: 77: TIM2->CCER1 |= TIM2_CCER1_CC1E;
                                    116 ; genPointerGet
      000035 C6 53 08         [ 1]  117 	ld	a, 0x5308
                                    118 ; genOr
      000038 AA 01            [ 1]  119 	or	a, #0x01
                                    120 ; genPointerSet
      00003A C7 53 08         [ 1]  121 	ld	0x5308, a
                                    122 ; genLabel
      00003D                        123 00104$:
                                    124 ;	../SPLSPL/src/stm8s_tim2.c: 78: }
                                    125 ; genEndFunction
      00003D 1E 03            [ 2]  126 	ldw	x, (3, sp)
      00003F 5B 06            [ 2]  127 	addw	sp, #6
      000041 FC               [ 2]  128 	jp	(x)
                                    129 ;	../SPLSPL/src/stm8s_tim2.c: 96: void TIM2_TI2_Config(uint8_t TIM2_ICPolarity,
                                    130 ; genLabel
                                    131 ;	-----------------------------------------
                                    132 ;	 function TIM2_TI2_Config
                                    133 ;	-----------------------------------------
                                    134 ;	Register assignment might be sub-optimal.
                                    135 ;	Stack space usage: 2 bytes.
      000042                        136 _TIM2_TI2_Config:
      000042 89               [ 2]  137 	pushw	x
                                    138 ; genReceive
      000043 6B 02            [ 1]  139 	ld	(0x02, sp), a
                                    140 ;	../SPLSPL/src/stm8s_tim2.c: 101: TIM2->CCER1 &= (uint8_t)(~TIM2_CCER1_CC2E);
                                    141 ; genPointerGet
      000045 C6 53 08         [ 1]  142 	ld	a, 0x5308
                                    143 ; genAnd
      000048 A4 EF            [ 1]  144 	and	a, #0xef
                                    145 ; genPointerSet
      00004A C7 53 08         [ 1]  146 	ld	0x5308, a
                                    147 ;	../SPLSPL/src/stm8s_tim2.c: 104: TIM2->CCMR2 = (uint8_t)((uint8_t)(TIM2->CCMR2 & (uint8_t)(~(uint8_t)( TIM2_CCMR_CCxS | TIM2_CCMR_ICxF ))) 
                                    148 ; genPointerGet
      00004D C6 53 06         [ 1]  149 	ld	a, 0x5306
                                    150 ; genAnd
      000050 A4 0C            [ 1]  151 	and	a, #0x0c
      000052 6B 01            [ 1]  152 	ld	(0x01, sp), a
                                    153 ;	../SPLSPL/src/stm8s_tim2.c: 105: | (uint8_t)(( (TIM2_ICSelection)) | ((uint8_t)( TIM2_ICFilter << 4))));
                                    154 ; genCast
                                    155 ; genAssign
      000054 7B 06            [ 1]  156 	ld	a, (0x06, sp)
                                    157 ; genLeftShiftLiteral
      000056 4E               [ 1]  158 	swap	a
      000057 A4 F0            [ 1]  159 	and	a, #0xf0
                                    160 ; genCast
                                    161 ; genAssign
                                    162 ; genOr
      000059 1A 05            [ 1]  163 	or	a, (0x05, sp)
                                    164 ; genOr
      00005B 1A 01            [ 1]  165 	or	a, (0x01, sp)
                                    166 ; genPointerSet
      00005D C7 53 06         [ 1]  167 	ld	0x5306, a
                                    168 ;	../SPLSPL/src/stm8s_tim2.c: 101: TIM2->CCER1 &= (uint8_t)(~TIM2_CCER1_CC2E);
                                    169 ; genPointerGet
      000060 C6 53 08         [ 1]  170 	ld	a, 0x5308
                                    171 ;	../SPLSPL/src/stm8s_tim2.c: 109: if (TIM2_ICPolarity != TIM2_ICPOLARITY_RISING)
                                    172 ; genIfx
      000063 0D 02            [ 1]  173 	tnz	(0x02, sp)
      000065 26 03            [ 1]  174 	jrne	00113$
      000067 CCr00r72         [ 2]  175 	jp	00102$
      00006A                        176 00113$:
                                    177 ;	../SPLSPL/src/stm8s_tim2.c: 111: TIM2->CCER1 |= TIM2_CCER1_CC2P;
                                    178 ; genOr
      00006A AA 20            [ 1]  179 	or	a, #0x20
                                    180 ; genPointerSet
      00006C C7 53 08         [ 1]  181 	ld	0x5308, a
                                    182 ; genGoto
      00006F CCr00r77         [ 2]  183 	jp	00103$
                                    184 ; genLabel
      000072                        185 00102$:
                                    186 ;	../SPLSPL/src/stm8s_tim2.c: 115: TIM2->CCER1 &= (uint8_t)(~TIM2_CCER1_CC2P);
                                    187 ; genAnd
      000072 A4 DF            [ 1]  188 	and	a, #0xdf
                                    189 ; genPointerSet
      000074 C7 53 08         [ 1]  190 	ld	0x5308, a
                                    191 ; genLabel
      000077                        192 00103$:
                                    193 ;	../SPLSPL/src/stm8s_tim2.c: 119: TIM2->CCER1 |= TIM2_CCER1_CC2E;
                                    194 ; genPointerGet
      000077 C6 53 08         [ 1]  195 	ld	a, 0x5308
                                    196 ; genOr
      00007A AA 10            [ 1]  197 	or	a, #0x10
                                    198 ; genPointerSet
      00007C C7 53 08         [ 1]  199 	ld	0x5308, a
                                    200 ; genLabel
      00007F                        201 00104$:
                                    202 ;	../SPLSPL/src/stm8s_tim2.c: 120: }
                                    203 ; genEndFunction
      00007F 1E 03            [ 2]  204 	ldw	x, (3, sp)
      000081 5B 06            [ 2]  205 	addw	sp, #6
      000083 FC               [ 2]  206 	jp	(x)
                                    207 ;	../SPLSPL/src/stm8s_tim2.c: 136: void TIM2_TI3_Config(uint8_t TIM2_ICPolarity,
                                    208 ; genLabel
                                    209 ;	-----------------------------------------
                                    210 ;	 function TIM2_TI3_Config
                                    211 ;	-----------------------------------------
                                    212 ;	Register assignment might be sub-optimal.
                                    213 ;	Stack space usage: 2 bytes.
      000084                        214 _TIM2_TI3_Config:
      000084 89               [ 2]  215 	pushw	x
                                    216 ; genReceive
      000085 6B 02            [ 1]  217 	ld	(0x02, sp), a
                                    218 ;	../SPLSPL/src/stm8s_tim2.c: 141: TIM2->CCER2 &=  (uint8_t)(~TIM2_CCER2_CC3E);
                                    219 ; genPointerGet
      000087 C6 53 09         [ 1]  220 	ld	a, 0x5309
                                    221 ; genAnd
      00008A A4 FE            [ 1]  222 	and	a, #0xfe
                                    223 ; genPointerSet
      00008C C7 53 09         [ 1]  224 	ld	0x5309, a
                                    225 ;	../SPLSPL/src/stm8s_tim2.c: 144: TIM2->CCMR3 = (uint8_t)((uint8_t)(TIM2->CCMR3 & (uint8_t)(~( TIM2_CCMR_CCxS | TIM2_CCMR_ICxF))) 
                                    226 ; genPointerGet
      00008F C6 53 07         [ 1]  227 	ld	a, 0x5307
                                    228 ; genAnd
      000092 A4 0C            [ 1]  229 	and	a, #0x0c
      000094 6B 01            [ 1]  230 	ld	(0x01, sp), a
                                    231 ;	../SPLSPL/src/stm8s_tim2.c: 145: | (uint8_t)(( (TIM2_ICSelection)) | ((uint8_t)( TIM2_ICFilter << 4))));
                                    232 ; genCast
                                    233 ; genAssign
      000096 7B 06            [ 1]  234 	ld	a, (0x06, sp)
                                    235 ; genLeftShiftLiteral
      000098 4E               [ 1]  236 	swap	a
      000099 A4 F0            [ 1]  237 	and	a, #0xf0
                                    238 ; genCast
                                    239 ; genAssign
                                    240 ; genOr
      00009B 1A 05            [ 1]  241 	or	a, (0x05, sp)
                                    242 ; genOr
      00009D 1A 01            [ 1]  243 	or	a, (0x01, sp)
                                    244 ; genPointerSet
      00009F C7 53 07         [ 1]  245 	ld	0x5307, a
                                    246 ;	../SPLSPL/src/stm8s_tim2.c: 141: TIM2->CCER2 &=  (uint8_t)(~TIM2_CCER2_CC3E);
                                    247 ; genPointerGet
      0000A2 C6 53 09         [ 1]  248 	ld	a, 0x5309
                                    249 ;	../SPLSPL/src/stm8s_tim2.c: 149: if (TIM2_ICPolarity != TIM2_ICPOLARITY_RISING)
                                    250 ; genIfx
      0000A5 0D 02            [ 1]  251 	tnz	(0x02, sp)
      0000A7 26 03            [ 1]  252 	jrne	00113$
      0000A9 CCr00rB4         [ 2]  253 	jp	00102$
      0000AC                        254 00113$:
                                    255 ;	../SPLSPL/src/stm8s_tim2.c: 151: TIM2->CCER2 |= TIM2_CCER2_CC3P;
                                    256 ; genOr
      0000AC AA 02            [ 1]  257 	or	a, #0x02
                                    258 ; genPointerSet
      0000AE C7 53 09         [ 1]  259 	ld	0x5309, a
                                    260 ; genGoto
      0000B1 CCr00rB9         [ 2]  261 	jp	00103$
                                    262 ; genLabel
      0000B4                        263 00102$:
                                    264 ;	../SPLSPL/src/stm8s_tim2.c: 155: TIM2->CCER2 &= (uint8_t)(~TIM2_CCER2_CC3P);
                                    265 ; genAnd
      0000B4 A4 FD            [ 1]  266 	and	a, #0xfd
                                    267 ; genPointerSet
      0000B6 C7 53 09         [ 1]  268 	ld	0x5309, a
                                    269 ; genLabel
      0000B9                        270 00103$:
                                    271 ;	../SPLSPL/src/stm8s_tim2.c: 158: TIM2->CCER2 |= TIM2_CCER2_CC3E;
                                    272 ; genPointerGet
      0000B9 C6 53 09         [ 1]  273 	ld	a, 0x5309
                                    274 ; genOr
      0000BC AA 01            [ 1]  275 	or	a, #0x01
                                    276 ; genPointerSet
      0000BE C7 53 09         [ 1]  277 	ld	0x5309, a
                                    278 ; genLabel
      0000C1                        279 00104$:
                                    280 ;	../SPLSPL/src/stm8s_tim2.c: 159: }
                                    281 ; genEndFunction
      0000C1 1E 03            [ 2]  282 	ldw	x, (3, sp)
      0000C3 5B 06            [ 2]  283 	addw	sp, #6
      0000C5 FC               [ 2]  284 	jp	(x)
                                    285 	.area CODE
                                    286 	.area CONST
                                    287 	.area INITIALIZER
                                    288 	.area CABS (ABS)
