                                      1 ;--------------------------------------------------------
                                      2 ; File Created by SDCC : free open source ISO C Compiler 
                                      3 ; Version 4.4.0 #14620 (Linux)
                                      4 ;--------------------------------------------------------
                                      5 	.module stm8s_tim4_TIM4_TimeBaseInit
                                      6 	.optsdcc -mstm8
                                      7 	
                                      8 ;--------------------------------------------------------
                                      9 ; Public variables in this module
                                     10 ;--------------------------------------------------------
                                     11 	.globl _TIM4_TimeBaseInit
                                     12 ;--------------------------------------------------------
                                     13 ; ram data
                                     14 ;--------------------------------------------------------
                                     15 	.area DATA
                                     16 ;--------------------------------------------------------
                                     17 ; ram data
                                     18 ;--------------------------------------------------------
                                     19 	.area INITIALIZED
                                     20 ;--------------------------------------------------------
                                     21 ; absolute external ram data
                                     22 ;--------------------------------------------------------
                                     23 	.area DABS (ABS)
                                     24 
                                     25 ; default segment ordering for linker
                                     26 	.area HOME
                                     27 	.area GSINIT
                                     28 	.area GSFINAL
                                     29 	.area CONST
                                     30 	.area INITIALIZER
                                     31 	.area CODE
                                     32 
                                     33 ;--------------------------------------------------------
                                     34 ; global & static initialisations
                                     35 ;--------------------------------------------------------
                                     36 	.area HOME
                                     37 	.area GSINIT
                                     38 	.area GSFINAL
                                     39 	.area GSINIT
                                     40 ;--------------------------------------------------------
                                     41 ; Home
                                     42 ;--------------------------------------------------------
                                     43 	.area HOME
                                     44 	.area HOME
                                     45 ;--------------------------------------------------------
                                     46 ; code
                                     47 ;--------------------------------------------------------
                                     48 	.area CODE
                                     49 ;	../SPLSPL/src/stm8s_tim4_TIM4_TimeBaseInit.c: 37: void TIM4_TimeBaseInit(TIM4_Prescaler_TypeDef TIM4_Prescaler, uint8_t TIM4_Period)
                                     50 ; genLabel
                                     51 ;	-----------------------------------------
                                     52 ;	 function TIM4_TimeBaseInit
                                     53 ;	-----------------------------------------
                                     54 ;	Register assignment is optimal.
                                     55 ;	Stack space usage: 0 bytes.
      000000                         56 _TIM4_TimeBaseInit:
                                     57 ; genReceive
                                     58 ;	../SPLSPL/src/stm8s_tim4_TIM4_TimeBaseInit.c: 42: TIM4->PSCR = (uint8_t)(TIM4_Prescaler);
                                     59 ; genPointerSet
      000000 C7 53 45         [ 1]   60 	ld	0x5345, a
                                     61 ;	../SPLSPL/src/stm8s_tim4_TIM4_TimeBaseInit.c: 44: TIM4->ARR = (uint8_t)(TIM4_Period);
                                     62 ; genPointerSet
      000003 AE 53 46         [ 2]   63 	ldw	x, #0x5346
      000006 7B 03            [ 1]   64 	ld	a, (0x03, sp)
      000008 F7               [ 1]   65 	ld	(x), a
                                     66 ; genLabel
      000009                         67 00101$:
                                     68 ;	../SPLSPL/src/stm8s_tim4_TIM4_TimeBaseInit.c: 45: }
                                     69 ; genEndFunction
      000009 85               [ 2]   70 	popw	x
      00000A 84               [ 1]   71 	pop	a
      00000B FC               [ 2]   72 	jp	(x)
                                     73 	.area CODE
                                     74 	.area CONST
                                     75 	.area INITIALIZER
                                     76 	.area CABS (ABS)
