                                      1 ;--------------------------------------------------------
                                      2 ; File Created by SDCC : free open source ISO C Compiler 
                                      3 ; Version 4.4.0 #14620 (Linux)
                                      4 ;--------------------------------------------------------
                                      5 	.module stm8s_flash_FLASH_Unlock
                                      6 	.optsdcc -mstm8
                                      7 	
                                      8 ;--------------------------------------------------------
                                      9 ; Public variables in this module
                                     10 ;--------------------------------------------------------
                                     11 	.globl _FLASH_Unlock
                                     12 ;--------------------------------------------------------
                                     13 ; ram data
                                     14 ;--------------------------------------------------------
                                     15 	.area DATA
                                     16 ;--------------------------------------------------------
                                     17 ; ram data
                                     18 ;--------------------------------------------------------
                                     19 	.area INITIALIZED
                                     20 ;--------------------------------------------------------
                                     21 ; absolute external ram data
                                     22 ;--------------------------------------------------------
                                     23 	.area DABS (ABS)
                                     24 
                                     25 ; default segment ordering for linker
                                     26 	.area HOME
                                     27 	.area GSINIT
                                     28 	.area GSFINAL
                                     29 	.area CONST
                                     30 	.area INITIALIZER
                                     31 	.area CODE
                                     32 
                                     33 ;--------------------------------------------------------
                                     34 ; global & static initialisations
                                     35 ;--------------------------------------------------------
                                     36 	.area HOME
                                     37 	.area GSINIT
                                     38 	.area GSFINAL
                                     39 	.area GSINIT
                                     40 ;--------------------------------------------------------
                                     41 ; Home
                                     42 ;--------------------------------------------------------
                                     43 	.area HOME
                                     44 	.area HOME
                                     45 ;--------------------------------------------------------
                                     46 ; code
                                     47 ;--------------------------------------------------------
                                     48 	.area CODE
                                     49 ;	../SPLSPL/src/stm8s_flash_FLASH_Unlock.c: 37: void FLASH_Unlock(FLASH_MemType_TypeDef FLASH_MemType)
                                     50 ; genLabel
                                     51 ;	-----------------------------------------
                                     52 ;	 function FLASH_Unlock
                                     53 ;	-----------------------------------------
                                     54 ;	Register assignment is optimal.
                                     55 ;	Stack space usage: 0 bytes.
      000000                         56 _FLASH_Unlock:
                                     57 ; genReceive
                                     58 ;	../SPLSPL/src/stm8s_flash_FLASH_Unlock.c: 43: if(FLASH_MemType == FLASH_MEMTYPE_PROG)
                                     59 ; genCmpEQorNE
      000000 A1 FD            [ 1]   60 	cp	a, #0xfd
      000002 26 03            [ 1]   61 	jrne	00114$
      000004 CCr00r0A         [ 2]   62 	jp	00115$
      000007                         63 00114$:
      000007 CCr00r15         [ 2]   64 	jp	00102$
      00000A                         65 00115$:
                                     66 ; skipping generated iCode
                                     67 ;	../SPLSPL/src/stm8s_flash_FLASH_Unlock.c: 45: FLASH->PUKR = FLASH_RASS_KEY1;
                                     68 ; genPointerSet
      00000A 35 56 50 62      [ 1]   69 	mov	0x5062+0, #0x56
                                     70 ;	../SPLSPL/src/stm8s_flash_FLASH_Unlock.c: 46: FLASH->PUKR = FLASH_RASS_KEY2;
                                     71 ; genPointerSet
      00000E 35 AE 50 62      [ 1]   72 	mov	0x5062+0, #0xae
                                     73 ; genGoto
      000012 CCr00r1D         [ 2]   74 	jp	00104$
                                     75 ; genLabel
      000015                         76 00102$:
                                     77 ;	../SPLSPL/src/stm8s_flash_FLASH_Unlock.c: 51: FLASH->DUKR = FLASH_RASS_KEY2; /* Warning: keys are reversed on data memory !!! */
                                     78 ; genPointerSet
      000015 35 AE 50 64      [ 1]   79 	mov	0x5064+0, #0xae
                                     80 ;	../SPLSPL/src/stm8s_flash_FLASH_Unlock.c: 52: FLASH->DUKR = FLASH_RASS_KEY1;
                                     81 ; genPointerSet
      000019 35 56 50 64      [ 1]   82 	mov	0x5064+0, #0x56
                                     83 ; genLabel
      00001D                         84 00104$:
                                     85 ;	../SPLSPL/src/stm8s_flash_FLASH_Unlock.c: 54: }
                                     86 ; genEndFunction
      00001D 81               [ 4]   87 	ret
                                     88 	.area CODE
                                     89 	.area CONST
                                     90 	.area INITIALIZER
                                     91 	.area CABS (ABS)
