                                      1 ;--------------------------------------------------------
                                      2 ; File Created by SDCC : free open source ISO C Compiler 
                                      3 ; Version 4.4.0 #14620 (Linux)
                                      4 ;--------------------------------------------------------
                                      5 	.module stm8s_awu_AWU_IdleModeEnable
                                      6 	.optsdcc -mstm8
                                      7 	
                                      8 ;--------------------------------------------------------
                                      9 ; Public variables in this module
                                     10 ;--------------------------------------------------------
                                     11 	.globl _AWU_IdleModeEnable
                                     12 ;--------------------------------------------------------
                                     13 ; ram data
                                     14 ;--------------------------------------------------------
                                     15 	.area DATA
                                     16 ;--------------------------------------------------------
                                     17 ; ram data
                                     18 ;--------------------------------------------------------
                                     19 	.area INITIALIZED
                                     20 ;--------------------------------------------------------
                                     21 ; absolute external ram data
                                     22 ;--------------------------------------------------------
                                     23 	.area DABS (ABS)
                                     24 
                                     25 ; default segment ordering for linker
                                     26 	.area HOME
                                     27 	.area GSINIT
                                     28 	.area GSFINAL
                                     29 	.area CONST
                                     30 	.area INITIALIZER
                                     31 	.area CODE
                                     32 
                                     33 ;--------------------------------------------------------
                                     34 ; global & static initialisations
                                     35 ;--------------------------------------------------------
                                     36 	.area HOME
                                     37 	.area GSINIT
                                     38 	.area GSFINAL
                                     39 	.area GSINIT
                                     40 ;--------------------------------------------------------
                                     41 ; Home
                                     42 ;--------------------------------------------------------
                                     43 	.area HOME
                                     44 	.area HOME
                                     45 ;--------------------------------------------------------
                                     46 ; code
                                     47 ;--------------------------------------------------------
                                     48 	.area CODE
                                     49 ;	../SPLSPL/src/stm8s_awu_AWU_IdleModeEnable.c: 36: void AWU_IdleModeEnable(void)
                                     50 ; genLabel
                                     51 ;	-----------------------------------------
                                     52 ;	 function AWU_IdleModeEnable
                                     53 ;	-----------------------------------------
                                     54 ;	Register assignment is optimal.
                                     55 ;	Stack space usage: 0 bytes.
      000000                         56 _AWU_IdleModeEnable:
                                     57 ;	../SPLSPL/src/stm8s_awu_AWU_IdleModeEnable.c: 39: AWU->CSR &= (uint8_t)(~AWU_CSR_AWUEN);
                                     58 ; genPointerGet
      000000 C6 50 F0         [ 1]   59 	ld	a, 0x50f0
                                     60 ; genAnd
      000003 A4 EF            [ 1]   61 	and	a, #0xef
                                     62 ; genPointerSet
      000005 C7 50 F0         [ 1]   63 	ld	0x50f0, a
                                     64 ;	../SPLSPL/src/stm8s_awu_AWU_IdleModeEnable.c: 42: AWU->TBR = (uint8_t)(~AWU_TBR_AWUTB);
                                     65 ; genPointerSet
      000008 35 F0 50 F2      [ 1]   66 	mov	0x50f2+0, #0xf0
                                     67 ; genLabel
      00000C                         68 00101$:
                                     69 ;	../SPLSPL/src/stm8s_awu_AWU_IdleModeEnable.c: 43: }
                                     70 ; genEndFunction
      00000C 81               [ 4]   71 	ret
                                     72 	.area CODE
                                     73 	.area CONST
                                     74 	.area INITIALIZER
                                     75 	.area CABS (ABS)
