                                      1 ;--------------------------------------------------------
                                      2 ; File Created by SDCC : free open source ISO C Compiler 
                                      3 ; Version 4.4.0 #14620 (Linux)
                                      4 ;--------------------------------------------------------
                                      5 	.module stm8s_itc_ITC_GetSoftIntStatus
                                      6 	.optsdcc -mstm8
                                      7 	
                                      8 ;--------------------------------------------------------
                                      9 ; Public variables in this module
                                     10 ;--------------------------------------------------------
                                     11 	.globl _ITC_GetCPUCC
                                     12 	.globl _ITC_GetSoftIntStatus
                                     13 ;--------------------------------------------------------
                                     14 ; ram data
                                     15 ;--------------------------------------------------------
                                     16 	.area DATA
                                     17 ;--------------------------------------------------------
                                     18 ; ram data
                                     19 ;--------------------------------------------------------
                                     20 	.area INITIALIZED
                                     21 ;--------------------------------------------------------
                                     22 ; absolute external ram data
                                     23 ;--------------------------------------------------------
                                     24 	.area DABS (ABS)
                                     25 
                                     26 ; default segment ordering for linker
                                     27 	.area HOME
                                     28 	.area GSINIT
                                     29 	.area GSFINAL
                                     30 	.area CONST
                                     31 	.area INITIALIZER
                                     32 	.area CODE
                                     33 
                                     34 ;--------------------------------------------------------
                                     35 ; global & static initialisations
                                     36 ;--------------------------------------------------------
                                     37 	.area HOME
                                     38 	.area GSINIT
                                     39 	.area GSFINAL
                                     40 	.area GSINIT
                                     41 ;--------------------------------------------------------
                                     42 ; Home
                                     43 ;--------------------------------------------------------
                                     44 	.area HOME
                                     45 	.area HOME
                                     46 ;--------------------------------------------------------
                                     47 ; code
                                     48 ;--------------------------------------------------------
                                     49 	.area CODE
                                     50 ;	../SPLSPL/src/stm8s_itc_ITC_GetSoftIntStatus.c: 36: uint8_t ITC_GetSoftIntStatus(void)
                                     51 ; genLabel
                                     52 ;	-----------------------------------------
                                     53 ;	 function ITC_GetSoftIntStatus
                                     54 ;	-----------------------------------------
                                     55 ;	Register assignment is optimal.
                                     56 ;	Stack space usage: 0 bytes.
      000000                         57 _ITC_GetSoftIntStatus:
                                     58 ;	../SPLSPL/src/stm8s_itc_ITC_GetSoftIntStatus.c: 38: return (uint8_t)(ITC_GetCPUCC() & CPU_CC_I1I0);
                                     59 ; genCall
      000000 CDr00r00         [ 4]   60 	call	_ITC_GetCPUCC
                                     61 ; genAnd
      000003 A4 28            [ 1]   62 	and	a, #0x28
                                     63 ; genReturn
                                     64 ; genLabel
      000005                         65 00101$:
                                     66 ;	../SPLSPL/src/stm8s_itc_ITC_GetSoftIntStatus.c: 39: }
                                     67 ; genEndFunction
      000005 81               [ 4]   68 	ret
                                     69 	.area CODE
                                     70 	.area CONST
                                     71 	.area INITIALIZER
                                     72 	.area CABS (ABS)
