                                      1 ;--------------------------------------------------------
                                      2 ; File Created by SDCC : free open source ISO C Compiler 
                                      3 ; Version 4.4.0 #14620 (Linux)
                                      4 ;--------------------------------------------------------
                                      5 	.module stm8s_tim3_TIM3_OC1PreloadConfig
                                      6 	.optsdcc -mstm8
                                      7 	
                                      8 ;--------------------------------------------------------
                                      9 ; Public variables in this module
                                     10 ;--------------------------------------------------------
                                     11 	.globl _TIM3_OC1PreloadConfig
                                     12 ;--------------------------------------------------------
                                     13 ; ram data
                                     14 ;--------------------------------------------------------
                                     15 	.area DATA
                                     16 ;--------------------------------------------------------
                                     17 ; ram data
                                     18 ;--------------------------------------------------------
                                     19 	.area INITIALIZED
                                     20 ;--------------------------------------------------------
                                     21 ; absolute external ram data
                                     22 ;--------------------------------------------------------
                                     23 	.area DABS (ABS)
                                     24 
                                     25 ; default segment ordering for linker
                                     26 	.area HOME
                                     27 	.area GSINIT
                                     28 	.area GSFINAL
                                     29 	.area CONST
                                     30 	.area INITIALIZER
                                     31 	.area CODE
                                     32 
                                     33 ;--------------------------------------------------------
                                     34 ; global & static initialisations
                                     35 ;--------------------------------------------------------
                                     36 	.area HOME
                                     37 	.area GSINIT
                                     38 	.area GSFINAL
                                     39 	.area GSINIT
                                     40 ;--------------------------------------------------------
                                     41 ; Home
                                     42 ;--------------------------------------------------------
                                     43 	.area HOME
                                     44 	.area HOME
                                     45 ;--------------------------------------------------------
                                     46 ; code
                                     47 ;--------------------------------------------------------
                                     48 	.area CODE
                                     49 ;	../SPLSPL/src/stm8s_tim3_TIM3_OC1PreloadConfig.c: 37: void TIM3_OC1PreloadConfig(FunctionalState NewState)
                                     50 ; genLabel
                                     51 ;	-----------------------------------------
                                     52 ;	 function TIM3_OC1PreloadConfig
                                     53 ;	-----------------------------------------
                                     54 ;	Register assignment is optimal.
                                     55 ;	Stack space usage: 1 bytes.
      000000                         56 _TIM3_OC1PreloadConfig:
      000000 88               [ 1]   57 	push	a
                                     58 ; genReceive
      000001 6B 01            [ 1]   59 	ld	(0x01, sp), a
                                     60 ;	../SPLSPL/src/stm8s_tim3_TIM3_OC1PreloadConfig.c: 45: TIM3->CCMR1 |= TIM3_CCMR_OCxPE;
                                     61 ; genPointerGet
      000003 C6 53 25         [ 1]   62 	ld	a, 0x5325
                                     63 ;	../SPLSPL/src/stm8s_tim3_TIM3_OC1PreloadConfig.c: 43: if (NewState != DISABLE)
                                     64 ; genIfx
      000006 0D 01            [ 1]   65 	tnz	(0x01, sp)
      000008 26 03            [ 1]   66 	jrne	00113$
      00000A CCr00r15         [ 2]   67 	jp	00102$
      00000D                         68 00113$:
                                     69 ;	../SPLSPL/src/stm8s_tim3_TIM3_OC1PreloadConfig.c: 45: TIM3->CCMR1 |= TIM3_CCMR_OCxPE;
                                     70 ; genOr
      00000D AA 08            [ 1]   71 	or	a, #0x08
                                     72 ; genPointerSet
      00000F C7 53 25         [ 1]   73 	ld	0x5325, a
                                     74 ; genGoto
      000012 CCr00r1A         [ 2]   75 	jp	00104$
                                     76 ; genLabel
      000015                         77 00102$:
                                     78 ;	../SPLSPL/src/stm8s_tim3_TIM3_OC1PreloadConfig.c: 49: TIM3->CCMR1 &= (uint8_t)(~TIM3_CCMR_OCxPE);
                                     79 ; genAnd
      000015 A4 F7            [ 1]   80 	and	a, #0xf7
                                     81 ; genPointerSet
      000017 C7 53 25         [ 1]   82 	ld	0x5325, a
                                     83 ; genLabel
      00001A                         84 00104$:
                                     85 ;	../SPLSPL/src/stm8s_tim3_TIM3_OC1PreloadConfig.c: 51: }
                                     86 ; genEndFunction
      00001A 84               [ 1]   87 	pop	a
      00001B 81               [ 4]   88 	ret
                                     89 	.area CODE
                                     90 	.area CONST
                                     91 	.area INITIALIZER
                                     92 	.area CABS (ABS)
