                                      1 ;--------------------------------------------------------
                                      2 ; File Created by SDCC : free open source ISO C Compiler 
                                      3 ; Version 4.4.0 #14620 (Linux)
                                      4 ;--------------------------------------------------------
                                      5 	.module stm8s_uart1_UART1_GetFlagStatus
                                      6 	.optsdcc -mstm8
                                      7 	
                                      8 ;--------------------------------------------------------
                                      9 ; Public variables in this module
                                     10 ;--------------------------------------------------------
                                     11 	.globl _UART1_GetFlagStatus
                                     12 ;--------------------------------------------------------
                                     13 ; ram data
                                     14 ;--------------------------------------------------------
                                     15 	.area DATA
                                     16 ;--------------------------------------------------------
                                     17 ; ram data
                                     18 ;--------------------------------------------------------
                                     19 	.area INITIALIZED
                                     20 ;--------------------------------------------------------
                                     21 ; absolute external ram data
                                     22 ;--------------------------------------------------------
                                     23 	.area DABS (ABS)
                                     24 
                                     25 ; default segment ordering for linker
                                     26 	.area HOME
                                     27 	.area GSINIT
                                     28 	.area GSFINAL
                                     29 	.area CONST
                                     30 	.area INITIALIZER
                                     31 	.area CODE
                                     32 
                                     33 ;--------------------------------------------------------
                                     34 ; global & static initialisations
                                     35 ;--------------------------------------------------------
                                     36 	.area HOME
                                     37 	.area GSINIT
                                     38 	.area GSFINAL
                                     39 	.area GSINIT
                                     40 ;--------------------------------------------------------
                                     41 ; Home
                                     42 ;--------------------------------------------------------
                                     43 	.area HOME
                                     44 	.area HOME
                                     45 ;--------------------------------------------------------
                                     46 ; code
                                     47 ;--------------------------------------------------------
                                     48 	.area CODE
                                     49 ;	../SPLSPL/src/stm8s_uart1_UART1_GetFlagStatus.c: 37: FlagStatus UART1_GetFlagStatus(UART1_Flag_TypeDef UART1_FLAG)
                                     50 ; genLabel
                                     51 ;	-----------------------------------------
                                     52 ;	 function UART1_GetFlagStatus
                                     53 ;	-----------------------------------------
                                     54 ;	Register assignment might be sub-optimal.
                                     55 ;	Stack space usage: 3 bytes.
      000000                         56 _UART1_GetFlagStatus:
      000000 52 03            [ 2]   57 	sub	sp, #3
                                     58 ; genReceive
                                     59 ;	../SPLSPL/src/stm8s_uart1_UART1_GetFlagStatus.c: 46: if (UART1_FLAG == UART1_FLAG_LBDF)
                                     60 ; genCast
                                     61 ; genAssign
      000002 1F 01            [ 2]   62 	ldw	(0x01, sp), x
                                     63 ;	../SPLSPL/src/stm8s_uart1_UART1_GetFlagStatus.c: 48: if ((UART1->CR4 & (uint8_t)UART1_FLAG) != (uint8_t)0x00)
                                     64 ; genCast
                                     65 ; genAssign
      000004 41               [ 1]   66 	exg	a, xl
      000005 6B 03            [ 1]   67 	ld	(0x03, sp), a
      000007 41               [ 1]   68 	exg	a, xl
                                     69 ;	../SPLSPL/src/stm8s_uart1_UART1_GetFlagStatus.c: 46: if (UART1_FLAG == UART1_FLAG_LBDF)
                                     70 ; genCmpEQorNE
      000008 1E 01            [ 2]   71 	ldw	x, (0x01, sp)
      00000A A3 02 10         [ 2]   72 	cpw	x, #0x0210
      00000D 26 03            [ 1]   73 	jrne	00154$
      00000F CCr00r15         [ 2]   74 	jp	00155$
      000012                         75 00154$:
      000012 CCr00r29         [ 2]   76 	jp	00114$
      000015                         77 00155$:
                                     78 ; skipping generated iCode
                                     79 ;	../SPLSPL/src/stm8s_uart1_UART1_GetFlagStatus.c: 48: if ((UART1->CR4 & (uint8_t)UART1_FLAG) != (uint8_t)0x00)
                                     80 ; genPointerGet
      000015 C6 52 37         [ 1]   81 	ld	a, 0x5237
                                     82 ; genAnd
      000018 14 03            [ 1]   83 	and	a, (0x03, sp)
                                     84 ; genIfx
      00001A 4D               [ 1]   85 	tnz	a
      00001B 26 03            [ 1]   86 	jrne	00156$
      00001D CCr00r25         [ 2]   87 	jp	00102$
      000020                         88 00156$:
                                     89 ;	../SPLSPL/src/stm8s_uart1_UART1_GetFlagStatus.c: 51: status = SET;
                                     90 ; genAssign
      000020 A6 01            [ 1]   91 	ld	a, #0x01
                                     92 ; genGoto
      000022 CCr00r5B         [ 2]   93 	jp	00115$
                                     94 ; genLabel
      000025                         95 00102$:
                                     96 ;	../SPLSPL/src/stm8s_uart1_UART1_GetFlagStatus.c: 56: status = RESET;
                                     97 ; genAssign
      000025 4F               [ 1]   98 	clr	a
                                     99 ; genGoto
      000026 CCr00r5B         [ 2]  100 	jp	00115$
                                    101 ; genLabel
      000029                        102 00114$:
                                    103 ;	../SPLSPL/src/stm8s_uart1_UART1_GetFlagStatus.c: 59: else if (UART1_FLAG == UART1_FLAG_SBK)
                                    104 ; genCmpEQorNE
      000029 1E 01            [ 2]  105 	ldw	x, (0x01, sp)
      00002B A3 01 01         [ 2]  106 	cpw	x, #0x0101
      00002E 26 03            [ 1]  107 	jrne	00158$
      000030 CCr00r36         [ 2]  108 	jp	00159$
      000033                        109 00158$:
      000033 CCr00r4A         [ 2]  110 	jp	00111$
      000036                        111 00159$:
                                    112 ; skipping generated iCode
                                    113 ;	../SPLSPL/src/stm8s_uart1_UART1_GetFlagStatus.c: 61: if ((UART1->CR2 & (uint8_t)UART1_FLAG) != (uint8_t)0x00)
                                    114 ; genPointerGet
      000036 C6 52 35         [ 1]  115 	ld	a, 0x5235
                                    116 ; genAnd
      000039 14 03            [ 1]  117 	and	a, (0x03, sp)
                                    118 ; genIfx
      00003B 4D               [ 1]  119 	tnz	a
      00003C 26 03            [ 1]  120 	jrne	00160$
      00003E CCr00r46         [ 2]  121 	jp	00105$
      000041                        122 00160$:
                                    123 ;	../SPLSPL/src/stm8s_uart1_UART1_GetFlagStatus.c: 64: status = SET;
                                    124 ; genAssign
      000041 A6 01            [ 1]  125 	ld	a, #0x01
                                    126 ; genGoto
      000043 CCr00r5B         [ 2]  127 	jp	00115$
                                    128 ; genLabel
      000046                        129 00105$:
                                    130 ;	../SPLSPL/src/stm8s_uart1_UART1_GetFlagStatus.c: 69: status = RESET;
                                    131 ; genAssign
      000046 4F               [ 1]  132 	clr	a
                                    133 ; genGoto
      000047 CCr00r5B         [ 2]  134 	jp	00115$
                                    135 ; genLabel
      00004A                        136 00111$:
                                    137 ;	../SPLSPL/src/stm8s_uart1_UART1_GetFlagStatus.c: 74: if ((UART1->SR & (uint8_t)UART1_FLAG) != (uint8_t)0x00)
                                    138 ; genPointerGet
      00004A C6 52 30         [ 1]  139 	ld	a, 0x5230
                                    140 ; genAnd
      00004D 14 03            [ 1]  141 	and	a, (0x03, sp)
                                    142 ; genIfx
      00004F 4D               [ 1]  143 	tnz	a
      000050 26 03            [ 1]  144 	jrne	00161$
      000052 CCr00r5A         [ 2]  145 	jp	00108$
      000055                        146 00161$:
                                    147 ;	../SPLSPL/src/stm8s_uart1_UART1_GetFlagStatus.c: 77: status = SET;
                                    148 ; genAssign
      000055 A6 01            [ 1]  149 	ld	a, #0x01
                                    150 ; genGoto
      000057 CCr00r5B         [ 2]  151 	jp	00115$
                                    152 ; genLabel
      00005A                        153 00108$:
                                    154 ;	../SPLSPL/src/stm8s_uart1_UART1_GetFlagStatus.c: 82: status = RESET;
                                    155 ; genAssign
      00005A 4F               [ 1]  156 	clr	a
                                    157 ; genLabel
      00005B                        158 00115$:
                                    159 ;	../SPLSPL/src/stm8s_uart1_UART1_GetFlagStatus.c: 86: return status;
                                    160 ; genReturn
                                    161 ; genLabel
      00005B                        162 00116$:
                                    163 ;	../SPLSPL/src/stm8s_uart1_UART1_GetFlagStatus.c: 87: }
                                    164 ; genEndFunction
      00005B 5B 03            [ 2]  165 	addw	sp, #3
      00005D 81               [ 4]  166 	ret
                                    167 	.area CODE
                                    168 	.area CONST
                                    169 	.area INITIALIZER
                                    170 	.area CABS (ABS)
