                                      1 ;--------------------------------------------------------
                                      2 ; File Created by SDCC : free open source ISO C Compiler 
                                      3 ; Version 4.4.0 #14620 (Linux)
                                      4 ;--------------------------------------------------------
                                      5 	.module stm8s_i2c_I2C_ITConfig
                                      6 	.optsdcc -mstm8
                                      7 	
                                      8 ;--------------------------------------------------------
                                      9 ; Public variables in this module
                                     10 ;--------------------------------------------------------
                                     11 	.globl _I2C_ITConfig
                                     12 ;--------------------------------------------------------
                                     13 ; ram data
                                     14 ;--------------------------------------------------------
                                     15 	.area DATA
                                     16 ;--------------------------------------------------------
                                     17 ; ram data
                                     18 ;--------------------------------------------------------
                                     19 	.area INITIALIZED
                                     20 ;--------------------------------------------------------
                                     21 ; absolute external ram data
                                     22 ;--------------------------------------------------------
                                     23 	.area DABS (ABS)
                                     24 
                                     25 ; default segment ordering for linker
                                     26 	.area HOME
                                     27 	.area GSINIT
                                     28 	.area GSFINAL
                                     29 	.area CONST
                                     30 	.area INITIALIZER
                                     31 	.area CODE
                                     32 
                                     33 ;--------------------------------------------------------
                                     34 ; global & static initialisations
                                     35 ;--------------------------------------------------------
                                     36 	.area HOME
                                     37 	.area GSINIT
                                     38 	.area GSFINAL
                                     39 	.area GSINIT
                                     40 ;--------------------------------------------------------
                                     41 ; Home
                                     42 ;--------------------------------------------------------
                                     43 	.area HOME
                                     44 	.area HOME
                                     45 ;--------------------------------------------------------
                                     46 ; code
                                     47 ;--------------------------------------------------------
                                     48 	.area CODE
                                     49 ;	../SPLSPL/src/stm8s_i2c_I2C_ITConfig.c: 39: void I2C_ITConfig(I2C_IT_TypeDef I2C_IT, FunctionalState NewState)
                                     50 ; genLabel
                                     51 ;	-----------------------------------------
                                     52 ;	 function I2C_ITConfig
                                     53 ;	-----------------------------------------
                                     54 ;	Register assignment is optimal.
                                     55 ;	Stack space usage: 1 bytes.
      000000                         56 _I2C_ITConfig:
      000000 88               [ 1]   57 	push	a
                                     58 ; genReceive
                                     59 ;	../SPLSPL/src/stm8s_i2c_I2C_ITConfig.c: 48: I2C->ITR |= (uint8_t)I2C_IT;
                                     60 ; genPointerGet
      000001 AE 52 1A         [ 2]   61 	ldw	x, #0x521a
      000004 88               [ 1]   62 	push	a
      000005 F6               [ 1]   63 	ld	a, (x)
      000006 6B 02            [ 1]   64 	ld	(0x02, sp), a
      000008 84               [ 1]   65 	pop	a
                                     66 ;	../SPLSPL/src/stm8s_i2c_I2C_ITConfig.c: 45: if (NewState != DISABLE)
                                     67 ; genIfx
      000009 0D 04            [ 1]   68 	tnz	(0x04, sp)
      00000B 26 03            [ 1]   69 	jrne	00113$
      00000D CCr00r18         [ 2]   70 	jp	00102$
      000010                         71 00113$:
                                     72 ;	../SPLSPL/src/stm8s_i2c_I2C_ITConfig.c: 48: I2C->ITR |= (uint8_t)I2C_IT;
                                     73 ; genOr
      000010 1A 01            [ 1]   74 	or	a, (0x01, sp)
                                     75 ; genPointerSet
      000012 C7 52 1A         [ 1]   76 	ld	0x521a, a
                                     77 ; genGoto
      000015 CCr00r1E         [ 2]   78 	jp	00104$
                                     79 ; genLabel
      000018                         80 00102$:
                                     81 ;	../SPLSPL/src/stm8s_i2c_I2C_ITConfig.c: 53: I2C->ITR &= (uint8_t)(~(uint8_t)I2C_IT);
                                     82 ; genCpl
      000018 43               [ 1]   83 	cpl	a
                                     84 ; genAnd
      000019 14 01            [ 1]   85 	and	a, (0x01, sp)
                                     86 ; genPointerSet
      00001B C7 52 1A         [ 1]   87 	ld	0x521a, a
                                     88 ; genLabel
      00001E                         89 00104$:
                                     90 ;	../SPLSPL/src/stm8s_i2c_I2C_ITConfig.c: 55: }
                                     91 ; genEndFunction
      00001E 84               [ 1]   92 	pop	a
      00001F 85               [ 2]   93 	popw	x
      000020 84               [ 1]   94 	pop	a
      000021 FC               [ 2]   95 	jp	(x)
                                     96 	.area CODE
                                     97 	.area CONST
                                     98 	.area INITIALIZER
                                     99 	.area CABS (ABS)
