                                      1 ;--------------------------------------------------------
                                      2 ; File Created by SDCC : free open source ISO C Compiler 
                                      3 ; Version 4.4.0 #14620 (Linux)
                                      4 ;--------------------------------------------------------
                                      5 	.module stm8s_awu
                                      6 	.optsdcc -mstm8
                                      7 	
                                      8 ;--------------------------------------------------------
                                      9 ; Public variables in this module
                                     10 ;--------------------------------------------------------
                                     11 	.globl _TBR_Array
                                     12 	.globl _APR_Array
                                     13 ;--------------------------------------------------------
                                     14 ; ram data
                                     15 ;--------------------------------------------------------
                                     16 	.area DATA
                                     17 ;--------------------------------------------------------
                                     18 ; ram data
                                     19 ;--------------------------------------------------------
                                     20 	.area INITIALIZED
                                     21 ;--------------------------------------------------------
                                     22 ; absolute external ram data
                                     23 ;--------------------------------------------------------
                                     24 	.area DABS (ABS)
                                     25 
                                     26 ; default segment ordering for linker
                                     27 	.area HOME
                                     28 	.area GSINIT
                                     29 	.area GSFINAL
                                     30 	.area CONST
                                     31 	.area INITIALIZER
                                     32 	.area CODE
                                     33 
                                     34 ;--------------------------------------------------------
                                     35 ; global & static initialisations
                                     36 ;--------------------------------------------------------
                                     37 	.area HOME
                                     38 	.area GSINIT
                                     39 	.area GSFINAL
                                     40 	.area GSINIT
                                     41 ;--------------------------------------------------------
                                     42 ; Home
                                     43 ;--------------------------------------------------------
                                     44 	.area HOME
                                     45 	.area HOME
                                     46 ;--------------------------------------------------------
                                     47 ; code
                                     48 ;--------------------------------------------------------
                                     49 	.area CODE
                                     50 	.area CODE
                                     51 	.area CONST
      000000                         52 _APR_Array:
      000000 00                      53 	.db #0x00	; 0
      000001 1E                      54 	.db #0x1e	; 30
      000002 1E                      55 	.db #0x1e	; 30
      000003 1E                      56 	.db #0x1e	; 30
      000004 1E                      57 	.db #0x1e	; 30
      000005 1E                      58 	.db #0x1e	; 30
      000006 1E                      59 	.db #0x1e	; 30
      000007 1E                      60 	.db #0x1e	; 30
      000008 1E                      61 	.db #0x1e	; 30
      000009 1E                      62 	.db #0x1e	; 30
      00000A 1E                      63 	.db #0x1e	; 30
      00000B 1E                      64 	.db #0x1e	; 30
      00000C 1E                      65 	.db #0x1e	; 30
      00000D 3D                      66 	.db #0x3d	; 61
      00000E 17                      67 	.db #0x17	; 23
      00000F 17                      68 	.db #0x17	; 23
      000010 3E                      69 	.db #0x3e	; 62
      000011                         70 _TBR_Array:
      000011 00                      71 	.db #0x00	; 0
      000012 01                      72 	.db #0x01	; 1
      000013 02                      73 	.db #0x02	; 2
      000014 03                      74 	.db #0x03	; 3
      000015 04                      75 	.db #0x04	; 4
      000016 05                      76 	.db #0x05	; 5
      000017 06                      77 	.db #0x06	; 6
      000018 07                      78 	.db #0x07	; 7
      000019 08                      79 	.db #0x08	; 8
      00001A 09                      80 	.db #0x09	; 9
      00001B 0A                      81 	.db #0x0a	; 10
      00001C 0B                      82 	.db #0x0b	; 11
      00001D 0C                      83 	.db #0x0c	; 12
      00001E 0C                      84 	.db #0x0c	; 12
      00001F 0E                      85 	.db #0x0e	; 14
      000020 0F                      86 	.db #0x0f	; 15
      000021 0F                      87 	.db #0x0f	; 15
                                     88 	.area INITIALIZER
                                     89 	.area CABS (ABS)
