                                      1 ;--------------------------------------------------------
                                      2 ; File Created by SDCC : free open source ISO C Compiler 
                                      3 ; Version 4.4.0 #14620 (Linux)
                                      4 ;--------------------------------------------------------
                                      5 	.module stm8s_i2c_I2C_ClearFlag
                                      6 	.optsdcc -mstm8
                                      7 	
                                      8 ;--------------------------------------------------------
                                      9 ; Public variables in this module
                                     10 ;--------------------------------------------------------
                                     11 	.globl _I2C_ClearFlag
                                     12 ;--------------------------------------------------------
                                     13 ; ram data
                                     14 ;--------------------------------------------------------
                                     15 	.area DATA
                                     16 ;--------------------------------------------------------
                                     17 ; ram data
                                     18 ;--------------------------------------------------------
                                     19 	.area INITIALIZED
                                     20 ;--------------------------------------------------------
                                     21 ; absolute external ram data
                                     22 ;--------------------------------------------------------
                                     23 	.area DABS (ABS)
                                     24 
                                     25 ; default segment ordering for linker
                                     26 	.area HOME
                                     27 	.area GSINIT
                                     28 	.area GSFINAL
                                     29 	.area CONST
                                     30 	.area INITIALIZER
                                     31 	.area CODE
                                     32 
                                     33 ;--------------------------------------------------------
                                     34 ; global & static initialisations
                                     35 ;--------------------------------------------------------
                                     36 	.area HOME
                                     37 	.area GSINIT
                                     38 	.area GSFINAL
                                     39 	.area GSINIT
                                     40 ;--------------------------------------------------------
                                     41 ; Home
                                     42 ;--------------------------------------------------------
                                     43 	.area HOME
                                     44 	.area HOME
                                     45 ;--------------------------------------------------------
                                     46 ; code
                                     47 ;--------------------------------------------------------
                                     48 	.area CODE
                                     49 ;	../SPLSPL/src/stm8s_i2c_I2C_ClearFlag.c: 64: void I2C_ClearFlag(I2C_Flag_TypeDef I2C_FLAG)
                                     50 ; genLabel
                                     51 ;	-----------------------------------------
                                     52 ;	 function I2C_ClearFlag
                                     53 ;	-----------------------------------------
                                     54 ;	Register assignment might be sub-optimal.
                                     55 ;	Stack space usage: 0 bytes.
      000000                         56 _I2C_ClearFlag:
                                     57 ; genReceive
                                     58 ;	../SPLSPL/src/stm8s_i2c_I2C_ClearFlag.c: 71: flagpos = (uint16_t)I2C_FLAG & FLAG_Mask;
                                     59 ; genCast
                                     60 ; genAssign
                                     61 ; genAnd
      000000 4F               [ 1]   62 	clr	a
      000001 95               [ 1]   63 	ld	xh, a
                                     64 ;	../SPLSPL/src/stm8s_i2c_I2C_ClearFlag.c: 73: I2C->SR2 = (uint8_t)((uint16_t)(~flagpos));
                                     65 ; genCpl
      000002 53               [ 2]   66 	cplw	x
      000003 9F               [ 1]   67 	ld	a, xl
                                     68 ; genCast
                                     69 ; genAssign
                                     70 ; genPointerSet
      000004 C7 52 18         [ 1]   71 	ld	0x5218, a
                                     72 ; genLabel
      000007                         73 00101$:
                                     74 ;	../SPLSPL/src/stm8s_i2c_I2C_ClearFlag.c: 74: }
                                     75 ; genEndFunction
      000007 81               [ 4]   76 	ret
                                     77 	.area CODE
                                     78 	.area CONST
                                     79 	.area INITIALIZER
                                     80 	.area CABS (ABS)
