                                      1 ;--------------------------------------------------------
                                      2 ; File Created by SDCC : free open source ISO C Compiler 
                                      3 ; Version 4.4.0 #14620 (Linux)
                                      4 ;--------------------------------------------------------
                                      5 	.module stm8s_wwdg_WWDG_Init
                                      6 	.optsdcc -mstm8
                                      7 	
                                      8 ;--------------------------------------------------------
                                      9 ; Public variables in this module
                                     10 ;--------------------------------------------------------
                                     11 	.globl _WWDG_Init
                                     12 ;--------------------------------------------------------
                                     13 ; ram data
                                     14 ;--------------------------------------------------------
                                     15 	.area DATA
                                     16 ;--------------------------------------------------------
                                     17 ; ram data
                                     18 ;--------------------------------------------------------
                                     19 	.area INITIALIZED
                                     20 ;--------------------------------------------------------
                                     21 ; absolute external ram data
                                     22 ;--------------------------------------------------------
                                     23 	.area DABS (ABS)
                                     24 
                                     25 ; default segment ordering for linker
                                     26 	.area HOME
                                     27 	.area GSINIT
                                     28 	.area GSFINAL
                                     29 	.area CONST
                                     30 	.area INITIALIZER
                                     31 	.area CODE
                                     32 
                                     33 ;--------------------------------------------------------
                                     34 ; global & static initialisations
                                     35 ;--------------------------------------------------------
                                     36 	.area HOME
                                     37 	.area GSINIT
                                     38 	.area GSFINAL
                                     39 	.area GSINIT
                                     40 ;--------------------------------------------------------
                                     41 ; Home
                                     42 ;--------------------------------------------------------
                                     43 	.area HOME
                                     44 	.area HOME
                                     45 ;--------------------------------------------------------
                                     46 ; code
                                     47 ;--------------------------------------------------------
                                     48 	.area CODE
                                     49 ;	../SPLSPL/src/stm8s_wwdg_WWDG_Init.c: 39: void WWDG_Init(uint8_t Counter, uint8_t WindowValue)
                                     50 ; genLabel
                                     51 ;	-----------------------------------------
                                     52 ;	 function WWDG_Init
                                     53 ;	-----------------------------------------
                                     54 ;	Register assignment is optimal.
                                     55 ;	Stack space usage: 0 bytes.
      000000                         56 _WWDG_Init:
                                     57 ; genReceive
                                     58 ;	../SPLSPL/src/stm8s_wwdg_WWDG_Init.c: 44: WWDG->WR = WWDG_WR_RESET_VALUE;
                                     59 ; genPointerSet
      000000 35 7F 50 D2      [ 1]   60 	mov	0x50d2+0, #0x7f
                                     61 ;	../SPLSPL/src/stm8s_wwdg_WWDG_Init.c: 45: WWDG->CR = (uint8_t)((uint8_t)(WWDG_CR_WDGA | WWDG_CR_T6) | (uint8_t)Counter);
                                     62 ; genOr
      000004 AA C0            [ 1]   63 	or	a, #0xc0
                                     64 ; genPointerSet
      000006 C7 50 D1         [ 1]   65 	ld	0x50d1, a
                                     66 ;	../SPLSPL/src/stm8s_wwdg_WWDG_Init.c: 46: WWDG->WR = (uint8_t)((uint8_t)(~WWDG_CR_WDGA) & (uint8_t)(WWDG_CR_T6 | WindowValue));
                                     67 ; genOr
      000009 7B 03            [ 1]   68 	ld	a, (0x03, sp)
      00000B AA 40            [ 1]   69 	or	a, #0x40
                                     70 ; genAnd
      00000D A4 7F            [ 1]   71 	and	a, #0x7f
                                     72 ; genPointerSet
      00000F C7 50 D2         [ 1]   73 	ld	0x50d2, a
                                     74 ; genLabel
      000012                         75 00101$:
                                     76 ;	../SPLSPL/src/stm8s_wwdg_WWDG_Init.c: 47: }
                                     77 ; genEndFunction
      000012 85               [ 2]   78 	popw	x
      000013 84               [ 1]   79 	pop	a
      000014 FC               [ 2]   80 	jp	(x)
                                     81 	.area CODE
                                     82 	.area CONST
                                     83 	.area INITIALIZER
                                     84 	.area CABS (ABS)
