                                      1 ;--------------------------------------------------------
                                      2 ; File Created by SDCC : free open source ISO C Compiler 
                                      3 ; Version 4.4.0 #14620 (Linux)
                                      4 ;--------------------------------------------------------
                                      5 	.module stm8s_tim2_TIM2_SetAutoreload
                                      6 	.optsdcc -mstm8
                                      7 	
                                      8 ;--------------------------------------------------------
                                      9 ; Public variables in this module
                                     10 ;--------------------------------------------------------
                                     11 	.globl _TIM2_SetAutoreload
                                     12 ;--------------------------------------------------------
                                     13 ; ram data
                                     14 ;--------------------------------------------------------
                                     15 	.area DATA
                                     16 ;--------------------------------------------------------
                                     17 ; ram data
                                     18 ;--------------------------------------------------------
                                     19 	.area INITIALIZED
                                     20 ;--------------------------------------------------------
                                     21 ; absolute external ram data
                                     22 ;--------------------------------------------------------
                                     23 	.area DABS (ABS)
                                     24 
                                     25 ; default segment ordering for linker
                                     26 	.area HOME
                                     27 	.area GSINIT
                                     28 	.area GSFINAL
                                     29 	.area CONST
                                     30 	.area INITIALIZER
                                     31 	.area CODE
                                     32 
                                     33 ;--------------------------------------------------------
                                     34 ; global & static initialisations
                                     35 ;--------------------------------------------------------
                                     36 	.area HOME
                                     37 	.area GSINIT
                                     38 	.area GSFINAL
                                     39 	.area GSINIT
                                     40 ;--------------------------------------------------------
                                     41 ; Home
                                     42 ;--------------------------------------------------------
                                     43 	.area HOME
                                     44 	.area HOME
                                     45 ;--------------------------------------------------------
                                     46 ; code
                                     47 ;--------------------------------------------------------
                                     48 	.area CODE
                                     49 ;	../SPLSPL/src/stm8s_tim2_TIM2_SetAutoreload.c: 37: void TIM2_SetAutoreload(uint16_t Autoreload)
                                     50 ; genLabel
                                     51 ;	-----------------------------------------
                                     52 ;	 function TIM2_SetAutoreload
                                     53 ;	-----------------------------------------
                                     54 ;	Register assignment is optimal.
                                     55 ;	Stack space usage: 0 bytes.
      000000                         56 _TIM2_SetAutoreload:
                                     57 ; genReceive
                                     58 ;	../SPLSPL/src/stm8s_tim2_TIM2_SetAutoreload.c: 40: TIM2->ARRH = (uint8_t)(Autoreload >> 8);
                                     59 ; genGetByte
      000000 9E               [ 1]   60 	ld	a, xh
                                     61 ; genPointerSet
      000001 C7 53 0D         [ 1]   62 	ld	0x530d, a
                                     63 ;	../SPLSPL/src/stm8s_tim2_TIM2_SetAutoreload.c: 41: TIM2->ARRL = (uint8_t)(Autoreload);
                                     64 ; genCast
                                     65 ; genAssign
      000004 9F               [ 1]   66 	ld	a, xl
                                     67 ; genPointerSet
      000005 C7 53 0E         [ 1]   68 	ld	0x530e, a
                                     69 ; genLabel
      000008                         70 00101$:
                                     71 ;	../SPLSPL/src/stm8s_tim2_TIM2_SetAutoreload.c: 42: }
                                     72 ; genEndFunction
      000008 81               [ 4]   73 	ret
                                     74 	.area CODE
                                     75 	.area CONST
                                     76 	.area INITIALIZER
                                     77 	.area CABS (ABS)
