                                      1 ;--------------------------------------------------------
                                      2 ; File Created by SDCC : free open source ISO C Compiler 
                                      3 ; Version 4.4.0 #14620 (Linux)
                                      4 ;--------------------------------------------------------
                                      5 	.module stm8s_tim1_TIM1_GetPrescaler
                                      6 	.optsdcc -mstm8
                                      7 	
                                      8 ;--------------------------------------------------------
                                      9 ; Public variables in this module
                                     10 ;--------------------------------------------------------
                                     11 	.globl _TIM1_GetPrescaler
                                     12 ;--------------------------------------------------------
                                     13 ; ram data
                                     14 ;--------------------------------------------------------
                                     15 	.area DATA
                                     16 ;--------------------------------------------------------
                                     17 ; ram data
                                     18 ;--------------------------------------------------------
                                     19 	.area INITIALIZED
                                     20 ;--------------------------------------------------------
                                     21 ; absolute external ram data
                                     22 ;--------------------------------------------------------
                                     23 	.area DABS (ABS)
                                     24 
                                     25 ; default segment ordering for linker
                                     26 	.area HOME
                                     27 	.area GSINIT
                                     28 	.area GSFINAL
                                     29 	.area CONST
                                     30 	.area INITIALIZER
                                     31 	.area CODE
                                     32 
                                     33 ;--------------------------------------------------------
                                     34 ; global & static initialisations
                                     35 ;--------------------------------------------------------
                                     36 	.area HOME
                                     37 	.area GSINIT
                                     38 	.area GSFINAL
                                     39 	.area GSINIT
                                     40 ;--------------------------------------------------------
                                     41 ; Home
                                     42 ;--------------------------------------------------------
                                     43 	.area HOME
                                     44 	.area HOME
                                     45 ;--------------------------------------------------------
                                     46 ; code
                                     47 ;--------------------------------------------------------
                                     48 	.area CODE
                                     49 ;	../SPLSPL/src/stm8s_tim1_TIM1_GetPrescaler.c: 36: uint16_t TIM1_GetPrescaler(void)
                                     50 ; genLabel
                                     51 ;	-----------------------------------------
                                     52 ;	 function TIM1_GetPrescaler
                                     53 ;	-----------------------------------------
                                     54 ;	Register assignment might be sub-optimal.
                                     55 ;	Stack space usage: 2 bytes.
      000000                         56 _TIM1_GetPrescaler:
      000000 89               [ 2]   57 	pushw	x
                                     58 ;	../SPLSPL/src/stm8s_tim1_TIM1_GetPrescaler.c: 40: temp = ((uint16_t)TIM1->PSCRH << 8);
                                     59 ; genPointerGet
      000001 C6 52 60         [ 1]   60 	ld	a, 0x5260
                                     61 ; genCast
                                     62 ; genAssign
      000004 5F               [ 1]   63 	clrw	x
                                     64 ; genLeftShiftLiteral
      000005 95               [ 1]   65 	ld	xh, a
      000006 0F 02            [ 1]   66 	clr	(0x02, sp)
                                     67 ;	../SPLSPL/src/stm8s_tim1_TIM1_GetPrescaler.c: 43: return (uint16_t)( temp | (uint16_t)(TIM1->PSCRL));
                                     68 ; genPointerGet
      000008 C6 52 61         [ 1]   69 	ld	a, 0x5261
                                     70 ; genCast
                                     71 ; genAssign
      00000B 90 5F            [ 1]   72 	clrw	y
                                     73 ; genOr
                                     74 ; genReturn
      00000D 97               [ 1]   75 	ld	xl, a
                                     76 ; genLabel
      00000E                         77 00101$:
                                     78 ;	../SPLSPL/src/stm8s_tim1_TIM1_GetPrescaler.c: 44: }
                                     79 ; genEndFunction
      00000E 5B 02            [ 2]   80 	addw	sp, #2
      000010 81               [ 4]   81 	ret
                                     82 	.area CODE
                                     83 	.area CONST
                                     84 	.area INITIALIZER
                                     85 	.area CABS (ABS)
