                                      1 ;--------------------------------------------------------
                                      2 ; File Created by SDCC : free open source ISO C Compiler 
                                      3 ; Version 4.4.0 #14620 (Linux)
                                      4 ;--------------------------------------------------------
                                      5 	.module stm8s_tim1_TIM1_ClearFlag
                                      6 	.optsdcc -mstm8
                                      7 	
                                      8 ;--------------------------------------------------------
                                      9 ; Public variables in this module
                                     10 ;--------------------------------------------------------
                                     11 	.globl _TIM1_ClearFlag
                                     12 ;--------------------------------------------------------
                                     13 ; ram data
                                     14 ;--------------------------------------------------------
                                     15 	.area DATA
                                     16 ;--------------------------------------------------------
                                     17 ; ram data
                                     18 ;--------------------------------------------------------
                                     19 	.area INITIALIZED
                                     20 ;--------------------------------------------------------
                                     21 ; absolute external ram data
                                     22 ;--------------------------------------------------------
                                     23 	.area DABS (ABS)
                                     24 
                                     25 ; default segment ordering for linker
                                     26 	.area HOME
                                     27 	.area GSINIT
                                     28 	.area GSFINAL
                                     29 	.area CONST
                                     30 	.area INITIALIZER
                                     31 	.area CODE
                                     32 
                                     33 ;--------------------------------------------------------
                                     34 ; global & static initialisations
                                     35 ;--------------------------------------------------------
                                     36 	.area HOME
                                     37 	.area GSINIT
                                     38 	.area GSFINAL
                                     39 	.area GSINIT
                                     40 ;--------------------------------------------------------
                                     41 ; Home
                                     42 ;--------------------------------------------------------
                                     43 	.area HOME
                                     44 	.area HOME
                                     45 ;--------------------------------------------------------
                                     46 ; code
                                     47 ;--------------------------------------------------------
                                     48 	.area CODE
                                     49 ;	../SPLSPL/src/stm8s_tim1_TIM1_ClearFlag.c: 49: void TIM1_ClearFlag(TIM1_FLAG_TypeDef TIM1_FLAG)
                                     50 ; genLabel
                                     51 ;	-----------------------------------------
                                     52 ;	 function TIM1_ClearFlag
                                     53 ;	-----------------------------------------
                                     54 ;	Register assignment might be sub-optimal.
                                     55 ;	Stack space usage: 0 bytes.
      000000                         56 _TIM1_ClearFlag:
                                     57 ; genReceive
                                     58 ;	../SPLSPL/src/stm8s_tim1_TIM1_ClearFlag.c: 55: TIM1->SR1 = (uint8_t)(~(uint8_t)(TIM1_FLAG));
                                     59 ; genCast
                                     60 ; genAssign
      000000 9F               [ 1]   61 	ld	a, xl
                                     62 ; genCpl
      000001 43               [ 1]   63 	cpl	a
                                     64 ; genPointerSet
      000002 C7 52 55         [ 1]   65 	ld	0x5255, a
                                     66 ;	../SPLSPL/src/stm8s_tim1_TIM1_ClearFlag.c: 56: TIM1->SR2 = (uint8_t)((uint8_t)(~((uint8_t)((uint16_t)TIM1_FLAG >> 8))) & 
                                     67 ; genCast
                                     68 ; genAssign
      000005 9E               [ 1]   69 	ld	a, xh
                                     70 ; genGetByte
                                     71 ; genCpl
      000006 43               [ 1]   72 	cpl	a
                                     73 ; genAnd
      000007 A4 1E            [ 1]   74 	and	a, #0x1e
                                     75 ; genPointerSet
      000009 C7 52 56         [ 1]   76 	ld	0x5256, a
                                     77 ; genLabel
      00000C                         78 00101$:
                                     79 ;	../SPLSPL/src/stm8s_tim1_TIM1_ClearFlag.c: 58: }
                                     80 ; genEndFunction
      00000C 81               [ 4]   81 	ret
                                     82 	.area CODE
                                     83 	.area CONST
                                     84 	.area INITIALIZER
                                     85 	.area CABS (ABS)
