                                      1 ;--------------------------------------------------------
                                      2 ; File Created by SDCC : free open source ISO C Compiler 
                                      3 ; Version 4.4.0 #14620 (Linux)
                                      4 ;--------------------------------------------------------
                                      5 	.module stm8s_clk_CLK_ClearITPendingBit
                                      6 	.optsdcc -mstm8
                                      7 	
                                      8 ;--------------------------------------------------------
                                      9 ; Public variables in this module
                                     10 ;--------------------------------------------------------
                                     11 	.globl _CLK_ClearITPendingBit
                                     12 ;--------------------------------------------------------
                                     13 ; ram data
                                     14 ;--------------------------------------------------------
                                     15 	.area DATA
                                     16 ;--------------------------------------------------------
                                     17 ; ram data
                                     18 ;--------------------------------------------------------
                                     19 	.area INITIALIZED
                                     20 ;--------------------------------------------------------
                                     21 ; absolute external ram data
                                     22 ;--------------------------------------------------------
                                     23 	.area DABS (ABS)
                                     24 
                                     25 ; default segment ordering for linker
                                     26 	.area HOME
                                     27 	.area GSINIT
                                     28 	.area GSFINAL
                                     29 	.area CONST
                                     30 	.area INITIALIZER
                                     31 	.area CODE
                                     32 
                                     33 ;--------------------------------------------------------
                                     34 ; global & static initialisations
                                     35 ;--------------------------------------------------------
                                     36 	.area HOME
                                     37 	.area GSINIT
                                     38 	.area GSFINAL
                                     39 	.area GSINIT
                                     40 ;--------------------------------------------------------
                                     41 ; Home
                                     42 ;--------------------------------------------------------
                                     43 	.area HOME
                                     44 	.area HOME
                                     45 ;--------------------------------------------------------
                                     46 ; code
                                     47 ;--------------------------------------------------------
                                     48 	.area CODE
                                     49 ;	../SPLSPL/src/stm8s_clk_CLK_ClearITPendingBit.c: 37: void CLK_ClearITPendingBit(CLK_IT_TypeDef CLK_IT)
                                     50 ; genLabel
                                     51 ;	-----------------------------------------
                                     52 ;	 function CLK_ClearITPendingBit
                                     53 ;	-----------------------------------------
                                     54 ;	Register assignment is optimal.
                                     55 ;	Stack space usage: 0 bytes.
      000000                         56 _CLK_ClearITPendingBit:
                                     57 ; genReceive
                                     58 ;	../SPLSPL/src/stm8s_clk_CLK_ClearITPendingBit.c: 42: if (CLK_IT == (uint8_t)CLK_IT_CSSD)
                                     59 ; genCmpEQorNE
      000000 A1 0C            [ 1]   60 	cp	a, #0x0c
      000002 26 03            [ 1]   61 	jrne	00114$
      000004 CCr00r0A         [ 2]   62 	jp	00115$
      000007                         63 00114$:
      000007 CCr00r15         [ 2]   64 	jp	00102$
      00000A                         65 00115$:
                                     66 ; skipping generated iCode
                                     67 ;	../SPLSPL/src/stm8s_clk_CLK_ClearITPendingBit.c: 45: CLK->CSSR &= (uint8_t)(~CLK_CSSR_CSSD);
                                     68 ; genPointerGet
      00000A C6 50 C8         [ 1]   69 	ld	a, 0x50c8
                                     70 ; genAnd
      00000D A4 F7            [ 1]   71 	and	a, #0xf7
                                     72 ; genPointerSet
      00000F C7 50 C8         [ 1]   73 	ld	0x50c8, a
                                     74 ; genGoto
      000012 CCr00r1D         [ 2]   75 	jp	00104$
                                     76 ; genLabel
      000015                         77 00102$:
                                     78 ;	../SPLSPL/src/stm8s_clk_CLK_ClearITPendingBit.c: 50: CLK->SWCR &= (uint8_t)(~CLK_SWCR_SWIF);
                                     79 ; genPointerGet
      000015 C6 50 C5         [ 1]   80 	ld	a, 0x50c5
                                     81 ; genAnd
      000018 A4 F7            [ 1]   82 	and	a, #0xf7
                                     83 ; genPointerSet
      00001A C7 50 C5         [ 1]   84 	ld	0x50c5, a
                                     85 ; genLabel
      00001D                         86 00104$:
                                     87 ;	../SPLSPL/src/stm8s_clk_CLK_ClearITPendingBit.c: 53: }
                                     88 ; genEndFunction
      00001D 81               [ 4]   89 	ret
                                     90 	.area CODE
                                     91 	.area CONST
                                     92 	.area INITIALIZER
                                     93 	.area CABS (ABS)
