                                      1 ;--------------------------------------------------------
                                      2 ; File Created by SDCC : free open source ISO C Compiler 
                                      3 ; Version 4.4.0 #14620 (Linux)
                                      4 ;--------------------------------------------------------
                                      5 	.module stm8s_spi_SPI_DeInit
                                      6 	.optsdcc -mstm8
                                      7 	
                                      8 ;--------------------------------------------------------
                                      9 ; Public variables in this module
                                     10 ;--------------------------------------------------------
                                     11 	.globl _SPI_DeInit
                                     12 ;--------------------------------------------------------
                                     13 ; ram data
                                     14 ;--------------------------------------------------------
                                     15 	.area DATA
                                     16 ;--------------------------------------------------------
                                     17 ; ram data
                                     18 ;--------------------------------------------------------
                                     19 	.area INITIALIZED
                                     20 ;--------------------------------------------------------
                                     21 ; absolute external ram data
                                     22 ;--------------------------------------------------------
                                     23 	.area DABS (ABS)
                                     24 
                                     25 ; default segment ordering for linker
                                     26 	.area HOME
                                     27 	.area GSINIT
                                     28 	.area GSFINAL
                                     29 	.area CONST
                                     30 	.area INITIALIZER
                                     31 	.area CODE
                                     32 
                                     33 ;--------------------------------------------------------
                                     34 ; global & static initialisations
                                     35 ;--------------------------------------------------------
                                     36 	.area HOME
                                     37 	.area GSINIT
                                     38 	.area GSFINAL
                                     39 	.area GSINIT
                                     40 ;--------------------------------------------------------
                                     41 ; Home
                                     42 ;--------------------------------------------------------
                                     43 	.area HOME
                                     44 	.area HOME
                                     45 ;--------------------------------------------------------
                                     46 ; code
                                     47 ;--------------------------------------------------------
                                     48 	.area CODE
                                     49 ;	../SPLSPL/src/stm8s_spi_SPI_DeInit.c: 36: void SPI_DeInit(void)
                                     50 ; genLabel
                                     51 ;	-----------------------------------------
                                     52 ;	 function SPI_DeInit
                                     53 ;	-----------------------------------------
                                     54 ;	Register assignment is optimal.
                                     55 ;	Stack space usage: 0 bytes.
      000000                         56 _SPI_DeInit:
                                     57 ;	../SPLSPL/src/stm8s_spi_SPI_DeInit.c: 38: SPI->CR1    = SPI_CR1_RESET_VALUE;
                                     58 ; genPointerSet
      000000 35 00 52 00      [ 1]   59 	mov	0x5200+0, #0x00
                                     60 ;	../SPLSPL/src/stm8s_spi_SPI_DeInit.c: 39: SPI->CR2    = SPI_CR2_RESET_VALUE;
                                     61 ; genPointerSet
      000004 35 00 52 01      [ 1]   62 	mov	0x5201+0, #0x00
                                     63 ;	../SPLSPL/src/stm8s_spi_SPI_DeInit.c: 40: SPI->ICR    = SPI_ICR_RESET_VALUE;
                                     64 ; genPointerSet
      000008 35 00 52 02      [ 1]   65 	mov	0x5202+0, #0x00
                                     66 ;	../SPLSPL/src/stm8s_spi_SPI_DeInit.c: 41: SPI->SR     = SPI_SR_RESET_VALUE;
                                     67 ; genPointerSet
      00000C 35 02 52 03      [ 1]   68 	mov	0x5203+0, #0x02
                                     69 ;	../SPLSPL/src/stm8s_spi_SPI_DeInit.c: 42: SPI->CRCPR  = SPI_CRCPR_RESET_VALUE;
                                     70 ; genPointerSet
      000010 35 07 52 05      [ 1]   71 	mov	0x5205+0, #0x07
                                     72 ; genLabel
      000014                         73 00101$:
                                     74 ;	../SPLSPL/src/stm8s_spi_SPI_DeInit.c: 43: }
                                     75 ; genEndFunction
      000014 81               [ 4]   76 	ret
                                     77 	.area CODE
                                     78 	.area CONST
                                     79 	.area INITIALIZER
                                     80 	.area CABS (ABS)
