                                      1 ;--------------------------------------------------------
                                      2 ; File Created by SDCC : free open source ISO C Compiler 
                                      3 ; Version 4.4.0 #14620 (Linux)
                                      4 ;--------------------------------------------------------
                                      5 	.module stm8s_uart1_UART1_ITConfig
                                      6 	.optsdcc -mstm8
                                      7 	
                                      8 ;--------------------------------------------------------
                                      9 ; Public variables in this module
                                     10 ;--------------------------------------------------------
                                     11 	.globl _UART1_ITConfig
                                     12 ;--------------------------------------------------------
                                     13 ; ram data
                                     14 ;--------------------------------------------------------
                                     15 	.area DATA
                                     16 ;--------------------------------------------------------
                                     17 ; ram data
                                     18 ;--------------------------------------------------------
                                     19 	.area INITIALIZED
                                     20 ;--------------------------------------------------------
                                     21 ; absolute external ram data
                                     22 ;--------------------------------------------------------
                                     23 	.area DABS (ABS)
                                     24 
                                     25 ; default segment ordering for linker
                                     26 	.area HOME
                                     27 	.area GSINIT
                                     28 	.area GSFINAL
                                     29 	.area CONST
                                     30 	.area INITIALIZER
                                     31 	.area CODE
                                     32 
                                     33 ;--------------------------------------------------------
                                     34 ; global & static initialisations
                                     35 ;--------------------------------------------------------
                                     36 	.area HOME
                                     37 	.area GSINIT
                                     38 	.area GSFINAL
                                     39 	.area GSINIT
                                     40 ;--------------------------------------------------------
                                     41 ; Home
                                     42 ;--------------------------------------------------------
                                     43 	.area HOME
                                     44 	.area HOME
                                     45 ;--------------------------------------------------------
                                     46 ; code
                                     47 ;--------------------------------------------------------
                                     48 	.area CODE
                                     49 ;	../SPLSPL/src/stm8s_uart1_UART1_ITConfig.c: 44: void UART1_ITConfig(UART1_IT_TypeDef UART1_IT, FunctionalState NewState)
                                     50 ; genLabel
                                     51 ;	-----------------------------------------
                                     52 ;	 function UART1_ITConfig
                                     53 ;	-----------------------------------------
                                     54 ;	Register assignment might be sub-optimal.
                                     55 ;	Stack space usage: 3 bytes.
      000000                         56 _UART1_ITConfig:
      000000 52 03            [ 2]   57 	sub	sp, #3
                                     58 ; genReceive
      000002 51               [ 1]   59 	exgw	x, y
                                     60 ; genReceive
      000003 6B 03            [ 1]   61 	ld	(0x03, sp), a
                                     62 ;	../SPLSPL/src/stm8s_uart1_UART1_ITConfig.c: 53: uartreg = (uint8_t)((uint16_t)UART1_IT >> 0x08);
                                     63 ; genCast
                                     64 ; genAssign
      000005 93               [ 1]   65 	ldw	x, y
                                     66 ; genGetByte
                                     67 ;	../SPLSPL/src/stm8s_uart1_UART1_ITConfig.c: 55: itpos = (uint8_t)((uint8_t)1 << (uint8_t)((uint8_t)UART1_IT & (uint8_t)0x0F));
                                     68 ; genCast
                                     69 ; genAssign
      000006 90 9F            [ 1]   70 	ld	a, yl
                                     71 ; genAnd
      000008 A4 0F            [ 1]   72 	and	a, #0x0f
                                     73 ; genLeftShift
      00000A 41               [ 1]   74 	exg	a, xl
      00000B A6 01            [ 1]   75 	ld	a, #0x01
      00000D 41               [ 1]   76 	exg	a, xl
      00000E 4D               [ 1]   77 	tnz	a
      00000F 27 06            [ 1]   78 	jreq	00154$
      000011                         79 00153$:
      000011 41               [ 1]   80 	exg	a, xl
      000012 48               [ 1]   81 	sll	a
      000013 41               [ 1]   82 	exg	a, xl
      000014 4A               [ 1]   83 	dec	a
      000015 26 FA            [ 1]   84 	jrne	00153$
      000017                         85 00154$:
                                     86 ;	../SPLSPL/src/stm8s_uart1_UART1_ITConfig.c: 60: if (uartreg == 0x01)
                                     87 ; genCmpEQorNE
      000017 9E               [ 1]   88 	ld	a, xh
      000018 4A               [ 1]   89 	dec	a
      000019 26 07            [ 1]   90 	jrne	00156$
      00001B A6 01            [ 1]   91 	ld	a, #0x01
      00001D 6B 01            [ 1]   92 	ld	(0x01, sp), a
      00001F CCr00r24         [ 2]   93 	jp	00157$
      000022                         94 00156$:
      000022 0F 01            [ 1]   95 	clr	(0x01, sp)
      000024                         96 00157$:
                                     97 ;	../SPLSPL/src/stm8s_uart1_UART1_ITConfig.c: 64: else if (uartreg == 0x02)
                                     98 ; genCmpEQorNE
      000024 9E               [ 1]   99 	ld	a, xh
      000025 A1 02            [ 1]  100 	cp	a, #0x02
      000027 26 06            [ 1]  101 	jrne	00159$
      000029 A6 01            [ 1]  102 	ld	a, #0x01
      00002B 95               [ 1]  103 	ld	xh, a
      00002C CCr00r31         [ 2]  104 	jp	00160$
      00002F                        105 00159$:
      00002F 4F               [ 1]  106 	clr	a
      000030 95               [ 1]  107 	ld	xh, a
      000031                        108 00160$:
                                    109 ;	../SPLSPL/src/stm8s_uart1_UART1_ITConfig.c: 57: if (NewState != DISABLE)
                                    110 ; genIfx
      000031 0D 03            [ 1]  111 	tnz	(0x03, sp)
      000033 26 03            [ 1]  112 	jrne	00161$
      000035 CCr00r6D         [ 2]  113 	jp	00114$
      000038                        114 00161$:
                                    115 ;	../SPLSPL/src/stm8s_uart1_UART1_ITConfig.c: 60: if (uartreg == 0x01)
                                    116 ; genIfx
      000038 0D 01            [ 1]  117 	tnz	(0x01, sp)
      00003A 26 03            [ 1]  118 	jrne	00162$
      00003C CCr00r4C         [ 2]  119 	jp	00105$
      00003F                        120 00162$:
                                    121 ;	../SPLSPL/src/stm8s_uart1_UART1_ITConfig.c: 62: UART1->CR1 |= itpos;
                                    122 ; genPointerGet
      00003F C6 52 34         [ 1]  123 	ld	a, 0x5234
                                    124 ; genOr
      000042 89               [ 2]  125 	pushw	x
      000043 1A 02            [ 1]  126 	or	a, (2, sp)
      000045 85               [ 2]  127 	popw	x
                                    128 ; genPointerSet
      000046 C7 52 34         [ 1]  129 	ld	0x5234, a
                                    130 ; genGoto
      000049 CCr00r9D         [ 2]  131 	jp	00116$
                                    132 ; genLabel
      00004C                        133 00105$:
                                    134 ;	../SPLSPL/src/stm8s_uart1_UART1_ITConfig.c: 64: else if (uartreg == 0x02)
                                    135 ; genIfx
      00004C 9E               [ 1]  136 	ld	a, xh
      00004D 4D               [ 1]  137 	tnz	a
      00004E 26 03            [ 1]  138 	jrne	00163$
      000050 CCr00r60         [ 2]  139 	jp	00102$
      000053                        140 00163$:
                                    141 ;	../SPLSPL/src/stm8s_uart1_UART1_ITConfig.c: 66: UART1->CR2 |= itpos;
                                    142 ; genPointerGet
      000053 C6 52 35         [ 1]  143 	ld	a, 0x5235
                                    144 ; genOr
      000056 89               [ 2]  145 	pushw	x
      000057 1A 02            [ 1]  146 	or	a, (2, sp)
      000059 85               [ 2]  147 	popw	x
                                    148 ; genPointerSet
      00005A C7 52 35         [ 1]  149 	ld	0x5235, a
                                    150 ; genGoto
      00005D CCr00r9D         [ 2]  151 	jp	00116$
                                    152 ; genLabel
      000060                        153 00102$:
                                    154 ;	../SPLSPL/src/stm8s_uart1_UART1_ITConfig.c: 70: UART1->CR4 |= itpos;
                                    155 ; genPointerGet
      000060 C6 52 37         [ 1]  156 	ld	a, 0x5237
                                    157 ; genOr
      000063 89               [ 2]  158 	pushw	x
      000064 1A 02            [ 1]  159 	or	a, (2, sp)
      000066 85               [ 2]  160 	popw	x
                                    161 ; genPointerSet
      000067 C7 52 37         [ 1]  162 	ld	0x5237, a
                                    163 ; genGoto
      00006A CCr00r9D         [ 2]  164 	jp	00116$
                                    165 ; genLabel
      00006D                        166 00114$:
                                    167 ;	../SPLSPL/src/stm8s_uart1_UART1_ITConfig.c: 78: UART1->CR1 &= (uint8_t)(~itpos);
                                    168 ; genCpl
      00006D 9F               [ 1]  169 	ld	a, xl
      00006E 43               [ 1]  170 	cpl	a
      00006F 6B 02            [ 1]  171 	ld	(0x02, sp), a
                                    172 ;	../SPLSPL/src/stm8s_uart1_UART1_ITConfig.c: 76: if (uartreg == 0x01)
                                    173 ; genIfx
      000071 0D 01            [ 1]  174 	tnz	(0x01, sp)
      000073 26 03            [ 1]  175 	jrne	00164$
      000075 CCr00r83         [ 2]  176 	jp	00111$
      000078                        177 00164$:
                                    178 ;	../SPLSPL/src/stm8s_uart1_UART1_ITConfig.c: 78: UART1->CR1 &= (uint8_t)(~itpos);
                                    179 ; genPointerGet
      000078 C6 52 34         [ 1]  180 	ld	a, 0x5234
                                    181 ; genAnd
      00007B 14 02            [ 1]  182 	and	a, (0x02, sp)
                                    183 ; genPointerSet
      00007D C7 52 34         [ 1]  184 	ld	0x5234, a
                                    185 ; genGoto
      000080 CCr00r9D         [ 2]  186 	jp	00116$
                                    187 ; genLabel
      000083                        188 00111$:
                                    189 ;	../SPLSPL/src/stm8s_uart1_UART1_ITConfig.c: 80: else if (uartreg == 0x02)
                                    190 ; genIfx
      000083 9E               [ 1]  191 	ld	a, xh
      000084 4D               [ 1]  192 	tnz	a
      000085 26 03            [ 1]  193 	jrne	00165$
      000087 CCr00r95         [ 2]  194 	jp	00108$
      00008A                        195 00165$:
                                    196 ;	../SPLSPL/src/stm8s_uart1_UART1_ITConfig.c: 82: UART1->CR2 &= (uint8_t)(~itpos);
                                    197 ; genPointerGet
      00008A C6 52 35         [ 1]  198 	ld	a, 0x5235
                                    199 ; genAnd
      00008D 14 02            [ 1]  200 	and	a, (0x02, sp)
                                    201 ; genPointerSet
      00008F C7 52 35         [ 1]  202 	ld	0x5235, a
                                    203 ; genGoto
      000092 CCr00r9D         [ 2]  204 	jp	00116$
                                    205 ; genLabel
      000095                        206 00108$:
                                    207 ;	../SPLSPL/src/stm8s_uart1_UART1_ITConfig.c: 86: UART1->CR4 &= (uint8_t)(~itpos);
                                    208 ; genPointerGet
      000095 C6 52 37         [ 1]  209 	ld	a, 0x5237
                                    210 ; genAnd
      000098 14 02            [ 1]  211 	and	a, (0x02, sp)
                                    212 ; genPointerSet
      00009A C7 52 37         [ 1]  213 	ld	0x5237, a
                                    214 ; genLabel
      00009D                        215 00116$:
                                    216 ;	../SPLSPL/src/stm8s_uart1_UART1_ITConfig.c: 90: }
                                    217 ; genEndFunction
      00009D 5B 03            [ 2]  218 	addw	sp, #3
      00009F 81               [ 4]  219 	ret
                                    220 	.area CODE
                                    221 	.area CONST
                                    222 	.area INITIALIZER
                                    223 	.area CABS (ABS)
