                                      1 ;--------------------------------------------------------
                                      2 ; File Created by SDCC : free open source ISO C Compiler 
                                      3 ; Version 4.4.0 #14620 (Linux)
                                      4 ;--------------------------------------------------------
                                      5 	.module stm8s_tim2_TIM2_ICInit
                                      6 	.optsdcc -mstm8
                                      7 	
                                      8 ;--------------------------------------------------------
                                      9 ; Public variables in this module
                                     10 ;--------------------------------------------------------
                                     11 	.globl _TIM2_TI3_Config
                                     12 	.globl _TIM2_TI2_Config
                                     13 	.globl _TIM2_TI1_Config
                                     14 	.globl _TIM2_SetIC3Prescaler
                                     15 	.globl _TIM2_SetIC2Prescaler
                                     16 	.globl _TIM2_SetIC1Prescaler
                                     17 	.globl _TIM2_ICInit
                                     18 ;--------------------------------------------------------
                                     19 ; ram data
                                     20 ;--------------------------------------------------------
                                     21 	.area DATA
                                     22 ;--------------------------------------------------------
                                     23 ; ram data
                                     24 ;--------------------------------------------------------
                                     25 	.area INITIALIZED
                                     26 ;--------------------------------------------------------
                                     27 ; absolute external ram data
                                     28 ;--------------------------------------------------------
                                     29 	.area DABS (ABS)
                                     30 
                                     31 ; default segment ordering for linker
                                     32 	.area HOME
                                     33 	.area GSINIT
                                     34 	.area GSFINAL
                                     35 	.area CONST
                                     36 	.area INITIALIZER
                                     37 	.area CODE
                                     38 
                                     39 ;--------------------------------------------------------
                                     40 ; global & static initialisations
                                     41 ;--------------------------------------------------------
                                     42 	.area HOME
                                     43 	.area GSINIT
                                     44 	.area GSFINAL
                                     45 	.area GSINIT
                                     46 ;--------------------------------------------------------
                                     47 ; Home
                                     48 ;--------------------------------------------------------
                                     49 	.area HOME
                                     50 	.area HOME
                                     51 ;--------------------------------------------------------
                                     52 ; code
                                     53 ;--------------------------------------------------------
                                     54 	.area CODE
                                     55 ;	../SPLSPL/src/stm8s_tim2_TIM2_ICInit.c: 41: void TIM2_ICInit(TIM2_Channel_TypeDef TIM2_Channel,
                                     56 ; genLabel
                                     57 ;	-----------------------------------------
                                     58 ;	 function TIM2_ICInit
                                     59 ;	-----------------------------------------
                                     60 ;	Register assignment is optimal.
                                     61 ;	Stack space usage: 0 bytes.
      000000                         62 _TIM2_ICInit:
                                     63 ; genReceive
                                     64 ;	../SPLSPL/src/stm8s_tim2_TIM2_ICInit.c: 54: if (TIM2_Channel == TIM2_CHANNEL_1)
                                     65 ; genIfx
      000000 4D               [ 1]   66 	tnz	a
      000001 27 03            [ 1]   67 	jreq	00123$
      000003 CCr00r19         [ 2]   68 	jp	00105$
      000006                         69 00123$:
                                     70 ;	../SPLSPL/src/stm8s_tim2_TIM2_ICInit.c: 57: TIM2_TI1_Config((uint8_t)TIM2_ICPolarity,
                                     71 ; genIPush
      000006 7B 06            [ 1]   72 	ld	a, (0x06, sp)
      000008 88               [ 1]   73 	push	a
                                     74 ; genIPush
      000009 7B 05            [ 1]   75 	ld	a, (0x05, sp)
      00000B 88               [ 1]   76 	push	a
                                     77 ; genSend
      00000C 7B 05            [ 1]   78 	ld	a, (0x05, sp)
                                     79 ; genCall
      00000E CDr00r00         [ 4]   80 	call	_TIM2_TI1_Config
                                     81 ;	../SPLSPL/src/stm8s_tim2_TIM2_ICInit.c: 62: TIM2_SetIC1Prescaler(TIM2_ICPrescaler);
                                     82 ; genSend
      000011 7B 05            [ 1]   83 	ld	a, (0x05, sp)
                                     84 ; genCall
      000013 CDr00r00         [ 4]   85 	call	_TIM2_SetIC1Prescaler
                                     86 ; genGoto
      000016 CCr00r45         [ 2]   87 	jp	00107$
                                     88 ; genLabel
      000019                         89 00105$:
                                     90 ;	../SPLSPL/src/stm8s_tim2_TIM2_ICInit.c: 64: else if (TIM2_Channel == TIM2_CHANNEL_2)
                                     91 ; genCmpEQorNE
      000019 4A               [ 1]   92 	dec	a
      00001A 26 03            [ 1]   93 	jrne	00125$
      00001C CCr00r22         [ 2]   94 	jp	00126$
      00001F                         95 00125$:
      00001F CCr00r35         [ 2]   96 	jp	00102$
      000022                         97 00126$:
                                     98 ; skipping generated iCode
                                     99 ;	../SPLSPL/src/stm8s_tim2_TIM2_ICInit.c: 67: TIM2_TI2_Config((uint8_t)TIM2_ICPolarity,
                                    100 ; genIPush
      000022 7B 06            [ 1]  101 	ld	a, (0x06, sp)
      000024 88               [ 1]  102 	push	a
                                    103 ; genIPush
      000025 7B 05            [ 1]  104 	ld	a, (0x05, sp)
      000027 88               [ 1]  105 	push	a
                                    106 ; genSend
      000028 7B 05            [ 1]  107 	ld	a, (0x05, sp)
                                    108 ; genCall
      00002A CDr00r00         [ 4]  109 	call	_TIM2_TI2_Config
                                    110 ;	../SPLSPL/src/stm8s_tim2_TIM2_ICInit.c: 72: TIM2_SetIC2Prescaler(TIM2_ICPrescaler);
                                    111 ; genSend
      00002D 7B 05            [ 1]  112 	ld	a, (0x05, sp)
                                    113 ; genCall
      00002F CDr00r00         [ 4]  114 	call	_TIM2_SetIC2Prescaler
                                    115 ; genGoto
      000032 CCr00r45         [ 2]  116 	jp	00107$
                                    117 ; genLabel
      000035                        118 00102$:
                                    119 ;	../SPLSPL/src/stm8s_tim2_TIM2_ICInit.c: 77: TIM2_TI3_Config((uint8_t)TIM2_ICPolarity,
                                    120 ; genIPush
      000035 7B 06            [ 1]  121 	ld	a, (0x06, sp)
      000037 88               [ 1]  122 	push	a
                                    123 ; genIPush
      000038 7B 05            [ 1]  124 	ld	a, (0x05, sp)
      00003A 88               [ 1]  125 	push	a
                                    126 ; genSend
      00003B 7B 05            [ 1]  127 	ld	a, (0x05, sp)
                                    128 ; genCall
      00003D CDr00r00         [ 4]  129 	call	_TIM2_TI3_Config
                                    130 ;	../SPLSPL/src/stm8s_tim2_TIM2_ICInit.c: 82: TIM2_SetIC3Prescaler(TIM2_ICPrescaler);
                                    131 ; genSend
      000040 7B 05            [ 1]  132 	ld	a, (0x05, sp)
                                    133 ; genCall
      000042 CDr00r00         [ 4]  134 	call	_TIM2_SetIC3Prescaler
                                    135 ; genLabel
      000045                        136 00107$:
                                    137 ;	../SPLSPL/src/stm8s_tim2_TIM2_ICInit.c: 84: }
                                    138 ; genEndFunction
      000045 1E 01            [ 2]  139 	ldw	x, (1, sp)
      000047 5B 06            [ 2]  140 	addw	sp, #6
      000049 FC               [ 2]  141 	jp	(x)
                                    142 	.area CODE
                                    143 	.area CONST
                                    144 	.area INITIALIZER
                                    145 	.area CABS (ABS)
