                                      1 ;--------------------------------------------------------
                                      2 ; File Created by SDCC : free open source ISO C Compiler 
                                      3 ; Version 4.4.0 #14620 (Linux)
                                      4 ;--------------------------------------------------------
                                      5 	.module stm8s_clk_CLK_DeInit
                                      6 	.optsdcc -mstm8
                                      7 	
                                      8 ;--------------------------------------------------------
                                      9 ; Public variables in this module
                                     10 ;--------------------------------------------------------
                                     11 	.globl _CLK_DeInit
                                     12 ;--------------------------------------------------------
                                     13 ; ram data
                                     14 ;--------------------------------------------------------
                                     15 	.area DATA
                                     16 ;--------------------------------------------------------
                                     17 ; ram data
                                     18 ;--------------------------------------------------------
                                     19 	.area INITIALIZED
                                     20 ;--------------------------------------------------------
                                     21 ; absolute external ram data
                                     22 ;--------------------------------------------------------
                                     23 	.area DABS (ABS)
                                     24 
                                     25 ; default segment ordering for linker
                                     26 	.area HOME
                                     27 	.area GSINIT
                                     28 	.area GSFINAL
                                     29 	.area CONST
                                     30 	.area INITIALIZER
                                     31 	.area CODE
                                     32 
                                     33 ;--------------------------------------------------------
                                     34 ; global & static initialisations
                                     35 ;--------------------------------------------------------
                                     36 	.area HOME
                                     37 	.area GSINIT
                                     38 	.area GSFINAL
                                     39 	.area GSINIT
                                     40 ;--------------------------------------------------------
                                     41 ; Home
                                     42 ;--------------------------------------------------------
                                     43 	.area HOME
                                     44 	.area HOME
                                     45 ;--------------------------------------------------------
                                     46 ; code
                                     47 ;--------------------------------------------------------
                                     48 	.area CODE
                                     49 ;	../SPLSPL/src/stm8s_clk_CLK_DeInit.c: 42: void CLK_DeInit(void)
                                     50 ; genLabel
                                     51 ;	-----------------------------------------
                                     52 ;	 function CLK_DeInit
                                     53 ;	-----------------------------------------
                                     54 ;	Register assignment is optimal.
                                     55 ;	Stack space usage: 0 bytes.
      000000                         56 _CLK_DeInit:
                                     57 ;	../SPLSPL/src/stm8s_clk_CLK_DeInit.c: 44: CLK->ICKR = CLK_ICKR_RESET_VALUE;
                                     58 ; genPointerSet
      000000 35 01 50 C0      [ 1]   59 	mov	0x50c0+0, #0x01
                                     60 ;	../SPLSPL/src/stm8s_clk_CLK_DeInit.c: 45: CLK->ECKR = CLK_ECKR_RESET_VALUE;
                                     61 ; genPointerSet
      000004 35 00 50 C1      [ 1]   62 	mov	0x50c1+0, #0x00
                                     63 ;	../SPLSPL/src/stm8s_clk_CLK_DeInit.c: 46: CLK->SWR  = CLK_SWR_RESET_VALUE;
                                     64 ; genPointerSet
      000008 35 E1 50 C4      [ 1]   65 	mov	0x50c4+0, #0xe1
                                     66 ;	../SPLSPL/src/stm8s_clk_CLK_DeInit.c: 47: CLK->SWCR = CLK_SWCR_RESET_VALUE;
                                     67 ; genPointerSet
      00000C 35 00 50 C5      [ 1]   68 	mov	0x50c5+0, #0x00
                                     69 ;	../SPLSPL/src/stm8s_clk_CLK_DeInit.c: 48: CLK->CKDIVR = CLK_CKDIVR_RESET_VALUE;
                                     70 ; genPointerSet
      000010 35 18 50 C6      [ 1]   71 	mov	0x50c6+0, #0x18
                                     72 ;	../SPLSPL/src/stm8s_clk_CLK_DeInit.c: 49: CLK->PCKENR1 = CLK_PCKENR1_RESET_VALUE;
                                     73 ; genPointerSet
      000014 35 FF 50 C7      [ 1]   74 	mov	0x50c7+0, #0xff
                                     75 ;	../SPLSPL/src/stm8s_clk_CLK_DeInit.c: 50: CLK->PCKENR2 = CLK_PCKENR2_RESET_VALUE;
                                     76 ; genPointerSet
      000018 35 FF 50 CA      [ 1]   77 	mov	0x50ca+0, #0xff
                                     78 ;	../SPLSPL/src/stm8s_clk_CLK_DeInit.c: 51: CLK->CSSR = CLK_CSSR_RESET_VALUE;
                                     79 ; genPointerSet
      00001C 35 00 50 C8      [ 1]   80 	mov	0x50c8+0, #0x00
                                     81 ;	../SPLSPL/src/stm8s_clk_CLK_DeInit.c: 52: CLK->CCOR = CLK_CCOR_RESET_VALUE;
                                     82 ; genPointerSet
      000020 35 00 50 C9      [ 1]   83 	mov	0x50c9+0, #0x00
                                     84 ;	../SPLSPL/src/stm8s_clk_CLK_DeInit.c: 53: while ((CLK->CCOR & CLK_CCOR_CCOEN)!= 0)
                                     85 ; genLabel
      000024                         86 00101$:
                                     87 ; genPointerGet
      000024 C6 50 C9         [ 1]   88 	ld	a, 0x50c9
                                     89 ; genAnd
      000027 44               [ 1]   90 	srl	a
      000028 24 03            [ 1]   91 	jrnc	00120$
      00002A CCr00r24         [ 2]   92 	jp	00101$
      00002D                         93 00120$:
                                     94 ; skipping generated iCode
                                     95 ;	../SPLSPL/src/stm8s_clk_CLK_DeInit.c: 55: CLK->CCOR = CLK_CCOR_RESET_VALUE;
                                     96 ; genPointerSet
      00002D 35 00 50 C9      [ 1]   97 	mov	0x50c9+0, #0x00
                                     98 ;	../SPLSPL/src/stm8s_clk_CLK_DeInit.c: 56: CLK->HSITRIMR = CLK_HSITRIMR_RESET_VALUE;
                                     99 ; genPointerSet
      000031 35 00 50 CC      [ 1]  100 	mov	0x50cc+0, #0x00
                                    101 ;	../SPLSPL/src/stm8s_clk_CLK_DeInit.c: 57: CLK->SWIMCCR = CLK_SWIMCCR_RESET_VALUE;
                                    102 ; genPointerSet
      000035 35 00 50 CD      [ 1]  103 	mov	0x50cd+0, #0x00
                                    104 ; genLabel
      000039                        105 00104$:
                                    106 ;	../SPLSPL/src/stm8s_clk_CLK_DeInit.c: 58: }
                                    107 ; genEndFunction
      000039 81               [ 4]  108 	ret
                                    109 	.area CODE
                                    110 	.area CONST
                                    111 	.area INITIALIZER
                                    112 	.area CABS (ABS)
