                                      1 ;--------------------------------------------------------
                                      2 ; File Created by SDCC : free open source ISO C Compiler 
                                      3 ; Version 4.4.0 #14620 (Linux)
                                      4 ;--------------------------------------------------------
                                      5 	.module stm8s_i2c_I2C_CheckEvent
                                      6 	.optsdcc -mstm8
                                      7 	
                                      8 ;--------------------------------------------------------
                                      9 ; Public variables in this module
                                     10 ;--------------------------------------------------------
                                     11 	.globl _I2C_CheckEvent
                                     12 ;--------------------------------------------------------
                                     13 ; ram data
                                     14 ;--------------------------------------------------------
                                     15 	.area DATA
                                     16 ;--------------------------------------------------------
                                     17 ; ram data
                                     18 ;--------------------------------------------------------
                                     19 	.area INITIALIZED
                                     20 ;--------------------------------------------------------
                                     21 ; absolute external ram data
                                     22 ;--------------------------------------------------------
                                     23 	.area DABS (ABS)
                                     24 
                                     25 ; default segment ordering for linker
                                     26 	.area HOME
                                     27 	.area GSINIT
                                     28 	.area GSFINAL
                                     29 	.area CONST
                                     30 	.area INITIALIZER
                                     31 	.area CODE
                                     32 
                                     33 ;--------------------------------------------------------
                                     34 ; global & static initialisations
                                     35 ;--------------------------------------------------------
                                     36 	.area HOME
                                     37 	.area GSINIT
                                     38 	.area GSFINAL
                                     39 	.area GSINIT
                                     40 ;--------------------------------------------------------
                                     41 ; Home
                                     42 ;--------------------------------------------------------
                                     43 	.area HOME
                                     44 	.area HOME
                                     45 ;--------------------------------------------------------
                                     46 ; code
                                     47 ;--------------------------------------------------------
                                     48 	.area CODE
                                     49 ;	../SPLSPL/src/stm8s_i2c_I2C_CheckEvent.c: 145: ErrorStatus I2C_CheckEvent(I2C_Event_TypeDef I2C_Event)
                                     50 ; genLabel
                                     51 ;	-----------------------------------------
                                     52 ;	 function I2C_CheckEvent
                                     53 ;	-----------------------------------------
                                     54 ;	Register assignment might be sub-optimal.
                                     55 ;	Stack space usage: 6 bytes.
      000000                         56 _I2C_CheckEvent:
      000000 52 06            [ 2]   57 	sub	sp, #6
                                     58 ; genReceive
      000002 51               [ 1]   59 	exgw	x, y
                                     60 ;	../SPLSPL/src/stm8s_i2c_I2C_CheckEvent.c: 147: __IO uint16_t lastevent = 0x00;
                                     61 ; genAssign
      000003 5F               [ 1]   62 	clrw	x
      000004 1F 01            [ 2]   63 	ldw	(0x01, sp), x
                                     64 ;	../SPLSPL/src/stm8s_i2c_I2C_CheckEvent.c: 155: if (I2C_Event == I2C_EVENT_SLAVE_ACK_FAILURE)
                                     65 ; genCast
                                     66 ; genAssign
                                     67 ; genCmpEQorNE
      000006 90 A3 00 04      [ 2]   68 	cpw	y, #0x0004
      00000A 26 03            [ 1]   69 	jrne	00124$
      00000C CCr00r12         [ 2]   70 	jp	00125$
      00000F                         71 00124$:
      00000F CCr00r1E         [ 2]   72 	jp	00102$
      000012                         73 00125$:
                                     74 ; skipping generated iCode
                                     75 ;	../SPLSPL/src/stm8s_i2c_I2C_CheckEvent.c: 157: lastevent = I2C->SR2 & I2C_SR2_AF;
                                     76 ; genPointerGet
      000012 C6 52 18         [ 1]   77 	ld	a, 0x5218
                                     78 ; genAnd
      000015 A4 04            [ 1]   79 	and	a, #0x04
                                     80 ; genCast
                                     81 ; genAssign
      000017 5F               [ 1]   82 	clrw	x
      000018 97               [ 1]   83 	ld	xl, a
                                     84 ; genAssign
      000019 1F 01            [ 2]   85 	ldw	(0x01, sp), x
                                     86 ; genGoto
      00001B CCr00r2D         [ 2]   87 	jp	00103$
                                     88 ; genLabel
      00001E                         89 00102$:
                                     90 ;	../SPLSPL/src/stm8s_i2c_I2C_CheckEvent.c: 161: flag1 = I2C->SR1;
                                     91 ; genPointerGet
      00001E C6 52 17         [ 1]   92 	ld	a, 0x5217
      000021 97               [ 1]   93 	ld	xl, a
                                     94 ;	../SPLSPL/src/stm8s_i2c_I2C_CheckEvent.c: 162: flag2 = I2C->SR3;
                                     95 ; genPointerGet
      000022 C6 52 19         [ 1]   96 	ld	a, 0x5219
                                     97 ;	../SPLSPL/src/stm8s_i2c_I2C_CheckEvent.c: 163: lastevent = ((uint16_t)((uint16_t)flag2 << (uint16_t)8) | (uint16_t)flag1);
                                     98 ; genCast
                                     99 ; genAssign
      000025 95               [ 1]  100 	ld	xh, a
      000026 4F               [ 1]  101 	clr	a
                                    102 ; genLeftShiftLiteral
      000027 0F 04            [ 1]  103 	clr	(0x04, sp)
                                    104 ; genCast
                                    105 ; genAssign
      000029 0F 05            [ 1]  106 	clr	(0x05, sp)
                                    107 ; genOr
                                    108 ; genAssign
      00002B 1F 01            [ 2]  109 	ldw	(0x01, sp), x
                                    110 ; genLabel
      00002D                        111 00103$:
                                    112 ;	../SPLSPL/src/stm8s_i2c_I2C_CheckEvent.c: 166: if (((uint16_t)lastevent & (uint16_t)I2C_Event) == (uint16_t)I2C_Event)
                                    113 ; genAnd
      00002D 90 9F            [ 1]  114 	ld	a, yl
      00002F 14 02            [ 1]  115 	and	a, (0x02, sp)
      000031 6B 06            [ 1]  116 	ld	(0x06, sp), a
      000033 90 9E            [ 1]  117 	ld	a, yh
      000035 14 01            [ 1]  118 	and	a, (0x01, sp)
      000037 6B 05            [ 1]  119 	ld	(0x05, sp), a
                                    120 ; genCmpEQorNE
      000039 93               [ 1]  121 	ldw	x, y
      00003A 13 05            [ 2]  122 	cpw	x, (0x05, sp)
      00003C 26 03            [ 1]  123 	jrne	00127$
      00003E CCr00r44         [ 2]  124 	jp	00128$
      000041                        125 00127$:
      000041 CCr00r49         [ 2]  126 	jp	00105$
      000044                        127 00128$:
                                    128 ; skipping generated iCode
                                    129 ;	../SPLSPL/src/stm8s_i2c_I2C_CheckEvent.c: 169: status = SUCCESS;
                                    130 ; genAssign
      000044 A6 01            [ 1]  131 	ld	a, #0x01
                                    132 ; genGoto
      000046 CCr00r4A         [ 2]  133 	jp	00106$
                                    134 ; genLabel
      000049                        135 00105$:
                                    136 ;	../SPLSPL/src/stm8s_i2c_I2C_CheckEvent.c: 174: status = ERROR;
                                    137 ; genAssign
      000049 4F               [ 1]  138 	clr	a
                                    139 ; genLabel
      00004A                        140 00106$:
                                    141 ;	../SPLSPL/src/stm8s_i2c_I2C_CheckEvent.c: 178: return status;
                                    142 ; genReturn
                                    143 ; genLabel
      00004A                        144 00107$:
                                    145 ;	../SPLSPL/src/stm8s_i2c_I2C_CheckEvent.c: 179: }
                                    146 ; genEndFunction
      00004A 5B 06            [ 2]  147 	addw	sp, #6
      00004C 81               [ 4]  148 	ret
                                    149 	.area CODE
                                    150 	.area CONST
                                    151 	.area INITIALIZER
                                    152 	.area CABS (ABS)
