                                      1 ;--------------------------------------------------------
                                      2 ; File Created by SDCC : free open source ISO C Compiler 
                                      3 ; Version 4.4.0 #14620 (Linux)
                                      4 ;--------------------------------------------------------
                                      5 	.module stm8s_tim2_TIM2_SelectOCxM
                                      6 	.optsdcc -mstm8
                                      7 	
                                      8 ;--------------------------------------------------------
                                      9 ; Public variables in this module
                                     10 ;--------------------------------------------------------
                                     11 	.globl _TIM2_SelectOCxM
                                     12 ;--------------------------------------------------------
                                     13 ; ram data
                                     14 ;--------------------------------------------------------
                                     15 	.area DATA
                                     16 ;--------------------------------------------------------
                                     17 ; ram data
                                     18 ;--------------------------------------------------------
                                     19 	.area INITIALIZED
                                     20 ;--------------------------------------------------------
                                     21 ; absolute external ram data
                                     22 ;--------------------------------------------------------
                                     23 	.area DABS (ABS)
                                     24 
                                     25 ; default segment ordering for linker
                                     26 	.area HOME
                                     27 	.area GSINIT
                                     28 	.area GSFINAL
                                     29 	.area CONST
                                     30 	.area INITIALIZER
                                     31 	.area CODE
                                     32 
                                     33 ;--------------------------------------------------------
                                     34 ; global & static initialisations
                                     35 ;--------------------------------------------------------
                                     36 	.area HOME
                                     37 	.area GSINIT
                                     38 	.area GSFINAL
                                     39 	.area GSINIT
                                     40 ;--------------------------------------------------------
                                     41 ; Home
                                     42 ;--------------------------------------------------------
                                     43 	.area HOME
                                     44 	.area HOME
                                     45 ;--------------------------------------------------------
                                     46 ; code
                                     47 ;--------------------------------------------------------
                                     48 	.area CODE
                                     49 ;	../SPLSPL/src/stm8s_tim2_TIM2_SelectOCxM.c: 51: void TIM2_SelectOCxM(TIM2_Channel_TypeDef TIM2_Channel, TIM2_OCMode_TypeDef TIM2_OCMode)
                                     50 ; genLabel
                                     51 ;	-----------------------------------------
                                     52 ;	 function TIM2_SelectOCxM
                                     53 ;	-----------------------------------------
                                     54 ;	Register assignment is optimal.
                                     55 ;	Stack space usage: 0 bytes.
      000000                         56 _TIM2_SelectOCxM:
                                     57 ; genReceive
                                     58 ;	../SPLSPL/src/stm8s_tim2_TIM2_SelectOCxM.c: 57: if (TIM2_Channel == TIM2_CHANNEL_1)
                                     59 ; genIfx
      000000 4D               [ 1]   60 	tnz	a
      000001 27 03            [ 1]   61 	jreq	00123$
      000003 CCr00r1B         [ 2]   62 	jp	00105$
      000006                         63 00123$:
                                     64 ;	../SPLSPL/src/stm8s_tim2_TIM2_SelectOCxM.c: 60: TIM2->CCER1 &= (uint8_t)(~TIM2_CCER1_CC1E);
                                     65 ; genPointerGet
      000006 C6 53 08         [ 1]   66 	ld	a, 0x5308
                                     67 ; genAnd
      000009 A4 FE            [ 1]   68 	and	a, #0xfe
                                     69 ; genPointerSet
      00000B C7 53 08         [ 1]   70 	ld	0x5308, a
                                     71 ;	../SPLSPL/src/stm8s_tim2_TIM2_SelectOCxM.c: 63: TIM2->CCMR1 = (uint8_t)((uint8_t)(TIM2->CCMR1 & (uint8_t)(~TIM2_CCMR_OCM))
                                     72 ; genPointerGet
      00000E C6 53 05         [ 1]   73 	ld	a, 0x5305
                                     74 ; genAnd
      000011 A4 8F            [ 1]   75 	and	a, #0x8f
                                     76 ;	../SPLSPL/src/stm8s_tim2_TIM2_SelectOCxM.c: 64: | (uint8_t)TIM2_OCMode);
                                     77 ; genOr
      000013 1A 03            [ 1]   78 	or	a, (0x03, sp)
                                     79 ; genPointerSet
      000015 C7 53 05         [ 1]   80 	ld	0x5305, a
                                     81 ; genGoto
      000018 CCr00r4B         [ 2]   82 	jp	00107$
                                     83 ; genLabel
      00001B                         84 00105$:
                                     85 ;	../SPLSPL/src/stm8s_tim2_TIM2_SelectOCxM.c: 66: else if (TIM2_Channel == TIM2_CHANNEL_2)
                                     86 ; genCmpEQorNE
      00001B 4A               [ 1]   87 	dec	a
      00001C 26 03            [ 1]   88 	jrne	00125$
      00001E CCr00r24         [ 2]   89 	jp	00126$
      000021                         90 00125$:
      000021 CCr00r39         [ 2]   91 	jp	00102$
      000024                         92 00126$:
                                     93 ; skipping generated iCode
                                     94 ;	../SPLSPL/src/stm8s_tim2_TIM2_SelectOCxM.c: 69: TIM2->CCER1 &= (uint8_t)(~TIM2_CCER1_CC2E);
                                     95 ; genPointerGet
      000024 C6 53 08         [ 1]   96 	ld	a, 0x5308
                                     97 ; genAnd
      000027 A4 EF            [ 1]   98 	and	a, #0xef
                                     99 ; genPointerSet
      000029 C7 53 08         [ 1]  100 	ld	0x5308, a
                                    101 ;	../SPLSPL/src/stm8s_tim2_TIM2_SelectOCxM.c: 72: TIM2->CCMR2 = (uint8_t)((uint8_t)(TIM2->CCMR2 & (uint8_t)(~TIM2_CCMR_OCM))
                                    102 ; genPointerGet
      00002C C6 53 06         [ 1]  103 	ld	a, 0x5306
                                    104 ; genAnd
      00002F A4 8F            [ 1]  105 	and	a, #0x8f
                                    106 ;	../SPLSPL/src/stm8s_tim2_TIM2_SelectOCxM.c: 73: | (uint8_t)TIM2_OCMode);
                                    107 ; genOr
      000031 1A 03            [ 1]  108 	or	a, (0x03, sp)
                                    109 ; genPointerSet
      000033 C7 53 06         [ 1]  110 	ld	0x5306, a
                                    111 ; genGoto
      000036 CCr00r4B         [ 2]  112 	jp	00107$
                                    113 ; genLabel
      000039                        114 00102$:
                                    115 ;	../SPLSPL/src/stm8s_tim2_TIM2_SelectOCxM.c: 78: TIM2->CCER2 &= (uint8_t)(~TIM2_CCER2_CC3E);
                                    116 ; genPointerGet
      000039 C6 53 09         [ 1]  117 	ld	a, 0x5309
                                    118 ; genAnd
      00003C A4 FE            [ 1]  119 	and	a, #0xfe
                                    120 ; genPointerSet
      00003E C7 53 09         [ 1]  121 	ld	0x5309, a
                                    122 ;	../SPLSPL/src/stm8s_tim2_TIM2_SelectOCxM.c: 81: TIM2->CCMR3 = (uint8_t)((uint8_t)(TIM2->CCMR3 & (uint8_t)(~TIM2_CCMR_OCM))
                                    123 ; genPointerGet
      000041 C6 53 07         [ 1]  124 	ld	a, 0x5307
                                    125 ; genAnd
      000044 A4 8F            [ 1]  126 	and	a, #0x8f
                                    127 ;	../SPLSPL/src/stm8s_tim2_TIM2_SelectOCxM.c: 82: | (uint8_t)TIM2_OCMode);
                                    128 ; genOr
      000046 1A 03            [ 1]  129 	or	a, (0x03, sp)
                                    130 ; genPointerSet
      000048 C7 53 07         [ 1]  131 	ld	0x5307, a
                                    132 ; genLabel
      00004B                        133 00107$:
                                    134 ;	../SPLSPL/src/stm8s_tim2_TIM2_SelectOCxM.c: 84: }
                                    135 ; genEndFunction
      00004B 85               [ 2]  136 	popw	x
      00004C 84               [ 1]  137 	pop	a
      00004D FC               [ 2]  138 	jp	(x)
                                    139 	.area CODE
                                    140 	.area CONST
                                    141 	.area INITIALIZER
                                    142 	.area CABS (ABS)
