                                      1 ;--------------------------------------------------------
                                      2 ; File Created by SDCC : free open source ISO C Compiler 
                                      3 ; Version 4.4.0 #14620 (Linux)
                                      4 ;--------------------------------------------------------
                                      5 	.module stm8s_uart3_UART3_ClearITPendingBit
                                      6 	.optsdcc -mstm8
                                      7 	
                                      8 ;--------------------------------------------------------
                                      9 ; Public variables in this module
                                     10 ;--------------------------------------------------------
                                     11 	.globl _UART3_ClearITPendingBit
                                     12 ;--------------------------------------------------------
                                     13 ; ram data
                                     14 ;--------------------------------------------------------
                                     15 	.area DATA
                                     16 ;--------------------------------------------------------
                                     17 ; ram data
                                     18 ;--------------------------------------------------------
                                     19 	.area INITIALIZED
                                     20 ;--------------------------------------------------------
                                     21 ; absolute external ram data
                                     22 ;--------------------------------------------------------
                                     23 	.area DABS (ABS)
                                     24 
                                     25 ; default segment ordering for linker
                                     26 	.area HOME
                                     27 	.area GSINIT
                                     28 	.area GSFINAL
                                     29 	.area CONST
                                     30 	.area INITIALIZER
                                     31 	.area CODE
                                     32 
                                     33 ;--------------------------------------------------------
                                     34 ; global & static initialisations
                                     35 ;--------------------------------------------------------
                                     36 	.area HOME
                                     37 	.area GSINIT
                                     38 	.area GSFINAL
                                     39 	.area GSINIT
                                     40 ;--------------------------------------------------------
                                     41 ; Home
                                     42 ;--------------------------------------------------------
                                     43 	.area HOME
                                     44 	.area HOME
                                     45 ;--------------------------------------------------------
                                     46 ; code
                                     47 ;--------------------------------------------------------
                                     48 	.area CODE
                                     49 ;	../SPLSPL/src/stm8s_uart3_UART3_ClearITPendingBit.c: 58: void UART3_ClearITPendingBit(UART3_IT_TypeDef UART3_IT)
                                     50 ; genLabel
                                     51 ;	-----------------------------------------
                                     52 ;	 function UART3_ClearITPendingBit
                                     53 ;	-----------------------------------------
                                     54 ;	Register assignment is optimal.
                                     55 ;	Stack space usage: 0 bytes.
      000000                         56 _UART3_ClearITPendingBit:
                                     57 ; genReceive
                                     58 ;	../SPLSPL/src/stm8s_uart3_UART3_ClearITPendingBit.c: 64: if (UART3_IT == UART3_IT_RXNE)
                                     59 ; genCast
                                     60 ; genAssign
                                     61 ; genCmpEQorNE
      000000 A3 02 55         [ 2]   62 	cpw	x, #0x0255
      000003 26 03            [ 1]   63 	jrne	00124$
      000005 CCr00r0B         [ 2]   64 	jp	00125$
      000008                         65 00124$:
      000008 CCr00r12         [ 2]   66 	jp	00105$
      00000B                         67 00125$:
                                     68 ; skipping generated iCode
                                     69 ;	../SPLSPL/src/stm8s_uart3_UART3_ClearITPendingBit.c: 66: UART3->SR = (uint8_t)~(UART3_SR_RXNE);
                                     70 ; genPointerSet
      00000B 35 DF 52 40      [ 1]   71 	mov	0x5240+0, #0xdf
                                     72 ; genGoto
      00000F CCr00r30         [ 2]   73 	jp	00107$
                                     74 ; genLabel
      000012                         75 00105$:
                                     76 ;	../SPLSPL/src/stm8s_uart3_UART3_ClearITPendingBit.c: 69: else if (UART3_IT == UART3_IT_LBDF)
                                     77 ; genCmpEQorNE
      000012 A3 03 46         [ 2]   78 	cpw	x, #0x0346
      000015 26 03            [ 1]   79 	jrne	00127$
      000017 CCr00r1D         [ 2]   80 	jp	00128$
      00001A                         81 00127$:
      00001A CCr00r28         [ 2]   82 	jp	00102$
      00001D                         83 00128$:
                                     84 ; skipping generated iCode
                                     85 ;	../SPLSPL/src/stm8s_uart3_UART3_ClearITPendingBit.c: 71: UART3->CR4 &= (uint8_t)~(UART3_CR4_LBDF);
                                     86 ; genPointerGet
      00001D C6 52 47         [ 1]   87 	ld	a, 0x5247
                                     88 ; genAnd
      000020 A4 EF            [ 1]   89 	and	a, #0xef
                                     90 ; genPointerSet
      000022 C7 52 47         [ 1]   91 	ld	0x5247, a
                                     92 ; genGoto
      000025 CCr00r30         [ 2]   93 	jp	00107$
                                     94 ; genLabel
      000028                         95 00102$:
                                     96 ;	../SPLSPL/src/stm8s_uart3_UART3_ClearITPendingBit.c: 76: UART3->CR6 &= (uint8_t)(~UART3_CR6_LHDF);
                                     97 ; genPointerGet
      000028 C6 52 49         [ 1]   98 	ld	a, 0x5249
                                     99 ; genAnd
      00002B A4 FD            [ 1]  100 	and	a, #0xfd
                                    101 ; genPointerSet
      00002D C7 52 49         [ 1]  102 	ld	0x5249, a
                                    103 ; genLabel
      000030                        104 00107$:
                                    105 ;	../SPLSPL/src/stm8s_uart3_UART3_ClearITPendingBit.c: 78: }
                                    106 ; genEndFunction
      000030 81               [ 4]  107 	ret
                                    108 	.area CODE
                                    109 	.area CONST
                                    110 	.area INITIALIZER
                                    111 	.area CABS (ABS)
