                                      1 ;--------------------------------------------------------
                                      2 ; File Created by SDCC : free open source ISO C Compiler 
                                      3 ; Version 4.4.0 #14620 (Linux)
                                      4 ;--------------------------------------------------------
                                      5 	.module stm8s_uart3_UART3_ClearFlag
                                      6 	.optsdcc -mstm8
                                      7 	
                                      8 ;--------------------------------------------------------
                                      9 ; Public variables in this module
                                     10 ;--------------------------------------------------------
                                     11 	.globl _UART3_ClearFlag
                                     12 ;--------------------------------------------------------
                                     13 ; ram data
                                     14 ;--------------------------------------------------------
                                     15 	.area DATA
                                     16 ;--------------------------------------------------------
                                     17 ; ram data
                                     18 ;--------------------------------------------------------
                                     19 	.area INITIALIZED
                                     20 ;--------------------------------------------------------
                                     21 ; absolute external ram data
                                     22 ;--------------------------------------------------------
                                     23 	.area DABS (ABS)
                                     24 
                                     25 ; default segment ordering for linker
                                     26 	.area HOME
                                     27 	.area GSINIT
                                     28 	.area GSFINAL
                                     29 	.area CONST
                                     30 	.area INITIALIZER
                                     31 	.area CODE
                                     32 
                                     33 ;--------------------------------------------------------
                                     34 ; global & static initialisations
                                     35 ;--------------------------------------------------------
                                     36 	.area HOME
                                     37 	.area GSINIT
                                     38 	.area GSFINAL
                                     39 	.area GSINIT
                                     40 ;--------------------------------------------------------
                                     41 ; Home
                                     42 ;--------------------------------------------------------
                                     43 	.area HOME
                                     44 	.area HOME
                                     45 ;--------------------------------------------------------
                                     46 ; code
                                     47 ;--------------------------------------------------------
                                     48 	.area CODE
                                     49 ;	../SPLSPL/src/stm8s_uart3_UART3_ClearFlag.c: 59: void UART3_ClearFlag(UART3_Flag_TypeDef UART3_FLAG)
                                     50 ; genLabel
                                     51 ;	-----------------------------------------
                                     52 ;	 function UART3_ClearFlag
                                     53 ;	-----------------------------------------
                                     54 ;	Register assignment is optimal.
                                     55 ;	Stack space usage: 0 bytes.
      000000                         56 _UART3_ClearFlag:
                                     57 ; genReceive
                                     58 ;	../SPLSPL/src/stm8s_uart3_UART3_ClearFlag.c: 65: if (UART3_FLAG == UART3_FLAG_RXNE)
                                     59 ; genCast
                                     60 ; genAssign
                                     61 ; genCmpEQorNE
      000000 A3 00 20         [ 2]   62 	cpw	x, #0x0020
      000003 26 03            [ 1]   63 	jrne	00134$
      000005 CCr00r0B         [ 2]   64 	jp	00135$
      000008                         65 00134$:
      000008 CCr00r12         [ 2]   66 	jp	00108$
      00000B                         67 00135$:
                                     68 ; skipping generated iCode
                                     69 ;	../SPLSPL/src/stm8s_uart3_UART3_ClearFlag.c: 67: UART3->SR = (uint8_t)~(UART3_SR_RXNE);
                                     70 ; genPointerSet
      00000B 35 DF 52 40      [ 1]   71 	mov	0x5240+0, #0xdf
                                     72 ; genGoto
      00000F CCr00r43         [ 2]   73 	jp	00110$
                                     74 ; genLabel
      000012                         75 00108$:
                                     76 ;	../SPLSPL/src/stm8s_uart3_UART3_ClearFlag.c: 70: else if (UART3_FLAG == UART3_FLAG_LBDF)
                                     77 ; genCmpEQorNE
      000012 A3 02 10         [ 2]   78 	cpw	x, #0x0210
      000015 26 03            [ 1]   79 	jrne	00137$
      000017 CCr00r1D         [ 2]   80 	jp	00138$
      00001A                         81 00137$:
      00001A CCr00r28         [ 2]   82 	jp	00105$
      00001D                         83 00138$:
                                     84 ; skipping generated iCode
                                     85 ;	../SPLSPL/src/stm8s_uart3_UART3_ClearFlag.c: 72: UART3->CR4 &= (uint8_t)(~UART3_CR4_LBDF);
                                     86 ; genPointerGet
      00001D C6 52 47         [ 1]   87 	ld	a, 0x5247
                                     88 ; genAnd
      000020 A4 EF            [ 1]   89 	and	a, #0xef
                                     90 ; genPointerSet
      000022 C7 52 47         [ 1]   91 	ld	0x5247, a
                                     92 ; genGoto
      000025 CCr00r43         [ 2]   93 	jp	00110$
                                     94 ; genLabel
      000028                         95 00105$:
                                     96 ;	../SPLSPL/src/stm8s_uart3_UART3_ClearFlag.c: 77: UART3->CR6 &= (uint8_t)(~UART3_CR6_LHDF);
                                     97 ; genPointerGet
      000028 C6 52 49         [ 1]   98 	ld	a, 0x5249
                                     99 ;	../SPLSPL/src/stm8s_uart3_UART3_ClearFlag.c: 75: else if (UART3_FLAG == UART3_FLAG_LHDF)
                                    100 ; genCmpEQorNE
      00002B A3 03 02         [ 2]  101 	cpw	x, #0x0302
      00002E 26 03            [ 1]  102 	jrne	00140$
      000030 CCr00r36         [ 2]  103 	jp	00141$
      000033                        104 00140$:
      000033 CCr00r3E         [ 2]  105 	jp	00102$
      000036                        106 00141$:
                                    107 ; skipping generated iCode
                                    108 ;	../SPLSPL/src/stm8s_uart3_UART3_ClearFlag.c: 77: UART3->CR6 &= (uint8_t)(~UART3_CR6_LHDF);
                                    109 ; genAnd
      000036 A4 FD            [ 1]  110 	and	a, #0xfd
                                    111 ; genPointerSet
      000038 C7 52 49         [ 1]  112 	ld	0x5249, a
                                    113 ; genGoto
      00003B CCr00r43         [ 2]  114 	jp	00110$
                                    115 ; genLabel
      00003E                        116 00102$:
                                    117 ;	../SPLSPL/src/stm8s_uart3_UART3_ClearFlag.c: 82: UART3->CR6 &= (uint8_t)(~UART3_CR6_LSF);
                                    118 ; genAnd
      00003E A4 FE            [ 1]  119 	and	a, #0xfe
                                    120 ; genPointerSet
      000040 C7 52 49         [ 1]  121 	ld	0x5249, a
                                    122 ; genLabel
      000043                        123 00110$:
                                    124 ;	../SPLSPL/src/stm8s_uart3_UART3_ClearFlag.c: 84: }
                                    125 ; genEndFunction
      000043 81               [ 4]  126 	ret
                                    127 	.area CODE
                                    128 	.area CONST
                                    129 	.area INITIALIZER
                                    130 	.area CABS (ABS)
