                                      1 ;--------------------------------------------------------
                                      2 ; File Created by SDCC : free open source ISO C Compiler 
                                      3 ; Version 4.4.0 #14620 (Linux)
                                      4 ;--------------------------------------------------------
                                      5 	.module stm8s_gpio_GPIO_DeInit
                                      6 	.optsdcc -mstm8
                                      7 	
                                      8 ;--------------------------------------------------------
                                      9 ; Public variables in this module
                                     10 ;--------------------------------------------------------
                                     11 	.globl _GPIO_DeInit
                                     12 ;--------------------------------------------------------
                                     13 ; ram data
                                     14 ;--------------------------------------------------------
                                     15 	.area DATA
                                     16 ;--------------------------------------------------------
                                     17 ; ram data
                                     18 ;--------------------------------------------------------
                                     19 	.area INITIALIZED
                                     20 ;--------------------------------------------------------
                                     21 ; absolute external ram data
                                     22 ;--------------------------------------------------------
                                     23 	.area DABS (ABS)
                                     24 
                                     25 ; default segment ordering for linker
                                     26 	.area HOME
                                     27 	.area GSINIT
                                     28 	.area GSFINAL
                                     29 	.area CONST
                                     30 	.area INITIALIZER
                                     31 	.area CODE
                                     32 
                                     33 ;--------------------------------------------------------
                                     34 ; global & static initialisations
                                     35 ;--------------------------------------------------------
                                     36 	.area HOME
                                     37 	.area GSINIT
                                     38 	.area GSFINAL
                                     39 	.area GSINIT
                                     40 ;--------------------------------------------------------
                                     41 ; Home
                                     42 ;--------------------------------------------------------
                                     43 	.area HOME
                                     44 	.area HOME
                                     45 ;--------------------------------------------------------
                                     46 ; code
                                     47 ;--------------------------------------------------------
                                     48 	.area CODE
                                     49 ;	../SPLSPL/src/stm8s_gpio_GPIO_DeInit.c: 36: void GPIO_DeInit(GPIO_TypeDef* GPIOx)
                                     50 ; genLabel
                                     51 ;	-----------------------------------------
                                     52 ;	 function GPIO_DeInit
                                     53 ;	-----------------------------------------
                                     54 ;	Register assignment might be sub-optimal.
                                     55 ;	Stack space usage: 0 bytes.
      000000                         56 _GPIO_DeInit:
                                     57 ; genReceive
      000000 51               [ 1]   58 	exgw	x, y
                                     59 ;	../SPLSPL/src/stm8s_gpio_GPIO_DeInit.c: 38: GPIOx->ODR = GPIO_ODR_RESET_VALUE; /* Reset Output Data Register */
                                     60 ; genPointerSet
      000001 90 7F            [ 1]   61 	clr	(y)
                                     62 ;	../SPLSPL/src/stm8s_gpio_GPIO_DeInit.c: 39: GPIOx->DDR = GPIO_DDR_RESET_VALUE; /* Reset Data Direction Register */
                                     63 ; genPlus
      000003 93               [ 1]   64 	ldw	x, y
      000004 5C               [ 1]   65 	incw	x
      000005 5C               [ 1]   66 	incw	x
                                     67 ; genPointerSet
      000006 7F               [ 1]   68 	clr	(x)
                                     69 ;	../SPLSPL/src/stm8s_gpio_GPIO_DeInit.c: 40: GPIOx->CR1 = GPIO_CR1_RESET_VALUE; /* Reset Control Register 1 */
                                     70 ; genPlus
      000007 93               [ 1]   71 	ldw	x, y
      000008 1C 00 03         [ 2]   72 	addw	x, #0x0003
                                     73 ; genPointerSet
      00000B 7F               [ 1]   74 	clr	(x)
                                     75 ;	../SPLSPL/src/stm8s_gpio_GPIO_DeInit.c: 41: GPIOx->CR2 = GPIO_CR2_RESET_VALUE; /* Reset Control Register 2 */
                                     76 ; genPlus
      00000C 93               [ 1]   77 	ldw	x, y
      00000D 1C 00 04         [ 2]   78 	addw	x, #0x0004
                                     79 ; genPointerSet
      000010 7F               [ 1]   80 	clr	(x)
                                     81 ; genLabel
      000011                         82 00101$:
                                     83 ;	../SPLSPL/src/stm8s_gpio_GPIO_DeInit.c: 42: }
                                     84 ; genEndFunction
      000011 81               [ 4]   85 	ret
                                     86 	.area CODE
                                     87 	.area CONST
                                     88 	.area INITIALIZER
                                     89 	.area CABS (ABS)
