                                      1 ;--------------------------------------------------------
                                      2 ; File Created by SDCC : free open source ISO C Compiler 
                                      3 ; Version 4.4.0 #14620 (Linux)
                                      4 ;--------------------------------------------------------
                                      5 	.module stm8s_flash_read_byte_address
                                      6 	.optsdcc -mstm8
                                      7 	
                                      8 ;--------------------------------------------------------
                                      9 ; Public variables in this module
                                     10 ;--------------------------------------------------------
                                     11 	.globl _read_byte_address
                                     12 ;--------------------------------------------------------
                                     13 ; ram data
                                     14 ;--------------------------------------------------------
                                     15 	.area DATA
                                     16 ;--------------------------------------------------------
                                     17 ; ram data
                                     18 ;--------------------------------------------------------
                                     19 	.area INITIALIZED
                                     20 ;--------------------------------------------------------
                                     21 ; absolute external ram data
                                     22 ;--------------------------------------------------------
                                     23 	.area DABS (ABS)
                                     24 
                                     25 ; default segment ordering for linker
                                     26 	.area HOME
                                     27 	.area GSINIT
                                     28 	.area GSFINAL
                                     29 	.area CONST
                                     30 	.area INITIALIZER
                                     31 	.area CODE
                                     32 
                                     33 ;--------------------------------------------------------
                                     34 ; global & static initialisations
                                     35 ;--------------------------------------------------------
                                     36 	.area HOME
                                     37 	.area GSINIT
                                     38 	.area GSFINAL
                                     39 	.area GSINIT
                                     40 ;--------------------------------------------------------
                                     41 ; Home
                                     42 ;--------------------------------------------------------
                                     43 	.area HOME
                                     44 	.area HOME
                                     45 ;--------------------------------------------------------
                                     46 ; code
                                     47 ;--------------------------------------------------------
                                     48 	.area CODE
                                     49 ;	../SPLSPL/src/stm8s_flash_read_byte_address.c: 39: uint8_t read_byte_address(uint32_t Address)
                                     50 ; genLabel
                                     51 ;	-----------------------------------------
                                     52 ;	 function read_byte_address
                                     53 ;	-----------------------------------------
                                     54 ;	Register assignment is optimal.
                                     55 ;	Stack space usage: 0 bytes.
      000000                         56 _read_byte_address:
                                     57 ;	../SPLSPL/src/stm8s_flash_read_byte_address.c: 45: asm_addr = Address;
                                     58 ; genAssign
      000000 1E 05            [ 2]   59 	ldw	x, (0x05, sp)
      000002 16 03            [ 2]   60 	ldw	y, (0x03, sp)
                                     61 ; genAssign
      000004 CFu00u02         [ 2]   62 	ldw	_asm_addr+2, x
      000007 90 CFu00u00      [ 2]   63 	ldw	_asm_addr+0, y
                                     64 ;	../SPLSPL/src/stm8s_flash_read_byte_address.c: 51: __endasm;
                                     65 ;	genInline
      00000B 92 BCu00u01      [ 5]   66 	ldf	a,[_asm_addr+1].e
      00000F C7u00u00         [ 1]   67 	ld	_asm_val,a
                                     68 ;	../SPLSPL/src/stm8s_flash_read_byte_address.c: 54: return(asm_val);
                                     69 ; genReturn
      000012 C6u00u00         [ 1]   70 	ld	a, _asm_val+0
                                     71 ; genLabel
      000015                         72 00101$:
                                     73 ;	../SPLSPL/src/stm8s_flash_read_byte_address.c: 57: }
                                     74 ; genEndFunction
      000015 1E 01            [ 2]   75 	ldw	x, (1, sp)
      000017 5B 06            [ 2]   76 	addw	sp, #6
      000019 FC               [ 2]   77 	jp	(x)
                                     78 	.area CODE
                                     79 	.area CONST
                                     80 	.area INITIALIZER
                                     81 	.area CABS (ABS)
