                                      1 ;--------------------------------------------------------
                                      2 ; File Created by SDCC : free open source ISO C Compiler 
                                      3 ; Version 4.4.0 #14620 (Linux)
                                      4 ;--------------------------------------------------------
                                      5 	.module stm8s_tim1_TIM1_EncoderInterfaceConfig
                                      6 	.optsdcc -mstm8
                                      7 	
                                      8 ;--------------------------------------------------------
                                      9 ; Public variables in this module
                                     10 ;--------------------------------------------------------
                                     11 	.globl _TIM1_EncoderInterfaceConfig
                                     12 ;--------------------------------------------------------
                                     13 ; ram data
                                     14 ;--------------------------------------------------------
                                     15 	.area DATA
                                     16 ;--------------------------------------------------------
                                     17 ; ram data
                                     18 ;--------------------------------------------------------
                                     19 	.area INITIALIZED
                                     20 ;--------------------------------------------------------
                                     21 ; absolute external ram data
                                     22 ;--------------------------------------------------------
                                     23 	.area DABS (ABS)
                                     24 
                                     25 ; default segment ordering for linker
                                     26 	.area HOME
                                     27 	.area GSINIT
                                     28 	.area GSFINAL
                                     29 	.area CONST
                                     30 	.area INITIALIZER
                                     31 	.area CODE
                                     32 
                                     33 ;--------------------------------------------------------
                                     34 ; global & static initialisations
                                     35 ;--------------------------------------------------------
                                     36 	.area HOME
                                     37 	.area GSINIT
                                     38 	.area GSFINAL
                                     39 	.area GSINIT
                                     40 ;--------------------------------------------------------
                                     41 ; Home
                                     42 ;--------------------------------------------------------
                                     43 	.area HOME
                                     44 	.area HOME
                                     45 ;--------------------------------------------------------
                                     46 ; code
                                     47 ;--------------------------------------------------------
                                     48 	.area CODE
                                     49 ;	../SPLSPL/src/stm8s_tim1_TIM1_EncoderInterfaceConfig.c: 51: void TIM1_EncoderInterfaceConfig(TIM1_EncoderMode_TypeDef TIM1_EncoderMode,
                                     50 ; genLabel
                                     51 ;	-----------------------------------------
                                     52 ;	 function TIM1_EncoderInterfaceConfig
                                     53 ;	-----------------------------------------
                                     54 ;	Register assignment is optimal.
                                     55 ;	Stack space usage: 1 bytes.
      000000                         56 _TIM1_EncoderInterfaceConfig:
      000000 88               [ 1]   57 	push	a
                                     58 ; genReceive
      000001 6B 01            [ 1]   59 	ld	(0x01, sp), a
                                     60 ;	../SPLSPL/src/stm8s_tim1_TIM1_EncoderInterfaceConfig.c: 63: TIM1->CCER1 |= TIM1_CCER1_CC1P;
                                     61 ; genPointerGet
      000003 C6 52 5C         [ 1]   62 	ld	a, 0x525c
                                     63 ;	../SPLSPL/src/stm8s_tim1_TIM1_EncoderInterfaceConfig.c: 61: if (TIM1_IC1Polarity != TIM1_ICPOLARITY_RISING)
                                     64 ; genIfx
      000006 0D 04            [ 1]   65 	tnz	(0x04, sp)
      000008 26 03            [ 1]   66 	jrne	00123$
      00000A CCr00r15         [ 2]   67 	jp	00102$
      00000D                         68 00123$:
                                     69 ;	../SPLSPL/src/stm8s_tim1_TIM1_EncoderInterfaceConfig.c: 63: TIM1->CCER1 |= TIM1_CCER1_CC1P;
                                     70 ; genOr
      00000D AA 02            [ 1]   71 	or	a, #0x02
                                     72 ; genPointerSet
      00000F C7 52 5C         [ 1]   73 	ld	0x525c, a
                                     74 ; genGoto
      000012 CCr00r1A         [ 2]   75 	jp	00103$
                                     76 ; genLabel
      000015                         77 00102$:
                                     78 ;	../SPLSPL/src/stm8s_tim1_TIM1_EncoderInterfaceConfig.c: 67: TIM1->CCER1 &= (uint8_t)(~TIM1_CCER1_CC1P);
                                     79 ; genAnd
      000015 A4 FD            [ 1]   80 	and	a, #0xfd
                                     81 ; genPointerSet
      000017 C7 52 5C         [ 1]   82 	ld	0x525c, a
                                     83 ; genLabel
      00001A                         84 00103$:
                                     85 ;	../SPLSPL/src/stm8s_tim1_TIM1_EncoderInterfaceConfig.c: 63: TIM1->CCER1 |= TIM1_CCER1_CC1P;
                                     86 ; genPointerGet
      00001A C6 52 5C         [ 1]   87 	ld	a, 0x525c
                                     88 ;	../SPLSPL/src/stm8s_tim1_TIM1_EncoderInterfaceConfig.c: 70: if (TIM1_IC2Polarity != TIM1_ICPOLARITY_RISING)
                                     89 ; genIfx
      00001D 0D 05            [ 1]   90 	tnz	(0x05, sp)
      00001F 26 03            [ 1]   91 	jrne	00124$
      000021 CCr00r2C         [ 2]   92 	jp	00105$
      000024                         93 00124$:
                                     94 ;	../SPLSPL/src/stm8s_tim1_TIM1_EncoderInterfaceConfig.c: 72: TIM1->CCER1 |= TIM1_CCER1_CC2P;
                                     95 ; genOr
      000024 AA 20            [ 1]   96 	or	a, #0x20
                                     97 ; genPointerSet
      000026 C7 52 5C         [ 1]   98 	ld	0x525c, a
                                     99 ; genGoto
      000029 CCr00r31         [ 2]  100 	jp	00106$
                                    101 ; genLabel
      00002C                        102 00105$:
                                    103 ;	../SPLSPL/src/stm8s_tim1_TIM1_EncoderInterfaceConfig.c: 76: TIM1->CCER1 &= (uint8_t)(~TIM1_CCER1_CC2P);
                                    104 ; genAnd
      00002C A4 DF            [ 1]  105 	and	a, #0xdf
                                    106 ; genPointerSet
      00002E C7 52 5C         [ 1]  107 	ld	0x525c, a
                                    108 ; genLabel
      000031                        109 00106$:
                                    110 ;	../SPLSPL/src/stm8s_tim1_TIM1_EncoderInterfaceConfig.c: 79: TIM1->SMCR = (uint8_t)((uint8_t)(TIM1->SMCR & (uint8_t)(TIM1_SMCR_MSM | TIM1_SMCR_TS))
                                    111 ; genPointerGet
      000031 C6 52 52         [ 1]  112 	ld	a, 0x5252
                                    113 ; genAnd
      000034 A4 F0            [ 1]  114 	and	a, #0xf0
                                    115 ;	../SPLSPL/src/stm8s_tim1_TIM1_EncoderInterfaceConfig.c: 80: | (uint8_t) TIM1_EncoderMode);
                                    116 ; genOr
      000036 1A 01            [ 1]  117 	or	a, (0x01, sp)
                                    118 ; genPointerSet
      000038 C7 52 52         [ 1]  119 	ld	0x5252, a
                                    120 ;	../SPLSPL/src/stm8s_tim1_TIM1_EncoderInterfaceConfig.c: 83: TIM1->CCMR1 = (uint8_t)((uint8_t)(TIM1->CCMR1 & (uint8_t)(~TIM1_CCMR_CCxS)) 
                                    121 ; genPointerGet
      00003B C6 52 58         [ 1]  122 	ld	a, 0x5258
                                    123 ; genAnd
      00003E A4 FC            [ 1]  124 	and	a, #0xfc
                                    125 ; genOr
      000040 AA 01            [ 1]  126 	or	a, #0x01
                                    127 ; genPointerSet
      000042 C7 52 58         [ 1]  128 	ld	0x5258, a
                                    129 ;	../SPLSPL/src/stm8s_tim1_TIM1_EncoderInterfaceConfig.c: 85: TIM1->CCMR2 = (uint8_t)((uint8_t)(TIM1->CCMR2 & (uint8_t)(~TIM1_CCMR_CCxS))
                                    130 ; genPointerGet
      000045 C6 52 59         [ 1]  131 	ld	a, 0x5259
                                    132 ; genAnd
      000048 A4 FC            [ 1]  133 	and	a, #0xfc
                                    134 ; genOr
      00004A AA 01            [ 1]  135 	or	a, #0x01
                                    136 ; genPointerSet
      00004C C7 52 59         [ 1]  137 	ld	0x5259, a
                                    138 ; genLabel
      00004F                        139 00107$:
                                    140 ;	../SPLSPL/src/stm8s_tim1_TIM1_EncoderInterfaceConfig.c: 87: }
                                    141 ; genEndFunction
      00004F 1E 02            [ 2]  142 	ldw	x, (2, sp)
      000051 5B 05            [ 2]  143 	addw	sp, #5
      000053 FC               [ 2]  144 	jp	(x)
                                    145 	.area CODE
                                    146 	.area CONST
                                    147 	.area INITIALIZER
                                    148 	.area CABS (ABS)
