                                      1 ;--------------------------------------------------------
                                      2 ; File Created by SDCC : free open source ISO C Compiler 
                                      3 ; Version 4.4.0 #14620 (Linux)
                                      4 ;--------------------------------------------------------
                                      5 	.module stm8s_flash_FLASH_Lock
                                      6 	.optsdcc -mstm8
                                      7 	
                                      8 ;--------------------------------------------------------
                                      9 ; Public variables in this module
                                     10 ;--------------------------------------------------------
                                     11 	.globl _FLASH_Lock
                                     12 ;--------------------------------------------------------
                                     13 ; ram data
                                     14 ;--------------------------------------------------------
                                     15 	.area DATA
                                     16 ;--------------------------------------------------------
                                     17 ; ram data
                                     18 ;--------------------------------------------------------
                                     19 	.area INITIALIZED
                                     20 ;--------------------------------------------------------
                                     21 ; absolute external ram data
                                     22 ;--------------------------------------------------------
                                     23 	.area DABS (ABS)
                                     24 
                                     25 ; default segment ordering for linker
                                     26 	.area HOME
                                     27 	.area GSINIT
                                     28 	.area GSFINAL
                                     29 	.area CONST
                                     30 	.area INITIALIZER
                                     31 	.area CODE
                                     32 
                                     33 ;--------------------------------------------------------
                                     34 ; global & static initialisations
                                     35 ;--------------------------------------------------------
                                     36 	.area HOME
                                     37 	.area GSINIT
                                     38 	.area GSFINAL
                                     39 	.area GSINIT
                                     40 ;--------------------------------------------------------
                                     41 ; Home
                                     42 ;--------------------------------------------------------
                                     43 	.area HOME
                                     44 	.area HOME
                                     45 ;--------------------------------------------------------
                                     46 ; code
                                     47 ;--------------------------------------------------------
                                     48 	.area CODE
                                     49 ;	../SPLSPL/src/stm8s_flash_FLASH_Lock.c: 37: void FLASH_Lock(FLASH_MemType_TypeDef FLASH_MemType)
                                     50 ; genLabel
                                     51 ;	-----------------------------------------
                                     52 ;	 function FLASH_Lock
                                     53 ;	-----------------------------------------
                                     54 ;	Register assignment is optimal.
                                     55 ;	Stack space usage: 1 bytes.
      000000                         56 _FLASH_Lock:
      000000 88               [ 1]   57 	push	a
                                     58 ; genReceive
      000001 6B 01            [ 1]   59 	ld	(0x01, sp), a
                                     60 ;	../SPLSPL/src/stm8s_flash_FLASH_Lock.c: 43: FLASH->IAPSR &= (uint8_t)FLASH_MemType;
                                     61 ; genPointerGet
      000003 C6 50 5F         [ 1]   62 	ld	a, 0x505f
                                     63 ; genAnd
      000006 14 01            [ 1]   64 	and	a, (0x01, sp)
                                     65 ; genPointerSet
      000008 C7 50 5F         [ 1]   66 	ld	0x505f, a
                                     67 ; genLabel
      00000B                         68 00101$:
                                     69 ;	../SPLSPL/src/stm8s_flash_FLASH_Lock.c: 44: }
                                     70 ; genEndFunction
      00000B 84               [ 1]   71 	pop	a
      00000C 81               [ 4]   72 	ret
                                     73 	.area CODE
                                     74 	.area CONST
                                     75 	.area INITIALIZER
                                     76 	.area CABS (ABS)
