                                      1 ;--------------------------------------------------------
                                      2 ; File Created by SDCC : free open source ISO C Compiler 
                                      3 ; Version 4.4.0 #14620 (Linux)
                                      4 ;--------------------------------------------------------
                                      5 	.module stm8s_adc2_ADC2_GetITStatus
                                      6 	.optsdcc -mstm8
                                      7 	
                                      8 ;--------------------------------------------------------
                                      9 ; Public variables in this module
                                     10 ;--------------------------------------------------------
                                     11 	.globl _ADC2_GetITStatus
                                     12 ;--------------------------------------------------------
                                     13 ; ram data
                                     14 ;--------------------------------------------------------
                                     15 	.area DATA
                                     16 ;--------------------------------------------------------
                                     17 ; ram data
                                     18 ;--------------------------------------------------------
                                     19 	.area INITIALIZED
                                     20 ;--------------------------------------------------------
                                     21 ; absolute external ram data
                                     22 ;--------------------------------------------------------
                                     23 	.area DABS (ABS)
                                     24 
                                     25 ; default segment ordering for linker
                                     26 	.area HOME
                                     27 	.area GSINIT
                                     28 	.area GSFINAL
                                     29 	.area CONST
                                     30 	.area INITIALIZER
                                     31 	.area CODE
                                     32 
                                     33 ;--------------------------------------------------------
                                     34 ; global & static initialisations
                                     35 ;--------------------------------------------------------
                                     36 	.area HOME
                                     37 	.area GSINIT
                                     38 	.area GSFINAL
                                     39 	.area GSINIT
                                     40 ;--------------------------------------------------------
                                     41 ; Home
                                     42 ;--------------------------------------------------------
                                     43 	.area HOME
                                     44 	.area HOME
                                     45 ;--------------------------------------------------------
                                     46 ; code
                                     47 ;--------------------------------------------------------
                                     48 	.area CODE
                                     49 ;	../SPLSPL/src/stm8s_adc2_ADC2_GetITStatus.c: 37: ITStatus ADC2_GetITStatus(void)
                                     50 ; genLabel
                                     51 ;	-----------------------------------------
                                     52 ;	 function ADC2_GetITStatus
                                     53 ;	-----------------------------------------
                                     54 ;	Register assignment is optimal.
                                     55 ;	Stack space usage: 0 bytes.
      000000                         56 _ADC2_GetITStatus:
                                     57 ;	../SPLSPL/src/stm8s_adc2_ADC2_GetITStatus.c: 39: return (ITStatus)(ADC2->CSR & ADC2_CSR_EOC);
                                     58 ; genPointerGet
      000000 C6 54 00         [ 1]   59 	ld	a, 0x5400
                                     60 ; genGetABit
      000003 48               [ 1]   61 	sll	a
      000004 4F               [ 1]   62 	clr	a
      000005 49               [ 1]   63 	rlc	a
                                     64 ; genReturn
                                     65 ; genLabel
      000006                         66 00101$:
                                     67 ;	../SPLSPL/src/stm8s_adc2_ADC2_GetITStatus.c: 40: }
                                     68 ; genEndFunction
      000006 81               [ 4]   69 	ret
                                     70 	.area CODE
                                     71 	.area CONST
                                     72 	.area INITIALIZER
                                     73 	.area CABS (ABS)
