                                      1 ;--------------------------------------------------------
                                      2 ; File Created by SDCC : free open source ISO C Compiler 
                                      3 ; Version 4.4.0 #14620 (Linux)
                                      4 ;--------------------------------------------------------
                                      5 	.module stm8s_tim4_TIM4_ITConfig
                                      6 	.optsdcc -mstm8
                                      7 	
                                      8 ;--------------------------------------------------------
                                      9 ; Public variables in this module
                                     10 ;--------------------------------------------------------
                                     11 	.globl _TIM4_ITConfig
                                     12 ;--------------------------------------------------------
                                     13 ; ram data
                                     14 ;--------------------------------------------------------
                                     15 	.area DATA
                                     16 ;--------------------------------------------------------
                                     17 ; ram data
                                     18 ;--------------------------------------------------------
                                     19 	.area INITIALIZED
                                     20 ;--------------------------------------------------------
                                     21 ; absolute external ram data
                                     22 ;--------------------------------------------------------
                                     23 	.area DABS (ABS)
                                     24 
                                     25 ; default segment ordering for linker
                                     26 	.area HOME
                                     27 	.area GSINIT
                                     28 	.area GSFINAL
                                     29 	.area CONST
                                     30 	.area INITIALIZER
                                     31 	.area CODE
                                     32 
                                     33 ;--------------------------------------------------------
                                     34 ; global & static initialisations
                                     35 ;--------------------------------------------------------
                                     36 	.area HOME
                                     37 	.area GSINIT
                                     38 	.area GSFINAL
                                     39 	.area GSINIT
                                     40 ;--------------------------------------------------------
                                     41 ; Home
                                     42 ;--------------------------------------------------------
                                     43 	.area HOME
                                     44 	.area HOME
                                     45 ;--------------------------------------------------------
                                     46 ; code
                                     47 ;--------------------------------------------------------
                                     48 	.area CODE
                                     49 ;	../SPLSPL/src/stm8s_tim4_TIM4_ITConfig.c: 41: void TIM4_ITConfig(TIM4_IT_TypeDef TIM4_IT, FunctionalState NewState)
                                     50 ; genLabel
                                     51 ;	-----------------------------------------
                                     52 ;	 function TIM4_ITConfig
                                     53 ;	-----------------------------------------
                                     54 ;	Register assignment might be sub-optimal.
                                     55 ;	Stack space usage: 1 bytes.
      000000                         56 _TIM4_ITConfig:
      000000 88               [ 1]   57 	push	a
                                     58 ; genReceive
      000001 97               [ 1]   59 	ld	xl, a
                                     60 ;	../SPLSPL/src/stm8s_tim4_TIM4_ITConfig.c: 50: TIM4->IER |= (uint8_t)TIM4_IT;
                                     61 ; genPointerGet
      000002 C6 53 41         [ 1]   62 	ld	a, 0x5341
      000005 6B 01            [ 1]   63 	ld	(0x01, sp), a
                                     64 ;	../SPLSPL/src/stm8s_tim4_TIM4_ITConfig.c: 47: if (NewState != DISABLE)
                                     65 ; genIfx
      000007 0D 04            [ 1]   66 	tnz	(0x04, sp)
      000009 26 03            [ 1]   67 	jrne	00113$
      00000B CCr00r17         [ 2]   68 	jp	00102$
      00000E                         69 00113$:
                                     70 ;	../SPLSPL/src/stm8s_tim4_TIM4_ITConfig.c: 50: TIM4->IER |= (uint8_t)TIM4_IT;
                                     71 ; genCast
                                     72 ; genAssign
      00000E 9F               [ 1]   73 	ld	a, xl
                                     74 ; genOr
      00000F 1A 01            [ 1]   75 	or	a, (0x01, sp)
                                     76 ; genPointerSet
      000011 C7 53 41         [ 1]   77 	ld	0x5341, a
                                     78 ; genGoto
      000014 CCr00r1E         [ 2]   79 	jp	00104$
                                     80 ; genLabel
      000017                         81 00102$:
                                     82 ;	../SPLSPL/src/stm8s_tim4_TIM4_ITConfig.c: 55: TIM4->IER &= (uint8_t)(~TIM4_IT);
                                     83 ; genCast
                                     84 ; genAssign
      000017 9F               [ 1]   85 	ld	a, xl
                                     86 ; genCpl
      000018 43               [ 1]   87 	cpl	a
                                     88 ; genCast
                                     89 ; genAssign
                                     90 ; genAnd
      000019 14 01            [ 1]   91 	and	a, (0x01, sp)
                                     92 ; genPointerSet
      00001B C7 53 41         [ 1]   93 	ld	0x5341, a
                                     94 ; genLabel
      00001E                         95 00104$:
                                     96 ;	../SPLSPL/src/stm8s_tim4_TIM4_ITConfig.c: 57: }
                                     97 ; genEndFunction
      00001E 84               [ 1]   98 	pop	a
      00001F 85               [ 2]   99 	popw	x
      000020 84               [ 1]  100 	pop	a
      000021 FC               [ 2]  101 	jp	(x)
                                    102 	.area CODE
                                    103 	.area CONST
                                    104 	.area INITIALIZER
                                    105 	.area CABS (ABS)
