                                      1 ;--------------------------------------------------------
                                      2 ; File Created by SDCC : free open source ISO C Compiler 
                                      3 ; Version 4.4.0 #14620 (Linux)
                                      4 ;--------------------------------------------------------
                                      5 	.module stm8s_spi_SPI_GetCRC
                                      6 	.optsdcc -mstm8
                                      7 	
                                      8 ;--------------------------------------------------------
                                      9 ; Public variables in this module
                                     10 ;--------------------------------------------------------
                                     11 	.globl _SPI_GetCRC
                                     12 ;--------------------------------------------------------
                                     13 ; ram data
                                     14 ;--------------------------------------------------------
                                     15 	.area DATA
                                     16 ;--------------------------------------------------------
                                     17 ; ram data
                                     18 ;--------------------------------------------------------
                                     19 	.area INITIALIZED
                                     20 ;--------------------------------------------------------
                                     21 ; absolute external ram data
                                     22 ;--------------------------------------------------------
                                     23 	.area DABS (ABS)
                                     24 
                                     25 ; default segment ordering for linker
                                     26 	.area HOME
                                     27 	.area GSINIT
                                     28 	.area GSFINAL
                                     29 	.area CONST
                                     30 	.area INITIALIZER
                                     31 	.area CODE
                                     32 
                                     33 ;--------------------------------------------------------
                                     34 ; global & static initialisations
                                     35 ;--------------------------------------------------------
                                     36 	.area HOME
                                     37 	.area GSINIT
                                     38 	.area GSFINAL
                                     39 	.area GSINIT
                                     40 ;--------------------------------------------------------
                                     41 ; Home
                                     42 ;--------------------------------------------------------
                                     43 	.area HOME
                                     44 	.area HOME
                                     45 ;--------------------------------------------------------
                                     46 ; code
                                     47 ;--------------------------------------------------------
                                     48 	.area CODE
                                     49 ;	../SPLSPL/src/stm8s_spi_SPI_GetCRC.c: 36: uint8_t SPI_GetCRC(SPI_CRC_TypeDef SPI_CRC)
                                     50 ; genLabel
                                     51 ;	-----------------------------------------
                                     52 ;	 function SPI_GetCRC
                                     53 ;	-----------------------------------------
                                     54 ;	Register assignment is optimal.
                                     55 ;	Stack space usage: 0 bytes.
      000000                         56 _SPI_GetCRC:
                                     57 ; genReceive
                                     58 ;	../SPLSPL/src/stm8s_spi_SPI_GetCRC.c: 43: if (SPI_CRC != SPI_CRC_RX)
                                     59 ; genIfx
      000000 4D               [ 1]   60 	tnz	a
      000001 26 03            [ 1]   61 	jrne	00113$
      000003 CCr00r0C         [ 2]   62 	jp	00102$
      000006                         63 00113$:
                                     64 ;	../SPLSPL/src/stm8s_spi_SPI_GetCRC.c: 45: crcreg = SPI->TXCRCR;  /* Get the Tx CRC register*/
                                     65 ; genPointerGet
      000006 C6 52 07         [ 1]   66 	ld	a, 0x5207
                                     67 ; genGoto
      000009 CCr00r0F         [ 2]   68 	jp	00103$
                                     69 ; genLabel
      00000C                         70 00102$:
                                     71 ;	../SPLSPL/src/stm8s_spi_SPI_GetCRC.c: 49: crcreg = SPI->RXCRCR; /* Get the Rx CRC register*/
                                     72 ; genPointerGet
      00000C C6 52 06         [ 1]   73 	ld	a, 0x5206
                                     74 ; genLabel
      00000F                         75 00103$:
                                     76 ;	../SPLSPL/src/stm8s_spi_SPI_GetCRC.c: 53: return crcreg;
                                     77 ; genReturn
                                     78 ; genLabel
      00000F                         79 00104$:
                                     80 ;	../SPLSPL/src/stm8s_spi_SPI_GetCRC.c: 54: }
                                     81 ; genEndFunction
      00000F 81               [ 4]   82 	ret
                                     83 	.area CODE
                                     84 	.area CONST
                                     85 	.area INITIALIZER
                                     86 	.area CABS (ABS)
