                                      1 ;--------------------------------------------------------
                                      2 ; File Created by SDCC : free open source ISO C Compiler 
                                      3 ; Version 4.4.0 #14620 (Linux)
                                      4 ;--------------------------------------------------------
                                      5 	.module stm8s_uart3_UART3_SendData9
                                      6 	.optsdcc -mstm8
                                      7 	
                                      8 ;--------------------------------------------------------
                                      9 ; Public variables in this module
                                     10 ;--------------------------------------------------------
                                     11 	.globl _UART3_SendData9
                                     12 ;--------------------------------------------------------
                                     13 ; ram data
                                     14 ;--------------------------------------------------------
                                     15 	.area DATA
                                     16 ;--------------------------------------------------------
                                     17 ; ram data
                                     18 ;--------------------------------------------------------
                                     19 	.area INITIALIZED
                                     20 ;--------------------------------------------------------
                                     21 ; absolute external ram data
                                     22 ;--------------------------------------------------------
                                     23 	.area DABS (ABS)
                                     24 
                                     25 ; default segment ordering for linker
                                     26 	.area HOME
                                     27 	.area GSINIT
                                     28 	.area GSFINAL
                                     29 	.area CONST
                                     30 	.area INITIALIZER
                                     31 	.area CODE
                                     32 
                                     33 ;--------------------------------------------------------
                                     34 ; global & static initialisations
                                     35 ;--------------------------------------------------------
                                     36 	.area HOME
                                     37 	.area GSINIT
                                     38 	.area GSFINAL
                                     39 	.area GSINIT
                                     40 ;--------------------------------------------------------
                                     41 ; Home
                                     42 ;--------------------------------------------------------
                                     43 	.area HOME
                                     44 	.area HOME
                                     45 ;--------------------------------------------------------
                                     46 ; code
                                     47 ;--------------------------------------------------------
                                     48 	.area CODE
                                     49 ;	../SPLSPL/src/stm8s_uart3_UART3_SendData9.c: 36: void UART3_SendData9(uint16_t Data)
                                     50 ; genLabel
                                     51 ;	-----------------------------------------
                                     52 ;	 function UART3_SendData9
                                     53 ;	-----------------------------------------
                                     54 ;	Register assignment might be sub-optimal.
                                     55 ;	Stack space usage: 1 bytes.
      000000                         56 _UART3_SendData9:
      000000 88               [ 1]   57 	push	a
                                     58 ; genReceive
      000001 51               [ 1]   59 	exgw	x, y
                                     60 ;	../SPLSPL/src/stm8s_uart3_UART3_SendData9.c: 39: UART3->CR1 &= ((uint8_t)~UART3_CR1_T8);                  
                                     61 ; genPointerGet
      000002 C6 52 44         [ 1]   62 	ld	a, 0x5244
                                     63 ; genAnd
      000005 A4 BF            [ 1]   64 	and	a, #0xbf
                                     65 ; genPointerSet
      000007 C7 52 44         [ 1]   66 	ld	0x5244, a
                                     67 ;	../SPLSPL/src/stm8s_uart3_UART3_SendData9.c: 42: UART3->CR1 |= (uint8_t)(((uint8_t)(Data >> 2)) & UART3_CR1_T8); 
                                     68 ; genPointerGet
      00000A C6 52 44         [ 1]   69 	ld	a, 0x5244
      00000D 6B 01            [ 1]   70 	ld	(0x01, sp), a
                                     71 ; genRightShiftLiteral
      00000F 93               [ 1]   72 	ldw	x, y
      000010 54               [ 2]   73 	srlw	x
      000011 54               [ 2]   74 	srlw	x
                                     75 ; genCast
                                     76 ; genAssign
      000012 9F               [ 1]   77 	ld	a, xl
                                     78 ; genAnd
      000013 A4 40            [ 1]   79 	and	a, #0x40
                                     80 ; genOr
      000015 1A 01            [ 1]   81 	or	a, (0x01, sp)
                                     82 ; genPointerSet
      000017 C7 52 44         [ 1]   83 	ld	0x5244, a
                                     84 ;	../SPLSPL/src/stm8s_uart3_UART3_SendData9.c: 45: UART3->DR   = (uint8_t)(Data);                    
                                     85 ; genCast
                                     86 ; genAssign
      00001A 90 9F            [ 1]   87 	ld	a, yl
                                     88 ; genPointerSet
      00001C C7 52 41         [ 1]   89 	ld	0x5241, a
                                     90 ; genLabel
      00001F                         91 00101$:
                                     92 ;	../SPLSPL/src/stm8s_uart3_UART3_SendData9.c: 46: }
                                     93 ; genEndFunction
      00001F 84               [ 1]   94 	pop	a
      000020 81               [ 4]   95 	ret
                                     96 	.area CODE
                                     97 	.area CONST
                                     98 	.area INITIALIZER
                                     99 	.area CABS (ABS)
