                                      1 ;--------------------------------------------------------
                                      2 ; File Created by SDCC : free open source ISO C Compiler 
                                      3 ; Version 4.4.0 #14620 (Linux)
                                      4 ;--------------------------------------------------------
                                      5 	.module stm8s_flash_FLASH_DeInit
                                      6 	.optsdcc -mstm8
                                      7 	
                                      8 ;--------------------------------------------------------
                                      9 ; Public variables in this module
                                     10 ;--------------------------------------------------------
                                     11 	.globl _FLASH_DeInit
                                     12 ;--------------------------------------------------------
                                     13 ; ram data
                                     14 ;--------------------------------------------------------
                                     15 	.area DATA
                                     16 ;--------------------------------------------------------
                                     17 ; ram data
                                     18 ;--------------------------------------------------------
                                     19 	.area INITIALIZED
                                     20 ;--------------------------------------------------------
                                     21 ; absolute external ram data
                                     22 ;--------------------------------------------------------
                                     23 	.area DABS (ABS)
                                     24 
                                     25 ; default segment ordering for linker
                                     26 	.area HOME
                                     27 	.area GSINIT
                                     28 	.area GSFINAL
                                     29 	.area CONST
                                     30 	.area INITIALIZER
                                     31 	.area CODE
                                     32 
                                     33 ;--------------------------------------------------------
                                     34 ; global & static initialisations
                                     35 ;--------------------------------------------------------
                                     36 	.area HOME
                                     37 	.area GSINIT
                                     38 	.area GSFINAL
                                     39 	.area GSINIT
                                     40 ;--------------------------------------------------------
                                     41 ; Home
                                     42 ;--------------------------------------------------------
                                     43 	.area HOME
                                     44 	.area HOME
                                     45 ;--------------------------------------------------------
                                     46 ; code
                                     47 ;--------------------------------------------------------
                                     48 	.area CODE
                                     49 ;	../SPLSPL/src/stm8s_flash_FLASH_DeInit.c: 36: void FLASH_DeInit(void)
                                     50 ; genLabel
                                     51 ;	-----------------------------------------
                                     52 ;	 function FLASH_DeInit
                                     53 ;	-----------------------------------------
                                     54 ;	Register assignment is optimal.
                                     55 ;	Stack space usage: 0 bytes.
      000000                         56 _FLASH_DeInit:
                                     57 ;	../SPLSPL/src/stm8s_flash_FLASH_DeInit.c: 38: FLASH->CR1 = FLASH_CR1_RESET_VALUE;
                                     58 ; genPointerSet
      000000 35 00 50 5A      [ 1]   59 	mov	0x505a+0, #0x00
                                     60 ;	../SPLSPL/src/stm8s_flash_FLASH_DeInit.c: 39: FLASH->CR2 = FLASH_CR2_RESET_VALUE;
                                     61 ; genPointerSet
      000004 35 00 50 5B      [ 1]   62 	mov	0x505b+0, #0x00
                                     63 ;	../SPLSPL/src/stm8s_flash_FLASH_DeInit.c: 40: FLASH->NCR2 = FLASH_NCR2_RESET_VALUE;
                                     64 ; genPointerSet
      000008 35 FF 50 5C      [ 1]   65 	mov	0x505c+0, #0xff
                                     66 ;	../SPLSPL/src/stm8s_flash_FLASH_DeInit.c: 41: FLASH->IAPSR &= (uint8_t)(~FLASH_IAPSR_DUL);
                                     67 ; genPointerGet
      00000C C6 50 5F         [ 1]   68 	ld	a, 0x505f
                                     69 ; genAnd
      00000F A4 F7            [ 1]   70 	and	a, #0xf7
                                     71 ; genPointerSet
      000011 C7 50 5F         [ 1]   72 	ld	0x505f, a
                                     73 ;	../SPLSPL/src/stm8s_flash_FLASH_DeInit.c: 42: FLASH->IAPSR &= (uint8_t)(~FLASH_IAPSR_PUL);
                                     74 ; genPointerGet
      000014 C6 50 5F         [ 1]   75 	ld	a, 0x505f
                                     76 ; genAnd
      000017 A4 FD            [ 1]   77 	and	a, #0xfd
                                     78 ; genPointerSet
      000019 C7 50 5F         [ 1]   79 	ld	0x505f, a
                                     80 ;	../SPLSPL/src/stm8s_flash_FLASH_DeInit.c: 43: (void) FLASH->IAPSR; /* Reading of this register causes the clearing of status flags */
                                     81 ; genPointerGet
                                     82 ; Dummy read
      00001C C6 50 5F         [ 1]   83 	ld	a, 0x505f
                                     84 ; genLabel
      00001F                         85 00101$:
                                     86 ;	../SPLSPL/src/stm8s_flash_FLASH_DeInit.c: 44: }
                                     87 ; genEndFunction
      00001F 81               [ 4]   88 	ret
                                     89 	.area CODE
                                     90 	.area CONST
                                     91 	.area INITIALIZER
                                     92 	.area CABS (ABS)
