                                      1 ;--------------------------------------------------------
                                      2 ; File Created by SDCC : free open source ISO C Compiler 
                                      3 ; Version 4.4.0 #14620 (Linux)
                                      4 ;--------------------------------------------------------
                                      5 	.module stm8s_flash_FLASH_ProgramOptionByte
                                      6 	.optsdcc -mstm8
                                      7 	
                                      8 ;--------------------------------------------------------
                                      9 ; Public variables in this module
                                     10 ;--------------------------------------------------------
                                     11 	.globl _FLASH_WaitForLastOperation
                                     12 	.globl _FLASH_ProgramOptionByte
                                     13 ;--------------------------------------------------------
                                     14 ; ram data
                                     15 ;--------------------------------------------------------
                                     16 	.area DATA
                                     17 ;--------------------------------------------------------
                                     18 ; ram data
                                     19 ;--------------------------------------------------------
                                     20 	.area INITIALIZED
                                     21 ;--------------------------------------------------------
                                     22 ; absolute external ram data
                                     23 ;--------------------------------------------------------
                                     24 	.area DABS (ABS)
                                     25 
                                     26 ; default segment ordering for linker
                                     27 	.area HOME
                                     28 	.area GSINIT
                                     29 	.area GSFINAL
                                     30 	.area CONST
                                     31 	.area INITIALIZER
                                     32 	.area CODE
                                     33 
                                     34 ;--------------------------------------------------------
                                     35 ; global & static initialisations
                                     36 ;--------------------------------------------------------
                                     37 	.area HOME
                                     38 	.area GSINIT
                                     39 	.area GSFINAL
                                     40 	.area GSINIT
                                     41 ;--------------------------------------------------------
                                     42 ; Home
                                     43 ;--------------------------------------------------------
                                     44 	.area HOME
                                     45 	.area HOME
                                     46 ;--------------------------------------------------------
                                     47 ; code
                                     48 ;--------------------------------------------------------
                                     49 	.area CODE
                                     50 ;	../SPLSPL/src/stm8s_flash_FLASH_ProgramOptionByte.c: 37: void FLASH_ProgramOptionByte(uint16_t Address, uint8_t Data)
                                     51 ; genLabel
                                     52 ;	-----------------------------------------
                                     53 ;	 function FLASH_ProgramOptionByte
                                     54 ;	-----------------------------------------
                                     55 ;	Register assignment might be sub-optimal.
                                     56 ;	Stack space usage: 5 bytes.
      000000                         57 _FLASH_ProgramOptionByte:
      000000 52 05            [ 2]   58 	sub	sp, #5
                                     59 ; genReceive
                                     60 ; genReceive
      000002 6B 05            [ 1]   61 	ld	(0x05, sp), a
                                     62 ;	../SPLSPL/src/stm8s_flash_FLASH_ProgramOptionByte.c: 43: FLASH->CR2 |= FLASH_CR2_OPT;
                                     63 ; genPointerGet
      000004 C6 50 5B         [ 1]   64 	ld	a, 0x505b
                                     65 ; genOr
      000007 AA 80            [ 1]   66 	or	a, #0x80
                                     67 ; genPointerSet
      000009 C7 50 5B         [ 1]   68 	ld	0x505b, a
                                     69 ;	../SPLSPL/src/stm8s_flash_FLASH_ProgramOptionByte.c: 44: FLASH->NCR2 &= (uint8_t)(~FLASH_NCR2_NOPT);
                                     70 ; genPointerGet
      00000C C6 50 5C         [ 1]   71 	ld	a, 0x505c
                                     72 ; genAnd
      00000F A4 7F            [ 1]   73 	and	a, #0x7f
                                     74 ; genPointerSet
      000011 C7 50 5C         [ 1]   75 	ld	0x505c, a
                                     76 ;	../SPLSPL/src/stm8s_flash_FLASH_ProgramOptionByte.c: 47: if(Address == 0x4800)
                                     77 ; genCast
                                     78 ; genAssign
      000014 1F 01            [ 2]   79 	ldw	(0x01, sp), x
                                     80 ;	../SPLSPL/src/stm8s_flash_FLASH_ProgramOptionByte.c: 50: *((NEAR uint8_t*)Address) = Data;
                                     81 ; genCast
                                     82 ; genAssign
      000016 1F 03            [ 2]   83 	ldw	(0x03, sp), x
                                     84 ;	../SPLSPL/src/stm8s_flash_FLASH_ProgramOptionByte.c: 47: if(Address == 0x4800)
                                     85 ; genCmpEQorNE
      000018 1E 01            [ 2]   86 	ldw	x, (0x01, sp)
      00001A A3 48 00         [ 2]   87 	cpw	x, #0x4800
      00001D 26 03            [ 1]   88 	jrne	00114$
      00001F CCr00r25         [ 2]   89 	jp	00115$
      000022                         90 00114$:
      000022 CCr00r2D         [ 2]   91 	jp	00102$
      000025                         92 00115$:
                                     93 ; skipping generated iCode
                                     94 ;	../SPLSPL/src/stm8s_flash_FLASH_ProgramOptionByte.c: 50: *((NEAR uint8_t*)Address) = Data;
                                     95 ; genPointerSet
      000025 1E 03            [ 2]   96 	ldw	x, (0x03, sp)
      000027 7B 05            [ 1]   97 	ld	a, (0x05, sp)
      000029 F7               [ 1]   98 	ld	(x), a
                                     99 ; genGoto
      00002A CCr00r39         [ 2]  100 	jp	00103$
                                    101 ; genLabel
      00002D                        102 00102$:
                                    103 ;	../SPLSPL/src/stm8s_flash_FLASH_ProgramOptionByte.c: 55: *((NEAR uint8_t*)Address) = Data;
                                    104 ; genPointerSet
      00002D 1E 03            [ 2]  105 	ldw	x, (0x03, sp)
      00002F 7B 05            [ 1]  106 	ld	a, (0x05, sp)
      000031 F7               [ 1]  107 	ld	(x), a
                                    108 ;	../SPLSPL/src/stm8s_flash_FLASH_ProgramOptionByte.c: 56: *((NEAR uint8_t*)((uint16_t)(Address + 1))) = (uint8_t)(~Data);
                                    109 ; genPlus
      000032 1E 01            [ 2]  110 	ldw	x, (0x01, sp)
      000034 5C               [ 1]  111 	incw	x
                                    112 ; genCast
                                    113 ; genAssign
                                    114 ; genCast
                                    115 ; genAssign
                                    116 ; genCpl
      000035 7B 05            [ 1]  117 	ld	a, (0x05, sp)
      000037 43               [ 1]  118 	cpl	a
                                    119 ; genPointerSet
      000038 F7               [ 1]  120 	ld	(x), a
                                    121 ; genLabel
      000039                        122 00103$:
                                    123 ;	../SPLSPL/src/stm8s_flash_FLASH_ProgramOptionByte.c: 58: FLASH_WaitForLastOperation(FLASH_MEMTYPE_PROG);
                                    124 ; genSend
      000039 A6 FD            [ 1]  125 	ld	a, #0xfd
                                    126 ; genCall
      00003B CDr00r00         [ 4]  127 	call	_FLASH_WaitForLastOperation
                                    128 ;	../SPLSPL/src/stm8s_flash_FLASH_ProgramOptionByte.c: 61: FLASH->CR2 &= (uint8_t)(~FLASH_CR2_OPT);
                                    129 ; genPointerGet
      00003E C6 50 5B         [ 1]  130 	ld	a, 0x505b
                                    131 ; genAnd
      000041 A4 7F            [ 1]  132 	and	a, #0x7f
                                    133 ; genPointerSet
      000043 C7 50 5B         [ 1]  134 	ld	0x505b, a
                                    135 ;	../SPLSPL/src/stm8s_flash_FLASH_ProgramOptionByte.c: 62: FLASH->NCR2 |= FLASH_NCR2_NOPT;
                                    136 ; genPointerGet
      000046 C6 50 5C         [ 1]  137 	ld	a, 0x505c
                                    138 ; genOr
      000049 AA 80            [ 1]  139 	or	a, #0x80
                                    140 ; genPointerSet
      00004B C7 50 5C         [ 1]  141 	ld	0x505c, a
                                    142 ; genLabel
      00004E                        143 00104$:
                                    144 ;	../SPLSPL/src/stm8s_flash_FLASH_ProgramOptionByte.c: 63: }
                                    145 ; genEndFunction
      00004E 5B 05            [ 2]  146 	addw	sp, #5
      000050 81               [ 4]  147 	ret
                                    148 	.area CODE
                                    149 	.area CONST
                                    150 	.area INITIALIZER
                                    151 	.area CABS (ABS)
