                                      1 ;--------------------------------------------------------
                                      2 ; File Created by SDCC : free open source ISO C Compiler 
                                      3 ; Version 4.4.0 #14620 (Linux)
                                      4 ;--------------------------------------------------------
                                      5 	.module stm8s_tim3_TIM3_PrescalerConfig
                                      6 	.optsdcc -mstm8
                                      7 	
                                      8 ;--------------------------------------------------------
                                      9 ; Public variables in this module
                                     10 ;--------------------------------------------------------
                                     11 	.globl _TIM3_PrescalerConfig
                                     12 ;--------------------------------------------------------
                                     13 ; ram data
                                     14 ;--------------------------------------------------------
                                     15 	.area DATA
                                     16 ;--------------------------------------------------------
                                     17 ; ram data
                                     18 ;--------------------------------------------------------
                                     19 	.area INITIALIZED
                                     20 ;--------------------------------------------------------
                                     21 ; absolute external ram data
                                     22 ;--------------------------------------------------------
                                     23 	.area DABS (ABS)
                                     24 
                                     25 ; default segment ordering for linker
                                     26 	.area HOME
                                     27 	.area GSINIT
                                     28 	.area GSFINAL
                                     29 	.area CONST
                                     30 	.area INITIALIZER
                                     31 	.area CODE
                                     32 
                                     33 ;--------------------------------------------------------
                                     34 ; global & static initialisations
                                     35 ;--------------------------------------------------------
                                     36 	.area HOME
                                     37 	.area GSINIT
                                     38 	.area GSFINAL
                                     39 	.area GSINIT
                                     40 ;--------------------------------------------------------
                                     41 ; Home
                                     42 ;--------------------------------------------------------
                                     43 	.area HOME
                                     44 	.area HOME
                                     45 ;--------------------------------------------------------
                                     46 ; code
                                     47 ;--------------------------------------------------------
                                     48 	.area CODE
                                     49 ;	../SPLSPL/src/stm8s_tim3_TIM3_PrescalerConfig.c: 59: void TIM3_PrescalerConfig(TIM3_Prescaler_TypeDef Prescaler,
                                     50 ; genLabel
                                     51 ;	-----------------------------------------
                                     52 ;	 function TIM3_PrescalerConfig
                                     53 ;	-----------------------------------------
                                     54 ;	Register assignment is optimal.
                                     55 ;	Stack space usage: 0 bytes.
      000000                         56 _TIM3_PrescalerConfig:
                                     57 ; genReceive
                                     58 ;	../SPLSPL/src/stm8s_tim3_TIM3_PrescalerConfig.c: 67: TIM3->PSCR = (uint8_t)Prescaler;
                                     59 ; genPointerSet
      000000 C7 53 2A         [ 1]   60 	ld	0x532a, a
                                     61 ;	../SPLSPL/src/stm8s_tim3_TIM3_PrescalerConfig.c: 70: TIM3->EGR = (uint8_t)TIM3_PSCReloadMode;
                                     62 ; genCast
                                     63 ; genAssign
      000003 7B 03            [ 1]   64 	ld	a, (0x03, sp)
                                     65 ; genPointerSet
      000005 C7 53 24         [ 1]   66 	ld	0x5324, a
                                     67 ; genLabel
      000008                         68 00101$:
                                     69 ;	../SPLSPL/src/stm8s_tim3_TIM3_PrescalerConfig.c: 71: }
                                     70 ; genEndFunction
      000008 85               [ 2]   71 	popw	x
      000009 84               [ 1]   72 	pop	a
      00000A FC               [ 2]   73 	jp	(x)
                                     74 	.area CODE
                                     75 	.area CONST
                                     76 	.area INITIALIZER
                                     77 	.area CABS (ABS)
