                                      1 ;--------------------------------------------------------
                                      2 ; File Created by SDCC : free open source ISO C Compiler 
                                      3 ; Version 4.4.0 #14620 (Linux)
                                      4 ;--------------------------------------------------------
                                      5 	.module stm8s_clk_CLK_CCOConfig
                                      6 	.optsdcc -mstm8
                                      7 	
                                      8 ;--------------------------------------------------------
                                      9 ; Public variables in this module
                                     10 ;--------------------------------------------------------
                                     11 	.globl _CLK_CCOConfig
                                     12 ;--------------------------------------------------------
                                     13 ; ram data
                                     14 ;--------------------------------------------------------
                                     15 	.area DATA
                                     16 ;--------------------------------------------------------
                                     17 ; ram data
                                     18 ;--------------------------------------------------------
                                     19 	.area INITIALIZED
                                     20 ;--------------------------------------------------------
                                     21 ; absolute external ram data
                                     22 ;--------------------------------------------------------
                                     23 	.area DABS (ABS)
                                     24 
                                     25 ; default segment ordering for linker
                                     26 	.area HOME
                                     27 	.area GSINIT
                                     28 	.area GSFINAL
                                     29 	.area CONST
                                     30 	.area INITIALIZER
                                     31 	.area CODE
                                     32 
                                     33 ;--------------------------------------------------------
                                     34 ; global & static initialisations
                                     35 ;--------------------------------------------------------
                                     36 	.area HOME
                                     37 	.area GSINIT
                                     38 	.area GSFINAL
                                     39 	.area GSINIT
                                     40 ;--------------------------------------------------------
                                     41 ; Home
                                     42 ;--------------------------------------------------------
                                     43 	.area HOME
                                     44 	.area HOME
                                     45 ;--------------------------------------------------------
                                     46 ; code
                                     47 ;--------------------------------------------------------
                                     48 	.area CODE
                                     49 ;	../SPLSPL/src/stm8s_clk_CLK_CCOConfig.c: 40: void CLK_CCOConfig(CLK_Output_TypeDef CLK_CCO)
                                     50 ; genLabel
                                     51 ;	-----------------------------------------
                                     52 ;	 function CLK_CCOConfig
                                     53 ;	-----------------------------------------
                                     54 ;	Register assignment is optimal.
                                     55 ;	Stack space usage: 1 bytes.
      000000                         56 _CLK_CCOConfig:
      000000 88               [ 1]   57 	push	a
                                     58 ; genReceive
      000001 6B 01            [ 1]   59 	ld	(0x01, sp), a
                                     60 ;	../SPLSPL/src/stm8s_clk_CLK_CCOConfig.c: 46: CLK->CCOR &= (uint8_t)(~CLK_CCOR_CCOSEL);
                                     61 ; genPointerGet
      000003 C6 50 C9         [ 1]   62 	ld	a, 0x50c9
                                     63 ; genAnd
      000006 A4 E1            [ 1]   64 	and	a, #0xe1
                                     65 ; genPointerSet
      000008 C7 50 C9         [ 1]   66 	ld	0x50c9, a
                                     67 ;	../SPLSPL/src/stm8s_clk_CLK_CCOConfig.c: 49: CLK->CCOR |= (uint8_t)CLK_CCO;
                                     68 ; genPointerGet
      00000B C6 50 C9         [ 1]   69 	ld	a, 0x50c9
                                     70 ; genOr
      00000E 1A 01            [ 1]   71 	or	a, (0x01, sp)
                                     72 ; genPointerSet
      000010 C7 50 C9         [ 1]   73 	ld	0x50c9, a
                                     74 ;	../SPLSPL/src/stm8s_clk_CLK_CCOConfig.c: 52: CLK->CCOR |= CLK_CCOR_CCOEN;
                                     75 ; genPointerGet
      000013 C6 50 C9         [ 1]   76 	ld	a, 0x50c9
                                     77 ; genOr
      000016 AA 01            [ 1]   78 	or	a, #0x01
                                     79 ; genPointerSet
      000018 C7 50 C9         [ 1]   80 	ld	0x50c9, a
                                     81 ; genLabel
      00001B                         82 00101$:
                                     83 ;	../SPLSPL/src/stm8s_clk_CLK_CCOConfig.c: 53: }
                                     84 ; genEndFunction
      00001B 84               [ 1]   85 	pop	a
      00001C 81               [ 4]   86 	ret
                                     87 	.area CODE
                                     88 	.area CONST
                                     89 	.area INITIALIZER
                                     90 	.area CABS (ABS)
