                                      1 ;--------------------------------------------------------
                                      2 ; File Created by SDCC : free open source ISO C Compiler 
                                      3 ; Version 4.4.0 #14620 (Linux)
                                      4 ;--------------------------------------------------------
                                      5 	.module stm8s_rst_RST_GetFlagStatus
                                      6 	.optsdcc -mstm8
                                      7 	
                                      8 ;--------------------------------------------------------
                                      9 ; Public variables in this module
                                     10 ;--------------------------------------------------------
                                     11 	.globl _RST_GetFlagStatus
                                     12 ;--------------------------------------------------------
                                     13 ; ram data
                                     14 ;--------------------------------------------------------
                                     15 	.area DATA
                                     16 ;--------------------------------------------------------
                                     17 ; ram data
                                     18 ;--------------------------------------------------------
                                     19 	.area INITIALIZED
                                     20 ;--------------------------------------------------------
                                     21 ; absolute external ram data
                                     22 ;--------------------------------------------------------
                                     23 	.area DABS (ABS)
                                     24 
                                     25 ; default segment ordering for linker
                                     26 	.area HOME
                                     27 	.area GSINIT
                                     28 	.area GSFINAL
                                     29 	.area CONST
                                     30 	.area INITIALIZER
                                     31 	.area CODE
                                     32 
                                     33 ;--------------------------------------------------------
                                     34 ; global & static initialisations
                                     35 ;--------------------------------------------------------
                                     36 	.area HOME
                                     37 	.area GSINIT
                                     38 	.area GSFINAL
                                     39 	.area GSINIT
                                     40 ;--------------------------------------------------------
                                     41 ; Home
                                     42 ;--------------------------------------------------------
                                     43 	.area HOME
                                     44 	.area HOME
                                     45 ;--------------------------------------------------------
                                     46 ; code
                                     47 ;--------------------------------------------------------
                                     48 	.area CODE
                                     49 ;	../SPLSPL/src/stm8s_rst_RST_GetFlagStatus.c: 37: FlagStatus RST_GetFlagStatus(RST_Flag_TypeDef RST_Flag)
                                     50 ; genLabel
                                     51 ;	-----------------------------------------
                                     52 ;	 function RST_GetFlagStatus
                                     53 ;	-----------------------------------------
                                     54 ;	Register assignment is optimal.
                                     55 ;	Stack space usage: 1 bytes.
      000000                         56 _RST_GetFlagStatus:
      000000 88               [ 1]   57 	push	a
                                     58 ; genReceive
      000001 6B 01            [ 1]   59 	ld	(0x01, sp), a
                                     60 ;	../SPLSPL/src/stm8s_rst_RST_GetFlagStatus.c: 43: return((FlagStatus)(((uint8_t)(RST->SR & RST_Flag) == (uint8_t)0x00) ? RESET : SET));
                                     61 ; genPointerGet
      000003 C6 50 B3         [ 1]   62 	ld	a, 0x50b3
                                     63 ; genAnd
      000006 14 01            [ 1]   64 	and	a, (0x01, sp)
                                     65 ; genNot
      000008 A0 01            [ 1]   66 	sub	a, #0x01
      00000A 4F               [ 1]   67 	clr	a
      00000B 49               [ 1]   68 	rlc	a
                                     69 ; genNot
      00000C A8 01            [ 1]   70 	xor	a, #0x01
                                     71 ; genReturn
                                     72 ; genLabel
      00000E                         73 00101$:
                                     74 ;	../SPLSPL/src/stm8s_rst_RST_GetFlagStatus.c: 44: }
                                     75 ; genEndFunction
      00000E 5B 01            [ 2]   76 	addw	sp, #1
      000010 81               [ 4]   77 	ret
                                     78 	.area CODE
                                     79 	.area CONST
                                     80 	.area INITIALIZER
                                     81 	.area CABS (ABS)
