                                      1 ;--------------------------------------------------------
                                      2 ; File Created by SDCC : free open source ISO C Compiler 
                                      3 ; Version 4.4.0 #14620 (Linux)
                                      4 ;--------------------------------------------------------
                                      5 	.module stm8s_tim4_TIM4_GetFlagStatus
                                      6 	.optsdcc -mstm8
                                      7 	
                                      8 ;--------------------------------------------------------
                                      9 ; Public variables in this module
                                     10 ;--------------------------------------------------------
                                     11 	.globl _TIM4_GetFlagStatus
                                     12 ;--------------------------------------------------------
                                     13 ; ram data
                                     14 ;--------------------------------------------------------
                                     15 	.area DATA
                                     16 ;--------------------------------------------------------
                                     17 ; ram data
                                     18 ;--------------------------------------------------------
                                     19 	.area INITIALIZED
                                     20 ;--------------------------------------------------------
                                     21 ; absolute external ram data
                                     22 ;--------------------------------------------------------
                                     23 	.area DABS (ABS)
                                     24 
                                     25 ; default segment ordering for linker
                                     26 	.area HOME
                                     27 	.area GSINIT
                                     28 	.area GSFINAL
                                     29 	.area CONST
                                     30 	.area INITIALIZER
                                     31 	.area CODE
                                     32 
                                     33 ;--------------------------------------------------------
                                     34 ; global & static initialisations
                                     35 ;--------------------------------------------------------
                                     36 	.area HOME
                                     37 	.area GSINIT
                                     38 	.area GSFINAL
                                     39 	.area GSINIT
                                     40 ;--------------------------------------------------------
                                     41 ; Home
                                     42 ;--------------------------------------------------------
                                     43 	.area HOME
                                     44 	.area HOME
                                     45 ;--------------------------------------------------------
                                     46 ; code
                                     47 ;--------------------------------------------------------
                                     48 	.area CODE
                                     49 ;	../SPLSPL/src/stm8s_tim4_TIM4_GetFlagStatus.c: 38: FlagStatus TIM4_GetFlagStatus(TIM4_FLAG_TypeDef TIM4_FLAG)
                                     50 ; genLabel
                                     51 ;	-----------------------------------------
                                     52 ;	 function TIM4_GetFlagStatus
                                     53 ;	-----------------------------------------
                                     54 ;	Register assignment is optimal.
                                     55 ;	Stack space usage: 0 bytes.
      000000                         56 _TIM4_GetFlagStatus:
                                     57 ; genReceive
      000000 97               [ 1]   58 	ld	xl, a
                                     59 ;	../SPLSPL/src/stm8s_tim4_TIM4_GetFlagStatus.c: 45: if ((TIM4->SR1 & (uint8_t)TIM4_FLAG)  != 0)
                                     60 ; genPointerGet
      000001 C6 53 42         [ 1]   61 	ld	a, 0x5342
                                     62 ; genCast
                                     63 ; genAssign
                                     64 ; genAnd
      000004 89               [ 2]   65 	pushw	x
      000005 14 02            [ 1]   66 	and	a, (2, sp)
      000007 85               [ 2]   67 	popw	x
                                     68 ; genIfx
      000008 4D               [ 1]   69 	tnz	a
      000009 26 03            [ 1]   70 	jrne	00113$
      00000B CCr00r13         [ 2]   71 	jp	00102$
      00000E                         72 00113$:
                                     73 ;	../SPLSPL/src/stm8s_tim4_TIM4_GetFlagStatus.c: 47: bitstatus = SET;
                                     74 ; genAssign
      00000E A6 01            [ 1]   75 	ld	a, #0x01
                                     76 ; genGoto
      000010 CCr00r14         [ 2]   77 	jp	00103$
                                     78 ; genLabel
      000013                         79 00102$:
                                     80 ;	../SPLSPL/src/stm8s_tim4_TIM4_GetFlagStatus.c: 51: bitstatus = RESET;
                                     81 ; genAssign
      000013 4F               [ 1]   82 	clr	a
                                     83 ; genLabel
      000014                         84 00103$:
                                     85 ;	../SPLSPL/src/stm8s_tim4_TIM4_GetFlagStatus.c: 53: return ((FlagStatus)bitstatus);
                                     86 ; genReturn
                                     87 ; genLabel
      000014                         88 00104$:
                                     89 ;	../SPLSPL/src/stm8s_tim4_TIM4_GetFlagStatus.c: 54: }
                                     90 ; genEndFunction
      000014 81               [ 4]   91 	ret
                                     92 	.area CODE
                                     93 	.area CONST
                                     94 	.area INITIALIZER
                                     95 	.area CABS (ABS)
